[5.529s] Invoking command in '/home/yyj/my_ws/src/open_action_server': PYTHONPATH=/home/yyj/my_ws/build/open_action_server/prefix_override:/home/yyj/my_ws/install/open_action_server/lib/python3.10/site-packages:${PYTHONPATH} /usr/bin/python3 -W ignore:setup.py install is deprecated setup.py egg_info --egg-base ../../build/open_action_server build --build-base /home/yyj/my_ws/build/open_action_server/build install --record /home/yyj/my_ws/build/open_action_server/install.log --single-version-externally-managed install_data
[6.540s] running egg_info
[6.545s] writing ../../build/open_action_server/open_action_server.egg-info/PKG-INFO
[6.546s] writing dependency_links to ../../build/open_action_server/open_action_server.egg-info/dependency_links.txt
[6.546s] writing entry points to ../../build/open_action_server/open_action_server.egg-info/entry_points.txt
[6.547s] writing requirements to ../../build/open_action_server/open_action_server.egg-info/requires.txt
[6.547s] writing top-level names to ../../build/open_action_server/open_action_server.egg-info/top_level.txt
[6.557s] reading manifest file '../../build/open_action_server/open_action_server.egg-info/SOURCES.txt'
[6.560s] writing manifest file '../../build/open_action_server/open_action_server.egg-info/SOURCES.txt'
[6.561s] running build
[6.561s] running build_py
[6.562s] running install
[6.563s] running install_lib
[6.568s] running install_data
[6.568s] running install_egg_info
[6.575s] removing '/home/yyj/my_ws/install/open_action_server/lib/python3.10/site-packages/open_action_server-0.0.0-py3.10.egg-info' (and everything under it)
[6.577s] Copying ../../build/open_action_server/open_action_server.egg-info to /home/yyj/my_ws/install/open_action_server/lib/python3.10/site-packages/open_action_server-0.0.0-py3.10.egg-info
[6.581s] running install_scripts
[6.655s] Installing open_action_server script to /home/yyj/my_ws/install/open_action_server/lib/open_action_server
[6.662s] writing list of installed files to '/home/yyj/my_ws/build/open_action_server/install.log'
[6.854s] Invoked command in '/home/yyj/my_ws/src/open_action_server' returned '0': PYTHONPATH=/home/yyj/my_ws/build/open_action_server/prefix_override:/home/yyj/my_ws/install/open_action_server/lib/python3.10/site-packages:${PYTHONPATH} /usr/bin/python3 -W ignore:setup.py install is deprecated setup.py egg_info --egg-base ../../build/open_action_server build --build-base /home/yyj/my_ws/build/open_action_server/build install --record /home/yyj/my_ws/build/open_action_server/install.log --single-version-externally-managed install_data
