[0.144s] Invoking command in '/home/yyj/my_ws/build/my_action_interface': CMAKE_PREFIX_PATH=${CMAKE_PREFIX_PATH}:/home/yyj/my_ws/install/ros2_aruco:/home/yyj/my_ws/install/open_action_server:/home/yyj/my_ws/install/my_tf2_package:/home/yyj/my_ws/install/my_docking:/home/yyj/my_ws/install/my_aruco_to_goal_pose_pkg:/opt/ros/humble /usr/bin/cmake --build /home/yyj/my_ws/build/my_action_interface -- -j16 -l16
[2.388s] [  2%] Built target my_action_interface__cpp
[2.391s] [ 12%] Built target my_action_interface__rosidl_generator_c
[2.391s] [ 12%] Built target ament_cmake_python_copy_my_action_interface
[2.392s] [ 23%] Built target my_action_interface__rosidl_typesupport_cpp
[2.393s] [ 33%] Built target my_action_interface__rosidl_typesupport_introspection_cpp
[2.395s] [ 43%] Built target my_action_interface__rosidl_typesupport_fastrtps_cpp
[2.396s] [ 53%] Built target my_action_interface__rosidl_typesupport_introspection_c
[2.396s] [ 64%] Built target my_action_interface__rosidl_typesupport_c
[2.396s] [ 74%] Built target my_action_interface__rosidl_typesupport_fastrtps_c
[2.396s] [ 74%] Built target my_action_interface
[2.397s] [ 76%] Built target my_action_interface__py
[2.397s] [ 84%] Built target my_action_interface__rosidl_generator_py
[2.398s] [ 89%] Built target my_action_interface__rosidl_typesupport_fastrtps_c__pyext
[2.398s] [100%] Built target my_action_interface__rosidl_typesupport_introspection_c__pyext
[2.399s] [100%] Built target my_action_interface__rosidl_typesupport_c__pyext
[2.400s] running egg_info
[2.403s] writing my_action_interface.egg-info/PKG-INFO
[2.403s] writing dependency_links to my_action_interface.egg-info/dependency_links.txt
[2.404s] writing top-level names to my_action_interface.egg-info/top_level.txt
[2.404s] reading manifest file 'my_action_interface.egg-info/SOURCES.txt'
[2.404s] writing manifest file 'my_action_interface.egg-info/SOURCES.txt'
[2.404s] [100%] Built target ament_cmake_python_build_my_action_interface_egg
[2.438s] Invoked command in '/home/yyj/my_ws/build/my_action_interface' returned '0': CMAKE_PREFIX_PATH=${CMAKE_PREFIX_PATH}:/home/yyj/my_ws/install/ros2_aruco:/home/yyj/my_ws/install/open_action_server:/home/yyj/my_ws/install/my_tf2_package:/home/yyj/my_ws/install/my_docking:/home/yyj/my_ws/install/my_aruco_to_goal_pose_pkg:/opt/ros/humble /usr/bin/cmake --build /home/yyj/my_ws/build/my_action_interface -- -j16 -l16
[3.342s] Invoking command in '/home/yyj/my_ws/build/my_action_interface': CMAKE_PREFIX_PATH=${CMAKE_PREFIX_PATH}:/home/yyj/my_ws/install/ros2_aruco:/home/yyj/my_ws/install/open_action_server:/home/yyj/my_ws/install/my_tf2_package:/home/yyj/my_ws/install/my_docking:/home/yyj/my_ws/install/my_aruco_to_goal_pose_pkg:/opt/ros/humble /usr/bin/cmake --install /home/yyj/my_ws/build/my_action_interface
[3.400s] -- Install configuration: ""
[3.401s] -- Up-to-date: /home/yyj/my_ws/install/my_action_interface/share/ament_index/resource_index/rosidl_interfaces/my_action_interface
[3.401s] -- Up-to-date: /home/yyj/my_ws/install/my_action_interface/include/my_action_interface/my_action_interface
[3.401s] -- Up-to-date: /home/yyj/my_ws/install/my_action_interface/include/my_action_interface/my_action_interface/action
[3.401s] -- Up-to-date: /home/yyj/my_ws/install/my_action_interface/include/my_action_interface/my_action_interface/action/detail
[3.402s] -- Up-to-date: /home/yyj/my_ws/install/my_action_interface/include/my_action_interface/my_action_interface/action/detail/open__functions.c
[3.402s] -- Up-to-date: /home/yyj/my_ws/install/my_action_interface/include/my_action_interface/my_action_interface/action/detail/docking_two__type_support.h
[3.402s] -- Up-to-date: /home/yyj/my_ws/install/my_action_interface/include/my_action_interface/my_action_interface/action/detail/docking_two__functions.h
[3.402s] -- Up-to-date: /home/yyj/my_ws/install/my_action_interface/include/my_action_interface/my_action_interface/action/detail/open__functions.h
[3.402s] -- Up-to-date: /home/yyj/my_ws/install/my_action_interface/include/my_action_interface/my_action_interface/action/detail/docking_two__functions.c
[3.403s] -- Up-to-date: /home/yyj/my_ws/install/my_action_interface/include/my_action_interface/my_action_interface/action/detail/open__type_support.h
[3.403s] -- Up-to-date: /home/yyj/my_ws/install/my_action_interface/include/my_action_interface/my_action_interface/action/detail/docking_two__struct.h
[3.403s] -- Up-to-date: /home/yyj/my_ws/install/my_action_interface/include/my_action_interface/my_action_interface/action/detail/open__struct.h
[3.403s] -- Up-to-date: /home/yyj/my_ws/install/my_action_interface/include/my_action_interface/my_action_interface/action/open.h
[3.403s] -- Up-to-date: /home/yyj/my_ws/install/my_action_interface/include/my_action_interface/my_action_interface/action/docking_two.h
[3.403s] -- Up-to-date: /home/yyj/my_ws/install/my_action_interface/include/my_action_interface/my_action_interface/msg
[3.404s] -- Up-to-date: /home/yyj/my_ws/install/my_action_interface/include/my_action_interface/my_action_interface/msg/rosidl_generator_c__visibility_control.h
[3.404s] -- Up-to-date: /home/yyj/my_ws/install/my_action_interface/share/my_action_interface/environment/library_path.sh
[3.404s] -- Up-to-date: /home/yyj/my_ws/install/my_action_interface/share/my_action_interface/environment/library_path.dsv
[3.404s] -- Up-to-date: /home/yyj/my_ws/install/my_action_interface/lib/libmy_action_interface__rosidl_generator_c.so
[3.404s] -- Up-to-date: /home/yyj/my_ws/install/my_action_interface/include/my_action_interface/my_action_interface
[3.404s] -- Up-to-date: /home/yyj/my_ws/install/my_action_interface/include/my_action_interface/my_action_interface/action
[3.405s] -- Up-to-date: /home/yyj/my_ws/install/my_action_interface/include/my_action_interface/my_action_interface/action/detail
[3.405s] -- Up-to-date: /home/yyj/my_ws/install/my_action_interface/include/my_action_interface/my_action_interface/action/detail/docking_two__rosidl_typesupport_fastrtps_c.h
[3.405s] -- Up-to-date: /home/yyj/my_ws/install/my_action_interface/include/my_action_interface/my_action_interface/action/detail/open__rosidl_typesupport_fastrtps_c.h
[3.405s] -- Up-to-date: /home/yyj/my_ws/install/my_action_interface/include/my_action_interface/my_action_interface/msg
[3.405s] -- Up-to-date: /home/yyj/my_ws/install/my_action_interface/include/my_action_interface/my_action_interface/msg/rosidl_typesupport_fastrtps_c__visibility_control.h
[3.406s] -- Up-to-date: /home/yyj/my_ws/install/my_action_interface/lib/libmy_action_interface__rosidl_typesupport_fastrtps_c.so
[3.406s] -- Up-to-date: /home/yyj/my_ws/install/my_action_interface/include/my_action_interface/my_action_interface
[3.406s] -- Up-to-date: /home/yyj/my_ws/install/my_action_interface/include/my_action_interface/my_action_interface/action
[3.406s] -- Up-to-date: /home/yyj/my_ws/install/my_action_interface/include/my_action_interface/my_action_interface/action/detail
[3.406s] -- Up-to-date: /home/yyj/my_ws/install/my_action_interface/include/my_action_interface/my_action_interface/action/detail/docking_two__rosidl_typesupport_introspection_c.h
[3.406s] -- Up-to-date: /home/yyj/my_ws/install/my_action_interface/include/my_action_interface/my_action_interface/action/detail/open__rosidl_typesupport_introspection_c.h
[3.407s] -- Up-to-date: /home/yyj/my_ws/install/my_action_interface/include/my_action_interface/my_action_interface/action/detail/open__type_support.c
[3.407s] -- Up-to-date: /home/yyj/my_ws/install/my_action_interface/include/my_action_interface/my_action_interface/action/detail/docking_two__type_support.c
[3.420s] -- Up-to-date: /home/yyj/my_ws/install/my_action_interface/include/my_action_interface/my_action_interface/msg
[3.421s] -- Up-to-date: /home/yyj/my_ws/install/my_action_interface/include/my_action_interface/my_action_interface/msg/rosidl_typesupport_introspection_c__visibility_control.h
[3.421s] -- Up-to-date: /home/yyj/my_ws/install/my_action_interface/lib/libmy_action_interface__rosidl_typesupport_introspection_c.so
[3.421s] -- Up-to-date: /home/yyj/my_ws/install/my_action_interface/lib/libmy_action_interface__rosidl_typesupport_c.so
[3.422s] -- Up-to-date: /home/yyj/my_ws/install/my_action_interface/include/my_action_interface/my_action_interface
[3.422s] -- Up-to-date: /home/yyj/my_ws/install/my_action_interface/include/my_action_interface/my_action_interface/action
[3.422s] -- Up-to-date: /home/yyj/my_ws/install/my_action_interface/include/my_action_interface/my_action_interface/action/docking_two.hpp
[3.422s] -- Up-to-date: /home/yyj/my_ws/install/my_action_interface/include/my_action_interface/my_action_interface/action/detail
[3.422s] -- Up-to-date: /home/yyj/my_ws/install/my_action_interface/include/my_action_interface/my_action_interface/action/detail/docking_two__builder.hpp
[3.423s] -- Up-to-date: /home/yyj/my_ws/install/my_action_interface/include/my_action_interface/my_action_interface/action/detail/open__builder.hpp
[3.423s] -- Up-to-date: /home/yyj/my_ws/install/my_action_interface/include/my_action_interface/my_action_interface/action/detail/docking_two__struct.hpp
[3.423s] -- Up-to-date: /home/yyj/my_ws/install/my_action_interface/include/my_action_interface/my_action_interface/action/detail/open__struct.hpp
[3.423s] -- Up-to-date: /home/yyj/my_ws/install/my_action_interface/include/my_action_interface/my_action_interface/action/detail/open__traits.hpp
[3.423s] -- Up-to-date: /home/yyj/my_ws/install/my_action_interface/include/my_action_interface/my_action_interface/action/detail/docking_two__traits.hpp
[3.423s] -- Up-to-date: /home/yyj/my_ws/install/my_action_interface/include/my_action_interface/my_action_interface/action/open.hpp
[3.424s] -- Up-to-date: /home/yyj/my_ws/install/my_action_interface/include/my_action_interface/my_action_interface
[3.424s] -- Up-to-date: /home/yyj/my_ws/install/my_action_interface/include/my_action_interface/my_action_interface/action
[3.424s] -- Up-to-date: /home/yyj/my_ws/install/my_action_interface/include/my_action_interface/my_action_interface/action/detail
[3.424s] -- Up-to-date: /home/yyj/my_ws/install/my_action_interface/include/my_action_interface/my_action_interface/action/detail/dds_fastrtps
[3.424s] -- Up-to-date: /home/yyj/my_ws/install/my_action_interface/include/my_action_interface/my_action_interface/action/detail/docking_two__rosidl_typesupport_fastrtps_cpp.hpp
[3.424s] -- Up-to-date: /home/yyj/my_ws/install/my_action_interface/include/my_action_interface/my_action_interface/action/detail/open__rosidl_typesupport_fastrtps_cpp.hpp
[3.425s] -- Up-to-date: /home/yyj/my_ws/install/my_action_interface/include/my_action_interface/my_action_interface/msg
[3.425s] -- Up-to-date: /home/yyj/my_ws/install/my_action_interface/include/my_action_interface/my_action_interface/msg/rosidl_typesupport_fastrtps_cpp__visibility_control.h
[3.425s] -- Up-to-date: /home/yyj/my_ws/install/my_action_interface/lib/libmy_action_interface__rosidl_typesupport_fastrtps_cpp.so
[3.425s] -- Up-to-date: /home/yyj/my_ws/install/my_action_interface/include/my_action_interface/my_action_interface
[3.425s] -- Up-to-date: /home/yyj/my_ws/install/my_action_interface/include/my_action_interface/my_action_interface/action
[3.425s] -- Up-to-date: /home/yyj/my_ws/install/my_action_interface/include/my_action_interface/my_action_interface/action/detail
[3.426s] -- Up-to-date: /home/yyj/my_ws/install/my_action_interface/include/my_action_interface/my_action_interface/action/detail/docking_two__type_support.cpp
[3.426s] -- Up-to-date: /home/yyj/my_ws/install/my_action_interface/include/my_action_interface/my_action_interface/action/detail/docking_two__rosidl_typesupport_introspection_cpp.hpp
[3.426s] -- Up-to-date: /home/yyj/my_ws/install/my_action_interface/include/my_action_interface/my_action_interface/action/detail/open__rosidl_typesupport_introspection_cpp.hpp
[3.426s] -- Up-to-date: /home/yyj/my_ws/install/my_action_interface/include/my_action_interface/my_action_interface/action/detail/open__type_support.cpp
[3.427s] -- Up-to-date: /home/yyj/my_ws/install/my_action_interface/lib/libmy_action_interface__rosidl_typesupport_introspection_cpp.so
[3.427s] -- Up-to-date: /home/yyj/my_ws/install/my_action_interface/lib/libmy_action_interface__rosidl_typesupport_cpp.so
[3.427s] -- Up-to-date: /home/yyj/my_ws/install/my_action_interface/share/my_action_interface/environment/pythonpath.sh
[3.427s] -- Up-to-date: /home/yyj/my_ws/install/my_action_interface/share/my_action_interface/environment/pythonpath.dsv
[3.427s] -- Up-to-date: /home/yyj/my_ws/install/my_action_interface/local/lib/python3.10/dist-packages/my_action_interface-0.0.0-py3.10.egg-info
[3.427s] -- Installing: /home/yyj/my_ws/install/my_action_interface/local/lib/python3.10/dist-packages/my_action_interface-0.0.0-py3.10.egg-info/SOURCES.txt
[3.428s] -- Installing: /home/yyj/my_ws/install/my_action_interface/local/lib/python3.10/dist-packages/my_action_interface-0.0.0-py3.10.egg-info/top_level.txt
[3.428s] -- Installing: /home/yyj/my_ws/install/my_action_interface/local/lib/python3.10/dist-packages/my_action_interface-0.0.0-py3.10.egg-info/dependency_links.txt
[3.428s] -- Installing: /home/yyj/my_ws/install/my_action_interface/local/lib/python3.10/dist-packages/my_action_interface-0.0.0-py3.10.egg-info/PKG-INFO
[3.428s] -- Up-to-date: /home/yyj/my_ws/install/my_action_interface/local/lib/python3.10/dist-packages/my_action_interface
[3.428s] -- Up-to-date: /home/yyj/my_ws/install/my_action_interface/local/lib/python3.10/dist-packages/my_action_interface/action
[3.428s] -- Up-to-date: /home/yyj/my_ws/install/my_action_interface/local/lib/python3.10/dist-packages/my_action_interface/action/_open_s.c
[3.429s] -- Up-to-date: /home/yyj/my_ws/install/my_action_interface/local/lib/python3.10/dist-packages/my_action_interface/action/__init__.py
[3.429s] -- Up-to-date: /home/yyj/my_ws/install/my_action_interface/local/lib/python3.10/dist-packages/my_action_interface/action/_open.py
[3.429s] -- Up-to-date: /home/yyj/my_ws/install/my_action_interface/local/lib/python3.10/dist-packages/my_action_interface/action/_docking_two.py
[3.429s] -- Up-to-date: /home/yyj/my_ws/install/my_action_interface/local/lib/python3.10/dist-packages/my_action_interface/action/_docking_two_s.c
[3.429s] -- Up-to-date: /home/yyj/my_ws/install/my_action_interface/local/lib/python3.10/dist-packages/my_action_interface/my_action_interface_s__rosidl_typesupport_introspection_c.cpython-310-x86_64-linux-gnu.so
[3.429s] -- Up-to-date: /home/yyj/my_ws/install/my_action_interface/local/lib/python3.10/dist-packages/my_action_interface/_my_action_interface_s.ep.rosidl_typesupport_c.c
[3.430s] -- Up-to-date: /home/yyj/my_ws/install/my_action_interface/local/lib/python3.10/dist-packages/my_action_interface/libmy_action_interface__rosidl_generator_py.so
[3.430s] -- Up-to-date: /home/yyj/my_ws/install/my_action_interface/local/lib/python3.10/dist-packages/my_action_interface/_my_action_interface_s.ep.rosidl_typesupport_fastrtps_c.c
[3.430s] -- Up-to-date: /home/yyj/my_ws/install/my_action_interface/local/lib/python3.10/dist-packages/my_action_interface/my_action_interface_s__rosidl_typesupport_c.cpython-310-x86_64-linux-gnu.so
[3.430s] -- Up-to-date: /home/yyj/my_ws/install/my_action_interface/local/lib/python3.10/dist-packages/my_action_interface/__init__.py
[3.443s] -- Up-to-date: /home/yyj/my_ws/install/my_action_interface/local/lib/python3.10/dist-packages/my_action_interface/_my_action_interface_s.ep.rosidl_typesupport_introspection_c.c
[3.445s] -- Up-to-date: /home/yyj/my_ws/install/my_action_interface/local/lib/python3.10/dist-packages/my_action_interface/my_action_interface_s__rosidl_typesupport_fastrtps_c.cpython-310-x86_64-linux-gnu.so
[3.550s] Listing '/home/yyj/my_ws/install/my_action_interface/local/lib/python3.10/dist-packages/my_action_interface'...
[3.551s] Listing '/home/yyj/my_ws/install/my_action_interface/local/lib/python3.10/dist-packages/my_action_interface/action'...
[3.581s] -- Up-to-date: /home/yyj/my_ws/install/my_action_interface/local/lib/python3.10/dist-packages/my_action_interface/my_action_interface_s__rosidl_typesupport_fastrtps_c.cpython-310-x86_64-linux-gnu.so
[3.583s] -- Up-to-date: /home/yyj/my_ws/install/my_action_interface/local/lib/python3.10/dist-packages/my_action_interface/my_action_interface_s__rosidl_typesupport_introspection_c.cpython-310-x86_64-linux-gnu.so
[3.585s] -- Up-to-date: /home/yyj/my_ws/install/my_action_interface/local/lib/python3.10/dist-packages/my_action_interface/my_action_interface_s__rosidl_typesupport_c.cpython-310-x86_64-linux-gnu.so
[3.587s] -- Up-to-date: /home/yyj/my_ws/install/my_action_interface/lib/libmy_action_interface__rosidl_generator_py.so
[3.587s] -- Up-to-date: /home/yyj/my_ws/install/my_action_interface/share/my_action_interface/action/Open.idl
[3.587s] -- Up-to-date: /home/yyj/my_ws/install/my_action_interface/share/my_action_interface/action/DockingTwo.idl
[3.588s] -- Up-to-date: /home/yyj/my_ws/install/my_action_interface/share/my_action_interface/action/Open.action
[3.588s] -- Up-to-date: /home/yyj/my_ws/install/my_action_interface/share/my_action_interface/action/DockingTwo.action
[3.588s] -- Up-to-date: /home/yyj/my_ws/install/my_action_interface/share/ament_index/resource_index/package_run_dependencies/my_action_interface
[3.588s] -- Up-to-date: /home/yyj/my_ws/install/my_action_interface/share/ament_index/resource_index/parent_prefix_path/my_action_interface
[3.589s] -- Up-to-date: /home/yyj/my_ws/install/my_action_interface/share/my_action_interface/environment/ament_prefix_path.sh
[3.589s] -- Up-to-date: /home/yyj/my_ws/install/my_action_interface/share/my_action_interface/environment/ament_prefix_path.dsv
[3.589s] -- Up-to-date: /home/yyj/my_ws/install/my_action_interface/share/my_action_interface/environment/path.sh
[3.589s] -- Up-to-date: /home/yyj/my_ws/install/my_action_interface/share/my_action_interface/environment/path.dsv
[3.590s] -- Up-to-date: /home/yyj/my_ws/install/my_action_interface/share/my_action_interface/local_setup.bash
[3.590s] -- Up-to-date: /home/yyj/my_ws/install/my_action_interface/share/my_action_interface/local_setup.sh
[3.591s] -- Up-to-date: /home/yyj/my_ws/install/my_action_interface/share/my_action_interface/local_setup.zsh
[3.591s] -- Up-to-date: /home/yyj/my_ws/install/my_action_interface/share/my_action_interface/local_setup.dsv
[3.592s] -- Installing: /home/yyj/my_ws/install/my_action_interface/share/my_action_interface/package.dsv
[3.592s] -- Up-to-date: /home/yyj/my_ws/install/my_action_interface/share/ament_index/resource_index/packages/my_action_interface
[3.592s] -- Up-to-date: /home/yyj/my_ws/install/my_action_interface/share/my_action_interface/cmake/export_my_action_interface__rosidl_generator_cExport.cmake
[3.592s] -- Up-to-date: /home/yyj/my_ws/install/my_action_interface/share/my_action_interface/cmake/export_my_action_interface__rosidl_generator_cExport-noconfig.cmake
[3.593s] -- Up-to-date: /home/yyj/my_ws/install/my_action_interface/share/my_action_interface/cmake/export_my_action_interface__rosidl_typesupport_fastrtps_cExport.cmake
[3.594s] -- Up-to-date: /home/yyj/my_ws/install/my_action_interface/share/my_action_interface/cmake/export_my_action_interface__rosidl_typesupport_fastrtps_cExport-noconfig.cmake
[3.594s] -- Up-to-date: /home/yyj/my_ws/install/my_action_interface/share/my_action_interface/cmake/my_action_interface__rosidl_typesupport_introspection_cExport.cmake
[3.596s] -- Up-to-date: /home/yyj/my_ws/install/my_action_interface/share/my_action_interface/cmake/my_action_interface__rosidl_typesupport_introspection_cExport-noconfig.cmake
[3.596s] -- Up-to-date: /home/yyj/my_ws/install/my_action_interface/share/my_action_interface/cmake/my_action_interface__rosidl_typesupport_cExport.cmake
[3.596s] -- Up-to-date: /home/yyj/my_ws/install/my_action_interface/share/my_action_interface/cmake/my_action_interface__rosidl_typesupport_cExport-noconfig.cmake
[3.599s] -- Up-to-date: /home/yyj/my_ws/install/my_action_interface/share/my_action_interface/cmake/export_my_action_interface__rosidl_generator_cppExport.cmake
[3.599s] -- Up-to-date: /home/yyj/my_ws/install/my_action_interface/share/my_action_interface/cmake/export_my_action_interface__rosidl_typesupport_fastrtps_cppExport.cmake
[3.599s] -- Up-to-date: /home/yyj/my_ws/install/my_action_interface/share/my_action_interface/cmake/export_my_action_interface__rosidl_typesupport_fastrtps_cppExport-noconfig.cmake
[3.600s] -- Up-to-date: /home/yyj/my_ws/install/my_action_interface/share/my_action_interface/cmake/my_action_interface__rosidl_typesupport_introspection_cppExport.cmake
[3.600s] -- Up-to-date: /home/yyj/my_ws/install/my_action_interface/share/my_action_interface/cmake/my_action_interface__rosidl_typesupport_introspection_cppExport-noconfig.cmake
[3.600s] -- Up-to-date: /home/yyj/my_ws/install/my_action_interface/share/my_action_interface/cmake/my_action_interface__rosidl_typesupport_cppExport.cmake
[3.600s] -- Up-to-date: /home/yyj/my_ws/install/my_action_interface/share/my_action_interface/cmake/my_action_interface__rosidl_typesupport_cppExport-noconfig.cmake
[3.601s] -- Up-to-date: /home/yyj/my_ws/install/my_action_interface/share/my_action_interface/cmake/export_my_action_interface__rosidl_generator_pyExport.cmake
[3.601s] -- Up-to-date: /home/yyj/my_ws/install/my_action_interface/share/my_action_interface/cmake/export_my_action_interface__rosidl_generator_pyExport-noconfig.cmake
[3.601s] -- Up-to-date: /home/yyj/my_ws/install/my_action_interface/share/my_action_interface/cmake/rosidl_cmake-extras.cmake
[3.605s] -- Up-to-date: /home/yyj/my_ws/install/my_action_interface/share/my_action_interface/cmake/ament_cmake_export_dependencies-extras.cmake
[3.615s] -- Up-to-date: /home/yyj/my_ws/install/my_action_interface/share/my_action_interface/cmake/ament_cmake_export_include_directories-extras.cmake
[3.617s] -- Up-to-date: /home/yyj/my_ws/install/my_action_interface/share/my_action_interface/cmake/ament_cmake_export_libraries-extras.cmake
[3.622s] -- Up-to-date: /home/yyj/my_ws/install/my_action_interface/share/my_action_interface/cmake/ament_cmake_export_targets-extras.cmake
[3.623s] -- Up-to-date: /home/yyj/my_ws/install/my_action_interface/share/my_action_interface/cmake/rosidl_cmake_export_typesupport_targets-extras.cmake
[3.623s] -- Up-to-date: /home/yyj/my_ws/install/my_action_interface/share/my_action_interface/cmake/rosidl_cmake_export_typesupport_libraries-extras.cmake
[3.623s] -- Up-to-date: /home/yyj/my_ws/install/my_action_interface/share/my_action_interface/cmake/my_action_interfaceConfig.cmake
[3.624s] -- Up-to-date: /home/yyj/my_ws/install/my_action_interface/share/my_action_interface/cmake/my_action_interfaceConfig-version.cmake
[3.624s] -- Up-to-date: /home/yyj/my_ws/install/my_action_interface/share/my_action_interface/package.xml
[3.625s] Invoked command in '/home/yyj/my_ws/build/my_action_interface' returned '0': CMAKE_PREFIX_PATH=${CMAKE_PREFIX_PATH}:/home/yyj/my_ws/install/ros2_aruco:/home/yyj/my_ws/install/open_action_server:/home/yyj/my_ws/install/my_tf2_package:/home/yyj/my_ws/install/my_docking:/home/yyj/my_ws/install/my_aruco_to_goal_pose_pkg:/opt/ros/humble /usr/bin/cmake --install /home/yyj/my_ws/build/my_action_interface
