[0.196s] Invoking command in '/home/yyj/my_ws/build/realsense2_camera_msgs': CMAKE_PREFIX_PATH=${CMAKE_PREFIX_PATH}:/home/yyj/my_ws/install/ros2_aruco:/home/yyj/my_ws/install/open_action_server:/home/yyj/my_ws/install/my_tf2_package:/home/yyj/my_ws/install/my_docking:/home/yyj/my_ws/install/my_aruco_to_goal_pose_pkg:/opt/ros/humble /usr/bin/cmake --build /home/yyj/my_ws/build/realsense2_camera_msgs -- -j16 -l16
[3.201s] [  1%] Built target realsense2_camera_msgs__cpp
[3.201s] [ 12%] Built target realsense2_camera_msgs__rosidl_generator_c
[3.201s] [ 12%] Built target ament_cmake_python_copy_realsense2_camera_msgs
[3.202s] [ 23%] Built target realsense2_camera_msgs__rosidl_typesupport_fastrtps_cpp
[3.202s] [ 34%] Built target realsense2_camera_msgs__rosidl_typesupport_introspection_cpp
[3.202s] [ 46%] Built target realsense2_camera_msgs__rosidl_typesupport_c
[3.202s] [ 57%] Built target realsense2_camera_msgs__rosidl_typesupport_cpp
[3.202s] [ 68%] Built target realsense2_camera_msgs__rosidl_typesupport_fastrtps_c
[3.203s] [ 79%] Built target realsense2_camera_msgs__rosidl_typesupport_introspection_c
[3.203s] [ 79%] Built target realsense2_camera_msgs
[3.203s] [ 80%] Built target realsense2_camera_msgs__py
[3.203s] [ 90%] Built target realsense2_camera_msgs__rosidl_generator_py
[3.203s] [ 93%] Built target realsense2_camera_msgs__rosidl_typesupport_fastrtps_c__pyext
[3.204s] [ 96%] Built target realsense2_camera_msgs__rosidl_typesupport_introspection_c__pyext
[3.206s] [100%] Built target realsense2_camera_msgs__rosidl_typesupport_c__pyext
[3.206s] running egg_info
[3.206s] writing realsense2_camera_msgs.egg-info/PKG-INFO
[3.206s] writing dependency_links to realsense2_camera_msgs.egg-info/dependency_links.txt
[3.206s] writing top-level names to realsense2_camera_msgs.egg-info/top_level.txt
[3.207s] reading manifest file 'realsense2_camera_msgs.egg-info/SOURCES.txt'
[3.209s] writing manifest file 'realsense2_camera_msgs.egg-info/SOURCES.txt'
[3.209s] [100%] Built target ament_cmake_python_build_realsense2_camera_msgs_egg
[3.223s] Invoked command in '/home/yyj/my_ws/build/realsense2_camera_msgs' returned '0': CMAKE_PREFIX_PATH=${CMAKE_PREFIX_PATH}:/home/yyj/my_ws/install/ros2_aruco:/home/yyj/my_ws/install/open_action_server:/home/yyj/my_ws/install/my_tf2_package:/home/yyj/my_ws/install/my_docking:/home/yyj/my_ws/install/my_aruco_to_goal_pose_pkg:/opt/ros/humble /usr/bin/cmake --build /home/yyj/my_ws/build/realsense2_camera_msgs -- -j16 -l16
[5.034s] Invoking command in '/home/yyj/my_ws/build/realsense2_camera_msgs': CMAKE_PREFIX_PATH=${CMAKE_PREFIX_PATH}:/home/yyj/my_ws/install/ros2_aruco:/home/yyj/my_ws/install/open_action_server:/home/yyj/my_ws/install/my_tf2_package:/home/yyj/my_ws/install/my_docking:/home/yyj/my_ws/install/my_aruco_to_goal_pose_pkg:/opt/ros/humble /usr/bin/cmake --install /home/yyj/my_ws/build/realsense2_camera_msgs
[5.078s] -- Install configuration: ""
[5.080s] -- Up-to-date: /home/yyj/my_ws/install/realsense2_camera_msgs/share/ament_index/resource_index/rosidl_interfaces/realsense2_camera_msgs
[5.081s] -- Up-to-date: /home/yyj/my_ws/install/realsense2_camera_msgs/include/realsense2_camera_msgs/realsense2_camera_msgs
[5.081s] -- Up-to-date: /home/yyj/my_ws/install/realsense2_camera_msgs/include/realsense2_camera_msgs/realsense2_camera_msgs/srv
[5.082s] -- Up-to-date: /home/yyj/my_ws/install/realsense2_camera_msgs/include/realsense2_camera_msgs/realsense2_camera_msgs/srv/detail
[5.082s] -- Up-to-date: /home/yyj/my_ws/install/realsense2_camera_msgs/include/realsense2_camera_msgs/realsense2_camera_msgs/srv/detail/device_info__type_support.h
[5.082s] -- Up-to-date: /home/yyj/my_ws/install/realsense2_camera_msgs/include/realsense2_camera_msgs/realsense2_camera_msgs/srv/detail/device_info__functions.c
[5.082s] -- Up-to-date: /home/yyj/my_ws/install/realsense2_camera_msgs/include/realsense2_camera_msgs/realsense2_camera_msgs/srv/detail/device_info__functions.h
[5.083s] -- Up-to-date: /home/yyj/my_ws/install/realsense2_camera_msgs/include/realsense2_camera_msgs/realsense2_camera_msgs/srv/detail/device_info__struct.h
[5.083s] -- Up-to-date: /home/yyj/my_ws/install/realsense2_camera_msgs/include/realsense2_camera_msgs/realsense2_camera_msgs/srv/device_info.h
[5.084s] -- Up-to-date: /home/yyj/my_ws/install/realsense2_camera_msgs/include/realsense2_camera_msgs/realsense2_camera_msgs/msg
[5.084s] -- Up-to-date: /home/yyj/my_ws/install/realsense2_camera_msgs/include/realsense2_camera_msgs/realsense2_camera_msgs/msg/metadata.h
[5.085s] -- Up-to-date: /home/yyj/my_ws/install/realsense2_camera_msgs/include/realsense2_camera_msgs/realsense2_camera_msgs/msg/detail
[5.085s] -- Up-to-date: /home/yyj/my_ws/install/realsense2_camera_msgs/include/realsense2_camera_msgs/realsense2_camera_msgs/msg/detail/rgbd__struct.h
[5.085s] -- Up-to-date: /home/yyj/my_ws/install/realsense2_camera_msgs/include/realsense2_camera_msgs/realsense2_camera_msgs/msg/detail/imu_info__functions.c
[5.085s] -- Up-to-date: /home/yyj/my_ws/install/realsense2_camera_msgs/include/realsense2_camera_msgs/realsense2_camera_msgs/msg/detail/imu_info__functions.h
[5.086s] -- Up-to-date: /home/yyj/my_ws/install/realsense2_camera_msgs/include/realsense2_camera_msgs/realsense2_camera_msgs/msg/detail/rgbd__functions.c
[5.086s] -- Up-to-date: /home/yyj/my_ws/install/realsense2_camera_msgs/include/realsense2_camera_msgs/realsense2_camera_msgs/msg/detail/extrinsics__type_support.h
[5.086s] -- Up-to-date: /home/yyj/my_ws/install/realsense2_camera_msgs/include/realsense2_camera_msgs/realsense2_camera_msgs/msg/detail/extrinsics__functions.h
[5.087s] -- Up-to-date: /home/yyj/my_ws/install/realsense2_camera_msgs/include/realsense2_camera_msgs/realsense2_camera_msgs/msg/detail/metadata__functions.c
[5.088s] -- Up-to-date: /home/yyj/my_ws/install/realsense2_camera_msgs/include/realsense2_camera_msgs/realsense2_camera_msgs/msg/detail/metadata__type_support.h
[5.088s] -- Up-to-date: /home/yyj/my_ws/install/realsense2_camera_msgs/include/realsense2_camera_msgs/realsense2_camera_msgs/msg/detail/metadata__struct.h
[5.088s] -- Up-to-date: /home/yyj/my_ws/install/realsense2_camera_msgs/include/realsense2_camera_msgs/realsense2_camera_msgs/msg/detail/imu_info__struct.h
[5.089s] -- Up-to-date: /home/yyj/my_ws/install/realsense2_camera_msgs/include/realsense2_camera_msgs/realsense2_camera_msgs/msg/detail/extrinsics__struct.h
[5.089s] -- Up-to-date: /home/yyj/my_ws/install/realsense2_camera_msgs/include/realsense2_camera_msgs/realsense2_camera_msgs/msg/detail/imu_info__type_support.h
[5.096s] -- Up-to-date: /home/yyj/my_ws/install/realsense2_camera_msgs/include/realsense2_camera_msgs/realsense2_camera_msgs/msg/detail/rgbd__type_support.h
[5.097s] -- Up-to-date: /home/yyj/my_ws/install/realsense2_camera_msgs/include/realsense2_camera_msgs/realsense2_camera_msgs/msg/detail/metadata__functions.h
[5.098s] -- Up-to-date: /home/yyj/my_ws/install/realsense2_camera_msgs/include/realsense2_camera_msgs/realsense2_camera_msgs/msg/detail/extrinsics__functions.c
[5.099s] -- Up-to-date: /home/yyj/my_ws/install/realsense2_camera_msgs/include/realsense2_camera_msgs/realsense2_camera_msgs/msg/detail/rgbd__functions.h
[5.099s] -- Up-to-date: /home/yyj/my_ws/install/realsense2_camera_msgs/include/realsense2_camera_msgs/realsense2_camera_msgs/msg/imu_info.h
[5.100s] -- Up-to-date: /home/yyj/my_ws/install/realsense2_camera_msgs/include/realsense2_camera_msgs/realsense2_camera_msgs/msg/rgbd.h
[5.101s] -- Up-to-date: /home/yyj/my_ws/install/realsense2_camera_msgs/include/realsense2_camera_msgs/realsense2_camera_msgs/msg/rosidl_generator_c__visibility_control.h
[5.102s] -- Up-to-date: /home/yyj/my_ws/install/realsense2_camera_msgs/include/realsense2_camera_msgs/realsense2_camera_msgs/msg/extrinsics.h
[5.102s] -- Up-to-date: /home/yyj/my_ws/install/realsense2_camera_msgs/share/realsense2_camera_msgs/environment/library_path.sh
[5.103s] -- Up-to-date: /home/yyj/my_ws/install/realsense2_camera_msgs/share/realsense2_camera_msgs/environment/library_path.dsv
[5.103s] -- Up-to-date: /home/yyj/my_ws/install/realsense2_camera_msgs/lib/librealsense2_camera_msgs__rosidl_generator_c.so
[5.104s] -- Up-to-date: /home/yyj/my_ws/install/realsense2_camera_msgs/include/realsense2_camera_msgs/realsense2_camera_msgs
[5.104s] -- Up-to-date: /home/yyj/my_ws/install/realsense2_camera_msgs/include/realsense2_camera_msgs/realsense2_camera_msgs/srv
[5.105s] -- Up-to-date: /home/yyj/my_ws/install/realsense2_camera_msgs/include/realsense2_camera_msgs/realsense2_camera_msgs/srv/detail
[5.105s] -- Up-to-date: /home/yyj/my_ws/install/realsense2_camera_msgs/include/realsense2_camera_msgs/realsense2_camera_msgs/srv/detail/device_info__rosidl_typesupport_fastrtps_c.h
[5.105s] -- Up-to-date: /home/yyj/my_ws/install/realsense2_camera_msgs/include/realsense2_camera_msgs/realsense2_camera_msgs/msg
[5.105s] -- Up-to-date: /home/yyj/my_ws/install/realsense2_camera_msgs/include/realsense2_camera_msgs/realsense2_camera_msgs/msg/detail
[5.106s] -- Up-to-date: /home/yyj/my_ws/install/realsense2_camera_msgs/include/realsense2_camera_msgs/realsense2_camera_msgs/msg/detail/rgbd__rosidl_typesupport_fastrtps_c.h
[5.106s] -- Up-to-date: /home/yyj/my_ws/install/realsense2_camera_msgs/include/realsense2_camera_msgs/realsense2_camera_msgs/msg/detail/metadata__rosidl_typesupport_fastrtps_c.h
[5.106s] -- Up-to-date: /home/yyj/my_ws/install/realsense2_camera_msgs/include/realsense2_camera_msgs/realsense2_camera_msgs/msg/detail/extrinsics__rosidl_typesupport_fastrtps_c.h
[5.106s] -- Up-to-date: /home/yyj/my_ws/install/realsense2_camera_msgs/include/realsense2_camera_msgs/realsense2_camera_msgs/msg/detail/imu_info__rosidl_typesupport_fastrtps_c.h
[5.106s] -- Up-to-date: /home/yyj/my_ws/install/realsense2_camera_msgs/include/realsense2_camera_msgs/realsense2_camera_msgs/msg/rosidl_typesupport_fastrtps_c__visibility_control.h
[5.107s] -- Up-to-date: /home/yyj/my_ws/install/realsense2_camera_msgs/lib/librealsense2_camera_msgs__rosidl_typesupport_fastrtps_c.so
[5.107s] -- Up-to-date: /home/yyj/my_ws/install/realsense2_camera_msgs/include/realsense2_camera_msgs/realsense2_camera_msgs
[5.108s] -- Up-to-date: /home/yyj/my_ws/install/realsense2_camera_msgs/include/realsense2_camera_msgs/realsense2_camera_msgs/srv
[5.108s] -- Up-to-date: /home/yyj/my_ws/install/realsense2_camera_msgs/include/realsense2_camera_msgs/realsense2_camera_msgs/srv/detail
[5.108s] -- Up-to-date: /home/yyj/my_ws/install/realsense2_camera_msgs/include/realsense2_camera_msgs/realsense2_camera_msgs/srv/detail/device_info__type_support.c
[5.109s] -- Up-to-date: /home/yyj/my_ws/install/realsense2_camera_msgs/include/realsense2_camera_msgs/realsense2_camera_msgs/srv/detail/device_info__rosidl_typesupport_introspection_c.h
[5.109s] -- Up-to-date: /home/yyj/my_ws/install/realsense2_camera_msgs/include/realsense2_camera_msgs/realsense2_camera_msgs/msg
[5.109s] -- Up-to-date: /home/yyj/my_ws/install/realsense2_camera_msgs/include/realsense2_camera_msgs/realsense2_camera_msgs/msg/detail
[5.110s] -- Up-to-date: /home/yyj/my_ws/install/realsense2_camera_msgs/include/realsense2_camera_msgs/realsense2_camera_msgs/msg/detail/imu_info__rosidl_typesupport_introspection_c.h
[5.111s] -- Up-to-date: /home/yyj/my_ws/install/realsense2_camera_msgs/include/realsense2_camera_msgs/realsense2_camera_msgs/msg/detail/extrinsics__type_support.c
[5.111s] -- Up-to-date: /home/yyj/my_ws/install/realsense2_camera_msgs/include/realsense2_camera_msgs/realsense2_camera_msgs/msg/detail/extrinsics__rosidl_typesupport_introspection_c.h
[5.112s] -- Up-to-date: /home/yyj/my_ws/install/realsense2_camera_msgs/include/realsense2_camera_msgs/realsense2_camera_msgs/msg/detail/metadata__rosidl_typesupport_introspection_c.h
[5.112s] -- Up-to-date: /home/yyj/my_ws/install/realsense2_camera_msgs/include/realsense2_camera_msgs/realsense2_camera_msgs/msg/detail/rgbd__rosidl_typesupport_introspection_c.h
[5.113s] -- Up-to-date: /home/yyj/my_ws/install/realsense2_camera_msgs/include/realsense2_camera_msgs/realsense2_camera_msgs/msg/detail/imu_info__type_support.c
[5.113s] -- Up-to-date: /home/yyj/my_ws/install/realsense2_camera_msgs/include/realsense2_camera_msgs/realsense2_camera_msgs/msg/detail/rgbd__type_support.c
[5.113s] -- Up-to-date: /home/yyj/my_ws/install/realsense2_camera_msgs/include/realsense2_camera_msgs/realsense2_camera_msgs/msg/detail/metadata__type_support.c
[5.113s] -- Up-to-date: /home/yyj/my_ws/install/realsense2_camera_msgs/include/realsense2_camera_msgs/realsense2_camera_msgs/msg/rosidl_typesupport_introspection_c__visibility_control.h
[5.114s] -- Up-to-date: /home/yyj/my_ws/install/realsense2_camera_msgs/lib/librealsense2_camera_msgs__rosidl_typesupport_introspection_c.so
[5.114s] -- Up-to-date: /home/yyj/my_ws/install/realsense2_camera_msgs/lib/librealsense2_camera_msgs__rosidl_typesupport_c.so
[5.114s] -- Up-to-date: /home/yyj/my_ws/install/realsense2_camera_msgs/include/realsense2_camera_msgs/realsense2_camera_msgs
[5.114s] -- Up-to-date: /home/yyj/my_ws/install/realsense2_camera_msgs/include/realsense2_camera_msgs/realsense2_camera_msgs/srv
[5.115s] -- Up-to-date: /home/yyj/my_ws/install/realsense2_camera_msgs/include/realsense2_camera_msgs/realsense2_camera_msgs/srv/detail
[5.115s] -- Up-to-date: /home/yyj/my_ws/install/realsense2_camera_msgs/include/realsense2_camera_msgs/realsense2_camera_msgs/srv/detail/device_info__struct.hpp
[5.116s] -- Up-to-date: /home/yyj/my_ws/install/realsense2_camera_msgs/include/realsense2_camera_msgs/realsense2_camera_msgs/srv/detail/device_info__builder.hpp
[5.116s] -- Up-to-date: /home/yyj/my_ws/install/realsense2_camera_msgs/include/realsense2_camera_msgs/realsense2_camera_msgs/srv/detail/device_info__traits.hpp
[5.116s] -- Up-to-date: /home/yyj/my_ws/install/realsense2_camera_msgs/include/realsense2_camera_msgs/realsense2_camera_msgs/srv/device_info.hpp
[5.116s] -- Up-to-date: /home/yyj/my_ws/install/realsense2_camera_msgs/include/realsense2_camera_msgs/realsense2_camera_msgs/msg
[5.117s] -- Up-to-date: /home/yyj/my_ws/install/realsense2_camera_msgs/include/realsense2_camera_msgs/realsense2_camera_msgs/msg/metadata.hpp
[5.117s] -- Up-to-date: /home/yyj/my_ws/install/realsense2_camera_msgs/include/realsense2_camera_msgs/realsense2_camera_msgs/msg/detail
[5.117s] -- Up-to-date: /home/yyj/my_ws/install/realsense2_camera_msgs/include/realsense2_camera_msgs/realsense2_camera_msgs/msg/detail/rgbd__struct.hpp
[5.118s] -- Up-to-date: /home/yyj/my_ws/install/realsense2_camera_msgs/include/realsense2_camera_msgs/realsense2_camera_msgs/msg/detail/imu_info__builder.hpp
[5.118s] -- Up-to-date: /home/yyj/my_ws/install/realsense2_camera_msgs/include/realsense2_camera_msgs/realsense2_camera_msgs/msg/detail/metadata__traits.hpp
[5.118s] -- Up-to-date: /home/yyj/my_ws/install/realsense2_camera_msgs/include/realsense2_camera_msgs/realsense2_camera_msgs/msg/detail/imu_info__struct.hpp
[5.118s] -- Up-to-date: /home/yyj/my_ws/install/realsense2_camera_msgs/include/realsense2_camera_msgs/realsense2_camera_msgs/msg/detail/metadata__builder.hpp
[5.119s] -- Up-to-date: /home/yyj/my_ws/install/realsense2_camera_msgs/include/realsense2_camera_msgs/realsense2_camera_msgs/msg/detail/imu_info__traits.hpp
[5.119s] -- Up-to-date: /home/yyj/my_ws/install/realsense2_camera_msgs/include/realsense2_camera_msgs/realsense2_camera_msgs/msg/detail/extrinsics__struct.hpp
[5.119s] -- Up-to-date: /home/yyj/my_ws/install/realsense2_camera_msgs/include/realsense2_camera_msgs/realsense2_camera_msgs/msg/detail/rgbd__builder.hpp
[5.120s] -- Up-to-date: /home/yyj/my_ws/install/realsense2_camera_msgs/include/realsense2_camera_msgs/realsense2_camera_msgs/msg/detail/rgbd__traits.hpp
[5.120s] -- Up-to-date: /home/yyj/my_ws/install/realsense2_camera_msgs/include/realsense2_camera_msgs/realsense2_camera_msgs/msg/detail/extrinsics__traits.hpp
[5.120s] -- Up-to-date: /home/yyj/my_ws/install/realsense2_camera_msgs/include/realsense2_camera_msgs/realsense2_camera_msgs/msg/detail/metadata__struct.hpp
[5.121s] -- Up-to-date: /home/yyj/my_ws/install/realsense2_camera_msgs/include/realsense2_camera_msgs/realsense2_camera_msgs/msg/detail/extrinsics__builder.hpp
[5.121s] -- Up-to-date: /home/yyj/my_ws/install/realsense2_camera_msgs/include/realsense2_camera_msgs/realsense2_camera_msgs/msg/rgbd.hpp
[5.121s] -- Up-to-date: /home/yyj/my_ws/install/realsense2_camera_msgs/include/realsense2_camera_msgs/realsense2_camera_msgs/msg/extrinsics.hpp
[5.122s] -- Up-to-date: /home/yyj/my_ws/install/realsense2_camera_msgs/include/realsense2_camera_msgs/realsense2_camera_msgs/msg/imu_info.hpp
[5.122s] -- Up-to-date: /home/yyj/my_ws/install/realsense2_camera_msgs/include/realsense2_camera_msgs/realsense2_camera_msgs
[5.123s] -- Up-to-date: /home/yyj/my_ws/install/realsense2_camera_msgs/include/realsense2_camera_msgs/realsense2_camera_msgs/srv
[5.123s] -- Up-to-date: /home/yyj/my_ws/install/realsense2_camera_msgs/include/realsense2_camera_msgs/realsense2_camera_msgs/srv/detail
[5.123s] -- Up-to-date: /home/yyj/my_ws/install/realsense2_camera_msgs/include/realsense2_camera_msgs/realsense2_camera_msgs/srv/detail/dds_fastrtps
[5.123s] -- Up-to-date: /home/yyj/my_ws/install/realsense2_camera_msgs/include/realsense2_camera_msgs/realsense2_camera_msgs/srv/detail/device_info__rosidl_typesupport_fastrtps_cpp.hpp
[5.124s] -- Up-to-date: /home/yyj/my_ws/install/realsense2_camera_msgs/include/realsense2_camera_msgs/realsense2_camera_msgs/msg
[5.124s] -- Up-to-date: /home/yyj/my_ws/install/realsense2_camera_msgs/include/realsense2_camera_msgs/realsense2_camera_msgs/msg/detail
[5.124s] -- Up-to-date: /home/yyj/my_ws/install/realsense2_camera_msgs/include/realsense2_camera_msgs/realsense2_camera_msgs/msg/detail/dds_fastrtps
[5.125s] -- Up-to-date: /home/yyj/my_ws/install/realsense2_camera_msgs/include/realsense2_camera_msgs/realsense2_camera_msgs/msg/detail/metadata__rosidl_typesupport_fastrtps_cpp.hpp
[5.125s] -- Up-to-date: /home/yyj/my_ws/install/realsense2_camera_msgs/include/realsense2_camera_msgs/realsense2_camera_msgs/msg/detail/extrinsics__rosidl_typesupport_fastrtps_cpp.hpp
[5.126s] -- Up-to-date: /home/yyj/my_ws/install/realsense2_camera_msgs/include/realsense2_camera_msgs/realsense2_camera_msgs/msg/detail/imu_info__rosidl_typesupport_fastrtps_cpp.hpp
[5.126s] -- Up-to-date: /home/yyj/my_ws/install/realsense2_camera_msgs/include/realsense2_camera_msgs/realsense2_camera_msgs/msg/detail/rgbd__rosidl_typesupport_fastrtps_cpp.hpp
[5.126s] -- Up-to-date: /home/yyj/my_ws/install/realsense2_camera_msgs/include/realsense2_camera_msgs/realsense2_camera_msgs/msg/rosidl_typesupport_fastrtps_cpp__visibility_control.h
[5.127s] -- Up-to-date: /home/yyj/my_ws/install/realsense2_camera_msgs/lib/librealsense2_camera_msgs__rosidl_typesupport_fastrtps_cpp.so
[5.131s] -- Up-to-date: /home/yyj/my_ws/install/realsense2_camera_msgs/include/realsense2_camera_msgs/realsense2_camera_msgs
[5.132s] -- Up-to-date: /home/yyj/my_ws/install/realsense2_camera_msgs/include/realsense2_camera_msgs/realsense2_camera_msgs/srv
[5.132s] -- Up-to-date: /home/yyj/my_ws/install/realsense2_camera_msgs/include/realsense2_camera_msgs/realsense2_camera_msgs/srv/detail
[5.132s] -- Up-to-date: /home/yyj/my_ws/install/realsense2_camera_msgs/include/realsense2_camera_msgs/realsense2_camera_msgs/srv/detail/device_info__type_support.cpp
[5.133s] -- Up-to-date: /home/yyj/my_ws/install/realsense2_camera_msgs/include/realsense2_camera_msgs/realsense2_camera_msgs/srv/detail/device_info__rosidl_typesupport_introspection_cpp.hpp
[5.133s] -- Up-to-date: /home/yyj/my_ws/install/realsense2_camera_msgs/include/realsense2_camera_msgs/realsense2_camera_msgs/msg
[5.133s] -- Up-to-date: /home/yyj/my_ws/install/realsense2_camera_msgs/include/realsense2_camera_msgs/realsense2_camera_msgs/msg/detail
[5.133s] -- Up-to-date: /home/yyj/my_ws/install/realsense2_camera_msgs/include/realsense2_camera_msgs/realsense2_camera_msgs/msg/detail/metadata__type_support.cpp
[5.134s] -- Up-to-date: /home/yyj/my_ws/install/realsense2_camera_msgs/include/realsense2_camera_msgs/realsense2_camera_msgs/msg/detail/extrinsics__rosidl_typesupport_introspection_cpp.hpp
[5.134s] -- Up-to-date: /home/yyj/my_ws/install/realsense2_camera_msgs/include/realsense2_camera_msgs/realsense2_camera_msgs/msg/detail/rgbd__type_support.cpp
[5.134s] -- Up-to-date: /home/yyj/my_ws/install/realsense2_camera_msgs/include/realsense2_camera_msgs/realsense2_camera_msgs/msg/detail/rgbd__rosidl_typesupport_introspection_cpp.hpp
[5.134s] -- Up-to-date: /home/yyj/my_ws/install/realsense2_camera_msgs/include/realsense2_camera_msgs/realsense2_camera_msgs/msg/detail/metadata__rosidl_typesupport_introspection_cpp.hpp
[5.135s] -- Up-to-date: /home/yyj/my_ws/install/realsense2_camera_msgs/include/realsense2_camera_msgs/realsense2_camera_msgs/msg/detail/extrinsics__type_support.cpp
[5.135s] -- Up-to-date: /home/yyj/my_ws/install/realsense2_camera_msgs/include/realsense2_camera_msgs/realsense2_camera_msgs/msg/detail/imu_info__rosidl_typesupport_introspection_cpp.hpp
[5.135s] -- Up-to-date: /home/yyj/my_ws/install/realsense2_camera_msgs/include/realsense2_camera_msgs/realsense2_camera_msgs/msg/detail/imu_info__type_support.cpp
[5.135s] -- Up-to-date: /home/yyj/my_ws/install/realsense2_camera_msgs/lib/librealsense2_camera_msgs__rosidl_typesupport_introspection_cpp.so
[5.136s] -- Up-to-date: /home/yyj/my_ws/install/realsense2_camera_msgs/lib/librealsense2_camera_msgs__rosidl_typesupport_cpp.so
[5.136s] -- Up-to-date: /home/yyj/my_ws/install/realsense2_camera_msgs/share/realsense2_camera_msgs/environment/pythonpath.sh
[5.136s] -- Up-to-date: /home/yyj/my_ws/install/realsense2_camera_msgs/share/realsense2_camera_msgs/environment/pythonpath.dsv
[5.137s] -- Up-to-date: /home/yyj/my_ws/install/realsense2_camera_msgs/local/lib/python3.10/dist-packages/realsense2_camera_msgs-4.54.1-py3.10.egg-info
[5.137s] -- Installing: /home/yyj/my_ws/install/realsense2_camera_msgs/local/lib/python3.10/dist-packages/realsense2_camera_msgs-4.54.1-py3.10.egg-info/SOURCES.txt
[5.137s] -- Installing: /home/yyj/my_ws/install/realsense2_camera_msgs/local/lib/python3.10/dist-packages/realsense2_camera_msgs-4.54.1-py3.10.egg-info/top_level.txt
[5.137s] -- Installing: /home/yyj/my_ws/install/realsense2_camera_msgs/local/lib/python3.10/dist-packages/realsense2_camera_msgs-4.54.1-py3.10.egg-info/dependency_links.txt
[5.137s] -- Installing: /home/yyj/my_ws/install/realsense2_camera_msgs/local/lib/python3.10/dist-packages/realsense2_camera_msgs-4.54.1-py3.10.egg-info/PKG-INFO
[5.138s] -- Up-to-date: /home/yyj/my_ws/install/realsense2_camera_msgs/local/lib/python3.10/dist-packages/realsense2_camera_msgs
[5.138s] -- Up-to-date: /home/yyj/my_ws/install/realsense2_camera_msgs/local/lib/python3.10/dist-packages/realsense2_camera_msgs/_realsense2_camera_msgs_s.ep.rosidl_typesupport_fastrtps_c.c
[5.138s] -- Up-to-date: /home/yyj/my_ws/install/realsense2_camera_msgs/local/lib/python3.10/dist-packages/realsense2_camera_msgs/_realsense2_camera_msgs_s.ep.rosidl_typesupport_introspection_c.c
[5.138s] -- Up-to-date: /home/yyj/my_ws/install/realsense2_camera_msgs/local/lib/python3.10/dist-packages/realsense2_camera_msgs/_realsense2_camera_msgs_s.ep.rosidl_typesupport_c.c
[5.139s] -- Up-to-date: /home/yyj/my_ws/install/realsense2_camera_msgs/local/lib/python3.10/dist-packages/realsense2_camera_msgs/__init__.py
[5.139s] -- Up-to-date: /home/yyj/my_ws/install/realsense2_camera_msgs/local/lib/python3.10/dist-packages/realsense2_camera_msgs/realsense2_camera_msgs_s__rosidl_typesupport_c.cpython-310-x86_64-linux-gnu.so
[5.139s] -- Up-to-date: /home/yyj/my_ws/install/realsense2_camera_msgs/local/lib/python3.10/dist-packages/realsense2_camera_msgs/srv
[5.140s] -- Up-to-date: /home/yyj/my_ws/install/realsense2_camera_msgs/local/lib/python3.10/dist-packages/realsense2_camera_msgs/srv/_device_info.py
[5.140s] -- Up-to-date: /home/yyj/my_ws/install/realsense2_camera_msgs/local/lib/python3.10/dist-packages/realsense2_camera_msgs/srv/__init__.py
[5.140s] -- Up-to-date: /home/yyj/my_ws/install/realsense2_camera_msgs/local/lib/python3.10/dist-packages/realsense2_camera_msgs/srv/_device_info_s.c
[5.141s] -- Up-to-date: /home/yyj/my_ws/install/realsense2_camera_msgs/local/lib/python3.10/dist-packages/realsense2_camera_msgs/realsense2_camera_msgs_s__rosidl_typesupport_fastrtps_c.cpython-310-x86_64-linux-gnu.so
[5.141s] -- Up-to-date: /home/yyj/my_ws/install/realsense2_camera_msgs/local/lib/python3.10/dist-packages/realsense2_camera_msgs/realsense2_camera_msgs_s__rosidl_typesupport_introspection_c.cpython-310-x86_64-linux-gnu.so
[5.141s] -- Up-to-date: /home/yyj/my_ws/install/realsense2_camera_msgs/local/lib/python3.10/dist-packages/realsense2_camera_msgs/librealsense2_camera_msgs__rosidl_generator_py.so
[5.142s] -- Up-to-date: /home/yyj/my_ws/install/realsense2_camera_msgs/local/lib/python3.10/dist-packages/realsense2_camera_msgs/msg
[5.142s] -- Up-to-date: /home/yyj/my_ws/install/realsense2_camera_msgs/local/lib/python3.10/dist-packages/realsense2_camera_msgs/msg/_metadata_s.c
[5.142s] -- Up-to-date: /home/yyj/my_ws/install/realsense2_camera_msgs/local/lib/python3.10/dist-packages/realsense2_camera_msgs/msg/_extrinsics_s.c
[5.142s] -- Up-to-date: /home/yyj/my_ws/install/realsense2_camera_msgs/local/lib/python3.10/dist-packages/realsense2_camera_msgs/msg/_imu_info.py
[5.143s] -- Up-to-date: /home/yyj/my_ws/install/realsense2_camera_msgs/local/lib/python3.10/dist-packages/realsense2_camera_msgs/msg/_rgbd_s.c
[5.143s] -- Up-to-date: /home/yyj/my_ws/install/realsense2_camera_msgs/local/lib/python3.10/dist-packages/realsense2_camera_msgs/msg/_imu_info_s.c
[5.143s] -- Up-to-date: /home/yyj/my_ws/install/realsense2_camera_msgs/local/lib/python3.10/dist-packages/realsense2_camera_msgs/msg/__init__.py
[5.145s] -- Up-to-date: /home/yyj/my_ws/install/realsense2_camera_msgs/local/lib/python3.10/dist-packages/realsense2_camera_msgs/msg/_metadata.py
[5.145s] -- Up-to-date: /home/yyj/my_ws/install/realsense2_camera_msgs/local/lib/python3.10/dist-packages/realsense2_camera_msgs/msg/_rgbd.py
[5.145s] -- Up-to-date: /home/yyj/my_ws/install/realsense2_camera_msgs/local/lib/python3.10/dist-packages/realsense2_camera_msgs/msg/_extrinsics.py
[5.231s] Listing '/home/yyj/my_ws/install/realsense2_camera_msgs/local/lib/python3.10/dist-packages/realsense2_camera_msgs'...
[5.232s] Listing '/home/yyj/my_ws/install/realsense2_camera_msgs/local/lib/python3.10/dist-packages/realsense2_camera_msgs/msg'...
[5.232s] Listing '/home/yyj/my_ws/install/realsense2_camera_msgs/local/lib/python3.10/dist-packages/realsense2_camera_msgs/srv'...
[5.253s] -- Up-to-date: /home/yyj/my_ws/install/realsense2_camera_msgs/local/lib/python3.10/dist-packages/realsense2_camera_msgs/realsense2_camera_msgs_s__rosidl_typesupport_fastrtps_c.cpython-310-x86_64-linux-gnu.so
[5.254s] -- Up-to-date: /home/yyj/my_ws/install/realsense2_camera_msgs/local/lib/python3.10/dist-packages/realsense2_camera_msgs/realsense2_camera_msgs_s__rosidl_typesupport_introspection_c.cpython-310-x86_64-linux-gnu.so
[5.257s] -- Up-to-date: /home/yyj/my_ws/install/realsense2_camera_msgs/local/lib/python3.10/dist-packages/realsense2_camera_msgs/realsense2_camera_msgs_s__rosidl_typesupport_c.cpython-310-x86_64-linux-gnu.so
[5.258s] -- Up-to-date: /home/yyj/my_ws/install/realsense2_camera_msgs/lib/librealsense2_camera_msgs__rosidl_generator_py.so
[5.259s] -- Up-to-date: /home/yyj/my_ws/install/realsense2_camera_msgs/share/realsense2_camera_msgs/msg/IMUInfo.idl
[5.260s] -- Up-to-date: /home/yyj/my_ws/install/realsense2_camera_msgs/share/realsense2_camera_msgs/msg/Extrinsics.idl
[5.261s] -- Up-to-date: /home/yyj/my_ws/install/realsense2_camera_msgs/share/realsense2_camera_msgs/msg/Metadata.idl
[5.262s] -- Up-to-date: /home/yyj/my_ws/install/realsense2_camera_msgs/share/realsense2_camera_msgs/msg/RGBD.idl
[5.265s] -- Up-to-date: /home/yyj/my_ws/install/realsense2_camera_msgs/share/realsense2_camera_msgs/srv/DeviceInfo.idl
[5.266s] -- Up-to-date: /home/yyj/my_ws/install/realsense2_camera_msgs/share/realsense2_camera_msgs/msg/IMUInfo.msg
[5.267s] -- Up-to-date: /home/yyj/my_ws/install/realsense2_camera_msgs/share/realsense2_camera_msgs/msg/Extrinsics.msg
[5.268s] -- Up-to-date: /home/yyj/my_ws/install/realsense2_camera_msgs/share/realsense2_camera_msgs/msg/Metadata.msg
[5.270s] -- Up-to-date: /home/yyj/my_ws/install/realsense2_camera_msgs/share/realsense2_camera_msgs/msg/RGBD.msg
[5.271s] -- Up-to-date: /home/yyj/my_ws/install/realsense2_camera_msgs/share/realsense2_camera_msgs/srv/DeviceInfo.srv
[5.272s] -- Up-to-date: /home/yyj/my_ws/install/realsense2_camera_msgs/share/realsense2_camera_msgs/srv/DeviceInfo_Request.msg
[5.272s] -- Up-to-date: /home/yyj/my_ws/install/realsense2_camera_msgs/share/realsense2_camera_msgs/srv/DeviceInfo_Response.msg
[5.273s] -- Up-to-date: /home/yyj/my_ws/install/realsense2_camera_msgs/share/ament_index/resource_index/package_run_dependencies/realsense2_camera_msgs
[5.274s] -- Up-to-date: /home/yyj/my_ws/install/realsense2_camera_msgs/share/ament_index/resource_index/parent_prefix_path/realsense2_camera_msgs
[5.275s] -- Up-to-date: /home/yyj/my_ws/install/realsense2_camera_msgs/share/realsense2_camera_msgs/environment/ament_prefix_path.sh
[5.276s] -- Up-to-date: /home/yyj/my_ws/install/realsense2_camera_msgs/share/realsense2_camera_msgs/environment/ament_prefix_path.dsv
[5.279s] -- Up-to-date: /home/yyj/my_ws/install/realsense2_camera_msgs/share/realsense2_camera_msgs/environment/path.sh
[5.282s] -- Up-to-date: /home/yyj/my_ws/install/realsense2_camera_msgs/share/realsense2_camera_msgs/environment/path.dsv
[5.286s] -- Up-to-date: /home/yyj/my_ws/install/realsense2_camera_msgs/share/realsense2_camera_msgs/local_setup.bash
[5.290s] -- Up-to-date: /home/yyj/my_ws/install/realsense2_camera_msgs/share/realsense2_camera_msgs/local_setup.sh
[5.291s] -- Up-to-date: /home/yyj/my_ws/install/realsense2_camera_msgs/share/realsense2_camera_msgs/local_setup.zsh
[5.291s] -- Up-to-date: /home/yyj/my_ws/install/realsense2_camera_msgs/share/realsense2_camera_msgs/local_setup.dsv
[5.293s] -- Installing: /home/yyj/my_ws/install/realsense2_camera_msgs/share/realsense2_camera_msgs/package.dsv
[5.293s] -- Up-to-date: /home/yyj/my_ws/install/realsense2_camera_msgs/share/ament_index/resource_index/packages/realsense2_camera_msgs
[5.293s] -- Up-to-date: /home/yyj/my_ws/install/realsense2_camera_msgs/share/realsense2_camera_msgs/cmake/export_realsense2_camera_msgs__rosidl_generator_cExport.cmake
[5.294s] -- Up-to-date: /home/yyj/my_ws/install/realsense2_camera_msgs/share/realsense2_camera_msgs/cmake/export_realsense2_camera_msgs__rosidl_generator_cExport-noconfig.cmake
[5.294s] -- Up-to-date: /home/yyj/my_ws/install/realsense2_camera_msgs/share/realsense2_camera_msgs/cmake/export_realsense2_camera_msgs__rosidl_typesupport_fastrtps_cExport.cmake
[5.294s] -- Up-to-date: /home/yyj/my_ws/install/realsense2_camera_msgs/share/realsense2_camera_msgs/cmake/export_realsense2_camera_msgs__rosidl_typesupport_fastrtps_cExport-noconfig.cmake
[5.295s] -- Up-to-date: /home/yyj/my_ws/install/realsense2_camera_msgs/share/realsense2_camera_msgs/cmake/realsense2_camera_msgs__rosidl_typesupport_introspection_cExport.cmake
[5.295s] -- Up-to-date: /home/yyj/my_ws/install/realsense2_camera_msgs/share/realsense2_camera_msgs/cmake/realsense2_camera_msgs__rosidl_typesupport_introspection_cExport-noconfig.cmake
[5.297s] -- Up-to-date: /home/yyj/my_ws/install/realsense2_camera_msgs/share/realsense2_camera_msgs/cmake/realsense2_camera_msgs__rosidl_typesupport_cExport.cmake
[5.297s] -- Up-to-date: /home/yyj/my_ws/install/realsense2_camera_msgs/share/realsense2_camera_msgs/cmake/realsense2_camera_msgs__rosidl_typesupport_cExport-noconfig.cmake
[5.298s] -- Up-to-date: /home/yyj/my_ws/install/realsense2_camera_msgs/share/realsense2_camera_msgs/cmake/export_realsense2_camera_msgs__rosidl_generator_cppExport.cmake
[5.299s] -- Up-to-date: /home/yyj/my_ws/install/realsense2_camera_msgs/share/realsense2_camera_msgs/cmake/export_realsense2_camera_msgs__rosidl_typesupport_fastrtps_cppExport.cmake
[5.299s] -- Up-to-date: /home/yyj/my_ws/install/realsense2_camera_msgs/share/realsense2_camera_msgs/cmake/export_realsense2_camera_msgs__rosidl_typesupport_fastrtps_cppExport-noconfig.cmake
[5.300s] -- Up-to-date: /home/yyj/my_ws/install/realsense2_camera_msgs/share/realsense2_camera_msgs/cmake/realsense2_camera_msgs__rosidl_typesupport_introspection_cppExport.cmake
[5.300s] -- Up-to-date: /home/yyj/my_ws/install/realsense2_camera_msgs/share/realsense2_camera_msgs/cmake/realsense2_camera_msgs__rosidl_typesupport_introspection_cppExport-noconfig.cmake
[5.301s] -- Up-to-date: /home/yyj/my_ws/install/realsense2_camera_msgs/share/realsense2_camera_msgs/cmake/realsense2_camera_msgs__rosidl_typesupport_cppExport.cmake
[5.301s] -- Up-to-date: /home/yyj/my_ws/install/realsense2_camera_msgs/share/realsense2_camera_msgs/cmake/realsense2_camera_msgs__rosidl_typesupport_cppExport-noconfig.cmake
[5.302s] -- Up-to-date: /home/yyj/my_ws/install/realsense2_camera_msgs/share/realsense2_camera_msgs/cmake/export_realsense2_camera_msgs__rosidl_generator_pyExport.cmake
[5.302s] -- Up-to-date: /home/yyj/my_ws/install/realsense2_camera_msgs/share/realsense2_camera_msgs/cmake/export_realsense2_camera_msgs__rosidl_generator_pyExport-noconfig.cmake
[5.303s] -- Up-to-date: /home/yyj/my_ws/install/realsense2_camera_msgs/share/realsense2_camera_msgs/cmake/rosidl_cmake-extras.cmake
[5.304s] -- Up-to-date: /home/yyj/my_ws/install/realsense2_camera_msgs/share/realsense2_camera_msgs/cmake/ament_cmake_export_dependencies-extras.cmake
[5.304s] -- Up-to-date: /home/yyj/my_ws/install/realsense2_camera_msgs/share/realsense2_camera_msgs/cmake/ament_cmake_export_include_directories-extras.cmake
[5.305s] -- Up-to-date: /home/yyj/my_ws/install/realsense2_camera_msgs/share/realsense2_camera_msgs/cmake/ament_cmake_export_libraries-extras.cmake
[5.305s] -- Up-to-date: /home/yyj/my_ws/install/realsense2_camera_msgs/share/realsense2_camera_msgs/cmake/ament_cmake_export_targets-extras.cmake
[5.306s] -- Up-to-date: /home/yyj/my_ws/install/realsense2_camera_msgs/share/realsense2_camera_msgs/cmake/rosidl_cmake_export_typesupport_targets-extras.cmake
[5.307s] -- Up-to-date: /home/yyj/my_ws/install/realsense2_camera_msgs/share/realsense2_camera_msgs/cmake/rosidl_cmake_export_typesupport_libraries-extras.cmake
[5.307s] -- Up-to-date: /home/yyj/my_ws/install/realsense2_camera_msgs/share/realsense2_camera_msgs/cmake/realsense2_camera_msgsConfig.cmake
[5.308s] -- Up-to-date: /home/yyj/my_ws/install/realsense2_camera_msgs/share/realsense2_camera_msgs/cmake/realsense2_camera_msgsConfig-version.cmake
[5.309s] -- Up-to-date: /home/yyj/my_ws/install/realsense2_camera_msgs/share/realsense2_camera_msgs/package.xml
[5.343s] Invoked command in '/home/yyj/my_ws/build/realsense2_camera_msgs' returned '0': CMAKE_PREFIX_PATH=${CMAKE_PREFIX_PATH}:/home/yyj/my_ws/install/ros2_aruco:/home/yyj/my_ws/install/open_action_server:/home/yyj/my_ws/install/my_tf2_package:/home/yyj/my_ws/install/my_docking:/home/yyj/my_ws/install/my_aruco_to_goal_pose_pkg:/opt/ros/humble /usr/bin/cmake --install /home/yyj/my_ws/build/realsense2_camera_msgs
