[0.199s] Invoking command in '/home/yyj/my_ws/build/odrive_hardware_interface': CMAKE_PREFIX_PATH=${CMAKE_PREFIX_PATH}:/home/yyj/my_ws/install/ros2_aruco:/home/yyj/my_ws/install/open_action_server:/home/yyj/my_ws/install/my_tf2_package:/home/yyj/my_ws/install/my_docking:/home/yyj/my_ws/install/my_aruco_to_goal_pose_pkg:/opt/ros/humble /usr/bin/cmake --build /home/yyj/my_ws/build/odrive_hardware_interface -- -j16 -l16
[3.103s] [ 50%] Built target odrive_usb
[3.105s] [100%] Built target odrive_hardware_interface
[3.110s] Invoked command in '/home/yyj/my_ws/build/odrive_hardware_interface' returned '0': CMAKE_PREFIX_PATH=${CMAKE_PREFIX_PATH}:/home/yyj/my_ws/install/ros2_aruco:/home/yyj/my_ws/install/open_action_server:/home/yyj/my_ws/install/my_tf2_package:/home/yyj/my_ws/install/my_docking:/home/yyj/my_ws/install/my_aruco_to_goal_pose_pkg:/opt/ros/humble /usr/bin/cmake --build /home/yyj/my_ws/build/odrive_hardware_interface -- -j16 -l16
[3.574s] Invoking command in '/home/yyj/my_ws/build/odrive_hardware_interface': CMAKE_PREFIX_PATH=${CMAKE_PREFIX_PATH}:/home/yyj/my_ws/install/ros2_aruco:/home/yyj/my_ws/install/open_action_server:/home/yyj/my_ws/install/my_tf2_package:/home/yyj/my_ws/install/my_docking:/home/yyj/my_ws/install/my_aruco_to_goal_pose_pkg:/opt/ros/humble /usr/bin/cmake --install /home/yyj/my_ws/build/odrive_hardware_interface
[3.635s] -- Install configuration: ""
[3.636s] -- Up-to-date: /home/yyj/my_ws/install/odrive_hardware_interface/share/odrive_hardware_interface/odrive_hardware_interface.xml
[3.636s] -- Up-to-date: /home/yyj/my_ws/install/odrive_hardware_interface/include
[3.636s] -- Up-to-date: /home/yyj/my_ws/install/odrive_hardware_interface/include/odrive_hardware_interface
[3.636s] -- Up-to-date: /home/yyj/my_ws/install/odrive_hardware_interface/include/odrive_hardware_interface/odrive_usb.hpp
[3.638s] -- Up-to-date: /home/yyj/my_ws/install/odrive_hardware_interface/include/odrive_hardware_interface/odrive_hardware_interface.hpp
[3.638s] -- Up-to-date: /home/yyj/my_ws/install/odrive_hardware_interface/include/odrive_hardware_interface/visibility_control.hpp
[3.642s] -- Up-to-date: /home/yyj/my_ws/install/odrive_hardware_interface/include/odrive_hardware_interface/odrive_endpoints.hpp
[3.647s] -- Up-to-date: /home/yyj/my_ws/install/odrive_hardware_interface/share/odrive_hardware_interface/environment/library_path.sh
[3.648s] -- Up-to-date: /home/yyj/my_ws/install/odrive_hardware_interface/share/odrive_hardware_interface/environment/library_path.dsv
[3.648s] -- Up-to-date: /home/yyj/my_ws/install/odrive_hardware_interface/lib/libodrive_usb.so
[3.648s] -- Up-to-date: /home/yyj/my_ws/install/odrive_hardware_interface/lib/libodrive_hardware_interface.so
[3.648s] -- Up-to-date: /home/yyj/my_ws/install/odrive_hardware_interface/share/ament_index/resource_index/package_run_dependencies/odrive_hardware_interface
[3.648s] -- Up-to-date: /home/yyj/my_ws/install/odrive_hardware_interface/share/ament_index/resource_index/parent_prefix_path/odrive_hardware_interface
[3.649s] -- Up-to-date: /home/yyj/my_ws/install/odrive_hardware_interface/share/odrive_hardware_interface/environment/ament_prefix_path.sh
[3.649s] -- Up-to-date: /home/yyj/my_ws/install/odrive_hardware_interface/share/odrive_hardware_interface/environment/ament_prefix_path.dsv
[3.649s] -- Up-to-date: /home/yyj/my_ws/install/odrive_hardware_interface/share/odrive_hardware_interface/environment/path.sh
[3.649s] -- Up-to-date: /home/yyj/my_ws/install/odrive_hardware_interface/share/odrive_hardware_interface/environment/path.dsv
[3.649s] -- Up-to-date: /home/yyj/my_ws/install/odrive_hardware_interface/share/odrive_hardware_interface/local_setup.bash
[3.650s] -- Up-to-date: /home/yyj/my_ws/install/odrive_hardware_interface/share/odrive_hardware_interface/local_setup.sh
[3.650s] -- Up-to-date: /home/yyj/my_ws/install/odrive_hardware_interface/share/odrive_hardware_interface/local_setup.zsh
[3.650s] -- Up-to-date: /home/yyj/my_ws/install/odrive_hardware_interface/share/odrive_hardware_interface/local_setup.dsv
[3.650s] -- Installing: /home/yyj/my_ws/install/odrive_hardware_interface/share/odrive_hardware_interface/package.dsv
[3.650s] -- Up-to-date: /home/yyj/my_ws/install/odrive_hardware_interface/share/ament_index/resource_index/packages/odrive_hardware_interface
[3.651s] -- Up-to-date: /home/yyj/my_ws/install/odrive_hardware_interface/share/ament_index/resource_index/hardware_interface__pluginlib__plugin/odrive_hardware_interface
[3.651s] -- Up-to-date: /home/yyj/my_ws/install/odrive_hardware_interface/share/odrive_hardware_interface/cmake/ament_cmake_export_dependencies-extras.cmake
[3.651s] -- Up-to-date: /home/yyj/my_ws/install/odrive_hardware_interface/share/odrive_hardware_interface/cmake/ament_cmake_export_include_directories-extras.cmake
[3.651s] -- Up-to-date: /home/yyj/my_ws/install/odrive_hardware_interface/share/odrive_hardware_interface/cmake/ament_cmake_export_libraries-extras.cmake
[3.651s] -- Up-to-date: /home/yyj/my_ws/install/odrive_hardware_interface/share/odrive_hardware_interface/cmake/odrive_hardware_interfaceConfig.cmake
[3.651s] -- Up-to-date: /home/yyj/my_ws/install/odrive_hardware_interface/share/odrive_hardware_interface/cmake/odrive_hardware_interfaceConfig-version.cmake
[3.660s] -- Up-to-date: /home/yyj/my_ws/install/odrive_hardware_interface/share/odrive_hardware_interface/package.xml
[3.681s] Invoked command in '/home/yyj/my_ws/build/odrive_hardware_interface' returned '0': CMAKE_PREFIX_PATH=${CMAKE_PREFIX_PATH}:/home/yyj/my_ws/install/ros2_aruco:/home/yyj/my_ws/install/open_action_server:/home/yyj/my_ws/install/my_tf2_package:/home/yyj/my_ws/install/my_docking:/home/yyj/my_ws/install/my_aruco_to_goal_pose_pkg:/opt/ros/humble /usr/bin/cmake --install /home/yyj/my_ws/build/odrive_hardware_interface
