[3.830s] Invoking command in '/home/yyj/my_ws/src/my_aruco_to_goal_pose_pkg': PYTHONPATH=/home/yyj/my_ws/build/my_aruco_to_goal_pose_pkg/prefix_override:/home/yyj/my_ws/install/my_aruco_to_goal_pose_pkg/lib/python3.10/site-packages:${PYTHONPATH} /usr/bin/python3 -W ignore:setup.py install is deprecated setup.py egg_info --egg-base ../../build/my_aruco_to_goal_pose_pkg build --build-base /home/yyj/my_ws/build/my_aruco_to_goal_pose_pkg/build install --record /home/yyj/my_ws/build/my_aruco_to_goal_pose_pkg/install.log --single-version-externally-managed install_data
[4.613s] running egg_info
[4.615s] writing ../../build/my_aruco_to_goal_pose_pkg/my_aruco_to_goal_pose_pkg.egg-info/PKG-INFO
[4.616s] writing dependency_links to ../../build/my_aruco_to_goal_pose_pkg/my_aruco_to_goal_pose_pkg.egg-info/dependency_links.txt
[4.617s] writing entry points to ../../build/my_aruco_to_goal_pose_pkg/my_aruco_to_goal_pose_pkg.egg-info/entry_points.txt
[4.621s] writing requirements to ../../build/my_aruco_to_goal_pose_pkg/my_aruco_to_goal_pose_pkg.egg-info/requires.txt
[4.622s] writing top-level names to ../../build/my_aruco_to_goal_pose_pkg/my_aruco_to_goal_pose_pkg.egg-info/top_level.txt
[4.622s] reading manifest file '../../build/my_aruco_to_goal_pose_pkg/my_aruco_to_goal_pose_pkg.egg-info/SOURCES.txt'
[4.625s] writing manifest file '../../build/my_aruco_to_goal_pose_pkg/my_aruco_to_goal_pose_pkg.egg-info/SOURCES.txt'
[4.625s] running build
[4.625s] running build_py
[4.626s] running install
[4.626s] running install_lib
[4.629s] running install_data
[4.629s] running install_egg_info
[4.633s] removing '/home/yyj/my_ws/install/my_aruco_to_goal_pose_pkg/lib/python3.10/site-packages/my_aruco_to_goal_pose_pkg-0.0.0-py3.10.egg-info' (and everything under it)
[4.634s] Copying ../../build/my_aruco_to_goal_pose_pkg/my_aruco_to_goal_pose_pkg.egg-info to /home/yyj/my_ws/install/my_aruco_to_goal_pose_pkg/lib/python3.10/site-packages/my_aruco_to_goal_pose_pkg-0.0.0-py3.10.egg-info
[4.636s] running install_scripts
[4.683s] Installing aruco_sub_goal_pose_pub script to /home/yyj/my_ws/install/my_aruco_to_goal_pose_pkg/lib/my_aruco_to_goal_pose_pkg
[4.683s] writing list of installed files to '/home/yyj/my_ws/build/my_aruco_to_goal_pose_pkg/install.log'
[4.735s] Invoked command in '/home/yyj/my_ws/src/my_aruco_to_goal_pose_pkg' returned '0': PYTHONPATH=/home/yyj/my_ws/build/my_aruco_to_goal_pose_pkg/prefix_override:/home/yyj/my_ws/install/my_aruco_to_goal_pose_pkg/lib/python3.10/site-packages:${PYTHONPATH} /usr/bin/python3 -W ignore:setup.py install is deprecated setup.py egg_info --egg-base ../../build/my_aruco_to_goal_pose_pkg build --build-base /home/yyj/my_ws/build/my_aruco_to_goal_pose_pkg/build install --record /home/yyj/my_ws/build/my_aruco_to_goal_pose_pkg/install.log --single-version-externally-managed install_data
