[4.395s] Invoking command in '/home/yyj/my_ws/build/teleop_twist_joy': CMAKE_PREFIX_PATH=${CMAKE_PREFIX_PATH}:/home/yyj/my_ws/install/ros2_aruco:/home/yyj/my_ws/install/open_action_server:/home/yyj/my_ws/install/my_tf2_package:/home/yyj/my_ws/install/my_docking:/home/yyj/my_ws/install/my_aruco_to_goal_pose_pkg:/opt/ros/humble /usr/bin/cmake --build /home/yyj/my_ws/build/teleop_twist_joy -- -j16 -l16
[4.657s] [ 50%] Built target teleop_twist_joy
[4.815s] [100%] Built target teleop_twist_joy_node
[4.960s] Invoked command in '/home/yyj/my_ws/build/teleop_twist_joy' returned '0': CMAKE_PREFIX_PATH=${CMAKE_PREFIX_PATH}:/home/yyj/my_ws/install/ros2_aruco:/home/yyj/my_ws/install/open_action_server:/home/yyj/my_ws/install/my_tf2_package:/home/yyj/my_ws/install/my_docking:/home/yyj/my_ws/install/my_aruco_to_goal_pose_pkg:/opt/ros/humble /usr/bin/cmake --build /home/yyj/my_ws/build/teleop_twist_joy -- -j16 -l16
[5.315s] Invoking command in '/home/yyj/my_ws/build/teleop_twist_joy': CMAKE_PREFIX_PATH=${CMAKE_PREFIX_PATH}:/home/yyj/my_ws/install/ros2_aruco:/home/yyj/my_ws/install/open_action_server:/home/yyj/my_ws/install/my_tf2_package:/home/yyj/my_ws/install/my_docking:/home/yyj/my_ws/install/my_aruco_to_goal_pose_pkg:/opt/ros/humble /usr/bin/cmake --install /home/yyj/my_ws/build/teleop_twist_joy
[5.454s] -- Install configuration: ""
[5.456s] -- Up-to-date: /home/yyj/my_ws/install/teleop_twist_joy/lib/libteleop_twist_joy.so
[5.469s] -- Up-to-date: /home/yyj/my_ws/install/teleop_twist_joy/lib/teleop_twist_joy/teleop_node
[5.470s] -- Up-to-date: /home/yyj/my_ws/install/teleop_twist_joy/include/teleop_twist_joy
[5.471s] -- Up-to-date: /home/yyj/my_ws/install/teleop_twist_joy/include/teleop_twist_joy/teleop_twist_joy
[5.472s] -- Up-to-date: /home/yyj/my_ws/install/teleop_twist_joy/include/teleop_twist_joy/teleop_twist_joy/teleop_twist_joy.hpp
[5.472s] -- Up-to-date: /home/yyj/my_ws/install/teleop_twist_joy/include/teleop_twist_joy/teleop_twist_joy/teleop_twist_joy_export.h
[5.473s] -- Up-to-date: /home/yyj/my_ws/install/teleop_twist_joy/share/teleop_twist_joy/launch
[5.473s] -- Up-to-date: /home/yyj/my_ws/install/teleop_twist_joy/share/teleop_twist_joy/launch/teleop-launch.py
[5.473s] -- Up-to-date: /home/yyj/my_ws/install/teleop_twist_joy/share/teleop_twist_joy/config
[5.473s] -- Up-to-date: /home/yyj/my_ws/install/teleop_twist_joy/share/teleop_twist_joy/config/ps3.config.yaml
[5.473s] -- Up-to-date: /home/yyj/my_ws/install/teleop_twist_joy/share/teleop_twist_joy/config/xd3.config.yaml
[5.474s] -- Up-to-date: /home/yyj/my_ws/install/teleop_twist_joy/share/teleop_twist_joy/config/xbox.config.yaml
[5.474s] -- Up-to-date: /home/yyj/my_ws/install/teleop_twist_joy/share/teleop_twist_joy/config/ps3-holonomic.config.yaml
[5.474s] -- Up-to-date: /home/yyj/my_ws/install/teleop_twist_joy/share/teleop_twist_joy/config/atk3.config.yaml
[5.474s] -- Up-to-date: /home/yyj/my_ws/install/teleop_twist_joy/share/teleop_twist_joy/environment/library_path.sh
[5.475s] -- Up-to-date: /home/yyj/my_ws/install/teleop_twist_joy/share/teleop_twist_joy/environment/library_path.dsv
[5.475s] -- Up-to-date: /home/yyj/my_ws/install/teleop_twist_joy/share/ament_index/resource_index/package_run_dependencies/teleop_twist_joy
[5.475s] -- Up-to-date: /home/yyj/my_ws/install/teleop_twist_joy/share/ament_index/resource_index/parent_prefix_path/teleop_twist_joy
[5.475s] -- Up-to-date: /home/yyj/my_ws/install/teleop_twist_joy/share/teleop_twist_joy/environment/ament_prefix_path.sh
[5.476s] -- Up-to-date: /home/yyj/my_ws/install/teleop_twist_joy/share/teleop_twist_joy/environment/ament_prefix_path.dsv
[5.477s] -- Up-to-date: /home/yyj/my_ws/install/teleop_twist_joy/share/teleop_twist_joy/environment/path.sh
[5.477s] -- Up-to-date: /home/yyj/my_ws/install/teleop_twist_joy/share/teleop_twist_joy/environment/path.dsv
[5.477s] -- Up-to-date: /home/yyj/my_ws/install/teleop_twist_joy/share/teleop_twist_joy/local_setup.bash
[5.478s] -- Up-to-date: /home/yyj/my_ws/install/teleop_twist_joy/share/teleop_twist_joy/local_setup.sh
[5.479s] -- Up-to-date: /home/yyj/my_ws/install/teleop_twist_joy/share/teleop_twist_joy/local_setup.zsh
[5.479s] -- Up-to-date: /home/yyj/my_ws/install/teleop_twist_joy/share/teleop_twist_joy/local_setup.dsv
[5.480s] -- Installing: /home/yyj/my_ws/install/teleop_twist_joy/share/teleop_twist_joy/package.dsv
[5.480s] -- Up-to-date: /home/yyj/my_ws/install/teleop_twist_joy/share/ament_index/resource_index/packages/teleop_twist_joy
[5.480s] -- Up-to-date: /home/yyj/my_ws/install/teleop_twist_joy/share/ament_index/resource_index/rclcpp_components/teleop_twist_joy
[5.480s] -- Up-to-date: /home/yyj/my_ws/install/teleop_twist_joy/share/teleop_twist_joy/cmake/export_teleop_twist_joyExport.cmake
[5.480s] -- Up-to-date: /home/yyj/my_ws/install/teleop_twist_joy/share/teleop_twist_joy/cmake/export_teleop_twist_joyExport-noconfig.cmake
[5.481s] -- Up-to-date: /home/yyj/my_ws/install/teleop_twist_joy/share/teleop_twist_joy/cmake/ament_cmake_export_include_directories-extras.cmake
[5.481s] -- Up-to-date: /home/yyj/my_ws/install/teleop_twist_joy/share/teleop_twist_joy/cmake/ament_cmake_export_libraries-extras.cmake
[5.481s] -- Up-to-date: /home/yyj/my_ws/install/teleop_twist_joy/share/teleop_twist_joy/cmake/ament_cmake_export_targets-extras.cmake
[5.481s] -- Up-to-date: /home/yyj/my_ws/install/teleop_twist_joy/share/teleop_twist_joy/cmake/teleop_twist_joyConfig.cmake
[5.481s] -- Up-to-date: /home/yyj/my_ws/install/teleop_twist_joy/share/teleop_twist_joy/cmake/teleop_twist_joyConfig-version.cmake
[5.482s] -- Up-to-date: /home/yyj/my_ws/install/teleop_twist_joy/share/teleop_twist_joy/package.xml
[5.499s] Invoked command in '/home/yyj/my_ws/build/teleop_twist_joy' returned '0': CMAKE_PREFIX_PATH=${CMAKE_PREFIX_PATH}:/home/yyj/my_ws/install/ros2_aruco:/home/yyj/my_ws/install/open_action_server:/home/yyj/my_ws/install/my_tf2_package:/home/yyj/my_ws/install/my_docking:/home/yyj/my_ws/install/my_aruco_to_goal_pose_pkg:/opt/ros/humble /usr/bin/cmake --install /home/yyj/my_ws/build/teleop_twist_joy
