[2.862s] Invoking command in '/home/yyj/my_ws/build/ydlidar_ros2_driver': CMAKE_PREFIX_PATH=/opt/ros/humble /usr/bin/cmake --build /home/yyj/my_ws/build/ydlidar_ros2_driver -- -j16 -l16
[3.049s] [35m[1mConsolidate compiler generated dependencies of target ydlidar_ros2_driver_node[0m
[3.065s] [35m[1mConsolidate compiler generated dependencies of target ydlidar_ros2_driver_client[0m
[3.190s] [ 50%] Built target ydlidar_ros2_driver_node
[3.220s] [100%] Built target ydlidar_ros2_driver_client
[3.347s] Invoked command in '/home/yyj/my_ws/build/ydlidar_ros2_driver' returned '0': CMAKE_PREFIX_PATH=/opt/ros/humble /usr/bin/cmake --build /home/yyj/my_ws/build/ydlidar_ros2_driver -- -j16 -l16
[3.633s] Invoking command in '/home/yyj/my_ws/build/ydlidar_ros2_driver': CMAKE_PREFIX_PATH=/opt/ros/humble /usr/bin/cmake --install /home/yyj/my_ws/build/ydlidar_ros2_driver
[3.668s] -- Install configuration: ""
[3.668s] -- Up-to-date: /home/yyj/my_ws/install/ydlidar_ros2_driver/lib/ydlidar_ros2_driver/ydlidar_ros2_driver_node
[3.669s] -- Up-to-date: /home/yyj/my_ws/install/ydlidar_ros2_driver/lib/ydlidar_ros2_driver/ydlidar_ros2_driver_client
[3.670s] -- Up-to-date: /home/yyj/my_ws/install/ydlidar_ros2_driver/share/ydlidar_ros2_driver/launch
[3.670s] -- Up-to-date: /home/yyj/my_ws/install/ydlidar_ros2_driver/share/ydlidar_ros2_driver/launch/ydlidar_launch_view.py
[3.670s] -- Up-to-date: /home/yyj/my_ws/install/ydlidar_ros2_driver/share/ydlidar_ros2_driver/launch/ydlidar_launch.py
[3.671s] -- Up-to-date: /home/yyj/my_ws/install/ydlidar_ros2_driver/share/ydlidar_ros2_driver/launch/ydlidar.py
[3.672s] -- Up-to-date: /home/yyj/my_ws/install/ydlidar_ros2_driver/share/ydlidar_ros2_driver/params
[3.672s] -- Up-to-date: /home/yyj/my_ws/install/ydlidar_ros2_driver/share/ydlidar_ros2_driver/params/ydlidar.yaml
[3.672s] -- Up-to-date: /home/yyj/my_ws/install/ydlidar_ros2_driver/share/ydlidar_ros2_driver/params/G1.yaml
[3.673s] -- Up-to-date: /home/yyj/my_ws/install/ydlidar_ros2_driver/share/ydlidar_ros2_driver/params/TminiPro.yaml
[3.673s] -- Up-to-date: /home/yyj/my_ws/install/ydlidar_ros2_driver/share/ydlidar_ros2_driver/params/TG.yaml
[3.673s] -- Up-to-date: /home/yyj/my_ws/install/ydlidar_ros2_driver/share/ydlidar_ros2_driver/params/X2.yaml
[3.673s] -- Up-to-date: /home/yyj/my_ws/install/ydlidar_ros2_driver/share/ydlidar_ros2_driver/params/X4-Pro.yaml
[3.674s] -- Up-to-date: /home/yyj/my_ws/install/ydlidar_ros2_driver/share/ydlidar_ros2_driver/params/X4.yaml
[3.674s] -- Up-to-date: /home/yyj/my_ws/install/ydlidar_ros2_driver/share/ydlidar_ros2_driver/params/G2.yaml
[3.674s] -- Up-to-date: /home/yyj/my_ws/install/ydlidar_ros2_driver/share/ydlidar_ros2_driver/params/G6.yaml
[3.679s] -- Up-to-date: /home/yyj/my_ws/install/ydlidar_ros2_driver/share/ydlidar_ros2_driver/startup
[3.680s] -- Up-to-date: /home/yyj/my_ws/install/ydlidar_ros2_driver/share/ydlidar_ros2_driver/startup/initenv.sh
[3.680s] -- Up-to-date: /home/yyj/my_ws/install/ydlidar_ros2_driver/share/ydlidar_ros2_driver/config
[3.686s] -- Up-to-date: /home/yyj/my_ws/install/ydlidar_ros2_driver/share/ydlidar_ros2_driver/config/ydlidar.rviz
[3.687s] -- Up-to-date: /home/yyj/my_ws/install/ydlidar_ros2_driver/share/ament_index/resource_index/package_run_dependencies/ydlidar_ros2_driver
[3.688s] -- Up-to-date: /home/yyj/my_ws/install/ydlidar_ros2_driver/share/ament_index/resource_index/parent_prefix_path/ydlidar_ros2_driver
[3.688s] -- Up-to-date: /home/yyj/my_ws/install/ydlidar_ros2_driver/share/ydlidar_ros2_driver/environment/ament_prefix_path.sh
[3.688s] -- Up-to-date: /home/yyj/my_ws/install/ydlidar_ros2_driver/share/ydlidar_ros2_driver/environment/ament_prefix_path.dsv
[3.688s] -- Up-to-date: /home/yyj/my_ws/install/ydlidar_ros2_driver/share/ydlidar_ros2_driver/environment/path.sh
[3.688s] -- Up-to-date: /home/yyj/my_ws/install/ydlidar_ros2_driver/share/ydlidar_ros2_driver/environment/path.dsv
[3.689s] -- Up-to-date: /home/yyj/my_ws/install/ydlidar_ros2_driver/share/ydlidar_ros2_driver/local_setup.bash
[3.689s] -- Up-to-date: /home/yyj/my_ws/install/ydlidar_ros2_driver/share/ydlidar_ros2_driver/local_setup.sh
[3.689s] -- Up-to-date: /home/yyj/my_ws/install/ydlidar_ros2_driver/share/ydlidar_ros2_driver/local_setup.zsh
[3.689s] -- Up-to-date: /home/yyj/my_ws/install/ydlidar_ros2_driver/share/ydlidar_ros2_driver/local_setup.dsv
[3.689s] -- Installing: /home/yyj/my_ws/install/ydlidar_ros2_driver/share/ydlidar_ros2_driver/package.dsv
[3.690s] -- Up-to-date: /home/yyj/my_ws/install/ydlidar_ros2_driver/share/ament_index/resource_index/packages/ydlidar_ros2_driver
[3.690s] -- Up-to-date: /home/yyj/my_ws/install/ydlidar_ros2_driver/share/ydlidar_ros2_driver/cmake/ydlidar_ros2_driverConfig.cmake
[3.690s] -- Up-to-date: /home/yyj/my_ws/install/ydlidar_ros2_driver/share/ydlidar_ros2_driver/cmake/ydlidar_ros2_driverConfig-version.cmake
[3.690s] -- Up-to-date: /home/yyj/my_ws/install/ydlidar_ros2_driver/share/ydlidar_ros2_driver/package.xml
[3.758s] Invoked command in '/home/yyj/my_ws/build/ydlidar_ros2_driver' returned '0': CMAKE_PREFIX_PATH=/opt/ros/humble /usr/bin/cmake --install /home/yyj/my_ws/build/ydlidar_ros2_driver
