[9.125s] Invoking command in '/home/yyj/my_ws/src/my_tf2_package': PYTHONPATH=/home/yyj/my_ws/build/my_tf2_package/prefix_override:/home/yyj/my_ws/install/my_tf2_package/lib/python3.10/site-packages:${PYTHONPATH} /usr/bin/python3 -W ignore:setup.py install is deprecated setup.py egg_info --egg-base ../../build/my_tf2_package build --build-base /home/yyj/my_ws/build/my_tf2_package/build install --record /home/yyj/my_ws/build/my_tf2_package/install.log --single-version-externally-managed install_data
[10.386s] running egg_info
[10.387s] writing ../../build/my_tf2_package/my_tf2_package.egg-info/PKG-INFO
[10.388s] writing dependency_links to ../../build/my_tf2_package/my_tf2_package.egg-info/dependency_links.txt
[10.388s] writing entry points to ../../build/my_tf2_package/my_tf2_package.egg-info/entry_points.txt
[10.389s] writing requirements to ../../build/my_tf2_package/my_tf2_package.egg-info/requires.txt
[10.390s] writing top-level names to ../../build/my_tf2_package/my_tf2_package.egg-info/top_level.txt
[10.400s] reading manifest file '../../build/my_tf2_package/my_tf2_package.egg-info/SOURCES.txt'
[10.400s] adding license file 'LICENSE'
[10.406s] writing manifest file '../../build/my_tf2_package/my_tf2_package.egg-info/SOURCES.txt'
[10.407s] running build
[10.407s] running build_py
[10.408s] copying my_tf2_package/my_static_cart_tf2_broadcaster.py -> /home/yyj/my_ws/build/my_tf2_package/build/lib/my_tf2_package
[10.409s] running install
[10.409s] running install_lib
[10.415s] copying /home/yyj/my_ws/build/my_tf2_package/build/lib/my_tf2_package/my_static_cart_tf2_broadcaster.py -> /home/yyj/my_ws/install/my_tf2_package/lib/python3.10/site-packages/my_tf2_package
[10.421s] byte-compiling /home/yyj/my_ws/install/my_tf2_package/lib/python3.10/site-packages/my_tf2_package/my_static_cart_tf2_broadcaster.py to my_static_cart_tf2_broadcaster.cpython-310.pyc
[10.424s] running install_data
[10.425s] running install_egg_info
[10.436s] removing '/home/yyj/my_ws/install/my_tf2_package/lib/python3.10/site-packages/my_tf2_package-0.0.0-py3.10.egg-info' (and everything under it)
[10.440s] Copying ../../build/my_tf2_package/my_tf2_package.egg-info to /home/yyj/my_ws/install/my_tf2_package/lib/python3.10/site-packages/my_tf2_package-0.0.0-py3.10.egg-info
[10.443s] running install_scripts
[10.637s] Installing my_static_cart_tf2_broadcaster script to /home/yyj/my_ws/install/my_tf2_package/lib/my_tf2_package
[10.638s] writing list of installed files to '/home/yyj/my_ws/build/my_tf2_package/install.log'
[10.859s] Invoked command in '/home/yyj/my_ws/src/my_tf2_package' returned '0': PYTHONPATH=/home/yyj/my_ws/build/my_tf2_package/prefix_override:/home/yyj/my_ws/install/my_tf2_package/lib/python3.10/site-packages:${PYTHONPATH} /usr/bin/python3 -W ignore:setup.py install is deprecated setup.py egg_info --egg-base ../../build/my_tf2_package build --build-base /home/yyj/my_ws/build/my_tf2_package/build install --record /home/yyj/my_ws/build/my_tf2_package/install.log --single-version-externally-managed install_data
