[2.105s] Invoking command in '/home/yyj/my_ws/build/ros2_aruco_interfaces': CMAKE_PREFIX_PATH=${CMAKE_PREFIX_PATH}:/home/yyj/my_ws/install/ros2_aruco:/home/yyj/my_ws/install/open_action_server:/home/yyj/my_ws/install/my_tf2_package:/home/yyj/my_ws/install/my_docking:/home/yyj/my_ws/install/my_aruco_to_goal_pose_pkg:/opt/ros/humble /usr/bin/cmake --build /home/yyj/my_ws/build/ros2_aruco_interfaces -- -j16 -l16
[2.255s] [  9%] Built target ros2_aruco_interfaces__rosidl_generator_c
[2.290s] [ 12%] Built target ros2_aruco_interfaces__cpp
[2.309s] [ 12%] Built target ament_cmake_python_copy_ros2_aruco_interfaces
[2.437s] [ 29%] Built target ros2_aruco_interfaces__rosidl_typesupport_introspection_c
[2.438s] [ 32%] Built target ros2_aruco_interfaces__rosidl_typesupport_c
[2.452s] [ 41%] Built target ros2_aruco_interfaces__rosidl_typesupport_fastrtps_c
[2.498s] [ 51%] Built target ros2_aruco_interfaces__rosidl_typesupport_cpp
[2.563s] [ 61%] Built target ros2_aruco_interfaces__rosidl_typesupport_fastrtps_cpp
[2.572s] [ 70%] Built target ros2_aruco_interfaces__rosidl_typesupport_introspection_cpp
[2.697s] [ 70%] Built target ros2_aruco_interfaces
[2.866s] [ 74%] Built target ros2_aruco_interfaces__py
[3.034s] [ 80%] Built target ros2_aruco_interfaces__rosidl_generator_py
[3.123s] [ 87%] Built target ros2_aruco_interfaces__rosidl_typesupport_fastrtps_c__pyext
[3.212s] [ 93%] Built target ros2_aruco_interfaces__rosidl_typesupport_c__pyext
[3.240s] [100%] Built target ros2_aruco_interfaces__rosidl_typesupport_introspection_c__pyext
[3.594s] running egg_info
[3.602s] writing ros2_aruco_interfaces.egg-info/PKG-INFO
[3.602s] writing dependency_links to ros2_aruco_interfaces.egg-info/dependency_links.txt
[3.602s] writing top-level names to ros2_aruco_interfaces.egg-info/top_level.txt
[3.619s] reading manifest file 'ros2_aruco_interfaces.egg-info/SOURCES.txt'
[3.624s] writing manifest file 'ros2_aruco_interfaces.egg-info/SOURCES.txt'
[3.699s] [100%] Built target ament_cmake_python_build_ros2_aruco_interfaces_egg
[3.798s] Invoked command in '/home/yyj/my_ws/build/ros2_aruco_interfaces' returned '0': CMAKE_PREFIX_PATH=${CMAKE_PREFIX_PATH}:/home/yyj/my_ws/install/ros2_aruco:/home/yyj/my_ws/install/open_action_server:/home/yyj/my_ws/install/my_tf2_package:/home/yyj/my_ws/install/my_docking:/home/yyj/my_ws/install/my_aruco_to_goal_pose_pkg:/opt/ros/humble /usr/bin/cmake --build /home/yyj/my_ws/build/ros2_aruco_interfaces -- -j16 -l16
[4.021s] Invoking command in '/home/yyj/my_ws/build/ros2_aruco_interfaces': CMAKE_PREFIX_PATH=${CMAKE_PREFIX_PATH}:/home/yyj/my_ws/install/ros2_aruco:/home/yyj/my_ws/install/open_action_server:/home/yyj/my_ws/install/my_tf2_package:/home/yyj/my_ws/install/my_docking:/home/yyj/my_ws/install/my_aruco_to_goal_pose_pkg:/opt/ros/humble /usr/bin/cmake --install /home/yyj/my_ws/build/ros2_aruco_interfaces
[4.047s] -- Install configuration: ""
[4.048s] -- Up-to-date: /home/yyj/my_ws/install/ros2_aruco_interfaces/share/ament_index/resource_index/rosidl_interfaces/ros2_aruco_interfaces
[4.049s] -- Up-to-date: /home/yyj/my_ws/install/ros2_aruco_interfaces/include/ros2_aruco_interfaces/ros2_aruco_interfaces
[4.049s] -- Up-to-date: /home/yyj/my_ws/install/ros2_aruco_interfaces/include/ros2_aruco_interfaces/ros2_aruco_interfaces/msg
[4.050s] -- Up-to-date: /home/yyj/my_ws/install/ros2_aruco_interfaces/include/ros2_aruco_interfaces/ros2_aruco_interfaces/msg/detail
[4.050s] -- Up-to-date: /home/yyj/my_ws/install/ros2_aruco_interfaces/include/ros2_aruco_interfaces/ros2_aruco_interfaces/msg/detail/aruco_markers__functions.c
[4.051s] -- Up-to-date: /home/yyj/my_ws/install/ros2_aruco_interfaces/include/ros2_aruco_interfaces/ros2_aruco_interfaces/msg/detail/aruco_markers__functions.h
[4.052s] -- Up-to-date: /home/yyj/my_ws/install/ros2_aruco_interfaces/include/ros2_aruco_interfaces/ros2_aruco_interfaces/msg/detail/aruco_markers__type_support.h
[4.053s] -- Up-to-date: /home/yyj/my_ws/install/ros2_aruco_interfaces/include/ros2_aruco_interfaces/ros2_aruco_interfaces/msg/detail/aruco_markers__struct.h
[4.054s] -- Up-to-date: /home/yyj/my_ws/install/ros2_aruco_interfaces/include/ros2_aruco_interfaces/ros2_aruco_interfaces/msg/rosidl_generator_c__visibility_control.h
[4.055s] -- Up-to-date: /home/yyj/my_ws/install/ros2_aruco_interfaces/include/ros2_aruco_interfaces/ros2_aruco_interfaces/msg/aruco_markers.h
[4.055s] -- Up-to-date: /home/yyj/my_ws/install/ros2_aruco_interfaces/share/ros2_aruco_interfaces/environment/library_path.sh
[4.056s] -- Up-to-date: /home/yyj/my_ws/install/ros2_aruco_interfaces/share/ros2_aruco_interfaces/environment/library_path.dsv
[4.056s] -- Up-to-date: /home/yyj/my_ws/install/ros2_aruco_interfaces/lib/libros2_aruco_interfaces__rosidl_generator_c.so
[4.056s] -- Up-to-date: /home/yyj/my_ws/install/ros2_aruco_interfaces/include/ros2_aruco_interfaces/ros2_aruco_interfaces
[4.056s] -- Up-to-date: /home/yyj/my_ws/install/ros2_aruco_interfaces/include/ros2_aruco_interfaces/ros2_aruco_interfaces/msg
[4.056s] -- Up-to-date: /home/yyj/my_ws/install/ros2_aruco_interfaces/include/ros2_aruco_interfaces/ros2_aruco_interfaces/msg/detail
[4.057s] -- Up-to-date: /home/yyj/my_ws/install/ros2_aruco_interfaces/include/ros2_aruco_interfaces/ros2_aruco_interfaces/msg/detail/aruco_markers__rosidl_typesupport_fastrtps_c.h
[4.057s] -- Up-to-date: /home/yyj/my_ws/install/ros2_aruco_interfaces/include/ros2_aruco_interfaces/ros2_aruco_interfaces/msg/rosidl_typesupport_fastrtps_c__visibility_control.h
[4.057s] -- Up-to-date: /home/yyj/my_ws/install/ros2_aruco_interfaces/lib/libros2_aruco_interfaces__rosidl_typesupport_fastrtps_c.so
[4.058s] -- Up-to-date: /home/yyj/my_ws/install/ros2_aruco_interfaces/include/ros2_aruco_interfaces/ros2_aruco_interfaces
[4.059s] -- Up-to-date: /home/yyj/my_ws/install/ros2_aruco_interfaces/include/ros2_aruco_interfaces/ros2_aruco_interfaces/msg
[4.059s] -- Up-to-date: /home/yyj/my_ws/install/ros2_aruco_interfaces/include/ros2_aruco_interfaces/ros2_aruco_interfaces/msg/detail
[4.059s] -- Up-to-date: /home/yyj/my_ws/install/ros2_aruco_interfaces/include/ros2_aruco_interfaces/ros2_aruco_interfaces/msg/detail/aruco_markers__struct.hpp
[4.060s] -- Up-to-date: /home/yyj/my_ws/install/ros2_aruco_interfaces/include/ros2_aruco_interfaces/ros2_aruco_interfaces/msg/detail/aruco_markers__builder.hpp
[4.060s] -- Up-to-date: /home/yyj/my_ws/install/ros2_aruco_interfaces/include/ros2_aruco_interfaces/ros2_aruco_interfaces/msg/detail/aruco_markers__traits.hpp
[4.060s] -- Up-to-date: /home/yyj/my_ws/install/ros2_aruco_interfaces/include/ros2_aruco_interfaces/ros2_aruco_interfaces/msg/aruco_markers.hpp
[4.061s] -- Up-to-date: /home/yyj/my_ws/install/ros2_aruco_interfaces/include/ros2_aruco_interfaces/ros2_aruco_interfaces
[4.061s] -- Up-to-date: /home/yyj/my_ws/install/ros2_aruco_interfaces/include/ros2_aruco_interfaces/ros2_aruco_interfaces/msg
[4.062s] -- Up-to-date: /home/yyj/my_ws/install/ros2_aruco_interfaces/include/ros2_aruco_interfaces/ros2_aruco_interfaces/msg/detail
[4.062s] -- Up-to-date: /home/yyj/my_ws/install/ros2_aruco_interfaces/include/ros2_aruco_interfaces/ros2_aruco_interfaces/msg/detail/aruco_markers__rosidl_typesupport_fastrtps_cpp.hpp
[4.062s] -- Up-to-date: /home/yyj/my_ws/install/ros2_aruco_interfaces/include/ros2_aruco_interfaces/ros2_aruco_interfaces/msg/detail/dds_fastrtps
[4.063s] -- Up-to-date: /home/yyj/my_ws/install/ros2_aruco_interfaces/include/ros2_aruco_interfaces/ros2_aruco_interfaces/msg/rosidl_typesupport_fastrtps_cpp__visibility_control.h
[4.064s] -- Up-to-date: /home/yyj/my_ws/install/ros2_aruco_interfaces/lib/libros2_aruco_interfaces__rosidl_typesupport_fastrtps_cpp.so
[4.065s] -- Up-to-date: /home/yyj/my_ws/install/ros2_aruco_interfaces/include/ros2_aruco_interfaces/ros2_aruco_interfaces
[4.066s] -- Up-to-date: /home/yyj/my_ws/install/ros2_aruco_interfaces/include/ros2_aruco_interfaces/ros2_aruco_interfaces/msg
[4.067s] -- Up-to-date: /home/yyj/my_ws/install/ros2_aruco_interfaces/include/ros2_aruco_interfaces/ros2_aruco_interfaces/msg/detail
[4.067s] -- Up-to-date: /home/yyj/my_ws/install/ros2_aruco_interfaces/include/ros2_aruco_interfaces/ros2_aruco_interfaces/msg/detail/aruco_markers__type_support.c
[4.068s] -- Up-to-date: /home/yyj/my_ws/install/ros2_aruco_interfaces/include/ros2_aruco_interfaces/ros2_aruco_interfaces/msg/detail/aruco_markers__rosidl_typesupport_introspection_c.h
[4.068s] -- Up-to-date: /home/yyj/my_ws/install/ros2_aruco_interfaces/include/ros2_aruco_interfaces/ros2_aruco_interfaces/msg/rosidl_typesupport_introspection_c__visibility_control.h
[4.068s] -- Up-to-date: /home/yyj/my_ws/install/ros2_aruco_interfaces/lib/libros2_aruco_interfaces__rosidl_typesupport_introspection_c.so
[4.070s] -- Up-to-date: /home/yyj/my_ws/install/ros2_aruco_interfaces/lib/libros2_aruco_interfaces__rosidl_typesupport_c.so
[4.070s] -- Up-to-date: /home/yyj/my_ws/install/ros2_aruco_interfaces/include/ros2_aruco_interfaces/ros2_aruco_interfaces
[4.070s] -- Up-to-date: /home/yyj/my_ws/install/ros2_aruco_interfaces/include/ros2_aruco_interfaces/ros2_aruco_interfaces/msg
[4.071s] -- Up-to-date: /home/yyj/my_ws/install/ros2_aruco_interfaces/include/ros2_aruco_interfaces/ros2_aruco_interfaces/msg/detail
[4.071s] -- Up-to-date: /home/yyj/my_ws/install/ros2_aruco_interfaces/include/ros2_aruco_interfaces/ros2_aruco_interfaces/msg/detail/aruco_markers__rosidl_typesupport_introspection_cpp.hpp
[4.072s] -- Up-to-date: /home/yyj/my_ws/install/ros2_aruco_interfaces/include/ros2_aruco_interfaces/ros2_aruco_interfaces/msg/detail/aruco_markers__type_support.cpp
[4.072s] -- Up-to-date: /home/yyj/my_ws/install/ros2_aruco_interfaces/lib/libros2_aruco_interfaces__rosidl_typesupport_introspection_cpp.so
[4.072s] -- Up-to-date: /home/yyj/my_ws/install/ros2_aruco_interfaces/lib/libros2_aruco_interfaces__rosidl_typesupport_cpp.so
[4.073s] -- Up-to-date: /home/yyj/my_ws/install/ros2_aruco_interfaces/share/ros2_aruco_interfaces/environment/pythonpath.sh
[4.074s] -- Up-to-date: /home/yyj/my_ws/install/ros2_aruco_interfaces/share/ros2_aruco_interfaces/environment/pythonpath.dsv
[4.075s] -- Up-to-date: /home/yyj/my_ws/install/ros2_aruco_interfaces/local/lib/python3.10/dist-packages/ros2_aruco_interfaces-0.1.0-py3.10.egg-info
[4.075s] -- Installing: /home/yyj/my_ws/install/ros2_aruco_interfaces/local/lib/python3.10/dist-packages/ros2_aruco_interfaces-0.1.0-py3.10.egg-info/SOURCES.txt
[4.076s] -- Installing: /home/yyj/my_ws/install/ros2_aruco_interfaces/local/lib/python3.10/dist-packages/ros2_aruco_interfaces-0.1.0-py3.10.egg-info/top_level.txt
[4.076s] -- Installing: /home/yyj/my_ws/install/ros2_aruco_interfaces/local/lib/python3.10/dist-packages/ros2_aruco_interfaces-0.1.0-py3.10.egg-info/dependency_links.txt
[4.076s] -- Installing: /home/yyj/my_ws/install/ros2_aruco_interfaces/local/lib/python3.10/dist-packages/ros2_aruco_interfaces-0.1.0-py3.10.egg-info/PKG-INFO
[4.077s] -- Up-to-date: /home/yyj/my_ws/install/ros2_aruco_interfaces/local/lib/python3.10/dist-packages/ros2_aruco_interfaces
[4.077s] -- Up-to-date: /home/yyj/my_ws/install/ros2_aruco_interfaces/local/lib/python3.10/dist-packages/ros2_aruco_interfaces/libros2_aruco_interfaces__rosidl_generator_py.so
[4.078s] -- Up-to-date: /home/yyj/my_ws/install/ros2_aruco_interfaces/local/lib/python3.10/dist-packages/ros2_aruco_interfaces/ros2_aruco_interfaces_s__rosidl_typesupport_fastrtps_c.cpython-310-x86_64-linux-gnu.so
[4.078s] -- Up-to-date: /home/yyj/my_ws/install/ros2_aruco_interfaces/local/lib/python3.10/dist-packages/ros2_aruco_interfaces/ros2_aruco_interfaces_s__rosidl_typesupport_c.cpython-310-x86_64-linux-gnu.so
[4.078s] -- Up-to-date: /home/yyj/my_ws/install/ros2_aruco_interfaces/local/lib/python3.10/dist-packages/ros2_aruco_interfaces/__init__.py
[4.078s] -- Up-to-date: /home/yyj/my_ws/install/ros2_aruco_interfaces/local/lib/python3.10/dist-packages/ros2_aruco_interfaces/_ros2_aruco_interfaces_s.ep.rosidl_typesupport_fastrtps_c.c
[4.079s] -- Up-to-date: /home/yyj/my_ws/install/ros2_aruco_interfaces/local/lib/python3.10/dist-packages/ros2_aruco_interfaces/_ros2_aruco_interfaces_s.ep.rosidl_typesupport_introspection_c.c
[4.079s] -- Up-to-date: /home/yyj/my_ws/install/ros2_aruco_interfaces/local/lib/python3.10/dist-packages/ros2_aruco_interfaces/ros2_aruco_interfaces_s__rosidl_typesupport_introspection_c.cpython-310-x86_64-linux-gnu.so
[4.080s] -- Up-to-date: /home/yyj/my_ws/install/ros2_aruco_interfaces/local/lib/python3.10/dist-packages/ros2_aruco_interfaces/msg
[4.080s] -- Up-to-date: /home/yyj/my_ws/install/ros2_aruco_interfaces/local/lib/python3.10/dist-packages/ros2_aruco_interfaces/msg/__init__.py
[4.080s] -- Up-to-date: /home/yyj/my_ws/install/ros2_aruco_interfaces/local/lib/python3.10/dist-packages/ros2_aruco_interfaces/msg/_aruco_markers_s.c
[4.081s] -- Up-to-date: /home/yyj/my_ws/install/ros2_aruco_interfaces/local/lib/python3.10/dist-packages/ros2_aruco_interfaces/msg/_aruco_markers.py
[4.082s] -- Up-to-date: /home/yyj/my_ws/install/ros2_aruco_interfaces/local/lib/python3.10/dist-packages/ros2_aruco_interfaces/_ros2_aruco_interfaces_s.ep.rosidl_typesupport_c.c
[4.184s] Listing '/home/yyj/my_ws/install/ros2_aruco_interfaces/local/lib/python3.10/dist-packages/ros2_aruco_interfaces'...
[4.184s] Listing '/home/yyj/my_ws/install/ros2_aruco_interfaces/local/lib/python3.10/dist-packages/ros2_aruco_interfaces/msg'...
[4.200s] -- Up-to-date: /home/yyj/my_ws/install/ros2_aruco_interfaces/local/lib/python3.10/dist-packages/ros2_aruco_interfaces/ros2_aruco_interfaces_s__rosidl_typesupport_fastrtps_c.cpython-310-x86_64-linux-gnu.so
[4.200s] -- Up-to-date: /home/yyj/my_ws/install/ros2_aruco_interfaces/local/lib/python3.10/dist-packages/ros2_aruco_interfaces/ros2_aruco_interfaces_s__rosidl_typesupport_introspection_c.cpython-310-x86_64-linux-gnu.so
[4.201s] -- Up-to-date: /home/yyj/my_ws/install/ros2_aruco_interfaces/local/lib/python3.10/dist-packages/ros2_aruco_interfaces/ros2_aruco_interfaces_s__rosidl_typesupport_c.cpython-310-x86_64-linux-gnu.so
[4.201s] -- Up-to-date: /home/yyj/my_ws/install/ros2_aruco_interfaces/lib/libros2_aruco_interfaces__rosidl_generator_py.so
[4.202s] -- Up-to-date: /home/yyj/my_ws/install/ros2_aruco_interfaces/share/ros2_aruco_interfaces/msg/ArucoMarkers.idl
[4.204s] -- Up-to-date: /home/yyj/my_ws/install/ros2_aruco_interfaces/share/ros2_aruco_interfaces/msg/ArucoMarkers.msg
[4.205s] -- Up-to-date: /home/yyj/my_ws/install/ros2_aruco_interfaces/share/ament_index/resource_index/package_run_dependencies/ros2_aruco_interfaces
[4.206s] -- Up-to-date: /home/yyj/my_ws/install/ros2_aruco_interfaces/share/ament_index/resource_index/parent_prefix_path/ros2_aruco_interfaces
[4.206s] -- Up-to-date: /home/yyj/my_ws/install/ros2_aruco_interfaces/share/ros2_aruco_interfaces/environment/ament_prefix_path.sh
[4.207s] -- Up-to-date: /home/yyj/my_ws/install/ros2_aruco_interfaces/share/ros2_aruco_interfaces/environment/ament_prefix_path.dsv
[4.207s] -- Up-to-date: /home/yyj/my_ws/install/ros2_aruco_interfaces/share/ros2_aruco_interfaces/environment/path.sh
[4.208s] -- Up-to-date: /home/yyj/my_ws/install/ros2_aruco_interfaces/share/ros2_aruco_interfaces/environment/path.dsv
[4.209s] -- Up-to-date: /home/yyj/my_ws/install/ros2_aruco_interfaces/share/ros2_aruco_interfaces/local_setup.bash
[4.210s] -- Up-to-date: /home/yyj/my_ws/install/ros2_aruco_interfaces/share/ros2_aruco_interfaces/local_setup.sh
[4.210s] -- Up-to-date: /home/yyj/my_ws/install/ros2_aruco_interfaces/share/ros2_aruco_interfaces/local_setup.zsh
[4.211s] -- Up-to-date: /home/yyj/my_ws/install/ros2_aruco_interfaces/share/ros2_aruco_interfaces/local_setup.dsv
[4.211s] -- Installing: /home/yyj/my_ws/install/ros2_aruco_interfaces/share/ros2_aruco_interfaces/package.dsv
[4.211s] -- Up-to-date: /home/yyj/my_ws/install/ros2_aruco_interfaces/share/ament_index/resource_index/packages/ros2_aruco_interfaces
[4.211s] -- Up-to-date: /home/yyj/my_ws/install/ros2_aruco_interfaces/share/ros2_aruco_interfaces/cmake/export_ros2_aruco_interfaces__rosidl_generator_cExport.cmake
[4.211s] -- Up-to-date: /home/yyj/my_ws/install/ros2_aruco_interfaces/share/ros2_aruco_interfaces/cmake/export_ros2_aruco_interfaces__rosidl_generator_cExport-noconfig.cmake
[4.211s] -- Up-to-date: /home/yyj/my_ws/install/ros2_aruco_interfaces/share/ros2_aruco_interfaces/cmake/export_ros2_aruco_interfaces__rosidl_typesupport_fastrtps_cExport.cmake
[4.211s] -- Up-to-date: /home/yyj/my_ws/install/ros2_aruco_interfaces/share/ros2_aruco_interfaces/cmake/export_ros2_aruco_interfaces__rosidl_typesupport_fastrtps_cExport-noconfig.cmake
[4.212s] -- Up-to-date: /home/yyj/my_ws/install/ros2_aruco_interfaces/share/ros2_aruco_interfaces/cmake/export_ros2_aruco_interfaces__rosidl_generator_cppExport.cmake
[4.212s] -- Up-to-date: /home/yyj/my_ws/install/ros2_aruco_interfaces/share/ros2_aruco_interfaces/cmake/export_ros2_aruco_interfaces__rosidl_typesupport_fastrtps_cppExport.cmake
[4.212s] -- Up-to-date: /home/yyj/my_ws/install/ros2_aruco_interfaces/share/ros2_aruco_interfaces/cmake/export_ros2_aruco_interfaces__rosidl_typesupport_fastrtps_cppExport-noconfig.cmake
[4.212s] -- Up-to-date: /home/yyj/my_ws/install/ros2_aruco_interfaces/share/ros2_aruco_interfaces/cmake/ros2_aruco_interfaces__rosidl_typesupport_introspection_cExport.cmake
[4.212s] -- Up-to-date: /home/yyj/my_ws/install/ros2_aruco_interfaces/share/ros2_aruco_interfaces/cmake/ros2_aruco_interfaces__rosidl_typesupport_introspection_cExport-noconfig.cmake
[4.212s] -- Up-to-date: /home/yyj/my_ws/install/ros2_aruco_interfaces/share/ros2_aruco_interfaces/cmake/ros2_aruco_interfaces__rosidl_typesupport_cExport.cmake
[4.213s] -- Up-to-date: /home/yyj/my_ws/install/ros2_aruco_interfaces/share/ros2_aruco_interfaces/cmake/ros2_aruco_interfaces__rosidl_typesupport_cExport-noconfig.cmake
[4.213s] -- Up-to-date: /home/yyj/my_ws/install/ros2_aruco_interfaces/share/ros2_aruco_interfaces/cmake/ros2_aruco_interfaces__rosidl_typesupport_introspection_cppExport.cmake
[4.213s] -- Up-to-date: /home/yyj/my_ws/install/ros2_aruco_interfaces/share/ros2_aruco_interfaces/cmake/ros2_aruco_interfaces__rosidl_typesupport_introspection_cppExport-noconfig.cmake
[4.213s] -- Up-to-date: /home/yyj/my_ws/install/ros2_aruco_interfaces/share/ros2_aruco_interfaces/cmake/ros2_aruco_interfaces__rosidl_typesupport_cppExport.cmake
[4.213s] -- Up-to-date: /home/yyj/my_ws/install/ros2_aruco_interfaces/share/ros2_aruco_interfaces/cmake/ros2_aruco_interfaces__rosidl_typesupport_cppExport-noconfig.cmake
[4.213s] -- Up-to-date: /home/yyj/my_ws/install/ros2_aruco_interfaces/share/ros2_aruco_interfaces/cmake/export_ros2_aruco_interfaces__rosidl_generator_pyExport.cmake
[4.214s] -- Up-to-date: /home/yyj/my_ws/install/ros2_aruco_interfaces/share/ros2_aruco_interfaces/cmake/export_ros2_aruco_interfaces__rosidl_generator_pyExport-noconfig.cmake
[4.215s] -- Up-to-date: /home/yyj/my_ws/install/ros2_aruco_interfaces/share/ros2_aruco_interfaces/cmake/rosidl_cmake-extras.cmake
[4.215s] -- Up-to-date: /home/yyj/my_ws/install/ros2_aruco_interfaces/share/ros2_aruco_interfaces/cmake/ament_cmake_export_dependencies-extras.cmake
[4.216s] -- Up-to-date: /home/yyj/my_ws/install/ros2_aruco_interfaces/share/ros2_aruco_interfaces/cmake/ament_cmake_export_include_directories-extras.cmake
[4.216s] -- Up-to-date: /home/yyj/my_ws/install/ros2_aruco_interfaces/share/ros2_aruco_interfaces/cmake/ament_cmake_export_libraries-extras.cmake
[4.216s] -- Up-to-date: /home/yyj/my_ws/install/ros2_aruco_interfaces/share/ros2_aruco_interfaces/cmake/ament_cmake_export_targets-extras.cmake
[4.216s] -- Up-to-date: /home/yyj/my_ws/install/ros2_aruco_interfaces/share/ros2_aruco_interfaces/cmake/rosidl_cmake_export_typesupport_targets-extras.cmake
[4.218s] -- Up-to-date: /home/yyj/my_ws/install/ros2_aruco_interfaces/share/ros2_aruco_interfaces/cmake/rosidl_cmake_export_typesupport_libraries-extras.cmake
[4.220s] -- Up-to-date: /home/yyj/my_ws/install/ros2_aruco_interfaces/share/ros2_aruco_interfaces/cmake/ros2_aruco_interfacesConfig.cmake
[4.221s] -- Up-to-date: /home/yyj/my_ws/install/ros2_aruco_interfaces/share/ros2_aruco_interfaces/cmake/ros2_aruco_interfacesConfig-version.cmake
[4.223s] -- Up-to-date: /home/yyj/my_ws/install/ros2_aruco_interfaces/share/ros2_aruco_interfaces/package.xml
[4.240s] Invoked command in '/home/yyj/my_ws/build/ros2_aruco_interfaces' returned '0': CMAKE_PREFIX_PATH=${CMAKE_PREFIX_PATH}:/home/yyj/my_ws/install/ros2_aruco:/home/yyj/my_ws/install/open_action_server:/home/yyj/my_ws/install/my_tf2_package:/home/yyj/my_ws/install/my_docking:/home/yyj/my_ws/install/my_aruco_to_goal_pose_pkg:/opt/ros/humble /usr/bin/cmake --install /home/yyj/my_ws/build/ros2_aruco_interfaces
