[0.095s] Invoking command in '/home/yyj/my_ws/build/odrive_demo_description': CMAKE_PREFIX_PATH=/opt/ros/humble /usr/bin/cmake /home/yyj/my_ws/src/odrive_ros2_control/odrive_demo_description -DCMAKE_INSTALL_PREFIX=/home/yyj/my_ws/install/odrive_demo_description
[3.039s] -- The C compiler identification is GNU 11.4.0
[3.039s] -- The CXX compiler identification is GNU 11.4.0
[3.042s] -- Detecting C compiler ABI info
[3.044s] -- Detecting C compiler ABI info - done
[3.045s] -- Check for working C compiler: /usr/bin/cc - skipped
[3.046s] -- Detecting C compile features
[3.047s] -- Detecting C compile features - done
[3.047s] -- Detecting CXX compiler ABI info
[3.048s] -- Detecting CXX compiler ABI info - done
[3.050s] -- Check for working CXX compiler: /usr/bin/c++ - skipped
[3.050s] -- Detecting CXX compile features
[3.053s] -- Detecting CXX compile features - done
[3.055s] -- Found ament_cmake_auto: 1.3.8 (/opt/ros/humble/share/ament_cmake_auto/cmake)
[3.056s] -- Found Python3: /usr/bin/python3 (found version "3.10.12") found components: Interpreter 
[3.056s] -- Configuring done
[3.056s] -- Generating done
[3.056s] -- Build files have been written to: /home/yyj/my_ws/build/odrive_demo_description
[3.088s] Invoked command in '/home/yyj/my_ws/build/odrive_demo_description' returned '0': CMAKE_PREFIX_PATH=/opt/ros/humble /usr/bin/cmake /home/yyj/my_ws/src/odrive_ros2_control/odrive_demo_description -DCMAKE_INSTALL_PREFIX=/home/yyj/my_ws/install/odrive_demo_description
[3.090s] Invoking command in '/home/yyj/my_ws/build/odrive_demo_description': CMAKE_PREFIX_PATH=/opt/ros/humble /usr/bin/cmake --build /home/yyj/my_ws/build/odrive_demo_description -- -j16 -l16
[3.155s] Invoked command in '/home/yyj/my_ws/build/odrive_demo_description' returned '0': CMAKE_PREFIX_PATH=/opt/ros/humble /usr/bin/cmake --build /home/yyj/my_ws/build/odrive_demo_description -- -j16 -l16
[3.262s] Invoking command in '/home/yyj/my_ws/build/odrive_demo_description': CMAKE_PREFIX_PATH=/opt/ros/humble /usr/bin/cmake --install /home/yyj/my_ws/build/odrive_demo_description
[3.288s] -- Install configuration: ""
[3.288s] -- Installing: /home/yyj/my_ws/install/odrive_demo_description/share/odrive_demo_description/urdf
[3.289s] -- Installing: /home/yyj/my_ws/install/odrive_demo_description/share/odrive_demo_description/urdf/odrive.ros2_control.xacro
[3.290s] -- Installing: /home/yyj/my_ws/install/odrive_demo_description/share/odrive_demo_description/urdf/odrive_diffbot.urdf.xacro
[3.290s] -- Installing: /home/yyj/my_ws/install/odrive_demo_description/share/odrive_demo_description/urdf/odrive.urdf.xacro
[3.291s] -- Installing: /home/yyj/my_ws/install/odrive_demo_description/share/ament_index/resource_index/package_run_dependencies/odrive_demo_description
[3.292s] -- Installing: /home/yyj/my_ws/install/odrive_demo_description/share/ament_index/resource_index/parent_prefix_path/odrive_demo_description
[3.292s] -- Installing: /home/yyj/my_ws/install/odrive_demo_description/share/odrive_demo_description/environment/ament_prefix_path.sh
[3.293s] -- Installing: /home/yyj/my_ws/install/odrive_demo_description/share/odrive_demo_description/environment/ament_prefix_path.dsv
[3.293s] -- Installing: /home/yyj/my_ws/install/odrive_demo_description/share/odrive_demo_description/environment/path.sh
[3.293s] -- Installing: /home/yyj/my_ws/install/odrive_demo_description/share/odrive_demo_description/environment/path.dsv
[3.294s] -- Installing: /home/yyj/my_ws/install/odrive_demo_description/share/odrive_demo_description/local_setup.bash
[3.294s] -- Installing: /home/yyj/my_ws/install/odrive_demo_description/share/odrive_demo_description/local_setup.sh
[3.295s] -- Installing: /home/yyj/my_ws/install/odrive_demo_description/share/odrive_demo_description/local_setup.zsh
[3.295s] -- Installing: /home/yyj/my_ws/install/odrive_demo_description/share/odrive_demo_description/local_setup.dsv
[3.295s] -- Installing: /home/yyj/my_ws/install/odrive_demo_description/share/odrive_demo_description/package.dsv
[3.296s] -- Installing: /home/yyj/my_ws/install/odrive_demo_description/share/ament_index/resource_index/packages/odrive_demo_description
[3.298s] -- Installing: /home/yyj/my_ws/install/odrive_demo_description/share/odrive_demo_description/cmake/odrive_demo_descriptionConfig.cmake
[3.298s] -- Installing: /home/yyj/my_ws/install/odrive_demo_description/share/odrive_demo_description/cmake/odrive_demo_descriptionConfig-version.cmake
[3.298s] -- Installing: /home/yyj/my_ws/install/odrive_demo_description/share/odrive_demo_description/package.xml
[3.310s] Invoked command in '/home/yyj/my_ws/build/odrive_demo_description' returned '0': CMAKE_PREFIX_PATH=/opt/ros/humble /usr/bin/cmake --install /home/yyj/my_ws/build/odrive_demo_description
