[5.042s] Invoking command in '/home/yyj/my_ws/src/my_aruco_to_goal_pose_pkg': PYTHONPATH=/home/yyj/my_ws/build/my_aruco_to_goal_pose_pkg/prefix_override:/home/yyj/my_ws/install/my_aruco_to_goal_pose_pkg/lib/python3.10/site-packages:${PYTHONPATH} /usr/bin/python3 -W ignore:setup.py install is deprecated setup.py egg_info --egg-base ../../build/my_aruco_to_goal_pose_pkg build --build-base /home/yyj/my_ws/build/my_aruco_to_goal_pose_pkg/build install --record /home/yyj/my_ws/build/my_aruco_to_goal_pose_pkg/install.log --single-version-externally-managed install_data
[6.057s] running egg_info
[6.059s] creating ../../build/my_aruco_to_goal_pose_pkg/my_aruco_to_goal_pose_pkg.egg-info
[6.060s] writing ../../build/my_aruco_to_goal_pose_pkg/my_aruco_to_goal_pose_pkg.egg-info/PKG-INFO
[6.061s] writing dependency_links to ../../build/my_aruco_to_goal_pose_pkg/my_aruco_to_goal_pose_pkg.egg-info/dependency_links.txt
[6.061s] writing entry points to ../../build/my_aruco_to_goal_pose_pkg/my_aruco_to_goal_pose_pkg.egg-info/entry_points.txt
[6.062s] writing requirements to ../../build/my_aruco_to_goal_pose_pkg/my_aruco_to_goal_pose_pkg.egg-info/requires.txt
[6.062s] writing top-level names to ../../build/my_aruco_to_goal_pose_pkg/my_aruco_to_goal_pose_pkg.egg-info/top_level.txt
[6.063s] writing manifest file '../../build/my_aruco_to_goal_pose_pkg/my_aruco_to_goal_pose_pkg.egg-info/SOURCES.txt'
[6.069s] reading manifest file '../../build/my_aruco_to_goal_pose_pkg/my_aruco_to_goal_pose_pkg.egg-info/SOURCES.txt'
[6.072s] writing manifest file '../../build/my_aruco_to_goal_pose_pkg/my_aruco_to_goal_pose_pkg.egg-info/SOURCES.txt'
[6.073s] running build
[6.074s] running build_py
[6.074s] creating /home/yyj/my_ws/build/my_aruco_to_goal_pose_pkg/build
[6.074s] creating /home/yyj/my_ws/build/my_aruco_to_goal_pose_pkg/build/lib
[6.075s] creating /home/yyj/my_ws/build/my_aruco_to_goal_pose_pkg/build/lib/my_aruco_to_goal_pose_pkg
[6.075s] copying my_aruco_to_goal_pose_pkg/__init__.py -> /home/yyj/my_ws/build/my_aruco_to_goal_pose_pkg/build/lib/my_aruco_to_goal_pose_pkg
[6.075s] copying my_aruco_to_goal_pose_pkg/aruco_sub_goal_pose_pub.py -> /home/yyj/my_ws/build/my_aruco_to_goal_pose_pkg/build/lib/my_aruco_to_goal_pose_pkg
[6.076s] running install
[6.077s] running install_lib
[6.079s] creating /home/yyj/my_ws/install/my_aruco_to_goal_pose_pkg/lib/python3.10/site-packages/my_aruco_to_goal_pose_pkg
[6.080s] copying /home/yyj/my_ws/build/my_aruco_to_goal_pose_pkg/build/lib/my_aruco_to_goal_pose_pkg/__init__.py -> /home/yyj/my_ws/install/my_aruco_to_goal_pose_pkg/lib/python3.10/site-packages/my_aruco_to_goal_pose_pkg
[6.080s] copying /home/yyj/my_ws/build/my_aruco_to_goal_pose_pkg/build/lib/my_aruco_to_goal_pose_pkg/aruco_sub_goal_pose_pub.py -> /home/yyj/my_ws/install/my_aruco_to_goal_pose_pkg/lib/python3.10/site-packages/my_aruco_to_goal_pose_pkg
[6.082s] byte-compiling /home/yyj/my_ws/install/my_aruco_to_goal_pose_pkg/lib/python3.10/site-packages/my_aruco_to_goal_pose_pkg/__init__.py to __init__.cpython-310.pyc
[6.082s] byte-compiling /home/yyj/my_ws/install/my_aruco_to_goal_pose_pkg/lib/python3.10/site-packages/my_aruco_to_goal_pose_pkg/aruco_sub_goal_pose_pub.py to aruco_sub_goal_pose_pub.cpython-310.pyc
[6.085s] running install_data
[6.086s] creating /home/yyj/my_ws/install/my_aruco_to_goal_pose_pkg/share/ament_index
[6.086s] creating /home/yyj/my_ws/install/my_aruco_to_goal_pose_pkg/share/ament_index/resource_index
[6.086s] creating /home/yyj/my_ws/install/my_aruco_to_goal_pose_pkg/share/ament_index/resource_index/packages
[6.086s] copying resource/my_aruco_to_goal_pose_pkg -> /home/yyj/my_ws/install/my_aruco_to_goal_pose_pkg/share/ament_index/resource_index/packages
[6.087s] copying package.xml -> /home/yyj/my_ws/install/my_aruco_to_goal_pose_pkg/share/my_aruco_to_goal_pose_pkg
[6.087s] running install_egg_info
[6.093s] Copying ../../build/my_aruco_to_goal_pose_pkg/my_aruco_to_goal_pose_pkg.egg-info to /home/yyj/my_ws/install/my_aruco_to_goal_pose_pkg/lib/python3.10/site-packages/my_aruco_to_goal_pose_pkg-0.0.0-py3.10.egg-info
[6.096s] running install_scripts
[6.174s] Installing aruco_sub_goal_pose_pub script to /home/yyj/my_ws/install/my_aruco_to_goal_pose_pkg/lib/my_aruco_to_goal_pose_pkg
[6.176s] writing list of installed files to '/home/yyj/my_ws/build/my_aruco_to_goal_pose_pkg/install.log'
[6.301s] Invoked command in '/home/yyj/my_ws/src/my_aruco_to_goal_pose_pkg' returned '0': PYTHONPATH=/home/yyj/my_ws/build/my_aruco_to_goal_pose_pkg/prefix_override:/home/yyj/my_ws/install/my_aruco_to_goal_pose_pkg/lib/python3.10/site-packages:${PYTHONPATH} /usr/bin/python3 -W ignore:setup.py install is deprecated setup.py egg_info --egg-base ../../build/my_aruco_to_goal_pose_pkg build --build-base /home/yyj/my_ws/build/my_aruco_to_goal_pose_pkg/build install --record /home/yyj/my_ws/build/my_aruco_to_goal_pose_pkg/install.log --single-version-externally-managed install_data
