[0.124s] Invoking command in '/home/yyj/my_ws/build/action_tutorials_cpp': AMENT_PREFIX_PATH=/home/yyj/my_ws/install/my_action_interface:${AMENT_PREFIX_PATH} CMAKE_PREFIX_PATH=/home/yyj/my_ws/install/my_action_interface:/opt/ros/humble LD_LIBRARY_PATH=/home/yyj/my_ws/install/my_action_interface/lib:${LD_LIBRARY_PATH} PYTHONPATH=/home/yyj/my_ws/install/my_action_interface/local/lib/python3.10/dist-packages:${PYTHONPATH} /usr/bin/cmake --build /home/yyj/my_ws/build/action_tutorials_cpp -- -j16 -l16
[0.305s] [35m[1mConsolidate compiler generated dependencies of target action_client[0m
[0.309s] [35m[1mConsolidate compiler generated dependencies of target open_action_client[0m
[0.365s] [ 50%] Built target action_client
[0.374s] [100%] Built target open_action_client
[0.437s] Invoked command in '/home/yyj/my_ws/build/action_tutorials_cpp' returned '0': AMENT_PREFIX_PATH=/home/yyj/my_ws/install/my_action_interface:${AMENT_PREFIX_PATH} CMAKE_PREFIX_PATH=/home/yyj/my_ws/install/my_action_interface:/opt/ros/humble LD_LIBRARY_PATH=/home/yyj/my_ws/install/my_action_interface/lib:${LD_LIBRARY_PATH} PYTHONPATH=/home/yyj/my_ws/install/my_action_interface/local/lib/python3.10/dist-packages:${PYTHONPATH} /usr/bin/cmake --build /home/yyj/my_ws/build/action_tutorials_cpp -- -j16 -l16
[0.557s] Invoking command in '/home/yyj/my_ws/build/action_tutorials_cpp': AMENT_PREFIX_PATH=/home/yyj/my_ws/install/my_action_interface:${AMENT_PREFIX_PATH} CMAKE_PREFIX_PATH=/home/yyj/my_ws/install/my_action_interface:/opt/ros/humble LD_LIBRARY_PATH=/home/yyj/my_ws/install/my_action_interface/lib:${LD_LIBRARY_PATH} PYTHONPATH=/home/yyj/my_ws/install/my_action_interface/local/lib/python3.10/dist-packages:${PYTHONPATH} /usr/bin/cmake --install /home/yyj/my_ws/build/action_tutorials_cpp
[0.591s] -- Install configuration: ""
[0.591s] -- Up-to-date: /home/yyj/my_ws/install/action_tutorials_cpp/lib/action_tutorials_cpp/open_action_client
[0.592s] -- Up-to-date: /home/yyj/my_ws/install/action_tutorials_cpp/lib/libaction_client.so
[0.592s] -- Up-to-date: /home/yyj/my_ws/install/action_tutorials_cpp/share/ament_index/resource_index/package_run_dependencies/action_tutorials_cpp
[0.592s] -- Up-to-date: /home/yyj/my_ws/install/action_tutorials_cpp/share/ament_index/resource_index/parent_prefix_path/action_tutorials_cpp
[0.593s] -- Up-to-date: /home/yyj/my_ws/install/action_tutorials_cpp/share/action_tutorials_cpp/environment/ament_prefix_path.sh
[0.593s] -- Up-to-date: /home/yyj/my_ws/install/action_tutorials_cpp/share/action_tutorials_cpp/environment/ament_prefix_path.dsv
[0.593s] -- Up-to-date: /home/yyj/my_ws/install/action_tutorials_cpp/share/action_tutorials_cpp/environment/path.sh
[0.593s] -- Up-to-date: /home/yyj/my_ws/install/action_tutorials_cpp/share/action_tutorials_cpp/environment/path.dsv
[0.594s] -- Up-to-date: /home/yyj/my_ws/install/action_tutorials_cpp/share/action_tutorials_cpp/local_setup.bash
[0.594s] -- Up-to-date: /home/yyj/my_ws/install/action_tutorials_cpp/share/action_tutorials_cpp/local_setup.sh
[0.594s] -- Up-to-date: /home/yyj/my_ws/install/action_tutorials_cpp/share/action_tutorials_cpp/local_setup.zsh
[0.594s] -- Up-to-date: /home/yyj/my_ws/install/action_tutorials_cpp/share/action_tutorials_cpp/local_setup.dsv
[0.595s] -- Installing: /home/yyj/my_ws/install/action_tutorials_cpp/share/action_tutorials_cpp/package.dsv
[0.596s] -- Up-to-date: /home/yyj/my_ws/install/action_tutorials_cpp/share/ament_index/resource_index/packages/action_tutorials_cpp
[0.596s] -- Up-to-date: /home/yyj/my_ws/install/action_tutorials_cpp/share/ament_index/resource_index/rclcpp_components/action_tutorials_cpp
[0.597s] -- Up-to-date: /home/yyj/my_ws/install/action_tutorials_cpp/share/action_tutorials_cpp/cmake/action_tutorials_cppConfig.cmake
[0.597s] -- Up-to-date: /home/yyj/my_ws/install/action_tutorials_cpp/share/action_tutorials_cpp/cmake/action_tutorials_cppConfig-version.cmake
[0.597s] -- Up-to-date: /home/yyj/my_ws/install/action_tutorials_cpp/share/action_tutorials_cpp/package.xml
[0.601s] Invoked command in '/home/yyj/my_ws/build/action_tutorials_cpp' returned '0': AMENT_PREFIX_PATH=/home/yyj/my_ws/install/my_action_interface:${AMENT_PREFIX_PATH} CMAKE_PREFIX_PATH=/home/yyj/my_ws/install/my_action_interface:/opt/ros/humble LD_LIBRARY_PATH=/home/yyj/my_ws/install/my_action_interface/lib:${LD_LIBRARY_PATH} PYTHONPATH=/home/yyj/my_ws/install/my_action_interface/local/lib/python3.10/dist-packages:${PYTHONPATH} /usr/bin/cmake --install /home/yyj/my_ws/build/action_tutorials_cpp
