[0.195s] Invoking command in '/home/yyj/my_ws/build/realsense2_camera': CMAKE_PREFIX_PATH=/home/yyj/my_ws/install/realsense2_camera_msgs:/home/yyj/my_ws/install/ydlidar_ros2_driver:/home/yyj/my_ws/install/usb_cam:/home/yyj/my_ws/install/teleop_twist_joy:/home/yyj/my_ws/install/slam_toolbox:/home/yyj/my_ws/install/ros2_aruco_interfaces:/home/yyj/my_ws/install/realsense2_description:/home/yyj/my_ws/install/realsense2_camera:/home/yyj/my_ws/install/odrive_ros2_control:/home/yyj/my_ws/install/odrive_hardware_interface:/home/yyj/my_ws/install/odrive_demo_bringup:/home/yyj/my_ws/install/odrive_demo_description:/home/yyj/my_ws/install/my_bot_description:/home/yyj/my_ws/install/cart_park_autonomy:/home/yyj/my_ws/install/action_tutorials_cpp:/home/yyj/my_ws/install/my_action_interface:/home/yyj/my_ws/install/ros2_aruco:/home/yyj/my_ws/install/open_action_server:/home/yyj/my_ws/install/my_tf2_package:/home/yyj/my_ws/install/my_docking:/home/yyj/my_ws/install/my_aruco_to_goal_pose_pkg:/opt/ros/humble LD_LIBRARY_PATH=/home/yyj/my_ws/install/realsense2_camera_msgs/lib:/usr/local/lib/:/home/yyj/my_ws/install/usb_cam/lib:/home/yyj/my_ws/install/teleop_twist_joy/lib:/home/yyj/my_ws/install/slam_toolbox/lib:/home/yyj/my_ws/install/ros2_aruco_interfaces/lib:/home/yyj/my_ws/install/realsense2_camera/lib:/home/yyj/my_ws/install/odrive_hardware_interface/lib:/home/yyj/my_ws/install/action_tutorials_cpp/lib:/home/yyj/my_ws/install/my_action_interface/lib:/usr/lib/x86_64-linux-gnu/gazebo-11/plugins:/opt/ros/humble/opt/rviz_ogre_vendor/lib:/opt/ros/humble/lib/x86_64-linux-gnu:/opt/ros/humble/lib /usr/bin/cmake --build /home/yyj/my_ws/build/realsense2_camera -- -j16 -l16
[0.471s] [ 18%] Built target gtest
[0.473s] [ 18%] Built target gtest_main
[0.482s] [ 27%] Built target realsense2_camera_node
[0.502s] [ 90%] Built target realsense2_camera
[0.506s] [100%] Built target gtest_template
[0.530s] Invoked command in '/home/yyj/my_ws/build/realsense2_camera' returned '0': CMAKE_PREFIX_PATH=/home/yyj/my_ws/install/realsense2_camera_msgs:/home/yyj/my_ws/install/ydlidar_ros2_driver:/home/yyj/my_ws/install/usb_cam:/home/yyj/my_ws/install/teleop_twist_joy:/home/yyj/my_ws/install/slam_toolbox:/home/yyj/my_ws/install/ros2_aruco_interfaces:/home/yyj/my_ws/install/realsense2_description:/home/yyj/my_ws/install/realsense2_camera:/home/yyj/my_ws/install/odrive_ros2_control:/home/yyj/my_ws/install/odrive_hardware_interface:/home/yyj/my_ws/install/odrive_demo_bringup:/home/yyj/my_ws/install/odrive_demo_description:/home/yyj/my_ws/install/my_bot_description:/home/yyj/my_ws/install/cart_park_autonomy:/home/yyj/my_ws/install/action_tutorials_cpp:/home/yyj/my_ws/install/my_action_interface:/home/yyj/my_ws/install/ros2_aruco:/home/yyj/my_ws/install/open_action_server:/home/yyj/my_ws/install/my_tf2_package:/home/yyj/my_ws/install/my_docking:/home/yyj/my_ws/install/my_aruco_to_goal_pose_pkg:/opt/ros/humble LD_LIBRARY_PATH=/home/yyj/my_ws/install/realsense2_camera_msgs/lib:/usr/local/lib/:/home/yyj/my_ws/install/usb_cam/lib:/home/yyj/my_ws/install/teleop_twist_joy/lib:/home/yyj/my_ws/install/slam_toolbox/lib:/home/yyj/my_ws/install/ros2_aruco_interfaces/lib:/home/yyj/my_ws/install/realsense2_camera/lib:/home/yyj/my_ws/install/odrive_hardware_interface/lib:/home/yyj/my_ws/install/action_tutorials_cpp/lib:/home/yyj/my_ws/install/my_action_interface/lib:/usr/lib/x86_64-linux-gnu/gazebo-11/plugins:/opt/ros/humble/opt/rviz_ogre_vendor/lib:/opt/ros/humble/lib/x86_64-linux-gnu:/opt/ros/humble/lib /usr/bin/cmake --build /home/yyj/my_ws/build/realsense2_camera -- -j16 -l16
[0.729s] Invoking command in '/home/yyj/my_ws/build/realsense2_camera': CMAKE_PREFIX_PATH=/home/yyj/my_ws/install/realsense2_camera_msgs:/home/yyj/my_ws/install/ydlidar_ros2_driver:/home/yyj/my_ws/install/usb_cam:/home/yyj/my_ws/install/teleop_twist_joy:/home/yyj/my_ws/install/slam_toolbox:/home/yyj/my_ws/install/ros2_aruco_interfaces:/home/yyj/my_ws/install/realsense2_description:/home/yyj/my_ws/install/realsense2_camera:/home/yyj/my_ws/install/odrive_ros2_control:/home/yyj/my_ws/install/odrive_hardware_interface:/home/yyj/my_ws/install/odrive_demo_bringup:/home/yyj/my_ws/install/odrive_demo_description:/home/yyj/my_ws/install/my_bot_description:/home/yyj/my_ws/install/cart_park_autonomy:/home/yyj/my_ws/install/action_tutorials_cpp:/home/yyj/my_ws/install/my_action_interface:/home/yyj/my_ws/install/ros2_aruco:/home/yyj/my_ws/install/open_action_server:/home/yyj/my_ws/install/my_tf2_package:/home/yyj/my_ws/install/my_docking:/home/yyj/my_ws/install/my_aruco_to_goal_pose_pkg:/opt/ros/humble LD_LIBRARY_PATH=/home/yyj/my_ws/install/realsense2_camera_msgs/lib:/usr/local/lib/:/home/yyj/my_ws/install/usb_cam/lib:/home/yyj/my_ws/install/teleop_twist_joy/lib:/home/yyj/my_ws/install/slam_toolbox/lib:/home/yyj/my_ws/install/ros2_aruco_interfaces/lib:/home/yyj/my_ws/install/realsense2_camera/lib:/home/yyj/my_ws/install/odrive_hardware_interface/lib:/home/yyj/my_ws/install/action_tutorials_cpp/lib:/home/yyj/my_ws/install/my_action_interface/lib:/usr/lib/x86_64-linux-gnu/gazebo-11/plugins:/opt/ros/humble/opt/rviz_ogre_vendor/lib:/opt/ros/humble/lib/x86_64-linux-gnu:/opt/ros/humble/lib /usr/bin/cmake --install /home/yyj/my_ws/build/realsense2_camera
[0.755s] -- Install configuration: "Release"
[0.756s] -- Up-to-date: /home/yyj/my_ws/install/realsense2_camera/lib/realsense2_camera/realsense2_camera_node
[0.758s] -- Up-to-date: /home/yyj/my_ws/install/realsense2_camera/lib/librealsense2_camera.so
[0.758s] -- Up-to-date: /home/yyj/my_ws/install/realsense2_camera/include
[0.758s] -- Up-to-date: /home/yyj/my_ws/install/realsense2_camera/include/ros_utils.h
[0.759s] -- Up-to-date: /home/yyj/my_ws/install/realsense2_camera/include/ros_sensor.h
[0.759s] -- Up-to-date: /home/yyj/my_ws/install/realsense2_camera/include/constants.h
[0.760s] -- Up-to-date: /home/yyj/my_ws/install/realsense2_camera/include/gl_window.h
[0.761s] -- Up-to-date: /home/yyj/my_ws/install/realsense2_camera/include/base_realsense_node.h
[0.762s] -- Up-to-date: /home/yyj/my_ws/install/realsense2_camera/include/named_filter.h
[0.762s] -- Up-to-date: /home/yyj/my_ws/install/realsense2_camera/include/realsense_node_factory.h
[0.763s] -- Up-to-date: /home/yyj/my_ws/install/realsense2_camera/include/image_publisher.h
[0.763s] -- Up-to-date: /home/yyj/my_ws/install/realsense2_camera/include/sensor_params.h
[0.764s] -- Up-to-date: /home/yyj/my_ws/install/realsense2_camera/include/profile_manager.h
[0.765s] -- Up-to-date: /home/yyj/my_ws/install/realsense2_camera/include/dynamic_params.h
[0.766s] -- Up-to-date: /home/yyj/my_ws/install/realsense2_camera/include/ros_param_backend.h
[0.766s] -- Up-to-date: /home/yyj/my_ws/install/realsense2_camera/share/realsense2_camera/launch
[0.767s] -- Up-to-date: /home/yyj/my_ws/install/realsense2_camera/share/realsense2_camera/launch/rs_multi_camera_launch.py
[0.767s] -- Up-to-date: /home/yyj/my_ws/install/realsense2_camera/share/realsense2_camera/launch/rs_intra_process_demo_launch.py
[0.767s] -- Up-to-date: /home/yyj/my_ws/install/realsense2_camera/share/realsense2_camera/launch/rs_launch.py
[0.767s] -- Up-to-date: /home/yyj/my_ws/install/realsense2_camera/share/realsense2_camera/launch/default.rviz
[0.767s] -- Up-to-date: /home/yyj/my_ws/install/realsense2_camera/share/realsense2_camera/examples
[0.767s] -- Up-to-date: /home/yyj/my_ws/install/realsense2_camera/share/realsense2_camera/examples/align_depth
[0.768s] -- Up-to-date: /home/yyj/my_ws/install/realsense2_camera/share/realsense2_camera/examples/align_depth/README.md
[0.768s] -- Up-to-date: /home/yyj/my_ws/install/realsense2_camera/share/realsense2_camera/examples/align_depth/rs_align_depth_launch.py
[0.768s] -- Up-to-date: /home/yyj/my_ws/install/realsense2_camera/share/realsense2_camera/examples/launch_params_from_file
[0.768s] -- Up-to-date: /home/yyj/my_ws/install/realsense2_camera/share/realsense2_camera/examples/launch_params_from_file/README.md
[0.769s] -- Up-to-date: /home/yyj/my_ws/install/realsense2_camera/share/realsense2_camera/examples/launch_params_from_file/rs_launch_get_params_from_yaml.py
[0.769s] -- Up-to-date: /home/yyj/my_ws/install/realsense2_camera/share/realsense2_camera/examples/launch_params_from_file/config
[0.770s] -- Up-to-date: /home/yyj/my_ws/install/realsense2_camera/share/realsense2_camera/examples/launch_params_from_file/config/config.yaml
[0.771s] -- Up-to-date: /home/yyj/my_ws/install/realsense2_camera/share/realsense2_camera/examples/pointcloud
[0.771s] -- Up-to-date: /home/yyj/my_ws/install/realsense2_camera/share/realsense2_camera/examples/pointcloud/rs_pointcloud_launch.py
[0.772s] -- Up-to-date: /home/yyj/my_ws/install/realsense2_camera/share/realsense2_camera/examples/pointcloud/rs_d405_pointcloud_launch.py
[0.774s] -- Up-to-date: /home/yyj/my_ws/install/realsense2_camera/share/realsense2_camera/examples/pointcloud/README.md
[0.774s] -- Up-to-date: /home/yyj/my_ws/install/realsense2_camera/share/realsense2_camera/examples/pointcloud/rviz
[0.778s] -- Up-to-date: /home/yyj/my_ws/install/realsense2_camera/share/realsense2_camera/examples/pointcloud/rviz/urdf_pointcloud.rviz
[0.778s] -- Up-to-date: /home/yyj/my_ws/install/realsense2_camera/share/realsense2_camera/examples/pointcloud/rviz/pointcloud.rviz
[0.779s] -- Up-to-date: /home/yyj/my_ws/install/realsense2_camera/share/realsense2_camera/examples/pointcloud/rs_d455_pointcloud_launch.py
[0.779s] -- Up-to-date: /home/yyj/my_ws/install/realsense2_camera/share/realsense2_camera/examples/launch_from_rosbag
[0.779s] -- Up-to-date: /home/yyj/my_ws/install/realsense2_camera/share/realsense2_camera/examples/launch_from_rosbag/rs_launch_from_rosbag.py
[0.779s] -- Up-to-date: /home/yyj/my_ws/install/realsense2_camera/share/realsense2_camera/examples/launch_from_rosbag/README.md
[0.780s] -- Up-to-date: /home/yyj/my_ws/install/realsense2_camera/share/realsense2_camera/examples/dual_camera
[0.780s] -- Up-to-date: /home/yyj/my_ws/install/realsense2_camera/share/realsense2_camera/examples/dual_camera/README.md
[0.780s] -- Up-to-date: /home/yyj/my_ws/install/realsense2_camera/share/realsense2_camera/examples/dual_camera/rviz
[0.780s] -- Up-to-date: /home/yyj/my_ws/install/realsense2_camera/share/realsense2_camera/examples/dual_camera/rviz/dual_camera_pointcloud.rviz
[0.780s] -- Up-to-date: /home/yyj/my_ws/install/realsense2_camera/share/realsense2_camera/examples/dual_camera/rs_dual_camera_launch.py
[0.781s] -- Up-to-date: /home/yyj/my_ws/install/realsense2_camera/share/realsense2_camera/environment/library_path.sh
[0.781s] -- Up-to-date: /home/yyj/my_ws/install/realsense2_camera/share/realsense2_camera/environment/library_path.dsv
[0.781s] -- Up-to-date: /home/yyj/my_ws/install/realsense2_camera/share/ament_index/resource_index/package_run_dependencies/realsense2_camera
[0.782s] -- Up-to-date: /home/yyj/my_ws/install/realsense2_camera/share/ament_index/resource_index/parent_prefix_path/realsense2_camera
[0.783s] -- Up-to-date: /home/yyj/my_ws/install/realsense2_camera/share/realsense2_camera/environment/ament_prefix_path.sh
[0.783s] -- Up-to-date: /home/yyj/my_ws/install/realsense2_camera/share/realsense2_camera/environment/ament_prefix_path.dsv
[0.784s] -- Up-to-date: /home/yyj/my_ws/install/realsense2_camera/share/realsense2_camera/environment/path.sh
[0.786s] -- Up-to-date: /home/yyj/my_ws/install/realsense2_camera/share/realsense2_camera/environment/path.dsv
[0.787s] -- Up-to-date: /home/yyj/my_ws/install/realsense2_camera/share/realsense2_camera/local_setup.bash
[0.787s] -- Up-to-date: /home/yyj/my_ws/install/realsense2_camera/share/realsense2_camera/local_setup.sh
[0.788s] -- Up-to-date: /home/yyj/my_ws/install/realsense2_camera/share/realsense2_camera/local_setup.zsh
[0.789s] -- Up-to-date: /home/yyj/my_ws/install/realsense2_camera/share/realsense2_camera/local_setup.dsv
[0.790s] -- Installing: /home/yyj/my_ws/install/realsense2_camera/share/realsense2_camera/package.dsv
[0.791s] -- Up-to-date: /home/yyj/my_ws/install/realsense2_camera/share/ament_index/resource_index/packages/realsense2_camera
[0.792s] -- Up-to-date: /home/yyj/my_ws/install/realsense2_camera/share/ament_index/resource_index/rclcpp_components/realsense2_camera
[0.792s] -- Up-to-date: /home/yyj/my_ws/install/realsense2_camera/share/realsense2_camera/cmake/ament_cmake_export_include_directories-extras.cmake
[0.793s] -- Up-to-date: /home/yyj/my_ws/install/realsense2_camera/share/realsense2_camera/cmake/ament_cmake_export_libraries-extras.cmake
[0.793s] -- Up-to-date: /home/yyj/my_ws/install/realsense2_camera/share/realsense2_camera/cmake/ament_cmake_export_dependencies-extras.cmake
[0.794s] -- Up-to-date: /home/yyj/my_ws/install/realsense2_camera/share/realsense2_camera/cmake/realsense2_cameraConfig.cmake
[0.794s] -- Up-to-date: /home/yyj/my_ws/install/realsense2_camera/share/realsense2_camera/cmake/realsense2_cameraConfig-version.cmake
[0.795s] -- Up-to-date: /home/yyj/my_ws/install/realsense2_camera/share/realsense2_camera/package.xml
[0.795s] Invoked command in '/home/yyj/my_ws/build/realsense2_camera' returned '0': CMAKE_PREFIX_PATH=/home/yyj/my_ws/install/realsense2_camera_msgs:/home/yyj/my_ws/install/ydlidar_ros2_driver:/home/yyj/my_ws/install/usb_cam:/home/yyj/my_ws/install/teleop_twist_joy:/home/yyj/my_ws/install/slam_toolbox:/home/yyj/my_ws/install/ros2_aruco_interfaces:/home/yyj/my_ws/install/realsense2_description:/home/yyj/my_ws/install/realsense2_camera:/home/yyj/my_ws/install/odrive_ros2_control:/home/yyj/my_ws/install/odrive_hardware_interface:/home/yyj/my_ws/install/odrive_demo_bringup:/home/yyj/my_ws/install/odrive_demo_description:/home/yyj/my_ws/install/my_bot_description:/home/yyj/my_ws/install/cart_park_autonomy:/home/yyj/my_ws/install/action_tutorials_cpp:/home/yyj/my_ws/install/my_action_interface:/home/yyj/my_ws/install/ros2_aruco:/home/yyj/my_ws/install/open_action_server:/home/yyj/my_ws/install/my_tf2_package:/home/yyj/my_ws/install/my_docking:/home/yyj/my_ws/install/my_aruco_to_goal_pose_pkg:/opt/ros/humble LD_LIBRARY_PATH=/home/yyj/my_ws/install/realsense2_camera_msgs/lib:/usr/local/lib/:/home/yyj/my_ws/install/usb_cam/lib:/home/yyj/my_ws/install/teleop_twist_joy/lib:/home/yyj/my_ws/install/slam_toolbox/lib:/home/yyj/my_ws/install/ros2_aruco_interfaces/lib:/home/yyj/my_ws/install/realsense2_camera/lib:/home/yyj/my_ws/install/odrive_hardware_interface/lib:/home/yyj/my_ws/install/action_tutorials_cpp/lib:/home/yyj/my_ws/install/my_action_interface/lib:/usr/lib/x86_64-linux-gnu/gazebo-11/plugins:/opt/ros/humble/opt/rviz_ogre_vendor/lib:/opt/ros/humble/lib/x86_64-linux-gnu:/opt/ros/humble/lib /usr/bin/cmake --install /home/yyj/my_ws/build/realsense2_camera
