[4.619s] Invoking command in '/home/yyj/my_ws/build/ros2_aruco_interfaces': CMAKE_PREFIX_PATH=${CMAKE_PREFIX_PATH}:/home/yyj/my_ws/install/ros2_aruco:/home/yyj/my_ws/install/open_action_server:/home/yyj/my_ws/install/my_tf2_package:/home/yyj/my_ws/install/my_docking:/home/yyj/my_ws/install/my_aruco_to_goal_pose_pkg:/opt/ros/humble /usr/bin/cmake --build /home/yyj/my_ws/build/ros2_aruco_interfaces -- -j16 -l16
[4.871s] [  3%] Built target ros2_aruco_interfaces__cpp
[5.144s] [  3%] Built target ament_cmake_python_copy_ros2_aruco_interfaces
[5.316s] [ 12%] Built target ros2_aruco_interfaces__rosidl_typesupport_introspection_cpp
[7.034s] running egg_info
[7.034s] writing ros2_aruco_interfaces.egg-info/PKG-INFO
[7.034s] writing dependency_links to ros2_aruco_interfaces.egg-info/dependency_links.txt
[7.034s] writing top-level names to ros2_aruco_interfaces.egg-info/top_level.txt
[7.035s] reading manifest file 'ros2_aruco_interfaces.egg-info/SOURCES.txt'
[7.035s] writing manifest file 'ros2_aruco_interfaces.egg-info/SOURCES.txt'
[7.096s] [ 12%] Built target ament_cmake_python_build_ros2_aruco_interfaces_egg
[7.208s] [ 22%] Built target ros2_aruco_interfaces__rosidl_typesupport_fastrtps_cpp
[7.389s] [ 32%] Built target ros2_aruco_interfaces__rosidl_typesupport_cpp
[7.518s] [ 41%] Built target ros2_aruco_interfaces__rosidl_generator_c
[7.629s] [ 51%] Built target ros2_aruco_interfaces__rosidl_typesupport_fastrtps_c
[7.769s] [ 61%] Built target ros2_aruco_interfaces__rosidl_typesupport_c
[7.898s] [ 70%] Built target ros2_aruco_interfaces__rosidl_typesupport_introspection_c
[8.014s] [ 70%] Built target ros2_aruco_interfaces
[8.147s] [ 74%] Built target ros2_aruco_interfaces__py
[8.259s] [ 80%] Built target ros2_aruco_interfaces__rosidl_generator_py
[8.475s] [ 87%] Built target ros2_aruco_interfaces__rosidl_typesupport_fastrtps_c__pyext
[8.509s] [ 93%] Built target ros2_aruco_interfaces__rosidl_typesupport_c__pyext
[8.602s] [100%] Built target ros2_aruco_interfaces__rosidl_typesupport_introspection_c__pyext
[8.726s] Invoked command in '/home/yyj/my_ws/build/ros2_aruco_interfaces' returned '0': CMAKE_PREFIX_PATH=${CMAKE_PREFIX_PATH}:/home/yyj/my_ws/install/ros2_aruco:/home/yyj/my_ws/install/open_action_server:/home/yyj/my_ws/install/my_tf2_package:/home/yyj/my_ws/install/my_docking:/home/yyj/my_ws/install/my_aruco_to_goal_pose_pkg:/opt/ros/humble /usr/bin/cmake --build /home/yyj/my_ws/build/ros2_aruco_interfaces -- -j16 -l16
[9.150s] Invoking command in '/home/yyj/my_ws/build/ros2_aruco_interfaces': CMAKE_PREFIX_PATH=${CMAKE_PREFIX_PATH}:/home/yyj/my_ws/install/ros2_aruco:/home/yyj/my_ws/install/open_action_server:/home/yyj/my_ws/install/my_tf2_package:/home/yyj/my_ws/install/my_docking:/home/yyj/my_ws/install/my_aruco_to_goal_pose_pkg:/opt/ros/humble /usr/bin/cmake --install /home/yyj/my_ws/build/ros2_aruco_interfaces
[9.188s] -- Install configuration: ""
[9.189s] -- Up-to-date: /home/yyj/my_ws/install/ros2_aruco_interfaces/share/ament_index/resource_index/rosidl_interfaces/ros2_aruco_interfaces
[9.191s] -- Up-to-date: /home/yyj/my_ws/install/ros2_aruco_interfaces/include/ros2_aruco_interfaces/ros2_aruco_interfaces
[9.191s] -- Up-to-date: /home/yyj/my_ws/install/ros2_aruco_interfaces/include/ros2_aruco_interfaces/ros2_aruco_interfaces/msg
[9.194s] -- Up-to-date: /home/yyj/my_ws/install/ros2_aruco_interfaces/include/ros2_aruco_interfaces/ros2_aruco_interfaces/msg/detail
[9.195s] -- Up-to-date: /home/yyj/my_ws/install/ros2_aruco_interfaces/include/ros2_aruco_interfaces/ros2_aruco_interfaces/msg/detail/aruco_markers__functions.c
[9.195s] -- Up-to-date: /home/yyj/my_ws/install/ros2_aruco_interfaces/include/ros2_aruco_interfaces/ros2_aruco_interfaces/msg/detail/aruco_markers__functions.h
[9.196s] -- Up-to-date: /home/yyj/my_ws/install/ros2_aruco_interfaces/include/ros2_aruco_interfaces/ros2_aruco_interfaces/msg/detail/aruco_markers__type_support.h
[9.197s] -- Up-to-date: /home/yyj/my_ws/install/ros2_aruco_interfaces/include/ros2_aruco_interfaces/ros2_aruco_interfaces/msg/detail/aruco_markers__struct.h
[9.198s] -- Up-to-date: /home/yyj/my_ws/install/ros2_aruco_interfaces/include/ros2_aruco_interfaces/ros2_aruco_interfaces/msg/rosidl_generator_c__visibility_control.h
[9.198s] -- Up-to-date: /home/yyj/my_ws/install/ros2_aruco_interfaces/include/ros2_aruco_interfaces/ros2_aruco_interfaces/msg/aruco_markers.h
[9.200s] -- Up-to-date: /home/yyj/my_ws/install/ros2_aruco_interfaces/share/ros2_aruco_interfaces/environment/library_path.sh
[9.200s] -- Up-to-date: /home/yyj/my_ws/install/ros2_aruco_interfaces/share/ros2_aruco_interfaces/environment/library_path.dsv
[9.201s] -- Up-to-date: /home/yyj/my_ws/install/ros2_aruco_interfaces/lib/libros2_aruco_interfaces__rosidl_generator_c.so
[9.201s] -- Up-to-date: /home/yyj/my_ws/install/ros2_aruco_interfaces/include/ros2_aruco_interfaces/ros2_aruco_interfaces
[9.201s] -- Up-to-date: /home/yyj/my_ws/install/ros2_aruco_interfaces/include/ros2_aruco_interfaces/ros2_aruco_interfaces/msg
[9.203s] -- Up-to-date: /home/yyj/my_ws/install/ros2_aruco_interfaces/include/ros2_aruco_interfaces/ros2_aruco_interfaces/msg/detail
[9.204s] -- Up-to-date: /home/yyj/my_ws/install/ros2_aruco_interfaces/include/ros2_aruco_interfaces/ros2_aruco_interfaces/msg/detail/aruco_markers__rosidl_typesupport_fastrtps_c.h
[9.206s] -- Up-to-date: /home/yyj/my_ws/install/ros2_aruco_interfaces/include/ros2_aruco_interfaces/ros2_aruco_interfaces/msg/rosidl_typesupport_fastrtps_c__visibility_control.h
[9.211s] -- Up-to-date: /home/yyj/my_ws/install/ros2_aruco_interfaces/lib/libros2_aruco_interfaces__rosidl_typesupport_fastrtps_c.so
[9.213s] -- Up-to-date: /home/yyj/my_ws/install/ros2_aruco_interfaces/include/ros2_aruco_interfaces/ros2_aruco_interfaces
[9.213s] -- Up-to-date: /home/yyj/my_ws/install/ros2_aruco_interfaces/include/ros2_aruco_interfaces/ros2_aruco_interfaces/msg
[9.214s] -- Up-to-date: /home/yyj/my_ws/install/ros2_aruco_interfaces/include/ros2_aruco_interfaces/ros2_aruco_interfaces/msg/detail
[9.214s] -- Up-to-date: /home/yyj/my_ws/install/ros2_aruco_interfaces/include/ros2_aruco_interfaces/ros2_aruco_interfaces/msg/detail/aruco_markers__struct.hpp
[9.215s] -- Up-to-date: /home/yyj/my_ws/install/ros2_aruco_interfaces/include/ros2_aruco_interfaces/ros2_aruco_interfaces/msg/detail/aruco_markers__builder.hpp
[9.215s] -- Up-to-date: /home/yyj/my_ws/install/ros2_aruco_interfaces/include/ros2_aruco_interfaces/ros2_aruco_interfaces/msg/detail/aruco_markers__traits.hpp
[9.216s] -- Up-to-date: /home/yyj/my_ws/install/ros2_aruco_interfaces/include/ros2_aruco_interfaces/ros2_aruco_interfaces/msg/aruco_markers.hpp
[9.217s] -- Up-to-date: /home/yyj/my_ws/install/ros2_aruco_interfaces/include/ros2_aruco_interfaces/ros2_aruco_interfaces
[9.217s] -- Up-to-date: /home/yyj/my_ws/install/ros2_aruco_interfaces/include/ros2_aruco_interfaces/ros2_aruco_interfaces/msg
[9.218s] -- Up-to-date: /home/yyj/my_ws/install/ros2_aruco_interfaces/include/ros2_aruco_interfaces/ros2_aruco_interfaces/msg/detail
[9.219s] -- Up-to-date: /home/yyj/my_ws/install/ros2_aruco_interfaces/include/ros2_aruco_interfaces/ros2_aruco_interfaces/msg/detail/aruco_markers__rosidl_typesupport_fastrtps_cpp.hpp
[9.220s] -- Up-to-date: /home/yyj/my_ws/install/ros2_aruco_interfaces/include/ros2_aruco_interfaces/ros2_aruco_interfaces/msg/detail/dds_fastrtps
[9.221s] -- Up-to-date: /home/yyj/my_ws/install/ros2_aruco_interfaces/include/ros2_aruco_interfaces/ros2_aruco_interfaces/msg/rosidl_typesupport_fastrtps_cpp__visibility_control.h
[9.222s] -- Up-to-date: /home/yyj/my_ws/install/ros2_aruco_interfaces/lib/libros2_aruco_interfaces__rosidl_typesupport_fastrtps_cpp.so
[9.222s] -- Up-to-date: /home/yyj/my_ws/install/ros2_aruco_interfaces/include/ros2_aruco_interfaces/ros2_aruco_interfaces
[9.222s] -- Up-to-date: /home/yyj/my_ws/install/ros2_aruco_interfaces/include/ros2_aruco_interfaces/ros2_aruco_interfaces/msg
[9.223s] -- Up-to-date: /home/yyj/my_ws/install/ros2_aruco_interfaces/include/ros2_aruco_interfaces/ros2_aruco_interfaces/msg/detail
[9.224s] -- Up-to-date: /home/yyj/my_ws/install/ros2_aruco_interfaces/include/ros2_aruco_interfaces/ros2_aruco_interfaces/msg/detail/aruco_markers__type_support.c
[9.224s] -- Up-to-date: /home/yyj/my_ws/install/ros2_aruco_interfaces/include/ros2_aruco_interfaces/ros2_aruco_interfaces/msg/detail/aruco_markers__rosidl_typesupport_introspection_c.h
[9.225s] -- Up-to-date: /home/yyj/my_ws/install/ros2_aruco_interfaces/include/ros2_aruco_interfaces/ros2_aruco_interfaces/msg/rosidl_typesupport_introspection_c__visibility_control.h
[9.226s] -- Up-to-date: /home/yyj/my_ws/install/ros2_aruco_interfaces/lib/libros2_aruco_interfaces__rosidl_typesupport_introspection_c.so
[9.227s] -- Up-to-date: /home/yyj/my_ws/install/ros2_aruco_interfaces/lib/libros2_aruco_interfaces__rosidl_typesupport_c.so
[9.228s] -- Up-to-date: /home/yyj/my_ws/install/ros2_aruco_interfaces/include/ros2_aruco_interfaces/ros2_aruco_interfaces
[9.229s] -- Up-to-date: /home/yyj/my_ws/install/ros2_aruco_interfaces/include/ros2_aruco_interfaces/ros2_aruco_interfaces/msg
[9.229s] -- Up-to-date: /home/yyj/my_ws/install/ros2_aruco_interfaces/include/ros2_aruco_interfaces/ros2_aruco_interfaces/msg/detail
[9.231s] -- Up-to-date: /home/yyj/my_ws/install/ros2_aruco_interfaces/include/ros2_aruco_interfaces/ros2_aruco_interfaces/msg/detail/aruco_markers__rosidl_typesupport_introspection_cpp.hpp
[9.234s] -- Up-to-date: /home/yyj/my_ws/install/ros2_aruco_interfaces/include/ros2_aruco_interfaces/ros2_aruco_interfaces/msg/detail/aruco_markers__type_support.cpp
[9.236s] -- Up-to-date: /home/yyj/my_ws/install/ros2_aruco_interfaces/lib/libros2_aruco_interfaces__rosidl_typesupport_introspection_cpp.so
[9.237s] -- Up-to-date: /home/yyj/my_ws/install/ros2_aruco_interfaces/lib/libros2_aruco_interfaces__rosidl_typesupport_cpp.so
[9.238s] -- Up-to-date: /home/yyj/my_ws/install/ros2_aruco_interfaces/share/ros2_aruco_interfaces/environment/pythonpath.sh
[9.238s] -- Up-to-date: /home/yyj/my_ws/install/ros2_aruco_interfaces/share/ros2_aruco_interfaces/environment/pythonpath.dsv
[9.238s] -- Up-to-date: /home/yyj/my_ws/install/ros2_aruco_interfaces/local/lib/python3.10/dist-packages/ros2_aruco_interfaces-0.1.0-py3.10.egg-info
[9.239s] -- Installing: /home/yyj/my_ws/install/ros2_aruco_interfaces/local/lib/python3.10/dist-packages/ros2_aruco_interfaces-0.1.0-py3.10.egg-info/SOURCES.txt
[9.239s] -- Installing: /home/yyj/my_ws/install/ros2_aruco_interfaces/local/lib/python3.10/dist-packages/ros2_aruco_interfaces-0.1.0-py3.10.egg-info/top_level.txt
[9.239s] -- Installing: /home/yyj/my_ws/install/ros2_aruco_interfaces/local/lib/python3.10/dist-packages/ros2_aruco_interfaces-0.1.0-py3.10.egg-info/dependency_links.txt
[9.239s] -- Installing: /home/yyj/my_ws/install/ros2_aruco_interfaces/local/lib/python3.10/dist-packages/ros2_aruco_interfaces-0.1.0-py3.10.egg-info/PKG-INFO
[9.239s] -- Up-to-date: /home/yyj/my_ws/install/ros2_aruco_interfaces/local/lib/python3.10/dist-packages/ros2_aruco_interfaces
[9.242s] -- Up-to-date: /home/yyj/my_ws/install/ros2_aruco_interfaces/local/lib/python3.10/dist-packages/ros2_aruco_interfaces/libros2_aruco_interfaces__rosidl_generator_py.so
[9.244s] -- Up-to-date: /home/yyj/my_ws/install/ros2_aruco_interfaces/local/lib/python3.10/dist-packages/ros2_aruco_interfaces/ros2_aruco_interfaces_s__rosidl_typesupport_fastrtps_c.cpython-310-x86_64-linux-gnu.so
[9.247s] -- Up-to-date: /home/yyj/my_ws/install/ros2_aruco_interfaces/local/lib/python3.10/dist-packages/ros2_aruco_interfaces/ros2_aruco_interfaces_s__rosidl_typesupport_c.cpython-310-x86_64-linux-gnu.so
[9.248s] -- Up-to-date: /home/yyj/my_ws/install/ros2_aruco_interfaces/local/lib/python3.10/dist-packages/ros2_aruco_interfaces/__init__.py
[9.249s] -- Up-to-date: /home/yyj/my_ws/install/ros2_aruco_interfaces/local/lib/python3.10/dist-packages/ros2_aruco_interfaces/_ros2_aruco_interfaces_s.ep.rosidl_typesupport_fastrtps_c.c
[9.251s] -- Up-to-date: /home/yyj/my_ws/install/ros2_aruco_interfaces/local/lib/python3.10/dist-packages/ros2_aruco_interfaces/_ros2_aruco_interfaces_s.ep.rosidl_typesupport_introspection_c.c
[9.253s] -- Up-to-date: /home/yyj/my_ws/install/ros2_aruco_interfaces/local/lib/python3.10/dist-packages/ros2_aruco_interfaces/ros2_aruco_interfaces_s__rosidl_typesupport_introspection_c.cpython-310-x86_64-linux-gnu.so
[9.254s] -- Up-to-date: /home/yyj/my_ws/install/ros2_aruco_interfaces/local/lib/python3.10/dist-packages/ros2_aruco_interfaces/msg
[9.254s] -- Up-to-date: /home/yyj/my_ws/install/ros2_aruco_interfaces/local/lib/python3.10/dist-packages/ros2_aruco_interfaces/msg/__init__.py
[9.254s] -- Up-to-date: /home/yyj/my_ws/install/ros2_aruco_interfaces/local/lib/python3.10/dist-packages/ros2_aruco_interfaces/msg/_aruco_markers_s.c
[9.254s] -- Up-to-date: /home/yyj/my_ws/install/ros2_aruco_interfaces/local/lib/python3.10/dist-packages/ros2_aruco_interfaces/msg/_aruco_markers.py
[9.254s] -- Up-to-date: /home/yyj/my_ws/install/ros2_aruco_interfaces/local/lib/python3.10/dist-packages/ros2_aruco_interfaces/_ros2_aruco_interfaces_s.ep.rosidl_typesupport_c.c
[9.355s] Listing '/home/yyj/my_ws/install/ros2_aruco_interfaces/local/lib/python3.10/dist-packages/ros2_aruco_interfaces'...
[9.355s] Listing '/home/yyj/my_ws/install/ros2_aruco_interfaces/local/lib/python3.10/dist-packages/ros2_aruco_interfaces/msg'...
[9.370s] -- Up-to-date: /home/yyj/my_ws/install/ros2_aruco_interfaces/local/lib/python3.10/dist-packages/ros2_aruco_interfaces/ros2_aruco_interfaces_s__rosidl_typesupport_fastrtps_c.cpython-310-x86_64-linux-gnu.so
[9.371s] -- Up-to-date: /home/yyj/my_ws/install/ros2_aruco_interfaces/local/lib/python3.10/dist-packages/ros2_aruco_interfaces/ros2_aruco_interfaces_s__rosidl_typesupport_introspection_c.cpython-310-x86_64-linux-gnu.so
[9.372s] -- Up-to-date: /home/yyj/my_ws/install/ros2_aruco_interfaces/local/lib/python3.10/dist-packages/ros2_aruco_interfaces/ros2_aruco_interfaces_s__rosidl_typesupport_c.cpython-310-x86_64-linux-gnu.so
[9.372s] -- Up-to-date: /home/yyj/my_ws/install/ros2_aruco_interfaces/lib/libros2_aruco_interfaces__rosidl_generator_py.so
[9.374s] -- Up-to-date: /home/yyj/my_ws/install/ros2_aruco_interfaces/share/ros2_aruco_interfaces/msg/ArucoMarkers.idl
[9.374s] -- Up-to-date: /home/yyj/my_ws/install/ros2_aruco_interfaces/share/ros2_aruco_interfaces/msg/ArucoMarkers.msg
[9.375s] -- Up-to-date: /home/yyj/my_ws/install/ros2_aruco_interfaces/share/ament_index/resource_index/package_run_dependencies/ros2_aruco_interfaces
[9.376s] -- Up-to-date: /home/yyj/my_ws/install/ros2_aruco_interfaces/share/ament_index/resource_index/parent_prefix_path/ros2_aruco_interfaces
[9.376s] -- Up-to-date: /home/yyj/my_ws/install/ros2_aruco_interfaces/share/ros2_aruco_interfaces/environment/ament_prefix_path.sh
[9.377s] -- Up-to-date: /home/yyj/my_ws/install/ros2_aruco_interfaces/share/ros2_aruco_interfaces/environment/ament_prefix_path.dsv
[9.378s] -- Up-to-date: /home/yyj/my_ws/install/ros2_aruco_interfaces/share/ros2_aruco_interfaces/environment/path.sh
[9.379s] -- Up-to-date: /home/yyj/my_ws/install/ros2_aruco_interfaces/share/ros2_aruco_interfaces/environment/path.dsv
[9.379s] -- Up-to-date: /home/yyj/my_ws/install/ros2_aruco_interfaces/share/ros2_aruco_interfaces/local_setup.bash
[9.380s] -- Up-to-date: /home/yyj/my_ws/install/ros2_aruco_interfaces/share/ros2_aruco_interfaces/local_setup.sh
[9.380s] -- Up-to-date: /home/yyj/my_ws/install/ros2_aruco_interfaces/share/ros2_aruco_interfaces/local_setup.zsh
[9.381s] -- Up-to-date: /home/yyj/my_ws/install/ros2_aruco_interfaces/share/ros2_aruco_interfaces/local_setup.dsv
[9.381s] -- Installing: /home/yyj/my_ws/install/ros2_aruco_interfaces/share/ros2_aruco_interfaces/package.dsv
[9.381s] -- Up-to-date: /home/yyj/my_ws/install/ros2_aruco_interfaces/share/ament_index/resource_index/packages/ros2_aruco_interfaces
[9.382s] -- Up-to-date: /home/yyj/my_ws/install/ros2_aruco_interfaces/share/ros2_aruco_interfaces/cmake/export_ros2_aruco_interfaces__rosidl_generator_cExport.cmake
[9.382s] -- Up-to-date: /home/yyj/my_ws/install/ros2_aruco_interfaces/share/ros2_aruco_interfaces/cmake/export_ros2_aruco_interfaces__rosidl_generator_cExport-noconfig.cmake
[9.383s] -- Up-to-date: /home/yyj/my_ws/install/ros2_aruco_interfaces/share/ros2_aruco_interfaces/cmake/export_ros2_aruco_interfaces__rosidl_typesupport_fastrtps_cExport.cmake
[9.383s] -- Up-to-date: /home/yyj/my_ws/install/ros2_aruco_interfaces/share/ros2_aruco_interfaces/cmake/export_ros2_aruco_interfaces__rosidl_typesupport_fastrtps_cExport-noconfig.cmake
[9.384s] -- Up-to-date: /home/yyj/my_ws/install/ros2_aruco_interfaces/share/ros2_aruco_interfaces/cmake/export_ros2_aruco_interfaces__rosidl_generator_cppExport.cmake
[9.385s] -- Up-to-date: /home/yyj/my_ws/install/ros2_aruco_interfaces/share/ros2_aruco_interfaces/cmake/export_ros2_aruco_interfaces__rosidl_typesupport_fastrtps_cppExport.cmake
[9.385s] -- Up-to-date: /home/yyj/my_ws/install/ros2_aruco_interfaces/share/ros2_aruco_interfaces/cmake/export_ros2_aruco_interfaces__rosidl_typesupport_fastrtps_cppExport-noconfig.cmake
[9.385s] -- Up-to-date: /home/yyj/my_ws/install/ros2_aruco_interfaces/share/ros2_aruco_interfaces/cmake/ros2_aruco_interfaces__rosidl_typesupport_introspection_cExport.cmake
[9.386s] -- Up-to-date: /home/yyj/my_ws/install/ros2_aruco_interfaces/share/ros2_aruco_interfaces/cmake/ros2_aruco_interfaces__rosidl_typesupport_introspection_cExport-noconfig.cmake
[9.387s] -- Up-to-date: /home/yyj/my_ws/install/ros2_aruco_interfaces/share/ros2_aruco_interfaces/cmake/ros2_aruco_interfaces__rosidl_typesupport_cExport.cmake
[9.389s] -- Up-to-date: /home/yyj/my_ws/install/ros2_aruco_interfaces/share/ros2_aruco_interfaces/cmake/ros2_aruco_interfaces__rosidl_typesupport_cExport-noconfig.cmake
[9.389s] -- Up-to-date: /home/yyj/my_ws/install/ros2_aruco_interfaces/share/ros2_aruco_interfaces/cmake/ros2_aruco_interfaces__rosidl_typesupport_introspection_cppExport.cmake
[9.390s] -- Up-to-date: /home/yyj/my_ws/install/ros2_aruco_interfaces/share/ros2_aruco_interfaces/cmake/ros2_aruco_interfaces__rosidl_typesupport_introspection_cppExport-noconfig.cmake
[9.390s] -- Up-to-date: /home/yyj/my_ws/install/ros2_aruco_interfaces/share/ros2_aruco_interfaces/cmake/ros2_aruco_interfaces__rosidl_typesupport_cppExport.cmake
[9.391s] -- Up-to-date: /home/yyj/my_ws/install/ros2_aruco_interfaces/share/ros2_aruco_interfaces/cmake/ros2_aruco_interfaces__rosidl_typesupport_cppExport-noconfig.cmake
[9.391s] -- Up-to-date: /home/yyj/my_ws/install/ros2_aruco_interfaces/share/ros2_aruco_interfaces/cmake/export_ros2_aruco_interfaces__rosidl_generator_pyExport.cmake
[9.392s] -- Up-to-date: /home/yyj/my_ws/install/ros2_aruco_interfaces/share/ros2_aruco_interfaces/cmake/export_ros2_aruco_interfaces__rosidl_generator_pyExport-noconfig.cmake
[9.393s] -- Up-to-date: /home/yyj/my_ws/install/ros2_aruco_interfaces/share/ros2_aruco_interfaces/cmake/rosidl_cmake-extras.cmake
[9.394s] -- Up-to-date: /home/yyj/my_ws/install/ros2_aruco_interfaces/share/ros2_aruco_interfaces/cmake/ament_cmake_export_dependencies-extras.cmake
[9.395s] -- Up-to-date: /home/yyj/my_ws/install/ros2_aruco_interfaces/share/ros2_aruco_interfaces/cmake/ament_cmake_export_include_directories-extras.cmake
[9.397s] -- Up-to-date: /home/yyj/my_ws/install/ros2_aruco_interfaces/share/ros2_aruco_interfaces/cmake/ament_cmake_export_libraries-extras.cmake
[9.397s] -- Up-to-date: /home/yyj/my_ws/install/ros2_aruco_interfaces/share/ros2_aruco_interfaces/cmake/ament_cmake_export_targets-extras.cmake
[9.397s] -- Up-to-date: /home/yyj/my_ws/install/ros2_aruco_interfaces/share/ros2_aruco_interfaces/cmake/rosidl_cmake_export_typesupport_targets-extras.cmake
[9.398s] -- Up-to-date: /home/yyj/my_ws/install/ros2_aruco_interfaces/share/ros2_aruco_interfaces/cmake/rosidl_cmake_export_typesupport_libraries-extras.cmake
[9.399s] -- Up-to-date: /home/yyj/my_ws/install/ros2_aruco_interfaces/share/ros2_aruco_interfaces/cmake/ros2_aruco_interfacesConfig.cmake
[9.400s] -- Up-to-date: /home/yyj/my_ws/install/ros2_aruco_interfaces/share/ros2_aruco_interfaces/cmake/ros2_aruco_interfacesConfig-version.cmake
[9.400s] -- Up-to-date: /home/yyj/my_ws/install/ros2_aruco_interfaces/share/ros2_aruco_interfaces/package.xml
[9.402s] Invoked command in '/home/yyj/my_ws/build/ros2_aruco_interfaces' returned '0': CMAKE_PREFIX_PATH=${CMAKE_PREFIX_PATH}:/home/yyj/my_ws/install/ros2_aruco:/home/yyj/my_ws/install/open_action_server:/home/yyj/my_ws/install/my_tf2_package:/home/yyj/my_ws/install/my_docking:/home/yyj/my_ws/install/my_aruco_to_goal_pose_pkg:/opt/ros/humble /usr/bin/cmake --install /home/yyj/my_ws/build/ros2_aruco_interfaces
