[0.146s] Invoking command in '/home/yyj/my_ws/build/odrive_demo_description': CMAKE_PREFIX_PATH=${CMAKE_PREFIX_PATH}:/home/yyj/my_ws/install/ros2_aruco:/home/yyj/my_ws/install/open_action_server:/home/yyj/my_ws/install/my_tf2_package:/home/yyj/my_ws/install/my_docking:/home/yyj/my_ws/install/my_aruco_to_goal_pose_pkg:/opt/ros/humble /usr/bin/cmake --build /home/yyj/my_ws/build/odrive_demo_description -- -j16 -l16
[2.536s] Invoked command in '/home/yyj/my_ws/build/odrive_demo_description' returned '0': CMAKE_PREFIX_PATH=${CMAKE_PREFIX_PATH}:/home/yyj/my_ws/install/ros2_aruco:/home/yyj/my_ws/install/open_action_server:/home/yyj/my_ws/install/my_tf2_package:/home/yyj/my_ws/install/my_docking:/home/yyj/my_ws/install/my_aruco_to_goal_pose_pkg:/opt/ros/humble /usr/bin/cmake --build /home/yyj/my_ws/build/odrive_demo_description -- -j16 -l16
[2.742s] Invoking command in '/home/yyj/my_ws/build/odrive_demo_description': CMAKE_PREFIX_PATH=${CMAKE_PREFIX_PATH}:/home/yyj/my_ws/install/ros2_aruco:/home/yyj/my_ws/install/open_action_server:/home/yyj/my_ws/install/my_tf2_package:/home/yyj/my_ws/install/my_docking:/home/yyj/my_ws/install/my_aruco_to_goal_pose_pkg:/opt/ros/humble /usr/bin/cmake --install /home/yyj/my_ws/build/odrive_demo_description
[2.780s] -- Install configuration: ""
[2.781s] -- Up-to-date: /home/yyj/my_ws/install/odrive_demo_description/share/odrive_demo_description/urdf
[2.781s] -- Up-to-date: /home/yyj/my_ws/install/odrive_demo_description/share/odrive_demo_description/urdf/odrive.ros2_control.xacro
[2.782s] -- Up-to-date: /home/yyj/my_ws/install/odrive_demo_description/share/odrive_demo_description/urdf/odrive_diffbot.urdf.xacro
[2.783s] -- Up-to-date: /home/yyj/my_ws/install/odrive_demo_description/share/odrive_demo_description/urdf/odrive.urdf.xacro
[2.783s] -- Up-to-date: /home/yyj/my_ws/install/odrive_demo_description/share/ament_index/resource_index/package_run_dependencies/odrive_demo_description
[2.783s] -- Up-to-date: /home/yyj/my_ws/install/odrive_demo_description/share/ament_index/resource_index/parent_prefix_path/odrive_demo_description
[2.784s] -- Up-to-date: /home/yyj/my_ws/install/odrive_demo_description/share/odrive_demo_description/environment/ament_prefix_path.sh
[2.784s] -- Up-to-date: /home/yyj/my_ws/install/odrive_demo_description/share/odrive_demo_description/environment/ament_prefix_path.dsv
[2.784s] -- Up-to-date: /home/yyj/my_ws/install/odrive_demo_description/share/odrive_demo_description/environment/path.sh
[2.785s] -- Up-to-date: /home/yyj/my_ws/install/odrive_demo_description/share/odrive_demo_description/environment/path.dsv
[2.786s] -- Up-to-date: /home/yyj/my_ws/install/odrive_demo_description/share/odrive_demo_description/local_setup.bash
[2.786s] -- Up-to-date: /home/yyj/my_ws/install/odrive_demo_description/share/odrive_demo_description/local_setup.sh
[2.786s] -- Up-to-date: /home/yyj/my_ws/install/odrive_demo_description/share/odrive_demo_description/local_setup.zsh
[2.786s] -- Up-to-date: /home/yyj/my_ws/install/odrive_demo_description/share/odrive_demo_description/local_setup.dsv
[2.787s] -- Installing: /home/yyj/my_ws/install/odrive_demo_description/share/odrive_demo_description/package.dsv
[2.787s] -- Up-to-date: /home/yyj/my_ws/install/odrive_demo_description/share/ament_index/resource_index/packages/odrive_demo_description
[2.800s] -- Up-to-date: /home/yyj/my_ws/install/odrive_demo_description/share/odrive_demo_description/cmake/odrive_demo_descriptionConfig.cmake
[2.800s] -- Up-to-date: /home/yyj/my_ws/install/odrive_demo_description/share/odrive_demo_description/cmake/odrive_demo_descriptionConfig-version.cmake
[2.801s] -- Up-to-date: /home/yyj/my_ws/install/odrive_demo_description/share/odrive_demo_description/package.xml
[2.820s] Invoked command in '/home/yyj/my_ws/build/odrive_demo_description' returned '0': CMAKE_PREFIX_PATH=${CMAKE_PREFIX_PATH}:/home/yyj/my_ws/install/ros2_aruco:/home/yyj/my_ws/install/open_action_server:/home/yyj/my_ws/install/my_tf2_package:/home/yyj/my_ws/install/my_docking:/home/yyj/my_ws/install/my_aruco_to_goal_pose_pkg:/opt/ros/humble /usr/bin/cmake --install /home/yyj/my_ws/build/odrive_demo_description
