[3.970s] Invoking command in '/home/yyj/my_ws/build/slam_toolbox': CMAKE_PREFIX_PATH=${CMAKE_PREFIX_PATH}:/home/yyj/my_ws/install/ros2_aruco:/home/yyj/my_ws/install/open_action_server:/home/yyj/my_ws/install/my_tf2_package:/home/yyj/my_ws/install/my_docking:/home/yyj/my_ws/install/my_aruco_to_goal_pose_pkg:/opt/ros/humble /usr/bin/cmake --build /home/yyj/my_ws/build/slam_toolbox -- -j16 -l16
[4.400s] [  1%] Built target slam_toolbox__cpp
[4.595s] [  3%] Built target kartoSlamToolbox
[4.850s] [ 11%] Built target slam_toolbox__rosidl_typesupport_introspection_cpp
[5.122s] [ 20%] Built target slam_toolbox__rosidl_typesupport_fastrtps_cpp
[5.177s] [ 28%] Built target slam_toolbox__rosidl_typesupport_cpp
[5.332s] [ 28%] Built target ament_cmake_python_copy_slam_toolbox
[5.603s] [ 33%] Built target toolbox_common
[6.908s] running egg_info
[6.908s] writing slam_toolbox.egg-info/PKG-INFO
[6.909s] writing dependency_links to slam_toolbox.egg-info/dependency_links.txt
[6.909s] writing top-level names to slam_toolbox.egg-info/top_level.txt
[6.916s] reading manifest file 'slam_toolbox.egg-info/SOURCES.txt'
[6.920s] writing manifest file 'slam_toolbox.egg-info/SOURCES.txt'
[7.064s] [ 33%] Built target ament_cmake_python_build_slam_toolbox_egg
[7.210s] [ 35%] Built target merge_maps_kinematic
[7.420s] [ 36%] Built target lifelong_slam_toolbox
[7.601s] [ 37%] Built target localization_slam_toolbox
[7.776s] [ 39%] Built target lifelong_slam_toolbox_node
[7.975s] [ 40%] Built target map_and_localization_slam_toolbox
[8.150s] [ 42%] Built target localization_slam_toolbox_node
[8.300s] [ 43%] Built target map_and_localization_slam_toolbox_node
[8.451s] [ 45%] Built target sync_slam_toolbox
[8.587s] [ 47%] Built target async_slam_toolbox
[8.714s] [ 48%] Built target sync_slam_toolbox_node
[8.811s] [ 49%] Built target async_slam_toolbox_node
[8.904s] [ 51%] Built target ceres_solver_plugin
[8.986s] [ 53%] Built target SlamToolboxPlugin
[9.043s] [ 62%] Built target slam_toolbox__rosidl_generator_c
[9.123s] [ 71%] Built target slam_toolbox__rosidl_typesupport_fastrtps_c
[9.190s] [ 79%] Built target slam_toolbox__rosidl_typesupport_c
[9.257s] [ 87%] Built target slam_toolbox__rosidl_typesupport_introspection_c
[9.314s] [ 87%] Built target slam_toolbox
[9.373s] [ 87%] Built target slam_toolbox__py
[9.444s] [ 95%] Built target slam_toolbox__rosidl_generator_py
[9.501s] [ 96%] Built target slam_toolbox__rosidl_typesupport_fastrtps_c__pyext
[9.557s] [ 98%] Built target slam_toolbox__rosidl_typesupport_c__pyext
[9.613s] [100%] Built target slam_toolbox__rosidl_typesupport_introspection_c__pyext
[9.641s] Invoked command in '/home/yyj/my_ws/build/slam_toolbox' returned '0': CMAKE_PREFIX_PATH=${CMAKE_PREFIX_PATH}:/home/yyj/my_ws/install/ros2_aruco:/home/yyj/my_ws/install/open_action_server:/home/yyj/my_ws/install/my_tf2_package:/home/yyj/my_ws/install/my_docking:/home/yyj/my_ws/install/my_aruco_to_goal_pose_pkg:/opt/ros/humble /usr/bin/cmake --build /home/yyj/my_ws/build/slam_toolbox -- -j16 -l16
[10.562s] Invoking command in '/home/yyj/my_ws/build/slam_toolbox': CMAKE_PREFIX_PATH=${CMAKE_PREFIX_PATH}:/home/yyj/my_ws/install/ros2_aruco:/home/yyj/my_ws/install/open_action_server:/home/yyj/my_ws/install/my_tf2_package:/home/yyj/my_ws/install/my_docking:/home/yyj/my_ws/install/my_aruco_to_goal_pose_pkg:/opt/ros/humble /usr/bin/cmake --install /home/yyj/my_ws/build/slam_toolbox
[10.585s] -- Install configuration: "Release"
[10.586s] -- Up-to-date: /home/yyj/my_ws/install/slam_toolbox/share/ament_index/resource_index/rosidl_interfaces/slam_toolbox
[10.586s] -- Up-to-date: /home/yyj/my_ws/install/slam_toolbox/include/slam_toolbox/slam_toolbox
[10.586s] -- Up-to-date: /home/yyj/my_ws/install/slam_toolbox/include/slam_toolbox/slam_toolbox/srv
[10.587s] -- Up-to-date: /home/yyj/my_ws/install/slam_toolbox/include/slam_toolbox/slam_toolbox/srv/toggle_interactive.h
[10.587s] -- Up-to-date: /home/yyj/my_ws/install/slam_toolbox/include/slam_toolbox/slam_toolbox/srv/clear.h
[10.587s] -- Up-to-date: /home/yyj/my_ws/install/slam_toolbox/include/slam_toolbox/slam_toolbox/srv/add_submap.h
[10.588s] -- Up-to-date: /home/yyj/my_ws/install/slam_toolbox/include/slam_toolbox/slam_toolbox/srv/detail
[10.588s] -- Up-to-date: /home/yyj/my_ws/install/slam_toolbox/include/slam_toolbox/slam_toolbox/srv/detail/clear_queue__struct.h
[10.589s] -- Up-to-date: /home/yyj/my_ws/install/slam_toolbox/include/slam_toolbox/slam_toolbox/srv/detail/merge_maps__functions.h
[10.589s] -- Up-to-date: /home/yyj/my_ws/install/slam_toolbox/include/slam_toolbox/slam_toolbox/srv/detail/merge_maps__functions.c
[10.589s] -- Up-to-date: /home/yyj/my_ws/install/slam_toolbox/include/slam_toolbox/slam_toolbox/srv/detail/add_submap__type_support.h
[10.590s] -- Up-to-date: /home/yyj/my_ws/install/slam_toolbox/include/slam_toolbox/slam_toolbox/srv/detail/clear__struct.h
[10.590s] -- Up-to-date: /home/yyj/my_ws/install/slam_toolbox/include/slam_toolbox/slam_toolbox/srv/detail/clear_queue__functions.h
[10.590s] -- Up-to-date: /home/yyj/my_ws/install/slam_toolbox/include/slam_toolbox/slam_toolbox/srv/detail/pause__struct.h
[10.590s] -- Up-to-date: /home/yyj/my_ws/install/slam_toolbox/include/slam_toolbox/slam_toolbox/srv/detail/save_map__functions.h
[10.590s] -- Up-to-date: /home/yyj/my_ws/install/slam_toolbox/include/slam_toolbox/slam_toolbox/srv/detail/toggle_interactive__type_support.h
[10.591s] -- Up-to-date: /home/yyj/my_ws/install/slam_toolbox/include/slam_toolbox/slam_toolbox/srv/detail/clear_queue__functions.c
[10.591s] -- Up-to-date: /home/yyj/my_ws/install/slam_toolbox/include/slam_toolbox/slam_toolbox/srv/detail/save_map__type_support.h
[10.591s] -- Up-to-date: /home/yyj/my_ws/install/slam_toolbox/include/slam_toolbox/slam_toolbox/srv/detail/deserialize_pose_graph__struct.h
[10.591s] -- Up-to-date: /home/yyj/my_ws/install/slam_toolbox/include/slam_toolbox/slam_toolbox/srv/detail/clear__functions.c
[10.591s] -- Up-to-date: /home/yyj/my_ws/install/slam_toolbox/include/slam_toolbox/slam_toolbox/srv/detail/merge_maps__type_support.h
[10.591s] -- Up-to-date: /home/yyj/my_ws/install/slam_toolbox/include/slam_toolbox/slam_toolbox/srv/detail/clear_queue__type_support.h
[10.592s] -- Up-to-date: /home/yyj/my_ws/install/slam_toolbox/include/slam_toolbox/slam_toolbox/srv/detail/toggle_interactive__functions.c
[10.592s] -- Up-to-date: /home/yyj/my_ws/install/slam_toolbox/include/slam_toolbox/slam_toolbox/srv/detail/add_submap__functions.c
[10.592s] -- Up-to-date: /home/yyj/my_ws/install/slam_toolbox/include/slam_toolbox/slam_toolbox/srv/detail/add_submap__functions.h
[10.592s] -- Up-to-date: /home/yyj/my_ws/install/slam_toolbox/include/slam_toolbox/slam_toolbox/srv/detail/serialize_pose_graph__functions.h
[10.593s] -- Up-to-date: /home/yyj/my_ws/install/slam_toolbox/include/slam_toolbox/slam_toolbox/srv/detail/serialize_pose_graph__type_support.h
[10.593s] -- Up-to-date: /home/yyj/my_ws/install/slam_toolbox/include/slam_toolbox/slam_toolbox/srv/detail/loop_closure__functions.c
[10.593s] -- Up-to-date: /home/yyj/my_ws/install/slam_toolbox/include/slam_toolbox/slam_toolbox/srv/detail/deserialize_pose_graph__functions.c
[10.593s] -- Up-to-date: /home/yyj/my_ws/install/slam_toolbox/include/slam_toolbox/slam_toolbox/srv/detail/serialize_pose_graph__struct.h
[10.593s] -- Up-to-date: /home/yyj/my_ws/install/slam_toolbox/include/slam_toolbox/slam_toolbox/srv/detail/add_submap__struct.h
[10.594s] -- Up-to-date: /home/yyj/my_ws/install/slam_toolbox/include/slam_toolbox/slam_toolbox/srv/detail/serialize_pose_graph__functions.c
[10.594s] -- Up-to-date: /home/yyj/my_ws/install/slam_toolbox/include/slam_toolbox/slam_toolbox/srv/detail/pause__functions.h
[10.594s] -- Up-to-date: /home/yyj/my_ws/install/slam_toolbox/include/slam_toolbox/slam_toolbox/srv/detail/save_map__functions.c
[10.594s] -- Up-to-date: /home/yyj/my_ws/install/slam_toolbox/include/slam_toolbox/slam_toolbox/srv/detail/merge_maps__struct.h
[10.594s] -- Up-to-date: /home/yyj/my_ws/install/slam_toolbox/include/slam_toolbox/slam_toolbox/srv/detail/loop_closure__struct.h
[10.594s] -- Up-to-date: /home/yyj/my_ws/install/slam_toolbox/include/slam_toolbox/slam_toolbox/srv/detail/loop_closure__type_support.h
[10.595s] -- Up-to-date: /home/yyj/my_ws/install/slam_toolbox/include/slam_toolbox/slam_toolbox/srv/detail/toggle_interactive__struct.h
[10.595s] -- Up-to-date: /home/yyj/my_ws/install/slam_toolbox/include/slam_toolbox/slam_toolbox/srv/detail/deserialize_pose_graph__type_support.h
[10.595s] -- Up-to-date: /home/yyj/my_ws/install/slam_toolbox/include/slam_toolbox/slam_toolbox/srv/detail/toggle_interactive__functions.h
[10.595s] -- Up-to-date: /home/yyj/my_ws/install/slam_toolbox/include/slam_toolbox/slam_toolbox/srv/detail/pause__functions.c
[10.595s] -- Up-to-date: /home/yyj/my_ws/install/slam_toolbox/include/slam_toolbox/slam_toolbox/srv/detail/clear__type_support.h
[10.595s] -- Up-to-date: /home/yyj/my_ws/install/slam_toolbox/include/slam_toolbox/slam_toolbox/srv/detail/clear__functions.h
[10.595s] -- Up-to-date: /home/yyj/my_ws/install/slam_toolbox/include/slam_toolbox/slam_toolbox/srv/detail/loop_closure__functions.h
[10.595s] -- Up-to-date: /home/yyj/my_ws/install/slam_toolbox/include/slam_toolbox/slam_toolbox/srv/detail/pause__type_support.h
[10.596s] -- Up-to-date: /home/yyj/my_ws/install/slam_toolbox/include/slam_toolbox/slam_toolbox/srv/detail/save_map__struct.h
[10.596s] -- Up-to-date: /home/yyj/my_ws/install/slam_toolbox/include/slam_toolbox/slam_toolbox/srv/detail/deserialize_pose_graph__functions.h
[10.596s] -- Up-to-date: /home/yyj/my_ws/install/slam_toolbox/include/slam_toolbox/slam_toolbox/srv/serialize_pose_graph.h
[10.596s] -- Up-to-date: /home/yyj/my_ws/install/slam_toolbox/include/slam_toolbox/slam_toolbox/srv/clear_queue.h
[10.596s] -- Up-to-date: /home/yyj/my_ws/install/slam_toolbox/include/slam_toolbox/slam_toolbox/srv/merge_maps.h
[10.596s] -- Up-to-date: /home/yyj/my_ws/install/slam_toolbox/include/slam_toolbox/slam_toolbox/srv/deserialize_pose_graph.h
[10.596s] -- Up-to-date: /home/yyj/my_ws/install/slam_toolbox/include/slam_toolbox/slam_toolbox/srv/pause.h
[10.596s] -- Up-to-date: /home/yyj/my_ws/install/slam_toolbox/include/slam_toolbox/slam_toolbox/srv/loop_closure.h
[10.597s] -- Up-to-date: /home/yyj/my_ws/install/slam_toolbox/include/slam_toolbox/slam_toolbox/srv/save_map.h
[10.597s] -- Up-to-date: /home/yyj/my_ws/install/slam_toolbox/include/slam_toolbox/slam_toolbox/msg
[10.597s] -- Up-to-date: /home/yyj/my_ws/install/slam_toolbox/include/slam_toolbox/slam_toolbox/msg/rosidl_generator_c__visibility_control.h
[10.597s] -- Up-to-date: /home/yyj/my_ws/install/slam_toolbox/share/slam_toolbox/environment/library_path.sh
[10.599s] -- Up-to-date: /home/yyj/my_ws/install/slam_toolbox/share/slam_toolbox/environment/library_path.dsv
[10.600s] -- Up-to-date: /home/yyj/my_ws/install/slam_toolbox/lib/libslam_toolbox__rosidl_generator_c.so
[10.600s] -- Up-to-date: /home/yyj/my_ws/install/slam_toolbox/include/slam_toolbox/slam_toolbox
[10.600s] -- Up-to-date: /home/yyj/my_ws/install/slam_toolbox/include/slam_toolbox/slam_toolbox/srv
[10.600s] -- Up-to-date: /home/yyj/my_ws/install/slam_toolbox/include/slam_toolbox/slam_toolbox/srv/detail
[10.601s] -- Up-to-date: /home/yyj/my_ws/install/slam_toolbox/include/slam_toolbox/slam_toolbox/srv/detail/toggle_interactive__rosidl_typesupport_fastrtps_c.h
[10.601s] -- Up-to-date: /home/yyj/my_ws/install/slam_toolbox/include/slam_toolbox/slam_toolbox/srv/detail/deserialize_pose_graph__rosidl_typesupport_fastrtps_c.h
[10.601s] -- Up-to-date: /home/yyj/my_ws/install/slam_toolbox/include/slam_toolbox/slam_toolbox/srv/detail/loop_closure__rosidl_typesupport_fastrtps_c.h
[10.601s] -- Up-to-date: /home/yyj/my_ws/install/slam_toolbox/include/slam_toolbox/slam_toolbox/srv/detail/merge_maps__rosidl_typesupport_fastrtps_c.h
[10.602s] -- Up-to-date: /home/yyj/my_ws/install/slam_toolbox/include/slam_toolbox/slam_toolbox/srv/detail/serialize_pose_graph__rosidl_typesupport_fastrtps_c.h
[10.602s] -- Up-to-date: /home/yyj/my_ws/install/slam_toolbox/include/slam_toolbox/slam_toolbox/srv/detail/clear__rosidl_typesupport_fastrtps_c.h
[10.602s] -- Up-to-date: /home/yyj/my_ws/install/slam_toolbox/include/slam_toolbox/slam_toolbox/srv/detail/add_submap__rosidl_typesupport_fastrtps_c.h
[10.602s] -- Up-to-date: /home/yyj/my_ws/install/slam_toolbox/include/slam_toolbox/slam_toolbox/srv/detail/clear_queue__rosidl_typesupport_fastrtps_c.h
[10.602s] -- Up-to-date: /home/yyj/my_ws/install/slam_toolbox/include/slam_toolbox/slam_toolbox/srv/detail/pause__rosidl_typesupport_fastrtps_c.h
[10.602s] -- Up-to-date: /home/yyj/my_ws/install/slam_toolbox/include/slam_toolbox/slam_toolbox/srv/detail/save_map__rosidl_typesupport_fastrtps_c.h
[10.602s] -- Up-to-date: /home/yyj/my_ws/install/slam_toolbox/include/slam_toolbox/slam_toolbox/msg
[10.602s] -- Up-to-date: /home/yyj/my_ws/install/slam_toolbox/include/slam_toolbox/slam_toolbox/msg/rosidl_typesupport_fastrtps_c__visibility_control.h
[10.602s] -- Up-to-date: /home/yyj/my_ws/install/slam_toolbox/lib/libslam_toolbox__rosidl_typesupport_fastrtps_c.so
[10.603s] -- Up-to-date: /home/yyj/my_ws/install/slam_toolbox/include/slam_toolbox/slam_toolbox
[10.603s] -- Up-to-date: /home/yyj/my_ws/install/slam_toolbox/include/slam_toolbox/slam_toolbox/srv
[10.603s] -- Up-to-date: /home/yyj/my_ws/install/slam_toolbox/include/slam_toolbox/slam_toolbox/srv/merge_maps.hpp
[10.603s] -- Up-to-date: /home/yyj/my_ws/install/slam_toolbox/include/slam_toolbox/slam_toolbox/srv/toggle_interactive.hpp
[10.603s] -- Up-to-date: /home/yyj/my_ws/install/slam_toolbox/include/slam_toolbox/slam_toolbox/srv/add_submap.hpp
[10.603s] -- Up-to-date: /home/yyj/my_ws/install/slam_toolbox/include/slam_toolbox/slam_toolbox/srv/detail
[10.603s] -- Up-to-date: /home/yyj/my_ws/install/slam_toolbox/include/slam_toolbox/slam_toolbox/srv/detail/clear_queue__builder.hpp
[10.603s] -- Up-to-date: /home/yyj/my_ws/install/slam_toolbox/include/slam_toolbox/slam_toolbox/srv/detail/merge_maps__traits.hpp
[10.603s] -- Up-to-date: /home/yyj/my_ws/install/slam_toolbox/include/slam_toolbox/slam_toolbox/srv/detail/save_map__struct.hpp
[10.603s] -- Up-to-date: /home/yyj/my_ws/install/slam_toolbox/include/slam_toolbox/slam_toolbox/srv/detail/serialize_pose_graph__builder.hpp
[10.604s] -- Up-to-date: /home/yyj/my_ws/install/slam_toolbox/include/slam_toolbox/slam_toolbox/srv/detail/toggle_interactive__struct.hpp
[10.604s] -- Up-to-date: /home/yyj/my_ws/install/slam_toolbox/include/slam_toolbox/slam_toolbox/srv/detail/clear__builder.hpp
[10.604s] -- Up-to-date: /home/yyj/my_ws/install/slam_toolbox/include/slam_toolbox/slam_toolbox/srv/detail/toggle_interactive__builder.hpp
[10.604s] -- Up-to-date: /home/yyj/my_ws/install/slam_toolbox/include/slam_toolbox/slam_toolbox/srv/detail/toggle_interactive__traits.hpp
[10.604s] -- Up-to-date: /home/yyj/my_ws/install/slam_toolbox/include/slam_toolbox/slam_toolbox/srv/detail/clear__traits.hpp
[10.604s] -- Up-to-date: /home/yyj/my_ws/install/slam_toolbox/include/slam_toolbox/slam_toolbox/srv/detail/add_submap__traits.hpp
[10.604s] -- Up-to-date: /home/yyj/my_ws/install/slam_toolbox/include/slam_toolbox/slam_toolbox/srv/detail/save_map__traits.hpp
[10.604s] -- Up-to-date: /home/yyj/my_ws/install/slam_toolbox/include/slam_toolbox/slam_toolbox/srv/detail/add_submap__struct.hpp
[10.604s] -- Up-to-date: /home/yyj/my_ws/install/slam_toolbox/include/slam_toolbox/slam_toolbox/srv/detail/merge_maps__builder.hpp
[10.605s] -- Up-to-date: /home/yyj/my_ws/install/slam_toolbox/include/slam_toolbox/slam_toolbox/srv/detail/add_submap__builder.hpp
[10.605s] -- Up-to-date: /home/yyj/my_ws/install/slam_toolbox/include/slam_toolbox/slam_toolbox/srv/detail/deserialize_pose_graph__traits.hpp
[10.605s] -- Up-to-date: /home/yyj/my_ws/install/slam_toolbox/include/slam_toolbox/slam_toolbox/srv/detail/loop_closure__traits.hpp
[10.605s] -- Up-to-date: /home/yyj/my_ws/install/slam_toolbox/include/slam_toolbox/slam_toolbox/srv/detail/pause__builder.hpp
[10.605s] -- Up-to-date: /home/yyj/my_ws/install/slam_toolbox/include/slam_toolbox/slam_toolbox/srv/detail/save_map__builder.hpp
[10.605s] -- Up-to-date: /home/yyj/my_ws/install/slam_toolbox/include/slam_toolbox/slam_toolbox/srv/detail/deserialize_pose_graph__struct.hpp
[10.605s] -- Up-to-date: /home/yyj/my_ws/install/slam_toolbox/include/slam_toolbox/slam_toolbox/srv/detail/pause__traits.hpp
[10.605s] -- Up-to-date: /home/yyj/my_ws/install/slam_toolbox/include/slam_toolbox/slam_toolbox/srv/detail/deserialize_pose_graph__builder.hpp
[10.605s] -- Up-to-date: /home/yyj/my_ws/install/slam_toolbox/include/slam_toolbox/slam_toolbox/srv/detail/pause__struct.hpp
[10.605s] -- Up-to-date: /home/yyj/my_ws/install/slam_toolbox/include/slam_toolbox/slam_toolbox/srv/detail/clear__struct.hpp
[10.606s] -- Up-to-date: /home/yyj/my_ws/install/slam_toolbox/include/slam_toolbox/slam_toolbox/srv/detail/clear_queue__struct.hpp
[10.606s] -- Up-to-date: /home/yyj/my_ws/install/slam_toolbox/include/slam_toolbox/slam_toolbox/srv/detail/clear_queue__traits.hpp
[10.606s] -- Up-to-date: /home/yyj/my_ws/install/slam_toolbox/include/slam_toolbox/slam_toolbox/srv/detail/loop_closure__struct.hpp
[10.606s] -- Up-to-date: /home/yyj/my_ws/install/slam_toolbox/include/slam_toolbox/slam_toolbox/srv/detail/merge_maps__struct.hpp
[10.606s] -- Up-to-date: /home/yyj/my_ws/install/slam_toolbox/include/slam_toolbox/slam_toolbox/srv/detail/serialize_pose_graph__traits.hpp
[10.606s] -- Up-to-date: /home/yyj/my_ws/install/slam_toolbox/include/slam_toolbox/slam_toolbox/srv/detail/serialize_pose_graph__struct.hpp
[10.606s] -- Up-to-date: /home/yyj/my_ws/install/slam_toolbox/include/slam_toolbox/slam_toolbox/srv/detail/loop_closure__builder.hpp
[10.606s] -- Up-to-date: /home/yyj/my_ws/install/slam_toolbox/include/slam_toolbox/slam_toolbox/srv/deserialize_pose_graph.hpp
[10.606s] -- Up-to-date: /home/yyj/my_ws/install/slam_toolbox/include/slam_toolbox/slam_toolbox/srv/clear_queue.hpp
[10.607s] -- Up-to-date: /home/yyj/my_ws/install/slam_toolbox/include/slam_toolbox/slam_toolbox/srv/save_map.hpp
[10.607s] -- Up-to-date: /home/yyj/my_ws/install/slam_toolbox/include/slam_toolbox/slam_toolbox/srv/serialize_pose_graph.hpp
[10.607s] -- Up-to-date: /home/yyj/my_ws/install/slam_toolbox/include/slam_toolbox/slam_toolbox/srv/loop_closure.hpp
[10.607s] -- Up-to-date: /home/yyj/my_ws/install/slam_toolbox/include/slam_toolbox/slam_toolbox/srv/pause.hpp
[10.607s] -- Up-to-date: /home/yyj/my_ws/install/slam_toolbox/include/slam_toolbox/slam_toolbox/srv/clear.hpp
[10.607s] -- Up-to-date: /home/yyj/my_ws/install/slam_toolbox/include/slam_toolbox/slam_toolbox
[10.608s] -- Up-to-date: /home/yyj/my_ws/install/slam_toolbox/include/slam_toolbox/slam_toolbox/srv
[10.608s] -- Up-to-date: /home/yyj/my_ws/install/slam_toolbox/include/slam_toolbox/slam_toolbox/srv/detail
[10.608s] -- Up-to-date: /home/yyj/my_ws/install/slam_toolbox/include/slam_toolbox/slam_toolbox/srv/detail/dds_fastrtps
[10.608s] -- Up-to-date: /home/yyj/my_ws/install/slam_toolbox/include/slam_toolbox/slam_toolbox/srv/detail/save_map__rosidl_typesupport_fastrtps_cpp.hpp
[10.608s] -- Up-to-date: /home/yyj/my_ws/install/slam_toolbox/include/slam_toolbox/slam_toolbox/srv/detail/toggle_interactive__rosidl_typesupport_fastrtps_cpp.hpp
[10.608s] -- Up-to-date: /home/yyj/my_ws/install/slam_toolbox/include/slam_toolbox/slam_toolbox/srv/detail/clear_queue__rosidl_typesupport_fastrtps_cpp.hpp
[10.608s] -- Up-to-date: /home/yyj/my_ws/install/slam_toolbox/include/slam_toolbox/slam_toolbox/srv/detail/serialize_pose_graph__rosidl_typesupport_fastrtps_cpp.hpp
[10.608s] -- Up-to-date: /home/yyj/my_ws/install/slam_toolbox/include/slam_toolbox/slam_toolbox/srv/detail/clear__rosidl_typesupport_fastrtps_cpp.hpp
[10.608s] -- Up-to-date: /home/yyj/my_ws/install/slam_toolbox/include/slam_toolbox/slam_toolbox/srv/detail/loop_closure__rosidl_typesupport_fastrtps_cpp.hpp
[10.609s] -- Up-to-date: /home/yyj/my_ws/install/slam_toolbox/include/slam_toolbox/slam_toolbox/srv/detail/pause__rosidl_typesupport_fastrtps_cpp.hpp
[10.609s] -- Up-to-date: /home/yyj/my_ws/install/slam_toolbox/include/slam_toolbox/slam_toolbox/srv/detail/merge_maps__rosidl_typesupport_fastrtps_cpp.hpp
[10.609s] -- Up-to-date: /home/yyj/my_ws/install/slam_toolbox/include/slam_toolbox/slam_toolbox/srv/detail/deserialize_pose_graph__rosidl_typesupport_fastrtps_cpp.hpp
[10.609s] -- Up-to-date: /home/yyj/my_ws/install/slam_toolbox/include/slam_toolbox/slam_toolbox/srv/detail/add_submap__rosidl_typesupport_fastrtps_cpp.hpp
[10.610s] -- Up-to-date: /home/yyj/my_ws/install/slam_toolbox/include/slam_toolbox/slam_toolbox/msg
[10.610s] -- Up-to-date: /home/yyj/my_ws/install/slam_toolbox/include/slam_toolbox/slam_toolbox/msg/rosidl_typesupport_fastrtps_cpp__visibility_control.h
[10.610s] -- Up-to-date: /home/yyj/my_ws/install/slam_toolbox/lib/libslam_toolbox__rosidl_typesupport_fastrtps_cpp.so
[10.610s] -- Up-to-date: /home/yyj/my_ws/install/slam_toolbox/include/slam_toolbox/slam_toolbox
[10.611s] -- Up-to-date: /home/yyj/my_ws/install/slam_toolbox/include/slam_toolbox/slam_toolbox/srv
[10.611s] -- Up-to-date: /home/yyj/my_ws/install/slam_toolbox/include/slam_toolbox/slam_toolbox/srv/detail
[10.611s] -- Up-to-date: /home/yyj/my_ws/install/slam_toolbox/include/slam_toolbox/slam_toolbox/srv/detail/add_submap__type_support.c
[10.611s] -- Up-to-date: /home/yyj/my_ws/install/slam_toolbox/include/slam_toolbox/slam_toolbox/srv/detail/save_map__rosidl_typesupport_introspection_c.h
[10.611s] -- Up-to-date: /home/yyj/my_ws/install/slam_toolbox/include/slam_toolbox/slam_toolbox/srv/detail/pause__type_support.c
[10.611s] -- Up-to-date: /home/yyj/my_ws/install/slam_toolbox/include/slam_toolbox/slam_toolbox/srv/detail/toggle_interactive__rosidl_typesupport_introspection_c.h
[10.611s] -- Up-to-date: /home/yyj/my_ws/install/slam_toolbox/include/slam_toolbox/slam_toolbox/srv/detail/serialize_pose_graph__type_support.c
[10.611s] -- Up-to-date: /home/yyj/my_ws/install/slam_toolbox/include/slam_toolbox/slam_toolbox/srv/detail/deserialize_pose_graph__rosidl_typesupport_introspection_c.h
[10.611s] -- Up-to-date: /home/yyj/my_ws/install/slam_toolbox/include/slam_toolbox/slam_toolbox/srv/detail/pause__rosidl_typesupport_introspection_c.h
[10.611s] -- Up-to-date: /home/yyj/my_ws/install/slam_toolbox/include/slam_toolbox/slam_toolbox/srv/detail/deserialize_pose_graph__type_support.c
[10.612s] -- Up-to-date: /home/yyj/my_ws/install/slam_toolbox/include/slam_toolbox/slam_toolbox/srv/detail/clear__rosidl_typesupport_introspection_c.h
[10.612s] -- Up-to-date: /home/yyj/my_ws/install/slam_toolbox/include/slam_toolbox/slam_toolbox/srv/detail/clear_queue__rosidl_typesupport_introspection_c.h
[10.612s] -- Up-to-date: /home/yyj/my_ws/install/slam_toolbox/include/slam_toolbox/slam_toolbox/srv/detail/merge_maps__type_support.c
[10.612s] -- Up-to-date: /home/yyj/my_ws/install/slam_toolbox/include/slam_toolbox/slam_toolbox/srv/detail/loop_closure__type_support.c
[10.612s] -- Up-to-date: /home/yyj/my_ws/install/slam_toolbox/include/slam_toolbox/slam_toolbox/srv/detail/clear__type_support.c
[10.612s] -- Up-to-date: /home/yyj/my_ws/install/slam_toolbox/include/slam_toolbox/slam_toolbox/srv/detail/serialize_pose_graph__rosidl_typesupport_introspection_c.h
[10.612s] -- Up-to-date: /home/yyj/my_ws/install/slam_toolbox/include/slam_toolbox/slam_toolbox/srv/detail/merge_maps__rosidl_typesupport_introspection_c.h
[10.612s] -- Up-to-date: /home/yyj/my_ws/install/slam_toolbox/include/slam_toolbox/slam_toolbox/srv/detail/loop_closure__rosidl_typesupport_introspection_c.h
[10.612s] -- Up-to-date: /home/yyj/my_ws/install/slam_toolbox/include/slam_toolbox/slam_toolbox/srv/detail/clear_queue__type_support.c
[10.612s] -- Up-to-date: /home/yyj/my_ws/install/slam_toolbox/include/slam_toolbox/slam_toolbox/srv/detail/add_submap__rosidl_typesupport_introspection_c.h
[10.613s] -- Up-to-date: /home/yyj/my_ws/install/slam_toolbox/include/slam_toolbox/slam_toolbox/srv/detail/save_map__type_support.c
[10.613s] -- Up-to-date: /home/yyj/my_ws/install/slam_toolbox/include/slam_toolbox/slam_toolbox/srv/detail/toggle_interactive__type_support.c
[10.613s] -- Up-to-date: /home/yyj/my_ws/install/slam_toolbox/include/slam_toolbox/slam_toolbox/msg
[10.613s] -- Up-to-date: /home/yyj/my_ws/install/slam_toolbox/include/slam_toolbox/slam_toolbox/msg/rosidl_typesupport_introspection_c__visibility_control.h
[10.613s] -- Up-to-date: /home/yyj/my_ws/install/slam_toolbox/lib/libslam_toolbox__rosidl_typesupport_introspection_c.so
[10.613s] -- Up-to-date: /home/yyj/my_ws/install/slam_toolbox/lib/libslam_toolbox__rosidl_typesupport_c.so
[10.613s] -- Up-to-date: /home/yyj/my_ws/install/slam_toolbox/include/slam_toolbox/slam_toolbox
[10.613s] -- Up-to-date: /home/yyj/my_ws/install/slam_toolbox/include/slam_toolbox/slam_toolbox/srv
[10.613s] -- Up-to-date: /home/yyj/my_ws/install/slam_toolbox/include/slam_toolbox/slam_toolbox/srv/detail
[10.613s] -- Up-to-date: /home/yyj/my_ws/install/slam_toolbox/include/slam_toolbox/slam_toolbox/srv/detail/save_map__rosidl_typesupport_introspection_cpp.hpp
[10.613s] -- Up-to-date: /home/yyj/my_ws/install/slam_toolbox/include/slam_toolbox/slam_toolbox/srv/detail/pause__type_support.cpp
[10.614s] -- Up-to-date: /home/yyj/my_ws/install/slam_toolbox/include/slam_toolbox/slam_toolbox/srv/detail/serialize_pose_graph__type_support.cpp
[10.614s] -- Up-to-date: /home/yyj/my_ws/install/slam_toolbox/include/slam_toolbox/slam_toolbox/srv/detail/loop_closure__rosidl_typesupport_introspection_cpp.hpp
[10.614s] -- Up-to-date: /home/yyj/my_ws/install/slam_toolbox/include/slam_toolbox/slam_toolbox/srv/detail/pause__rosidl_typesupport_introspection_cpp.hpp
[10.614s] -- Up-to-date: /home/yyj/my_ws/install/slam_toolbox/include/slam_toolbox/slam_toolbox/srv/detail/add_submap__rosidl_typesupport_introspection_cpp.hpp
[10.614s] -- Up-to-date: /home/yyj/my_ws/install/slam_toolbox/include/slam_toolbox/slam_toolbox/srv/detail/clear__rosidl_typesupport_introspection_cpp.hpp
[10.614s] -- Up-to-date: /home/yyj/my_ws/install/slam_toolbox/include/slam_toolbox/slam_toolbox/srv/detail/merge_maps__type_support.cpp
[10.614s] -- Up-to-date: /home/yyj/my_ws/install/slam_toolbox/include/slam_toolbox/slam_toolbox/srv/detail/toggle_interactive__type_support.cpp
[10.614s] -- Up-to-date: /home/yyj/my_ws/install/slam_toolbox/include/slam_toolbox/slam_toolbox/srv/detail/deserialize_pose_graph__type_support.cpp
[10.614s] -- Up-to-date: /home/yyj/my_ws/install/slam_toolbox/include/slam_toolbox/slam_toolbox/srv/detail/serialize_pose_graph__rosidl_typesupport_introspection_cpp.hpp
[10.614s] -- Up-to-date: /home/yyj/my_ws/install/slam_toolbox/include/slam_toolbox/slam_toolbox/srv/detail/deserialize_pose_graph__rosidl_typesupport_introspection_cpp.hpp
[10.614s] -- Up-to-date: /home/yyj/my_ws/install/slam_toolbox/include/slam_toolbox/slam_toolbox/srv/detail/save_map__type_support.cpp
[10.615s] -- Up-to-date: /home/yyj/my_ws/install/slam_toolbox/include/slam_toolbox/slam_toolbox/srv/detail/loop_closure__type_support.cpp
[10.615s] -- Up-to-date: /home/yyj/my_ws/install/slam_toolbox/include/slam_toolbox/slam_toolbox/srv/detail/clear_queue__rosidl_typesupport_introspection_cpp.hpp
[10.615s] -- Up-to-date: /home/yyj/my_ws/install/slam_toolbox/include/slam_toolbox/slam_toolbox/srv/detail/add_submap__type_support.cpp
[10.615s] -- Up-to-date: /home/yyj/my_ws/install/slam_toolbox/include/slam_toolbox/slam_toolbox/srv/detail/clear__type_support.cpp
[10.615s] -- Up-to-date: /home/yyj/my_ws/install/slam_toolbox/include/slam_toolbox/slam_toolbox/srv/detail/clear_queue__type_support.cpp
[10.615s] -- Up-to-date: /home/yyj/my_ws/install/slam_toolbox/include/slam_toolbox/slam_toolbox/srv/detail/merge_maps__rosidl_typesupport_introspection_cpp.hpp
[10.615s] -- Up-to-date: /home/yyj/my_ws/install/slam_toolbox/include/slam_toolbox/slam_toolbox/srv/detail/toggle_interactive__rosidl_typesupport_introspection_cpp.hpp
[10.615s] -- Up-to-date: /home/yyj/my_ws/install/slam_toolbox/lib/libslam_toolbox__rosidl_typesupport_introspection_cpp.so
[10.615s] -- Up-to-date: /home/yyj/my_ws/install/slam_toolbox/lib/libslam_toolbox__rosidl_typesupport_cpp.so
[10.615s] -- Up-to-date: /home/yyj/my_ws/install/slam_toolbox/share/slam_toolbox/environment/pythonpath.sh
[10.615s] -- Up-to-date: /home/yyj/my_ws/install/slam_toolbox/share/slam_toolbox/environment/pythonpath.dsv
[10.616s] -- Up-to-date: /home/yyj/my_ws/install/slam_toolbox/local/lib/python3.10/dist-packages/slam_toolbox-2.6.8-py3.10.egg-info
[10.616s] -- Installing: /home/yyj/my_ws/install/slam_toolbox/local/lib/python3.10/dist-packages/slam_toolbox-2.6.8-py3.10.egg-info/SOURCES.txt
[10.616s] -- Installing: /home/yyj/my_ws/install/slam_toolbox/local/lib/python3.10/dist-packages/slam_toolbox-2.6.8-py3.10.egg-info/top_level.txt
[10.616s] -- Installing: /home/yyj/my_ws/install/slam_toolbox/local/lib/python3.10/dist-packages/slam_toolbox-2.6.8-py3.10.egg-info/dependency_links.txt
[10.616s] -- Installing: /home/yyj/my_ws/install/slam_toolbox/local/lib/python3.10/dist-packages/slam_toolbox-2.6.8-py3.10.egg-info/PKG-INFO
[10.616s] -- Up-to-date: /home/yyj/my_ws/install/slam_toolbox/local/lib/python3.10/dist-packages/slam_toolbox
[10.616s] -- Up-to-date: /home/yyj/my_ws/install/slam_toolbox/local/lib/python3.10/dist-packages/slam_toolbox/_slam_toolbox_s.ep.rosidl_typesupport_introspection_c.c
[10.616s] -- Up-to-date: /home/yyj/my_ws/install/slam_toolbox/local/lib/python3.10/dist-packages/slam_toolbox/slam_toolbox_s__rosidl_typesupport_introspection_c.cpython-310-x86_64-linux-gnu.so
[10.616s] -- Up-to-date: /home/yyj/my_ws/install/slam_toolbox/local/lib/python3.10/dist-packages/slam_toolbox/slam_toolbox_s__rosidl_typesupport_fastrtps_c.cpython-310-x86_64-linux-gnu.so
[10.616s] -- Up-to-date: /home/yyj/my_ws/install/slam_toolbox/local/lib/python3.10/dist-packages/slam_toolbox/libslam_toolbox__rosidl_generator_py.so
[10.616s] -- Up-to-date: /home/yyj/my_ws/install/slam_toolbox/local/lib/python3.10/dist-packages/slam_toolbox/_slam_toolbox_s.ep.rosidl_typesupport_c.c
[10.617s] -- Up-to-date: /home/yyj/my_ws/install/slam_toolbox/local/lib/python3.10/dist-packages/slam_toolbox/slam_toolbox_s__rosidl_typesupport_c.cpython-310-x86_64-linux-gnu.so
[10.617s] -- Up-to-date: /home/yyj/my_ws/install/slam_toolbox/local/lib/python3.10/dist-packages/slam_toolbox/__init__.py
[10.617s] -- Up-to-date: /home/yyj/my_ws/install/slam_toolbox/local/lib/python3.10/dist-packages/slam_toolbox/srv
[10.617s] -- Up-to-date: /home/yyj/my_ws/install/slam_toolbox/local/lib/python3.10/dist-packages/slam_toolbox/srv/_pause.py
[10.617s] -- Up-to-date: /home/yyj/my_ws/install/slam_toolbox/local/lib/python3.10/dist-packages/slam_toolbox/srv/_serialize_pose_graph_s.c
[10.617s] -- Up-to-date: /home/yyj/my_ws/install/slam_toolbox/local/lib/python3.10/dist-packages/slam_toolbox/srv/_clear.py
[10.617s] -- Up-to-date: /home/yyj/my_ws/install/slam_toolbox/local/lib/python3.10/dist-packages/slam_toolbox/srv/_toggle_interactive_s.c
[10.617s] -- Up-to-date: /home/yyj/my_ws/install/slam_toolbox/local/lib/python3.10/dist-packages/slam_toolbox/srv/_deserialize_pose_graph_s.c
[10.617s] -- Up-to-date: /home/yyj/my_ws/install/slam_toolbox/local/lib/python3.10/dist-packages/slam_toolbox/srv/_loop_closure_s.c
[10.617s] -- Up-to-date: /home/yyj/my_ws/install/slam_toolbox/local/lib/python3.10/dist-packages/slam_toolbox/srv/_pause_s.c
[10.617s] -- Up-to-date: /home/yyj/my_ws/install/slam_toolbox/local/lib/python3.10/dist-packages/slam_toolbox/srv/_deserialize_pose_graph.py
[10.617s] -- Up-to-date: /home/yyj/my_ws/install/slam_toolbox/local/lib/python3.10/dist-packages/slam_toolbox/srv/_loop_closure.py
[10.618s] -- Up-to-date: /home/yyj/my_ws/install/slam_toolbox/local/lib/python3.10/dist-packages/slam_toolbox/srv/_clear_s.c
[10.618s] -- Up-to-date: /home/yyj/my_ws/install/slam_toolbox/local/lib/python3.10/dist-packages/slam_toolbox/srv/_merge_maps.py
[10.618s] -- Up-to-date: /home/yyj/my_ws/install/slam_toolbox/local/lib/python3.10/dist-packages/slam_toolbox/srv/_merge_maps_s.c
[10.618s] -- Up-to-date: /home/yyj/my_ws/install/slam_toolbox/local/lib/python3.10/dist-packages/slam_toolbox/srv/_add_submap.py
[10.618s] -- Up-to-date: /home/yyj/my_ws/install/slam_toolbox/local/lib/python3.10/dist-packages/slam_toolbox/srv/_save_map.py
[10.618s] -- Up-to-date: /home/yyj/my_ws/install/slam_toolbox/local/lib/python3.10/dist-packages/slam_toolbox/srv/_save_map_s.c
[10.618s] -- Up-to-date: /home/yyj/my_ws/install/slam_toolbox/local/lib/python3.10/dist-packages/slam_toolbox/srv/__init__.py
[10.618s] -- Up-to-date: /home/yyj/my_ws/install/slam_toolbox/local/lib/python3.10/dist-packages/slam_toolbox/srv/_clear_queue.py
[10.618s] -- Up-to-date: /home/yyj/my_ws/install/slam_toolbox/local/lib/python3.10/dist-packages/slam_toolbox/srv/_serialize_pose_graph.py
[10.618s] -- Up-to-date: /home/yyj/my_ws/install/slam_toolbox/local/lib/python3.10/dist-packages/slam_toolbox/srv/_clear_queue_s.c
[10.618s] -- Up-to-date: /home/yyj/my_ws/install/slam_toolbox/local/lib/python3.10/dist-packages/slam_toolbox/srv/_toggle_interactive.py
[10.619s] -- Up-to-date: /home/yyj/my_ws/install/slam_toolbox/local/lib/python3.10/dist-packages/slam_toolbox/srv/_add_submap_s.c
[10.619s] -- Up-to-date: /home/yyj/my_ws/install/slam_toolbox/local/lib/python3.10/dist-packages/slam_toolbox/_slam_toolbox_s.ep.rosidl_typesupport_fastrtps_c.c
[10.704s] Listing '/home/yyj/my_ws/install/slam_toolbox/local/lib/python3.10/dist-packages/slam_toolbox'...
[10.704s] Listing '/home/yyj/my_ws/install/slam_toolbox/local/lib/python3.10/dist-packages/slam_toolbox/srv'...
[10.718s] -- Up-to-date: /home/yyj/my_ws/install/slam_toolbox/local/lib/python3.10/dist-packages/slam_toolbox/slam_toolbox_s__rosidl_typesupport_fastrtps_c.cpython-310-x86_64-linux-gnu.so
[10.718s] -- Up-to-date: /home/yyj/my_ws/install/slam_toolbox/local/lib/python3.10/dist-packages/slam_toolbox/slam_toolbox_s__rosidl_typesupport_introspection_c.cpython-310-x86_64-linux-gnu.so
[10.719s] -- Up-to-date: /home/yyj/my_ws/install/slam_toolbox/local/lib/python3.10/dist-packages/slam_toolbox/slam_toolbox_s__rosidl_typesupport_c.cpython-310-x86_64-linux-gnu.so
[10.720s] -- Up-to-date: /home/yyj/my_ws/install/slam_toolbox/lib/libslam_toolbox__rosidl_generator_py.so
[10.720s] -- Up-to-date: /home/yyj/my_ws/install/slam_toolbox/share/slam_toolbox/srv/Pause.idl
[10.721s] -- Up-to-date: /home/yyj/my_ws/install/slam_toolbox/share/slam_toolbox/srv/ClearQueue.idl
[10.721s] -- Up-to-date: /home/yyj/my_ws/install/slam_toolbox/share/slam_toolbox/srv/ToggleInteractive.idl
[10.722s] -- Up-to-date: /home/yyj/my_ws/install/slam_toolbox/share/slam_toolbox/srv/Clear.idl
[10.722s] -- Up-to-date: /home/yyj/my_ws/install/slam_toolbox/share/slam_toolbox/srv/SaveMap.idl
[10.722s] -- Up-to-date: /home/yyj/my_ws/install/slam_toolbox/share/slam_toolbox/srv/LoopClosure.idl
[10.723s] -- Up-to-date: /home/yyj/my_ws/install/slam_toolbox/share/slam_toolbox/srv/MergeMaps.idl
[10.723s] -- Up-to-date: /home/yyj/my_ws/install/slam_toolbox/share/slam_toolbox/srv/AddSubmap.idl
[10.723s] -- Up-to-date: /home/yyj/my_ws/install/slam_toolbox/share/slam_toolbox/srv/DeserializePoseGraph.idl
[10.724s] -- Up-to-date: /home/yyj/my_ws/install/slam_toolbox/share/slam_toolbox/srv/SerializePoseGraph.idl
[10.724s] -- Up-to-date: /home/yyj/my_ws/install/slam_toolbox/share/slam_toolbox/srvs/Pause.srv
[10.724s] -- Up-to-date: /home/yyj/my_ws/install/slam_toolbox/share/slam_toolbox/srvs/Pause_Request.msg
[10.724s] -- Up-to-date: /home/yyj/my_ws/install/slam_toolbox/share/slam_toolbox/srvs/Pause_Response.msg
[10.725s] -- Up-to-date: /home/yyj/my_ws/install/slam_toolbox/share/slam_toolbox/srvs/ClearQueue.srv
[10.725s] -- Up-to-date: /home/yyj/my_ws/install/slam_toolbox/share/slam_toolbox/srvs/ClearQueue_Request.msg
[10.725s] -- Up-to-date: /home/yyj/my_ws/install/slam_toolbox/share/slam_toolbox/srvs/ClearQueue_Response.msg
[10.725s] -- Up-to-date: /home/yyj/my_ws/install/slam_toolbox/share/slam_toolbox/srvs/ToggleInteractive.srv
[10.726s] -- Up-to-date: /home/yyj/my_ws/install/slam_toolbox/share/slam_toolbox/srvs/ToggleInteractive_Request.msg
[10.726s] -- Up-to-date: /home/yyj/my_ws/install/slam_toolbox/share/slam_toolbox/srvs/ToggleInteractive_Response.msg
[10.726s] -- Up-to-date: /home/yyj/my_ws/install/slam_toolbox/share/slam_toolbox/srvs/Clear.srv
[10.726s] -- Up-to-date: /home/yyj/my_ws/install/slam_toolbox/share/slam_toolbox/srvs/Clear_Request.msg
[10.726s] -- Up-to-date: /home/yyj/my_ws/install/slam_toolbox/share/slam_toolbox/srvs/Clear_Response.msg
[10.726s] -- Up-to-date: /home/yyj/my_ws/install/slam_toolbox/share/slam_toolbox/srvs/SaveMap.srv
[10.726s] -- Up-to-date: /home/yyj/my_ws/install/slam_toolbox/share/slam_toolbox/srvs/SaveMap_Request.msg
[10.727s] -- Up-to-date: /home/yyj/my_ws/install/slam_toolbox/share/slam_toolbox/srvs/SaveMap_Response.msg
[10.727s] -- Up-to-date: /home/yyj/my_ws/install/slam_toolbox/share/slam_toolbox/srvs/LoopClosure.srv
[10.727s] -- Up-to-date: /home/yyj/my_ws/install/slam_toolbox/share/slam_toolbox/srvs/LoopClosure_Request.msg
[10.727s] -- Up-to-date: /home/yyj/my_ws/install/slam_toolbox/share/slam_toolbox/srvs/LoopClosure_Response.msg
[10.727s] -- Up-to-date: /home/yyj/my_ws/install/slam_toolbox/share/slam_toolbox/srvs/MergeMaps.srv
[10.728s] -- Up-to-date: /home/yyj/my_ws/install/slam_toolbox/share/slam_toolbox/srvs/MergeMaps_Request.msg
[10.728s] -- Up-to-date: /home/yyj/my_ws/install/slam_toolbox/share/slam_toolbox/srvs/MergeMaps_Response.msg
[10.728s] -- Up-to-date: /home/yyj/my_ws/install/slam_toolbox/share/slam_toolbox/srvs/AddSubmap.srv
[10.728s] -- Up-to-date: /home/yyj/my_ws/install/slam_toolbox/share/slam_toolbox/srvs/AddSubmap_Request.msg
[10.728s] -- Up-to-date: /home/yyj/my_ws/install/slam_toolbox/share/slam_toolbox/srvs/AddSubmap_Response.msg
[10.729s] -- Up-to-date: /home/yyj/my_ws/install/slam_toolbox/share/slam_toolbox/srvs/DeserializePoseGraph.srv
[10.729s] -- Up-to-date: /home/yyj/my_ws/install/slam_toolbox/share/slam_toolbox/srvs/DeserializePoseGraph_Request.msg
[10.729s] -- Up-to-date: /home/yyj/my_ws/install/slam_toolbox/share/slam_toolbox/srvs/DeserializePoseGraph_Response.msg
[10.729s] -- Up-to-date: /home/yyj/my_ws/install/slam_toolbox/share/slam_toolbox/srvs/SerializePoseGraph.srv
[10.729s] -- Up-to-date: /home/yyj/my_ws/install/slam_toolbox/share/slam_toolbox/srvs/SerializePoseGraph_Request.msg
[10.729s] -- Up-to-date: /home/yyj/my_ws/install/slam_toolbox/share/slam_toolbox/srvs/SerializePoseGraph_Response.msg
[10.729s] -- Up-to-date: /home/yyj/my_ws/install/slam_toolbox/share/slam_toolbox/rviz_plugins.xml
[10.730s] -- Up-to-date: /home/yyj/my_ws/install/slam_toolbox/share/slam_toolbox/solver_plugins.xml
[10.730s] -- Up-to-date: /home/yyj/my_ws/install/slam_toolbox/lib/slam_toolbox/async_slam_toolbox_node
[10.730s] -- Up-to-date: /home/yyj/my_ws/install/slam_toolbox/lib/slam_toolbox/sync_slam_toolbox_node
[10.730s] -- Up-to-date: /home/yyj/my_ws/install/slam_toolbox/lib/slam_toolbox/localization_slam_toolbox_node
[10.730s] -- Up-to-date: /home/yyj/my_ws/install/slam_toolbox/lib/slam_toolbox/map_and_localization_slam_toolbox_node
[10.730s] -- Up-to-date: /home/yyj/my_ws/install/slam_toolbox/lib/slam_toolbox/merge_maps_kinematic
[10.730s] -- Up-to-date: /home/yyj/my_ws/install/slam_toolbox/lib/libtoolbox_common.so
[10.730s] -- Up-to-date: /home/yyj/my_ws/install/slam_toolbox/lib/libSlamToolboxPlugin.so
[10.731s] -- Up-to-date: /home/yyj/my_ws/install/slam_toolbox/lib/libceres_solver_plugin.so
[10.731s] -- Up-to-date: /home/yyj/my_ws/install/slam_toolbox/lib/libasync_slam_toolbox.so
[10.731s] -- Up-to-date: /home/yyj/my_ws/install/slam_toolbox/lib/libsync_slam_toolbox.so
[10.733s] -- Up-to-date: /home/yyj/my_ws/install/slam_toolbox/lib/liblocalization_slam_toolbox.so
[10.733s] -- Up-to-date: /home/yyj/my_ws/install/slam_toolbox/lib/liblifelong_slam_toolbox.so
[10.734s] -- Up-to-date: /home/yyj/my_ws/install/slam_toolbox/lib/libmap_and_localization_slam_toolbox.so
[10.734s] -- Up-to-date: /home/yyj/my_ws/install/slam_toolbox/lib/libkartoSlamToolbox.so
[10.735s] -- Up-to-date: /home/yyj/my_ws/install/slam_toolbox/lib/libSlamToolboxPlugin.so
[10.736s] -- Up-to-date: /home/yyj/my_ws/install/slam_toolbox/include
[10.736s] -- Up-to-date: /home/yyj/my_ws/install/slam_toolbox/include/slam_toolbox
[10.737s] -- Up-to-date: /home/yyj/my_ws/install/slam_toolbox/include/slam_toolbox/experimental
[10.737s] -- Up-to-date: /home/yyj/my_ws/install/slam_toolbox/include/slam_toolbox/experimental/slam_toolbox_lifelong.hpp
[10.738s] -- Up-to-date: /home/yyj/my_ws/install/slam_toolbox/include/slam_toolbox/experimental/slam_toolbox_map_and_localization.hpp
[10.738s] -- Up-to-date: /home/yyj/my_ws/install/slam_toolbox/include/slam_toolbox/slam_toolbox_async.hpp
[10.739s] -- Up-to-date: /home/yyj/my_ws/install/slam_toolbox/include/slam_toolbox/slam_toolbox_localization.hpp
[10.739s] -- Up-to-date: /home/yyj/my_ws/install/slam_toolbox/include/slam_toolbox/toolbox_msgs.hpp
[10.739s] -- Up-to-date: /home/yyj/my_ws/install/slam_toolbox/include/slam_toolbox/visualization_utils.hpp
[10.739s] -- Up-to-date: /home/yyj/my_ws/install/slam_toolbox/include/slam_toolbox/laser_utils.hpp
[10.740s] -- Up-to-date: /home/yyj/my_ws/install/slam_toolbox/include/slam_toolbox/merge_maps_kinematic.hpp
[10.740s] -- Up-to-date: /home/yyj/my_ws/install/slam_toolbox/include/slam_toolbox/snap_utils.hpp
[10.741s] -- Up-to-date: /home/yyj/my_ws/install/slam_toolbox/include/slam_toolbox/serialization.hpp
[10.741s] -- Up-to-date: /home/yyj/my_ws/install/slam_toolbox/include/slam_toolbox/slam_toolbox_common.hpp
[10.741s] -- Up-to-date: /home/yyj/my_ws/install/slam_toolbox/include/slam_toolbox/slam_toolbox_sync.hpp
[10.742s] -- Up-to-date: /home/yyj/my_ws/install/slam_toolbox/include/slam_toolbox/map_saver.hpp
[10.742s] -- Up-to-date: /home/yyj/my_ws/install/slam_toolbox/include/slam_toolbox/loop_closure_assistant.hpp
[10.742s] -- Up-to-date: /home/yyj/my_ws/install/slam_toolbox/include/slam_toolbox/toolbox_types.hpp
[10.742s] -- Up-to-date: /home/yyj/my_ws/install/slam_toolbox/include/slam_toolbox/get_pose_helper.hpp
[10.743s] -- Up-to-date: /home/yyj/my_ws/install/slam_toolbox/include/slam_toolbox/slam_mapper.hpp
[10.743s] -- Up-to-date: /home/yyj/my_ws/install/slam_toolbox/share/slam_toolbox/launch
[10.743s] -- Up-to-date: /home/yyj/my_ws/install/slam_toolbox/share/slam_toolbox/launch/offline_launch.py
[10.744s] -- Up-to-date: /home/yyj/my_ws/install/slam_toolbox/share/slam_toolbox/launch/online_async_launch.py
[10.744s] -- Up-to-date: /home/yyj/my_ws/install/slam_toolbox/share/slam_toolbox/launch/localization_launch.py
[10.745s] -- Up-to-date: /home/yyj/my_ws/install/slam_toolbox/share/slam_toolbox/launch/online_sync_launch.py
[10.745s] -- Up-to-date: /home/yyj/my_ws/install/slam_toolbox/share/slam_toolbox/launch/merge_maps_kinematic_launch.py
[10.746s] -- Up-to-date: /home/yyj/my_ws/install/slam_toolbox/share/slam_toolbox/config
[10.746s] -- Up-to-date: /home/yyj/my_ws/install/slam_toolbox/share/slam_toolbox/config/mapper_params_lifelong.yaml
[10.746s] -- Up-to-date: /home/yyj/my_ws/install/slam_toolbox/share/slam_toolbox/config/mapper_params_online_sync.yaml
[10.747s] -- Up-to-date: /home/yyj/my_ws/install/slam_toolbox/share/slam_toolbox/config/slam_toolbox_default.rviz
[10.747s] -- Up-to-date: /home/yyj/my_ws/install/slam_toolbox/share/slam_toolbox/config/mapper_params_offline.yaml
[10.747s] -- Up-to-date: /home/yyj/my_ws/install/slam_toolbox/share/slam_toolbox/config/mapper_params_localization.yaml
[10.747s] -- Up-to-date: /home/yyj/my_ws/install/slam_toolbox/share/slam_toolbox/config/mapper_params_online_async.yaml
[10.747s] -- Up-to-date: /home/yyj/my_ws/install/slam_toolbox/share/solver_plugins.xml
[10.748s] -- Up-to-date: /home/yyj/my_ws/install/slam_toolbox/share/rviz_plugins.xml
[10.748s] -- Up-to-date: /home/yyj/my_ws/install/slam_toolbox/share/ament_index/resource_index/package_run_dependencies/slam_toolbox
[10.748s] -- Up-to-date: /home/yyj/my_ws/install/slam_toolbox/share/ament_index/resource_index/parent_prefix_path/slam_toolbox
[10.748s] -- Up-to-date: /home/yyj/my_ws/install/slam_toolbox/share/slam_toolbox/environment/ament_prefix_path.sh
[10.748s] -- Up-to-date: /home/yyj/my_ws/install/slam_toolbox/share/slam_toolbox/environment/ament_prefix_path.dsv
[10.749s] -- Up-to-date: /home/yyj/my_ws/install/slam_toolbox/share/slam_toolbox/environment/path.sh
[10.749s] -- Up-to-date: /home/yyj/my_ws/install/slam_toolbox/share/slam_toolbox/environment/path.dsv
[10.749s] -- Up-to-date: /home/yyj/my_ws/install/slam_toolbox/share/slam_toolbox/local_setup.bash
[10.749s] -- Up-to-date: /home/yyj/my_ws/install/slam_toolbox/share/slam_toolbox/local_setup.sh
[10.750s] -- Up-to-date: /home/yyj/my_ws/install/slam_toolbox/share/slam_toolbox/local_setup.zsh
[10.750s] -- Up-to-date: /home/yyj/my_ws/install/slam_toolbox/share/slam_toolbox/local_setup.dsv
[10.750s] -- Installing: /home/yyj/my_ws/install/slam_toolbox/share/slam_toolbox/package.dsv
[10.750s] -- Up-to-date: /home/yyj/my_ws/install/slam_toolbox/share/ament_index/resource_index/packages/slam_toolbox
[10.750s] -- Up-to-date: /home/yyj/my_ws/install/slam_toolbox/share/ament_index/resource_index/rviz_common__pluginlib__plugin/slam_toolbox
[10.750s] -- Up-to-date: /home/yyj/my_ws/install/slam_toolbox/share/ament_index/resource_index/slam_toolbox__pluginlib__plugin/slam_toolbox
[10.751s] -- Up-to-date: /home/yyj/my_ws/install/slam_toolbox/share/slam_toolbox/cmake/export_slam_toolbox__rosidl_generator_cExport.cmake
[10.752s] -- Up-to-date: /home/yyj/my_ws/install/slam_toolbox/share/slam_toolbox/cmake/export_slam_toolbox__rosidl_generator_cExport-release.cmake
[10.754s] -- Up-to-date: /home/yyj/my_ws/install/slam_toolbox/share/slam_toolbox/cmake/export_slam_toolbox__rosidl_typesupport_fastrtps_cExport.cmake
[10.755s] -- Up-to-date: /home/yyj/my_ws/install/slam_toolbox/share/slam_toolbox/cmake/export_slam_toolbox__rosidl_typesupport_fastrtps_cExport-release.cmake
[10.756s] -- Up-to-date: /home/yyj/my_ws/install/slam_toolbox/share/slam_toolbox/cmake/export_slam_toolbox__rosidl_generator_cppExport.cmake
[10.756s] -- Up-to-date: /home/yyj/my_ws/install/slam_toolbox/share/slam_toolbox/cmake/export_slam_toolbox__rosidl_typesupport_fastrtps_cppExport.cmake
[10.756s] -- Up-to-date: /home/yyj/my_ws/install/slam_toolbox/share/slam_toolbox/cmake/export_slam_toolbox__rosidl_typesupport_fastrtps_cppExport-release.cmake
[10.756s] -- Up-to-date: /home/yyj/my_ws/install/slam_toolbox/share/slam_toolbox/cmake/slam_toolbox__rosidl_typesupport_introspection_cExport.cmake
[10.756s] -- Up-to-date: /home/yyj/my_ws/install/slam_toolbox/share/slam_toolbox/cmake/slam_toolbox__rosidl_typesupport_introspection_cExport-release.cmake
[10.756s] -- Up-to-date: /home/yyj/my_ws/install/slam_toolbox/share/slam_toolbox/cmake/slam_toolbox__rosidl_typesupport_cExport.cmake
[10.757s] -- Up-to-date: /home/yyj/my_ws/install/slam_toolbox/share/slam_toolbox/cmake/slam_toolbox__rosidl_typesupport_cExport-release.cmake
[10.757s] -- Up-to-date: /home/yyj/my_ws/install/slam_toolbox/share/slam_toolbox/cmake/slam_toolbox__rosidl_typesupport_introspection_cppExport.cmake
[10.757s] -- Up-to-date: /home/yyj/my_ws/install/slam_toolbox/share/slam_toolbox/cmake/slam_toolbox__rosidl_typesupport_introspection_cppExport-release.cmake
[10.758s] -- Up-to-date: /home/yyj/my_ws/install/slam_toolbox/share/slam_toolbox/cmake/slam_toolbox__rosidl_typesupport_cppExport.cmake
[10.758s] -- Up-to-date: /home/yyj/my_ws/install/slam_toolbox/share/slam_toolbox/cmake/slam_toolbox__rosidl_typesupport_cppExport-release.cmake
[10.759s] -- Up-to-date: /home/yyj/my_ws/install/slam_toolbox/share/slam_toolbox/cmake/export_slam_toolbox__rosidl_generator_pyExport.cmake
[10.759s] -- Up-to-date: /home/yyj/my_ws/install/slam_toolbox/share/slam_toolbox/cmake/export_slam_toolbox__rosidl_generator_pyExport-release.cmake
[10.759s] -- Up-to-date: /home/yyj/my_ws/install/slam_toolbox/share/slam_toolbox/cmake/SlamToolboxPluginExport.cmake
[10.759s] -- Up-to-date: /home/yyj/my_ws/install/slam_toolbox/share/slam_toolbox/cmake/SlamToolboxPluginExport-release.cmake
[10.759s] -- Up-to-date: /home/yyj/my_ws/install/slam_toolbox/share/ament_index/resource_index/rclcpp_components/slam_toolbox
[10.760s] -- Up-to-date: /home/yyj/my_ws/install/slam_toolbox/share/slam_toolbox/cmake/rosidl_cmake-extras.cmake
[10.760s] -- Up-to-date: /home/yyj/my_ws/install/slam_toolbox/share/slam_toolbox/cmake/ament_cmake_export_dependencies-extras.cmake
[10.760s] -- Up-to-date: /home/yyj/my_ws/install/slam_toolbox/share/slam_toolbox/cmake/ament_cmake_export_include_directories-extras.cmake
[10.760s] -- Up-to-date: /home/yyj/my_ws/install/slam_toolbox/share/slam_toolbox/cmake/ament_cmake_export_libraries-extras.cmake
[10.760s] -- Up-to-date: /home/yyj/my_ws/install/slam_toolbox/share/slam_toolbox/cmake/ament_cmake_export_targets-extras.cmake
[10.760s] -- Up-to-date: /home/yyj/my_ws/install/slam_toolbox/share/slam_toolbox/cmake/rosidl_cmake_export_typesupport_targets-extras.cmake
[10.761s] -- Up-to-date: /home/yyj/my_ws/install/slam_toolbox/share/slam_toolbox/cmake/rosidl_cmake_export_typesupport_libraries-extras.cmake
[10.761s] -- Up-to-date: /home/yyj/my_ws/install/slam_toolbox/share/slam_toolbox/cmake/slam_toolboxConfig.cmake
[10.762s] -- Up-to-date: /home/yyj/my_ws/install/slam_toolbox/share/slam_toolbox/cmake/slam_toolboxConfig-version.cmake
[10.762s] -- Up-to-date: /home/yyj/my_ws/install/slam_toolbox/share/slam_toolbox/package.xml
[10.762s] -- Up-to-date: /home/yyj/my_ws/install/slam_toolbox/include/
[10.762s] -- Up-to-date: /home/yyj/my_ws/install/slam_toolbox/include//karto_sdk
[10.762s] -- Up-to-date: /home/yyj/my_ws/install/slam_toolbox/include//karto_sdk/nanoflann_adaptors.h
[10.763s] -- Up-to-date: /home/yyj/my_ws/install/slam_toolbox/include//karto_sdk/Karto.h
[10.763s] -- Up-to-date: /home/yyj/my_ws/install/slam_toolbox/include//karto_sdk/Types.h
[10.763s] -- Up-to-date: /home/yyj/my_ws/install/slam_toolbox/include//karto_sdk/Math.h
[10.763s] -- Up-to-date: /home/yyj/my_ws/install/slam_toolbox/include//karto_sdk/Macros.h
[10.763s] -- Up-to-date: /home/yyj/my_ws/install/slam_toolbox/include//karto_sdk/Mapper.h
[10.764s] -- Up-to-date: /home/yyj/my_ws/install/slam_toolbox/include//karto_sdk/nanoflann.hpp
[10.765s] Invoked command in '/home/yyj/my_ws/build/slam_toolbox' returned '0': CMAKE_PREFIX_PATH=${CMAKE_PREFIX_PATH}:/home/yyj/my_ws/install/ros2_aruco:/home/yyj/my_ws/install/open_action_server:/home/yyj/my_ws/install/my_tf2_package:/home/yyj/my_ws/install/my_docking:/home/yyj/my_ws/install/my_aruco_to_goal_pose_pkg:/opt/ros/humble /usr/bin/cmake --install /home/yyj/my_ws/build/slam_toolbox
