[0.342s] Invoking command in '/home/yyj/my_ws/build/odrive_hardware_interface': CMAKE_PREFIX_PATH=${CMAKE_PREFIX_PATH}:/home/yyj/my_ws/install/ros2_aruco:/home/yyj/my_ws/install/open_action_server:/home/yyj/my_ws/install/my_tf2_package:/home/yyj/my_ws/install/my_docking:/home/yyj/my_ws/install/my_aruco_to_goal_pose_pkg:/opt/ros/humble /usr/bin/cmake --build /home/yyj/my_ws/build/odrive_hardware_interface -- -j16 -l16
[5.036s] [ 50%] Built target odrive_usb
[5.038s] [100%] Built target odrive_hardware_interface
[5.079s] Invoked command in '/home/yyj/my_ws/build/odrive_hardware_interface' returned '0': CMAKE_PREFIX_PATH=${CMAKE_PREFIX_PATH}:/home/yyj/my_ws/install/ros2_aruco:/home/yyj/my_ws/install/open_action_server:/home/yyj/my_ws/install/my_tf2_package:/home/yyj/my_ws/install/my_docking:/home/yyj/my_ws/install/my_aruco_to_goal_pose_pkg:/opt/ros/humble /usr/bin/cmake --build /home/yyj/my_ws/build/odrive_hardware_interface -- -j16 -l16
[6.076s] Invoking command in '/home/yyj/my_ws/build/odrive_hardware_interface': CMAKE_PREFIX_PATH=${CMAKE_PREFIX_PATH}:/home/yyj/my_ws/install/ros2_aruco:/home/yyj/my_ws/install/open_action_server:/home/yyj/my_ws/install/my_tf2_package:/home/yyj/my_ws/install/my_docking:/home/yyj/my_ws/install/my_aruco_to_goal_pose_pkg:/opt/ros/humble /usr/bin/cmake --install /home/yyj/my_ws/build/odrive_hardware_interface
[6.138s] -- Install configuration: ""
[6.143s] -- Up-to-date: /home/yyj/my_ws/install/odrive_hardware_interface/share/odrive_hardware_interface/odrive_hardware_interface.xml
[6.146s] -- Up-to-date: /home/yyj/my_ws/install/odrive_hardware_interface/include
[6.146s] -- Up-to-date: /home/yyj/my_ws/install/odrive_hardware_interface/include/odrive_hardware_interface
[6.147s] -- Up-to-date: /home/yyj/my_ws/install/odrive_hardware_interface/include/odrive_hardware_interface/odrive_usb.hpp
[6.147s] -- Up-to-date: /home/yyj/my_ws/install/odrive_hardware_interface/include/odrive_hardware_interface/odrive_hardware_interface.hpp
[6.147s] -- Up-to-date: /home/yyj/my_ws/install/odrive_hardware_interface/include/odrive_hardware_interface/visibility_control.hpp
[6.147s] -- Up-to-date: /home/yyj/my_ws/install/odrive_hardware_interface/include/odrive_hardware_interface/odrive_endpoints.hpp
[6.150s] -- Up-to-date: /home/yyj/my_ws/install/odrive_hardware_interface/share/odrive_hardware_interface/environment/library_path.sh
[6.152s] -- Up-to-date: /home/yyj/my_ws/install/odrive_hardware_interface/share/odrive_hardware_interface/environment/library_path.dsv
[6.159s] -- Up-to-date: /home/yyj/my_ws/install/odrive_hardware_interface/lib/libodrive_usb.so
[6.159s] -- Up-to-date: /home/yyj/my_ws/install/odrive_hardware_interface/lib/libodrive_hardware_interface.so
[6.160s] -- Up-to-date: /home/yyj/my_ws/install/odrive_hardware_interface/share/ament_index/resource_index/package_run_dependencies/odrive_hardware_interface
[6.160s] -- Up-to-date: /home/yyj/my_ws/install/odrive_hardware_interface/share/ament_index/resource_index/parent_prefix_path/odrive_hardware_interface
[6.160s] -- Up-to-date: /home/yyj/my_ws/install/odrive_hardware_interface/share/odrive_hardware_interface/environment/ament_prefix_path.sh
[6.160s] -- Up-to-date: /home/yyj/my_ws/install/odrive_hardware_interface/share/odrive_hardware_interface/environment/ament_prefix_path.dsv
[6.162s] -- Up-to-date: /home/yyj/my_ws/install/odrive_hardware_interface/share/odrive_hardware_interface/environment/path.sh
[6.163s] -- Up-to-date: /home/yyj/my_ws/install/odrive_hardware_interface/share/odrive_hardware_interface/environment/path.dsv
[6.163s] -- Up-to-date: /home/yyj/my_ws/install/odrive_hardware_interface/share/odrive_hardware_interface/local_setup.bash
[6.164s] -- Up-to-date: /home/yyj/my_ws/install/odrive_hardware_interface/share/odrive_hardware_interface/local_setup.sh
[6.165s] -- Up-to-date: /home/yyj/my_ws/install/odrive_hardware_interface/share/odrive_hardware_interface/local_setup.zsh
[6.165s] -- Up-to-date: /home/yyj/my_ws/install/odrive_hardware_interface/share/odrive_hardware_interface/local_setup.dsv
[6.175s] -- Installing: /home/yyj/my_ws/install/odrive_hardware_interface/share/odrive_hardware_interface/package.dsv
[6.179s] -- Up-to-date: /home/yyj/my_ws/install/odrive_hardware_interface/share/ament_index/resource_index/packages/odrive_hardware_interface
[6.181s] -- Up-to-date: /home/yyj/my_ws/install/odrive_hardware_interface/share/ament_index/resource_index/hardware_interface__pluginlib__plugin/odrive_hardware_interface
[6.191s] -- Up-to-date: /home/yyj/my_ws/install/odrive_hardware_interface/share/odrive_hardware_interface/cmake/ament_cmake_export_dependencies-extras.cmake
[6.191s] -- Up-to-date: /home/yyj/my_ws/install/odrive_hardware_interface/share/odrive_hardware_interface/cmake/ament_cmake_export_include_directories-extras.cmake
[6.192s] -- Up-to-date: /home/yyj/my_ws/install/odrive_hardware_interface/share/odrive_hardware_interface/cmake/ament_cmake_export_libraries-extras.cmake
[6.192s] -- Up-to-date: /home/yyj/my_ws/install/odrive_hardware_interface/share/odrive_hardware_interface/cmake/odrive_hardware_interfaceConfig.cmake
[6.193s] -- Up-to-date: /home/yyj/my_ws/install/odrive_hardware_interface/share/odrive_hardware_interface/cmake/odrive_hardware_interfaceConfig-version.cmake
[6.193s] -- Up-to-date: /home/yyj/my_ws/install/odrive_hardware_interface/share/odrive_hardware_interface/package.xml
[6.259s] Invoked command in '/home/yyj/my_ws/build/odrive_hardware_interface' returned '0': CMAKE_PREFIX_PATH=${CMAKE_PREFIX_PATH}:/home/yyj/my_ws/install/ros2_aruco:/home/yyj/my_ws/install/open_action_server:/home/yyj/my_ws/install/my_tf2_package:/home/yyj/my_ws/install/my_docking:/home/yyj/my_ws/install/my_aruco_to_goal_pose_pkg:/opt/ros/humble /usr/bin/cmake --install /home/yyj/my_ws/build/odrive_hardware_interface
