[3.008s] Invoking command in '/home/yyj/my_ws/build/usb_cam': CMAKE_PREFIX_PATH=${CMAKE_PREFIX_PATH}:/home/yyj/my_ws/install/ros2_aruco:/home/yyj/my_ws/install/open_action_server:/home/yyj/my_ws/install/my_tf2_package:/home/yyj/my_ws/install/my_docking:/home/yyj/my_ws/install/my_aruco_to_goal_pose_pkg:/opt/ros/humble /usr/bin/cmake --build /home/yyj/my_ws/build/usb_cam -- -j16 -l16
[3.312s] [ 14%] Built target usb_cam
[3.316s] [ 28%] Built target usb_cam_node_exe
[3.346s] [ 42%] Built target gtest
[3.364s] [ 57%] Built target gtest_main
[3.641s] [ 71%] Built target test_usb_cam_utils
[3.672s] [ 85%] Built target test_pixel_formats
[3.702s] [100%] Built target usb_cam_node
[3.785s] Invoked command in '/home/yyj/my_ws/build/usb_cam' returned '0': CMAKE_PREFIX_PATH=${CMAKE_PREFIX_PATH}:/home/yyj/my_ws/install/ros2_aruco:/home/yyj/my_ws/install/open_action_server:/home/yyj/my_ws/install/my_tf2_package:/home/yyj/my_ws/install/my_docking:/home/yyj/my_ws/install/my_aruco_to_goal_pose_pkg:/opt/ros/humble /usr/bin/cmake --build /home/yyj/my_ws/build/usb_cam -- -j16 -l16
[4.190s] Invoking command in '/home/yyj/my_ws/build/usb_cam': CMAKE_PREFIX_PATH=${CMAKE_PREFIX_PATH}:/home/yyj/my_ws/install/ros2_aruco:/home/yyj/my_ws/install/open_action_server:/home/yyj/my_ws/install/my_tf2_package:/home/yyj/my_ws/install/my_docking:/home/yyj/my_ws/install/my_aruco_to_goal_pose_pkg:/opt/ros/humble /usr/bin/cmake --install /home/yyj/my_ws/build/usb_cam
[4.257s] -- Install configuration: ""
[4.270s] -- Up-to-date: /home/yyj/my_ws/install/usb_cam/share/usb_cam/environment/library_path.sh
[4.275s] -- Up-to-date: /home/yyj/my_ws/install/usb_cam/share/usb_cam/environment/library_path.dsv
[4.276s] -- Up-to-date: /home/yyj/my_ws/install/usb_cam/lib/usb_cam/usb_cam_node_exe
[4.279s] -- Up-to-date: /home/yyj/my_ws/install/usb_cam/lib/usb_cam/show_image.py
[4.280s] -- Up-to-date: /home/yyj/my_ws/install/usb_cam/lib/libusb_cam.so
[4.283s] -- Up-to-date: /home/yyj/my_ws/install/usb_cam/lib/libusb_cam_node.so
[4.284s] -- Up-to-date: /home/yyj/my_ws/install/usb_cam/include
[4.284s] -- Up-to-date: /home/yyj/my_ws/install/usb_cam/include/usb_cam
[4.285s] -- Up-to-date: /home/yyj/my_ws/install/usb_cam/include/usb_cam/usb_cam.hpp
[4.285s] -- Up-to-date: /home/yyj/my_ws/install/usb_cam/include/usb_cam/formats
[4.286s] -- Up-to-date: /home/yyj/my_ws/install/usb_cam/include/usb_cam/formats/av_pixel_format_helper.hpp
[4.286s] -- Up-to-date: /home/yyj/my_ws/install/usb_cam/include/usb_cam/formats/mjpeg.hpp
[4.286s] -- Up-to-date: /home/yyj/my_ws/install/usb_cam/include/usb_cam/formats/m420.hpp
[4.286s] -- Up-to-date: /home/yyj/my_ws/install/usb_cam/include/usb_cam/formats/yuyv.hpp
[4.287s] -- Up-to-date: /home/yyj/my_ws/install/usb_cam/include/usb_cam/formats/pixel_format_base.hpp
[4.287s] -- Up-to-date: /home/yyj/my_ws/install/usb_cam/include/usb_cam/formats/rgb.hpp
[4.292s] -- Up-to-date: /home/yyj/my_ws/install/usb_cam/include/usb_cam/formats/mono.hpp
[4.292s] -- Up-to-date: /home/yyj/my_ws/install/usb_cam/include/usb_cam/formats/uyvy.hpp
[4.293s] -- Up-to-date: /home/yyj/my_ws/install/usb_cam/include/usb_cam/formats/utils.hpp
[4.293s] -- Up-to-date: /home/yyj/my_ws/install/usb_cam/include/usb_cam/conversions.hpp
[4.293s] -- Up-to-date: /home/yyj/my_ws/install/usb_cam/include/usb_cam/usb_cam_node.hpp
[4.294s] -- Up-to-date: /home/yyj/my_ws/install/usb_cam/include/usb_cam/constants.hpp
[4.294s] -- Up-to-date: /home/yyj/my_ws/install/usb_cam/include/usb_cam/utils.hpp
[4.294s] -- Up-to-date: /home/yyj/my_ws/install/usb_cam/lib/libusb_cam_node.so
[4.295s] -- Up-to-date: /home/yyj/my_ws/install/usb_cam/share/usb_cam/launch
[4.295s] -- Up-to-date: /home/yyj/my_ws/install/usb_cam/share/usb_cam/launch/__init__.py
[4.296s] -- Up-to-date: /home/yyj/my_ws/install/usb_cam/share/usb_cam/launch/camera_config.py
[4.297s] -- Up-to-date: /home/yyj/my_ws/install/usb_cam/share/usb_cam/launch/camera.launch.py
[4.297s] -- Up-to-date: /home/yyj/my_ws/install/usb_cam/share/usb_cam/config
[4.303s] -- Up-to-date: /home/yyj/my_ws/install/usb_cam/share/usb_cam/config/camera_info.yaml
[4.303s] -- Up-to-date: /home/yyj/my_ws/install/usb_cam/share/usb_cam/config/params_2.yaml
[4.304s] -- Up-to-date: /home/yyj/my_ws/install/usb_cam/share/usb_cam/config/params_1.yaml
[4.304s] -- Up-to-date: /home/yyj/my_ws/install/usb_cam/share/ament_index/resource_index/package_run_dependencies/usb_cam
[4.305s] -- Up-to-date: /home/yyj/my_ws/install/usb_cam/share/ament_index/resource_index/parent_prefix_path/usb_cam
[4.305s] -- Up-to-date: /home/yyj/my_ws/install/usb_cam/share/usb_cam/environment/ament_prefix_path.sh
[4.305s] -- Up-to-date: /home/yyj/my_ws/install/usb_cam/share/usb_cam/environment/ament_prefix_path.dsv
[4.306s] -- Up-to-date: /home/yyj/my_ws/install/usb_cam/share/usb_cam/environment/path.sh
[4.306s] -- Up-to-date: /home/yyj/my_ws/install/usb_cam/share/usb_cam/environment/path.dsv
[4.307s] -- Up-to-date: /home/yyj/my_ws/install/usb_cam/share/usb_cam/local_setup.bash
[4.307s] -- Up-to-date: /home/yyj/my_ws/install/usb_cam/share/usb_cam/local_setup.sh
[4.307s] -- Up-to-date: /home/yyj/my_ws/install/usb_cam/share/usb_cam/local_setup.zsh
[4.308s] -- Up-to-date: /home/yyj/my_ws/install/usb_cam/share/usb_cam/local_setup.dsv
[4.309s] -- Installing: /home/yyj/my_ws/install/usb_cam/share/usb_cam/package.dsv
[4.312s] -- Up-to-date: /home/yyj/my_ws/install/usb_cam/share/ament_index/resource_index/packages/usb_cam
[4.313s] -- Up-to-date: /home/yyj/my_ws/install/usb_cam/share/ament_index/resource_index/rclcpp_components/usb_cam
[4.313s] -- Up-to-date: /home/yyj/my_ws/install/usb_cam/share/usb_cam/cmake/ament_cmake_export_libraries-extras.cmake
[4.322s] -- Up-to-date: /home/yyj/my_ws/install/usb_cam/share/usb_cam/cmake/ament_cmake_export_dependencies-extras.cmake
[4.322s] -- Up-to-date: /home/yyj/my_ws/install/usb_cam/share/usb_cam/cmake/ament_cmake_export_include_directories-extras.cmake
[4.322s] -- Up-to-date: /home/yyj/my_ws/install/usb_cam/share/usb_cam/cmake/usb_camConfig.cmake
[4.322s] -- Up-to-date: /home/yyj/my_ws/install/usb_cam/share/usb_cam/cmake/usb_camConfig-version.cmake
[4.323s] -- Up-to-date: /home/yyj/my_ws/install/usb_cam/share/usb_cam/package.xml
[4.343s] Invoked command in '/home/yyj/my_ws/build/usb_cam' returned '0': CMAKE_PREFIX_PATH=${CMAKE_PREFIX_PATH}:/home/yyj/my_ws/install/ros2_aruco:/home/yyj/my_ws/install/open_action_server:/home/yyj/my_ws/install/my_tf2_package:/home/yyj/my_ws/install/my_docking:/home/yyj/my_ws/install/my_aruco_to_goal_pose_pkg:/opt/ros/humble /usr/bin/cmake --install /home/yyj/my_ws/build/usb_cam
