[10.001s] Invoking command in '/home/yyj/my_ws/src/my_docking': PYTHONPATH=/home/yyj/my_ws/build/my_docking/prefix_override:/home/yyj/my_ws/install/my_docking/lib/python3.10/site-packages:${PYTHONPATH} /usr/bin/python3 -W ignore:setup.py install is deprecated setup.py egg_info --egg-base ../../build/my_docking build --build-base /home/yyj/my_ws/build/my_docking/build install --record /home/yyj/my_ws/build/my_docking/install.log --single-version-externally-managed install_data
[11.104s] running egg_info
[11.108s] writing ../../build/my_docking/my_docking.egg-info/PKG-INFO
[11.109s] writing dependency_links to ../../build/my_docking/my_docking.egg-info/dependency_links.txt
[11.109s] writing entry points to ../../build/my_docking/my_docking.egg-info/entry_points.txt
[11.112s] writing requirements to ../../build/my_docking/my_docking.egg-info/requires.txt
[11.112s] writing top-level names to ../../build/my_docking/my_docking.egg-info/top_level.txt
[11.120s] reading manifest file '../../build/my_docking/my_docking.egg-info/SOURCES.txt'
[11.124s] writing manifest file '../../build/my_docking/my_docking.egg-info/SOURCES.txt'
[11.126s] running build
[11.127s] running build_py
[11.127s] running install
[11.129s] running install_lib
[11.137s] running install_data
[11.137s] running install_egg_info
[11.145s] removing '/home/yyj/my_ws/install/my_docking/lib/python3.10/site-packages/my_docking-0.0.0-py3.10.egg-info' (and everything under it)
[11.146s] Copying ../../build/my_docking/my_docking.egg-info to /home/yyj/my_ws/install/my_docking/lib/python3.10/site-packages/my_docking-0.0.0-py3.10.egg-info
[11.147s] running install_scripts
[11.240s] Installing docking script to /home/yyj/my_ws/install/my_docking/lib/my_docking
[11.240s] writing list of installed files to '/home/yyj/my_ws/build/my_docking/install.log'
[11.367s] Invoked command in '/home/yyj/my_ws/src/my_docking' returned '0': PYTHONPATH=/home/yyj/my_ws/build/my_docking/prefix_override:/home/yyj/my_ws/install/my_docking/lib/python3.10/site-packages:${PYTHONPATH} /usr/bin/python3 -W ignore:setup.py install is deprecated setup.py egg_info --egg-base ../../build/my_docking build --build-base /home/yyj/my_ws/build/my_docking/build install --record /home/yyj/my_ws/build/my_docking/install.log --single-version-externally-managed install_data
