[4.989s] Invoking command in '/home/yyj/my_ws/src/my_tf2_package': PYTHONPATH=/home/yyj/my_ws/build/my_tf2_package/prefix_override:/home/yyj/my_ws/install/my_tf2_package/lib/python3.10/site-packages:${PYTHONPATH} /usr/bin/python3 -W ignore:setup.py install is deprecated setup.py egg_info --egg-base ../../build/my_tf2_package build --build-base /home/yyj/my_ws/build/my_tf2_package/build install --record /home/yyj/my_ws/build/my_tf2_package/install.log --single-version-externally-managed install_data
[6.077s] running egg_info
[6.079s] creating ../../build/my_tf2_package/my_tf2_package.egg-info
[6.080s] writing ../../build/my_tf2_package/my_tf2_package.egg-info/PKG-INFO
[6.081s] writing dependency_links to ../../build/my_tf2_package/my_tf2_package.egg-info/dependency_links.txt
[6.081s] writing entry points to ../../build/my_tf2_package/my_tf2_package.egg-info/entry_points.txt
[6.082s] writing requirements to ../../build/my_tf2_package/my_tf2_package.egg-info/requires.txt
[6.082s] writing top-level names to ../../build/my_tf2_package/my_tf2_package.egg-info/top_level.txt
[6.083s] writing manifest file '../../build/my_tf2_package/my_tf2_package.egg-info/SOURCES.txt'
[6.087s] reading manifest file '../../build/my_tf2_package/my_tf2_package.egg-info/SOURCES.txt'
[6.088s] adding license file 'LICENSE'
[6.091s] writing manifest file '../../build/my_tf2_package/my_tf2_package.egg-info/SOURCES.txt'
[6.092s] running build
[6.092s] running build_py
[6.093s] creating /home/yyj/my_ws/build/my_tf2_package/build
[6.093s] creating /home/yyj/my_ws/build/my_tf2_package/build/lib
[6.094s] creating /home/yyj/my_ws/build/my_tf2_package/build/lib/my_tf2_package
[6.094s] copying my_tf2_package/my_static_cart_tf2_broadcaster.py -> /home/yyj/my_ws/build/my_tf2_package/build/lib/my_tf2_package
[6.094s] copying my_tf2_package/__init__.py -> /home/yyj/my_ws/build/my_tf2_package/build/lib/my_tf2_package
[6.096s] running install
[6.097s] running install_lib
[6.098s] creating /home/yyj/my_ws/install/my_tf2_package/lib/python3.10/site-packages/my_tf2_package
[6.098s] copying /home/yyj/my_ws/build/my_tf2_package/build/lib/my_tf2_package/my_static_cart_tf2_broadcaster.py -> /home/yyj/my_ws/install/my_tf2_package/lib/python3.10/site-packages/my_tf2_package
[6.099s] copying /home/yyj/my_ws/build/my_tf2_package/build/lib/my_tf2_package/__init__.py -> /home/yyj/my_ws/install/my_tf2_package/lib/python3.10/site-packages/my_tf2_package
[6.100s] byte-compiling /home/yyj/my_ws/install/my_tf2_package/lib/python3.10/site-packages/my_tf2_package/my_static_cart_tf2_broadcaster.py to my_static_cart_tf2_broadcaster.cpython-310.pyc
[6.104s] byte-compiling /home/yyj/my_ws/install/my_tf2_package/lib/python3.10/site-packages/my_tf2_package/__init__.py to __init__.cpython-310.pyc
[6.105s] running install_data
[6.107s] creating /home/yyj/my_ws/install/my_tf2_package/share/ament_index
[6.107s] creating /home/yyj/my_ws/install/my_tf2_package/share/ament_index/resource_index
[6.108s] creating /home/yyj/my_ws/install/my_tf2_package/share/ament_index/resource_index/packages
[6.108s] copying resource/my_tf2_package -> /home/yyj/my_ws/install/my_tf2_package/share/ament_index/resource_index/packages
[6.108s] copying package.xml -> /home/yyj/my_ws/install/my_tf2_package/share/my_tf2_package
[6.108s] running install_egg_info
[6.111s] Copying ../../build/my_tf2_package/my_tf2_package.egg-info to /home/yyj/my_ws/install/my_tf2_package/lib/python3.10/site-packages/my_tf2_package-0.0.0-py3.10.egg-info
[6.113s] running install_scripts
[6.192s] Installing my_static_cart_tf2_broadcaster script to /home/yyj/my_ws/install/my_tf2_package/lib/my_tf2_package
[6.193s] writing list of installed files to '/home/yyj/my_ws/build/my_tf2_package/install.log'
[6.344s] Invoked command in '/home/yyj/my_ws/src/my_tf2_package' returned '0': PYTHONPATH=/home/yyj/my_ws/build/my_tf2_package/prefix_override:/home/yyj/my_ws/install/my_tf2_package/lib/python3.10/site-packages:${PYTHONPATH} /usr/bin/python3 -W ignore:setup.py install is deprecated setup.py egg_info --egg-base ../../build/my_tf2_package build --build-base /home/yyj/my_ws/build/my_tf2_package/build install --record /home/yyj/my_ws/build/my_tf2_package/install.log --single-version-externally-managed install_data
