[0.345s] Invoking command in '/home/yyj/my_ws/build/odrive_demo_description': CMAKE_PREFIX_PATH=${CMAKE_PREFIX_PATH}:/home/yyj/my_ws/install/ros2_aruco:/home/yyj/my_ws/install/open_action_server:/home/yyj/my_ws/install/my_tf2_package:/home/yyj/my_ws/install/my_docking:/home/yyj/my_ws/install/my_aruco_to_goal_pose_pkg:/opt/ros/humble /usr/bin/cmake --build /home/yyj/my_ws/build/odrive_demo_description -- -j16 -l16
[4.293s] Invoked command in '/home/yyj/my_ws/build/odrive_demo_description' returned '0': CMAKE_PREFIX_PATH=${CMAKE_PREFIX_PATH}:/home/yyj/my_ws/install/ros2_aruco:/home/yyj/my_ws/install/open_action_server:/home/yyj/my_ws/install/my_tf2_package:/home/yyj/my_ws/install/my_docking:/home/yyj/my_ws/install/my_aruco_to_goal_pose_pkg:/opt/ros/humble /usr/bin/cmake --build /home/yyj/my_ws/build/odrive_demo_description -- -j16 -l16
[4.487s] Invoking command in '/home/yyj/my_ws/build/odrive_demo_description': CMAKE_PREFIX_PATH=${CMAKE_PREFIX_PATH}:/home/yyj/my_ws/install/ros2_aruco:/home/yyj/my_ws/install/open_action_server:/home/yyj/my_ws/install/my_tf2_package:/home/yyj/my_ws/install/my_docking:/home/yyj/my_ws/install/my_aruco_to_goal_pose_pkg:/opt/ros/humble /usr/bin/cmake --install /home/yyj/my_ws/build/odrive_demo_description
[4.538s] -- Install configuration: ""
[4.539s] -- Up-to-date: /home/yyj/my_ws/install/odrive_demo_description/share/odrive_demo_description/urdf
[4.539s] -- Up-to-date: /home/yyj/my_ws/install/odrive_demo_description/share/odrive_demo_description/urdf/odrive.ros2_control.xacro
[4.540s] -- Up-to-date: /home/yyj/my_ws/install/odrive_demo_description/share/odrive_demo_description/urdf/odrive_diffbot.urdf.xacro
[4.540s] -- Up-to-date: /home/yyj/my_ws/install/odrive_demo_description/share/odrive_demo_description/urdf/odrive.urdf.xacro
[4.541s] -- Up-to-date: /home/yyj/my_ws/install/odrive_demo_description/share/ament_index/resource_index/package_run_dependencies/odrive_demo_description
[4.541s] -- Up-to-date: /home/yyj/my_ws/install/odrive_demo_description/share/ament_index/resource_index/parent_prefix_path/odrive_demo_description
[4.542s] -- Up-to-date: /home/yyj/my_ws/install/odrive_demo_description/share/odrive_demo_description/environment/ament_prefix_path.sh
[4.542s] -- Up-to-date: /home/yyj/my_ws/install/odrive_demo_description/share/odrive_demo_description/environment/ament_prefix_path.dsv
[4.543s] -- Up-to-date: /home/yyj/my_ws/install/odrive_demo_description/share/odrive_demo_description/environment/path.sh
[4.543s] -- Up-to-date: /home/yyj/my_ws/install/odrive_demo_description/share/odrive_demo_description/environment/path.dsv
[4.543s] -- Up-to-date: /home/yyj/my_ws/install/odrive_demo_description/share/odrive_demo_description/local_setup.bash
[4.543s] -- Up-to-date: /home/yyj/my_ws/install/odrive_demo_description/share/odrive_demo_description/local_setup.sh
[4.544s] -- Up-to-date: /home/yyj/my_ws/install/odrive_demo_description/share/odrive_demo_description/local_setup.zsh
[4.544s] -- Up-to-date: /home/yyj/my_ws/install/odrive_demo_description/share/odrive_demo_description/local_setup.dsv
[4.544s] -- Installing: /home/yyj/my_ws/install/odrive_demo_description/share/odrive_demo_description/package.dsv
[4.545s] -- Up-to-date: /home/yyj/my_ws/install/odrive_demo_description/share/ament_index/resource_index/packages/odrive_demo_description
[4.545s] -- Up-to-date: /home/yyj/my_ws/install/odrive_demo_description/share/odrive_demo_description/cmake/odrive_demo_descriptionConfig.cmake
[4.545s] -- Up-to-date: /home/yyj/my_ws/install/odrive_demo_description/share/odrive_demo_description/cmake/odrive_demo_descriptionConfig-version.cmake
[4.546s] -- Up-to-date: /home/yyj/my_ws/install/odrive_demo_description/share/odrive_demo_description/package.xml
[4.560s] Invoked command in '/home/yyj/my_ws/build/odrive_demo_description' returned '0': CMAKE_PREFIX_PATH=${CMAKE_PREFIX_PATH}:/home/yyj/my_ws/install/ros2_aruco:/home/yyj/my_ws/install/open_action_server:/home/yyj/my_ws/install/my_tf2_package:/home/yyj/my_ws/install/my_docking:/home/yyj/my_ws/install/my_aruco_to_goal_pose_pkg:/opt/ros/humble /usr/bin/cmake --install /home/yyj/my_ws/build/odrive_demo_description
