[2.290s] Invoking command in '/home/yyj/my_ws/build/slam_toolbox': CMAKE_PREFIX_PATH=${CMAKE_PREFIX_PATH}:/home/yyj/my_ws/install/ros2_aruco:/home/yyj/my_ws/install/open_action_server:/home/yyj/my_ws/install/my_tf2_package:/home/yyj/my_ws/install/my_docking:/home/yyj/my_ws/install/my_aruco_to_goal_pose_pkg:/opt/ros/humble /usr/bin/cmake --build /home/yyj/my_ws/build/slam_toolbox -- -j16 -l16
[2.536s] [  1%] Built target slam_toolbox__cpp
[2.559s] [ 10%] Built target slam_toolbox__rosidl_generator_c
[2.607s] [ 12%] Built target kartoSlamToolbox
[2.641s] [ 12%] Built target ament_cmake_python_copy_slam_toolbox
[2.789s] [ 20%] Built target slam_toolbox__rosidl_typesupport_c
[2.823s] [ 29%] Built target slam_toolbox__rosidl_typesupport_fastrtps_cpp
[2.852s] [ 38%] Built target slam_toolbox__rosidl_typesupport_fastrtps_c
[2.858s] [ 46%] Built target slam_toolbox__rosidl_typesupport_cpp
[2.869s] [ 54%] Built target slam_toolbox__rosidl_typesupport_introspection_c
[2.870s] [ 62%] Built target slam_toolbox__rosidl_typesupport_introspection_cpp
[3.011s] [ 62%] Built target slam_toolbox
[3.025s] [ 64%] Built target SlamToolboxPlugin
[3.025s] [ 66%] Built target ceres_solver_plugin
[3.082s] [ 71%] Built target toolbox_common
[3.235s] [ 71%] Built target slam_toolbox__py
[3.295s] [ 73%] Built target sync_slam_toolbox
[3.364s] [ 74%] Built target localization_slam_toolbox
[3.365s] [ 76%] Built target merge_maps_kinematic
[3.373s] [ 78%] Built target async_slam_toolbox
[3.382s] [ 86%] Built target slam_toolbox__rosidl_generator_py
[3.406s] [ 87%] Built target lifelong_slam_toolbox
[3.540s] [ 89%] Built target slam_toolbox__rosidl_typesupport_c__pyext
[3.542s] [ 90%] Built target slam_toolbox__rosidl_typesupport_fastrtps_c__pyext
[3.552s] [ 92%] Built target slam_toolbox__rosidl_typesupport_introspection_c__pyext
[3.552s] [ 94%] Built target localization_slam_toolbox_node
[3.585s] [ 95%] Built target sync_slam_toolbox_node
[3.591s] [ 97%] Built target lifelong_slam_toolbox_node
[3.598s] [ 98%] Built target async_slam_toolbox_node
[3.605s] [ 99%] Built target map_and_localization_slam_toolbox
[3.750s] [100%] Built target map_and_localization_slam_toolbox_node
[3.854s] running egg_info
[3.855s] writing slam_toolbox.egg-info/PKG-INFO
[3.856s] writing dependency_links to slam_toolbox.egg-info/dependency_links.txt
[3.857s] writing top-level names to slam_toolbox.egg-info/top_level.txt
[3.862s] reading manifest file 'slam_toolbox.egg-info/SOURCES.txt'
[3.866s] writing manifest file 'slam_toolbox.egg-info/SOURCES.txt'
[3.941s] [100%] Built target ament_cmake_python_build_slam_toolbox_egg
[4.022s] Invoked command in '/home/yyj/my_ws/build/slam_toolbox' returned '0': CMAKE_PREFIX_PATH=${CMAKE_PREFIX_PATH}:/home/yyj/my_ws/install/ros2_aruco:/home/yyj/my_ws/install/open_action_server:/home/yyj/my_ws/install/my_tf2_package:/home/yyj/my_ws/install/my_docking:/home/yyj/my_ws/install/my_aruco_to_goal_pose_pkg:/opt/ros/humble /usr/bin/cmake --build /home/yyj/my_ws/build/slam_toolbox -- -j16 -l16
[5.216s] Invoking command in '/home/yyj/my_ws/build/slam_toolbox': CMAKE_PREFIX_PATH=${CMAKE_PREFIX_PATH}:/home/yyj/my_ws/install/ros2_aruco:/home/yyj/my_ws/install/open_action_server:/home/yyj/my_ws/install/my_tf2_package:/home/yyj/my_ws/install/my_docking:/home/yyj/my_ws/install/my_aruco_to_goal_pose_pkg:/opt/ros/humble /usr/bin/cmake --install /home/yyj/my_ws/build/slam_toolbox
[5.242s] -- Install configuration: "Release"
[5.243s] -- Up-to-date: /home/yyj/my_ws/install/slam_toolbox/share/ament_index/resource_index/rosidl_interfaces/slam_toolbox
[5.244s] -- Up-to-date: /home/yyj/my_ws/install/slam_toolbox/include/slam_toolbox/slam_toolbox
[5.245s] -- Up-to-date: /home/yyj/my_ws/install/slam_toolbox/include/slam_toolbox/slam_toolbox/srv
[5.245s] -- Up-to-date: /home/yyj/my_ws/install/slam_toolbox/include/slam_toolbox/slam_toolbox/srv/toggle_interactive.h
[5.245s] -- Up-to-date: /home/yyj/my_ws/install/slam_toolbox/include/slam_toolbox/slam_toolbox/srv/clear.h
[5.245s] -- Up-to-date: /home/yyj/my_ws/install/slam_toolbox/include/slam_toolbox/slam_toolbox/srv/add_submap.h
[5.246s] -- Up-to-date: /home/yyj/my_ws/install/slam_toolbox/include/slam_toolbox/slam_toolbox/srv/detail
[5.246s] -- Up-to-date: /home/yyj/my_ws/install/slam_toolbox/include/slam_toolbox/slam_toolbox/srv/detail/clear_queue__struct.h
[5.246s] -- Up-to-date: /home/yyj/my_ws/install/slam_toolbox/include/slam_toolbox/slam_toolbox/srv/detail/merge_maps__functions.h
[5.247s] -- Up-to-date: /home/yyj/my_ws/install/slam_toolbox/include/slam_toolbox/slam_toolbox/srv/detail/merge_maps__functions.c
[5.247s] -- Up-to-date: /home/yyj/my_ws/install/slam_toolbox/include/slam_toolbox/slam_toolbox/srv/detail/add_submap__type_support.h
[5.248s] -- Up-to-date: /home/yyj/my_ws/install/slam_toolbox/include/slam_toolbox/slam_toolbox/srv/detail/clear__struct.h
[5.248s] -- Up-to-date: /home/yyj/my_ws/install/slam_toolbox/include/slam_toolbox/slam_toolbox/srv/detail/clear_queue__functions.h
[5.249s] -- Up-to-date: /home/yyj/my_ws/install/slam_toolbox/include/slam_toolbox/slam_toolbox/srv/detail/pause__struct.h
[5.249s] -- Up-to-date: /home/yyj/my_ws/install/slam_toolbox/include/slam_toolbox/slam_toolbox/srv/detail/save_map__functions.h
[5.250s] -- Up-to-date: /home/yyj/my_ws/install/slam_toolbox/include/slam_toolbox/slam_toolbox/srv/detail/toggle_interactive__type_support.h
[5.250s] -- Up-to-date: /home/yyj/my_ws/install/slam_toolbox/include/slam_toolbox/slam_toolbox/srv/detail/clear_queue__functions.c
[5.250s] -- Up-to-date: /home/yyj/my_ws/install/slam_toolbox/include/slam_toolbox/slam_toolbox/srv/detail/save_map__type_support.h
[5.251s] -- Up-to-date: /home/yyj/my_ws/install/slam_toolbox/include/slam_toolbox/slam_toolbox/srv/detail/deserialize_pose_graph__struct.h
[5.252s] -- Up-to-date: /home/yyj/my_ws/install/slam_toolbox/include/slam_toolbox/slam_toolbox/srv/detail/clear__functions.c
[5.252s] -- Up-to-date: /home/yyj/my_ws/install/slam_toolbox/include/slam_toolbox/slam_toolbox/srv/detail/merge_maps__type_support.h
[5.252s] -- Up-to-date: /home/yyj/my_ws/install/slam_toolbox/include/slam_toolbox/slam_toolbox/srv/detail/clear_queue__type_support.h
[5.252s] -- Up-to-date: /home/yyj/my_ws/install/slam_toolbox/include/slam_toolbox/slam_toolbox/srv/detail/toggle_interactive__functions.c
[5.253s] -- Up-to-date: /home/yyj/my_ws/install/slam_toolbox/include/slam_toolbox/slam_toolbox/srv/detail/add_submap__functions.c
[5.253s] -- Up-to-date: /home/yyj/my_ws/install/slam_toolbox/include/slam_toolbox/slam_toolbox/srv/detail/add_submap__functions.h
[5.253s] -- Up-to-date: /home/yyj/my_ws/install/slam_toolbox/include/slam_toolbox/slam_toolbox/srv/detail/serialize_pose_graph__functions.h
[5.253s] -- Up-to-date: /home/yyj/my_ws/install/slam_toolbox/include/slam_toolbox/slam_toolbox/srv/detail/serialize_pose_graph__type_support.h
[5.254s] -- Up-to-date: /home/yyj/my_ws/install/slam_toolbox/include/slam_toolbox/slam_toolbox/srv/detail/loop_closure__functions.c
[5.254s] -- Up-to-date: /home/yyj/my_ws/install/slam_toolbox/include/slam_toolbox/slam_toolbox/srv/detail/deserialize_pose_graph__functions.c
[5.254s] -- Up-to-date: /home/yyj/my_ws/install/slam_toolbox/include/slam_toolbox/slam_toolbox/srv/detail/serialize_pose_graph__struct.h
[5.255s] -- Up-to-date: /home/yyj/my_ws/install/slam_toolbox/include/slam_toolbox/slam_toolbox/srv/detail/add_submap__struct.h
[5.255s] -- Up-to-date: /home/yyj/my_ws/install/slam_toolbox/include/slam_toolbox/slam_toolbox/srv/detail/serialize_pose_graph__functions.c
[5.255s] -- Up-to-date: /home/yyj/my_ws/install/slam_toolbox/include/slam_toolbox/slam_toolbox/srv/detail/pause__functions.h
[5.256s] -- Up-to-date: /home/yyj/my_ws/install/slam_toolbox/include/slam_toolbox/slam_toolbox/srv/detail/save_map__functions.c
[5.256s] -- Up-to-date: /home/yyj/my_ws/install/slam_toolbox/include/slam_toolbox/slam_toolbox/srv/detail/merge_maps__struct.h
[5.257s] -- Up-to-date: /home/yyj/my_ws/install/slam_toolbox/include/slam_toolbox/slam_toolbox/srv/detail/loop_closure__struct.h
[5.257s] -- Up-to-date: /home/yyj/my_ws/install/slam_toolbox/include/slam_toolbox/slam_toolbox/srv/detail/loop_closure__type_support.h
[5.257s] -- Up-to-date: /home/yyj/my_ws/install/slam_toolbox/include/slam_toolbox/slam_toolbox/srv/detail/toggle_interactive__struct.h
[5.258s] -- Up-to-date: /home/yyj/my_ws/install/slam_toolbox/include/slam_toolbox/slam_toolbox/srv/detail/deserialize_pose_graph__type_support.h
[5.258s] -- Up-to-date: /home/yyj/my_ws/install/slam_toolbox/include/slam_toolbox/slam_toolbox/srv/detail/toggle_interactive__functions.h
[5.258s] -- Up-to-date: /home/yyj/my_ws/install/slam_toolbox/include/slam_toolbox/slam_toolbox/srv/detail/pause__functions.c
[5.258s] -- Up-to-date: /home/yyj/my_ws/install/slam_toolbox/include/slam_toolbox/slam_toolbox/srv/detail/clear__type_support.h
[5.259s] -- Up-to-date: /home/yyj/my_ws/install/slam_toolbox/include/slam_toolbox/slam_toolbox/srv/detail/clear__functions.h
[5.259s] -- Up-to-date: /home/yyj/my_ws/install/slam_toolbox/include/slam_toolbox/slam_toolbox/srv/detail/loop_closure__functions.h
[5.259s] -- Up-to-date: /home/yyj/my_ws/install/slam_toolbox/include/slam_toolbox/slam_toolbox/srv/detail/pause__type_support.h
[5.260s] -- Up-to-date: /home/yyj/my_ws/install/slam_toolbox/include/slam_toolbox/slam_toolbox/srv/detail/save_map__struct.h
[5.261s] -- Up-to-date: /home/yyj/my_ws/install/slam_toolbox/include/slam_toolbox/slam_toolbox/srv/detail/deserialize_pose_graph__functions.h
[5.261s] -- Up-to-date: /home/yyj/my_ws/install/slam_toolbox/include/slam_toolbox/slam_toolbox/srv/serialize_pose_graph.h
[5.262s] -- Up-to-date: /home/yyj/my_ws/install/slam_toolbox/include/slam_toolbox/slam_toolbox/srv/clear_queue.h
[5.263s] -- Up-to-date: /home/yyj/my_ws/install/slam_toolbox/include/slam_toolbox/slam_toolbox/srv/merge_maps.h
[5.263s] -- Up-to-date: /home/yyj/my_ws/install/slam_toolbox/include/slam_toolbox/slam_toolbox/srv/deserialize_pose_graph.h
[5.263s] -- Up-to-date: /home/yyj/my_ws/install/slam_toolbox/include/slam_toolbox/slam_toolbox/srv/pause.h
[5.263s] -- Up-to-date: /home/yyj/my_ws/install/slam_toolbox/include/slam_toolbox/slam_toolbox/srv/loop_closure.h
[5.263s] -- Up-to-date: /home/yyj/my_ws/install/slam_toolbox/include/slam_toolbox/slam_toolbox/srv/save_map.h
[5.264s] -- Up-to-date: /home/yyj/my_ws/install/slam_toolbox/include/slam_toolbox/slam_toolbox/msg
[5.264s] -- Up-to-date: /home/yyj/my_ws/install/slam_toolbox/include/slam_toolbox/slam_toolbox/msg/rosidl_generator_c__visibility_control.h
[5.264s] -- Up-to-date: /home/yyj/my_ws/install/slam_toolbox/share/slam_toolbox/environment/library_path.sh
[5.264s] -- Up-to-date: /home/yyj/my_ws/install/slam_toolbox/share/slam_toolbox/environment/library_path.dsv
[5.264s] -- Up-to-date: /home/yyj/my_ws/install/slam_toolbox/lib/libslam_toolbox__rosidl_generator_c.so
[5.265s] -- Up-to-date: /home/yyj/my_ws/install/slam_toolbox/include/slam_toolbox/slam_toolbox
[5.265s] -- Up-to-date: /home/yyj/my_ws/install/slam_toolbox/include/slam_toolbox/slam_toolbox/srv
[5.265s] -- Up-to-date: /home/yyj/my_ws/install/slam_toolbox/include/slam_toolbox/slam_toolbox/srv/detail
[5.265s] -- Up-to-date: /home/yyj/my_ws/install/slam_toolbox/include/slam_toolbox/slam_toolbox/srv/detail/toggle_interactive__rosidl_typesupport_fastrtps_c.h
[5.266s] -- Up-to-date: /home/yyj/my_ws/install/slam_toolbox/include/slam_toolbox/slam_toolbox/srv/detail/deserialize_pose_graph__rosidl_typesupport_fastrtps_c.h
[5.266s] -- Up-to-date: /home/yyj/my_ws/install/slam_toolbox/include/slam_toolbox/slam_toolbox/srv/detail/loop_closure__rosidl_typesupport_fastrtps_c.h
[5.266s] -- Up-to-date: /home/yyj/my_ws/install/slam_toolbox/include/slam_toolbox/slam_toolbox/srv/detail/merge_maps__rosidl_typesupport_fastrtps_c.h
[5.266s] -- Up-to-date: /home/yyj/my_ws/install/slam_toolbox/include/slam_toolbox/slam_toolbox/srv/detail/serialize_pose_graph__rosidl_typesupport_fastrtps_c.h
[5.266s] -- Up-to-date: /home/yyj/my_ws/install/slam_toolbox/include/slam_toolbox/slam_toolbox/srv/detail/clear__rosidl_typesupport_fastrtps_c.h
[5.267s] -- Up-to-date: /home/yyj/my_ws/install/slam_toolbox/include/slam_toolbox/slam_toolbox/srv/detail/add_submap__rosidl_typesupport_fastrtps_c.h
[5.267s] -- Up-to-date: /home/yyj/my_ws/install/slam_toolbox/include/slam_toolbox/slam_toolbox/srv/detail/clear_queue__rosidl_typesupport_fastrtps_c.h
[5.267s] -- Up-to-date: /home/yyj/my_ws/install/slam_toolbox/include/slam_toolbox/slam_toolbox/srv/detail/pause__rosidl_typesupport_fastrtps_c.h
[5.267s] -- Up-to-date: /home/yyj/my_ws/install/slam_toolbox/include/slam_toolbox/slam_toolbox/srv/detail/save_map__rosidl_typesupport_fastrtps_c.h
[5.268s] -- Up-to-date: /home/yyj/my_ws/install/slam_toolbox/include/slam_toolbox/slam_toolbox/msg
[5.268s] -- Up-to-date: /home/yyj/my_ws/install/slam_toolbox/include/slam_toolbox/slam_toolbox/msg/rosidl_typesupport_fastrtps_c__visibility_control.h
[5.268s] -- Up-to-date: /home/yyj/my_ws/install/slam_toolbox/lib/libslam_toolbox__rosidl_typesupport_fastrtps_c.so
[5.268s] -- Up-to-date: /home/yyj/my_ws/install/slam_toolbox/include/slam_toolbox/slam_toolbox
[5.269s] -- Up-to-date: /home/yyj/my_ws/install/slam_toolbox/include/slam_toolbox/slam_toolbox/srv
[5.269s] -- Up-to-date: /home/yyj/my_ws/install/slam_toolbox/include/slam_toolbox/slam_toolbox/srv/merge_maps.hpp
[5.269s] -- Up-to-date: /home/yyj/my_ws/install/slam_toolbox/include/slam_toolbox/slam_toolbox/srv/toggle_interactive.hpp
[5.269s] -- Up-to-date: /home/yyj/my_ws/install/slam_toolbox/include/slam_toolbox/slam_toolbox/srv/add_submap.hpp
[5.270s] -- Up-to-date: /home/yyj/my_ws/install/slam_toolbox/include/slam_toolbox/slam_toolbox/srv/detail
[5.270s] -- Up-to-date: /home/yyj/my_ws/install/slam_toolbox/include/slam_toolbox/slam_toolbox/srv/detail/clear_queue__builder.hpp
[5.270s] -- Up-to-date: /home/yyj/my_ws/install/slam_toolbox/include/slam_toolbox/slam_toolbox/srv/detail/merge_maps__traits.hpp
[5.270s] -- Up-to-date: /home/yyj/my_ws/install/slam_toolbox/include/slam_toolbox/slam_toolbox/srv/detail/save_map__struct.hpp
[5.271s] -- Up-to-date: /home/yyj/my_ws/install/slam_toolbox/include/slam_toolbox/slam_toolbox/srv/detail/serialize_pose_graph__builder.hpp
[5.271s] -- Up-to-date: /home/yyj/my_ws/install/slam_toolbox/include/slam_toolbox/slam_toolbox/srv/detail/toggle_interactive__struct.hpp
[5.271s] -- Up-to-date: /home/yyj/my_ws/install/slam_toolbox/include/slam_toolbox/slam_toolbox/srv/detail/clear__builder.hpp
[5.271s] -- Up-to-date: /home/yyj/my_ws/install/slam_toolbox/include/slam_toolbox/slam_toolbox/srv/detail/toggle_interactive__builder.hpp
[5.272s] -- Up-to-date: /home/yyj/my_ws/install/slam_toolbox/include/slam_toolbox/slam_toolbox/srv/detail/toggle_interactive__traits.hpp
[5.272s] -- Up-to-date: /home/yyj/my_ws/install/slam_toolbox/include/slam_toolbox/slam_toolbox/srv/detail/clear__traits.hpp
[5.272s] -- Up-to-date: /home/yyj/my_ws/install/slam_toolbox/include/slam_toolbox/slam_toolbox/srv/detail/add_submap__traits.hpp
[5.272s] -- Up-to-date: /home/yyj/my_ws/install/slam_toolbox/include/slam_toolbox/slam_toolbox/srv/detail/save_map__traits.hpp
[5.273s] -- Up-to-date: /home/yyj/my_ws/install/slam_toolbox/include/slam_toolbox/slam_toolbox/srv/detail/add_submap__struct.hpp
[5.273s] -- Up-to-date: /home/yyj/my_ws/install/slam_toolbox/include/slam_toolbox/slam_toolbox/srv/detail/merge_maps__builder.hpp
[5.273s] -- Up-to-date: /home/yyj/my_ws/install/slam_toolbox/include/slam_toolbox/slam_toolbox/srv/detail/add_submap__builder.hpp
[5.273s] -- Up-to-date: /home/yyj/my_ws/install/slam_toolbox/include/slam_toolbox/slam_toolbox/srv/detail/deserialize_pose_graph__traits.hpp
[5.274s] -- Up-to-date: /home/yyj/my_ws/install/slam_toolbox/include/slam_toolbox/slam_toolbox/srv/detail/loop_closure__traits.hpp
[5.274s] -- Up-to-date: /home/yyj/my_ws/install/slam_toolbox/include/slam_toolbox/slam_toolbox/srv/detail/pause__builder.hpp
[5.274s] -- Up-to-date: /home/yyj/my_ws/install/slam_toolbox/include/slam_toolbox/slam_toolbox/srv/detail/save_map__builder.hpp
[5.275s] -- Up-to-date: /home/yyj/my_ws/install/slam_toolbox/include/slam_toolbox/slam_toolbox/srv/detail/deserialize_pose_graph__struct.hpp
[5.275s] -- Up-to-date: /home/yyj/my_ws/install/slam_toolbox/include/slam_toolbox/slam_toolbox/srv/detail/pause__traits.hpp
[5.275s] -- Up-to-date: /home/yyj/my_ws/install/slam_toolbox/include/slam_toolbox/slam_toolbox/srv/detail/deserialize_pose_graph__builder.hpp
[5.276s] -- Up-to-date: /home/yyj/my_ws/install/slam_toolbox/include/slam_toolbox/slam_toolbox/srv/detail/pause__struct.hpp
[5.276s] -- Up-to-date: /home/yyj/my_ws/install/slam_toolbox/include/slam_toolbox/slam_toolbox/srv/detail/clear__struct.hpp
[5.276s] -- Up-to-date: /home/yyj/my_ws/install/slam_toolbox/include/slam_toolbox/slam_toolbox/srv/detail/clear_queue__struct.hpp
[5.276s] -- Up-to-date: /home/yyj/my_ws/install/slam_toolbox/include/slam_toolbox/slam_toolbox/srv/detail/clear_queue__traits.hpp
[5.276s] -- Up-to-date: /home/yyj/my_ws/install/slam_toolbox/include/slam_toolbox/slam_toolbox/srv/detail/loop_closure__struct.hpp
[5.277s] -- Up-to-date: /home/yyj/my_ws/install/slam_toolbox/include/slam_toolbox/slam_toolbox/srv/detail/merge_maps__struct.hpp
[5.277s] -- Up-to-date: /home/yyj/my_ws/install/slam_toolbox/include/slam_toolbox/slam_toolbox/srv/detail/serialize_pose_graph__traits.hpp
[5.277s] -- Up-to-date: /home/yyj/my_ws/install/slam_toolbox/include/slam_toolbox/slam_toolbox/srv/detail/serialize_pose_graph__struct.hpp
[5.277s] -- Up-to-date: /home/yyj/my_ws/install/slam_toolbox/include/slam_toolbox/slam_toolbox/srv/detail/loop_closure__builder.hpp
[5.277s] -- Up-to-date: /home/yyj/my_ws/install/slam_toolbox/include/slam_toolbox/slam_toolbox/srv/deserialize_pose_graph.hpp
[5.278s] -- Up-to-date: /home/yyj/my_ws/install/slam_toolbox/include/slam_toolbox/slam_toolbox/srv/clear_queue.hpp
[5.278s] -- Up-to-date: /home/yyj/my_ws/install/slam_toolbox/include/slam_toolbox/slam_toolbox/srv/save_map.hpp
[5.278s] -- Up-to-date: /home/yyj/my_ws/install/slam_toolbox/include/slam_toolbox/slam_toolbox/srv/serialize_pose_graph.hpp
[5.278s] -- Up-to-date: /home/yyj/my_ws/install/slam_toolbox/include/slam_toolbox/slam_toolbox/srv/loop_closure.hpp
[5.279s] -- Up-to-date: /home/yyj/my_ws/install/slam_toolbox/include/slam_toolbox/slam_toolbox/srv/pause.hpp
[5.279s] -- Up-to-date: /home/yyj/my_ws/install/slam_toolbox/include/slam_toolbox/slam_toolbox/srv/clear.hpp
[5.279s] -- Up-to-date: /home/yyj/my_ws/install/slam_toolbox/include/slam_toolbox/slam_toolbox
[5.279s] -- Up-to-date: /home/yyj/my_ws/install/slam_toolbox/include/slam_toolbox/slam_toolbox/srv
[5.280s] -- Up-to-date: /home/yyj/my_ws/install/slam_toolbox/include/slam_toolbox/slam_toolbox/srv/detail
[5.280s] -- Up-to-date: /home/yyj/my_ws/install/slam_toolbox/include/slam_toolbox/slam_toolbox/srv/detail/dds_fastrtps
[5.281s] -- Up-to-date: /home/yyj/my_ws/install/slam_toolbox/include/slam_toolbox/slam_toolbox/srv/detail/save_map__rosidl_typesupport_fastrtps_cpp.hpp
[5.281s] -- Up-to-date: /home/yyj/my_ws/install/slam_toolbox/include/slam_toolbox/slam_toolbox/srv/detail/toggle_interactive__rosidl_typesupport_fastrtps_cpp.hpp
[5.281s] -- Up-to-date: /home/yyj/my_ws/install/slam_toolbox/include/slam_toolbox/slam_toolbox/srv/detail/clear_queue__rosidl_typesupport_fastrtps_cpp.hpp
[5.282s] -- Up-to-date: /home/yyj/my_ws/install/slam_toolbox/include/slam_toolbox/slam_toolbox/srv/detail/serialize_pose_graph__rosidl_typesupport_fastrtps_cpp.hpp
[5.282s] -- Up-to-date: /home/yyj/my_ws/install/slam_toolbox/include/slam_toolbox/slam_toolbox/srv/detail/clear__rosidl_typesupport_fastrtps_cpp.hpp
[5.282s] -- Up-to-date: /home/yyj/my_ws/install/slam_toolbox/include/slam_toolbox/slam_toolbox/srv/detail/loop_closure__rosidl_typesupport_fastrtps_cpp.hpp
[5.282s] -- Up-to-date: /home/yyj/my_ws/install/slam_toolbox/include/slam_toolbox/slam_toolbox/srv/detail/pause__rosidl_typesupport_fastrtps_cpp.hpp
[5.283s] -- Up-to-date: /home/yyj/my_ws/install/slam_toolbox/include/slam_toolbox/slam_toolbox/srv/detail/merge_maps__rosidl_typesupport_fastrtps_cpp.hpp
[5.283s] -- Up-to-date: /home/yyj/my_ws/install/slam_toolbox/include/slam_toolbox/slam_toolbox/srv/detail/deserialize_pose_graph__rosidl_typesupport_fastrtps_cpp.hpp
[5.284s] -- Up-to-date: /home/yyj/my_ws/install/slam_toolbox/include/slam_toolbox/slam_toolbox/srv/detail/add_submap__rosidl_typesupport_fastrtps_cpp.hpp
[5.284s] -- Up-to-date: /home/yyj/my_ws/install/slam_toolbox/include/slam_toolbox/slam_toolbox/msg
[5.285s] -- Up-to-date: /home/yyj/my_ws/install/slam_toolbox/include/slam_toolbox/slam_toolbox/msg/rosidl_typesupport_fastrtps_cpp__visibility_control.h
[5.285s] -- Up-to-date: /home/yyj/my_ws/install/slam_toolbox/lib/libslam_toolbox__rosidl_typesupport_fastrtps_cpp.so
[5.285s] -- Up-to-date: /home/yyj/my_ws/install/slam_toolbox/include/slam_toolbox/slam_toolbox
[5.286s] -- Up-to-date: /home/yyj/my_ws/install/slam_toolbox/include/slam_toolbox/slam_toolbox/srv
[5.286s] -- Up-to-date: /home/yyj/my_ws/install/slam_toolbox/include/slam_toolbox/slam_toolbox/srv/detail
[5.286s] -- Up-to-date: /home/yyj/my_ws/install/slam_toolbox/include/slam_toolbox/slam_toolbox/srv/detail/add_submap__type_support.c
[5.286s] -- Up-to-date: /home/yyj/my_ws/install/slam_toolbox/include/slam_toolbox/slam_toolbox/srv/detail/save_map__rosidl_typesupport_introspection_c.h
[5.287s] -- Up-to-date: /home/yyj/my_ws/install/slam_toolbox/include/slam_toolbox/slam_toolbox/srv/detail/pause__type_support.c
[5.287s] -- Up-to-date: /home/yyj/my_ws/install/slam_toolbox/include/slam_toolbox/slam_toolbox/srv/detail/toggle_interactive__rosidl_typesupport_introspection_c.h
[5.288s] -- Up-to-date: /home/yyj/my_ws/install/slam_toolbox/include/slam_toolbox/slam_toolbox/srv/detail/serialize_pose_graph__type_support.c
[5.288s] -- Up-to-date: /home/yyj/my_ws/install/slam_toolbox/include/slam_toolbox/slam_toolbox/srv/detail/deserialize_pose_graph__rosidl_typesupport_introspection_c.h
[5.288s] -- Up-to-date: /home/yyj/my_ws/install/slam_toolbox/include/slam_toolbox/slam_toolbox/srv/detail/pause__rosidl_typesupport_introspection_c.h
[5.289s] -- Up-to-date: /home/yyj/my_ws/install/slam_toolbox/include/slam_toolbox/slam_toolbox/srv/detail/deserialize_pose_graph__type_support.c
[5.289s] -- Up-to-date: /home/yyj/my_ws/install/slam_toolbox/include/slam_toolbox/slam_toolbox/srv/detail/clear__rosidl_typesupport_introspection_c.h
[5.289s] -- Up-to-date: /home/yyj/my_ws/install/slam_toolbox/include/slam_toolbox/slam_toolbox/srv/detail/clear_queue__rosidl_typesupport_introspection_c.h
[5.290s] -- Up-to-date: /home/yyj/my_ws/install/slam_toolbox/include/slam_toolbox/slam_toolbox/srv/detail/merge_maps__type_support.c
[5.290s] -- Up-to-date: /home/yyj/my_ws/install/slam_toolbox/include/slam_toolbox/slam_toolbox/srv/detail/loop_closure__type_support.c
[5.290s] -- Up-to-date: /home/yyj/my_ws/install/slam_toolbox/include/slam_toolbox/slam_toolbox/srv/detail/clear__type_support.c
[5.291s] -- Up-to-date: /home/yyj/my_ws/install/slam_toolbox/include/slam_toolbox/slam_toolbox/srv/detail/serialize_pose_graph__rosidl_typesupport_introspection_c.h
[5.291s] -- Up-to-date: /home/yyj/my_ws/install/slam_toolbox/include/slam_toolbox/slam_toolbox/srv/detail/merge_maps__rosidl_typesupport_introspection_c.h
[5.291s] -- Up-to-date: /home/yyj/my_ws/install/slam_toolbox/include/slam_toolbox/slam_toolbox/srv/detail/loop_closure__rosidl_typesupport_introspection_c.h
[5.291s] -- Up-to-date: /home/yyj/my_ws/install/slam_toolbox/include/slam_toolbox/slam_toolbox/srv/detail/clear_queue__type_support.c
[5.292s] -- Up-to-date: /home/yyj/my_ws/install/slam_toolbox/include/slam_toolbox/slam_toolbox/srv/detail/add_submap__rosidl_typesupport_introspection_c.h
[5.292s] -- Up-to-date: /home/yyj/my_ws/install/slam_toolbox/include/slam_toolbox/slam_toolbox/srv/detail/save_map__type_support.c
[5.292s] -- Up-to-date: /home/yyj/my_ws/install/slam_toolbox/include/slam_toolbox/slam_toolbox/srv/detail/toggle_interactive__type_support.c
[5.293s] -- Up-to-date: /home/yyj/my_ws/install/slam_toolbox/include/slam_toolbox/slam_toolbox/msg
[5.293s] -- Up-to-date: /home/yyj/my_ws/install/slam_toolbox/include/slam_toolbox/slam_toolbox/msg/rosidl_typesupport_introspection_c__visibility_control.h
[5.294s] -- Up-to-date: /home/yyj/my_ws/install/slam_toolbox/lib/libslam_toolbox__rosidl_typesupport_introspection_c.so
[5.294s] -- Up-to-date: /home/yyj/my_ws/install/slam_toolbox/lib/libslam_toolbox__rosidl_typesupport_c.so
[5.294s] -- Up-to-date: /home/yyj/my_ws/install/slam_toolbox/include/slam_toolbox/slam_toolbox
[5.294s] -- Up-to-date: /home/yyj/my_ws/install/slam_toolbox/include/slam_toolbox/slam_toolbox/srv
[5.295s] -- Up-to-date: /home/yyj/my_ws/install/slam_toolbox/include/slam_toolbox/slam_toolbox/srv/detail
[5.295s] -- Up-to-date: /home/yyj/my_ws/install/slam_toolbox/include/slam_toolbox/slam_toolbox/srv/detail/save_map__rosidl_typesupport_introspection_cpp.hpp
[5.296s] -- Up-to-date: /home/yyj/my_ws/install/slam_toolbox/include/slam_toolbox/slam_toolbox/srv/detail/pause__type_support.cpp
[5.296s] -- Up-to-date: /home/yyj/my_ws/install/slam_toolbox/include/slam_toolbox/slam_toolbox/srv/detail/serialize_pose_graph__type_support.cpp
[5.296s] -- Up-to-date: /home/yyj/my_ws/install/slam_toolbox/include/slam_toolbox/slam_toolbox/srv/detail/loop_closure__rosidl_typesupport_introspection_cpp.hpp
[5.296s] -- Up-to-date: /home/yyj/my_ws/install/slam_toolbox/include/slam_toolbox/slam_toolbox/srv/detail/pause__rosidl_typesupport_introspection_cpp.hpp
[5.297s] -- Up-to-date: /home/yyj/my_ws/install/slam_toolbox/include/slam_toolbox/slam_toolbox/srv/detail/add_submap__rosidl_typesupport_introspection_cpp.hpp
[5.297s] -- Up-to-date: /home/yyj/my_ws/install/slam_toolbox/include/slam_toolbox/slam_toolbox/srv/detail/clear__rosidl_typesupport_introspection_cpp.hpp
[5.297s] -- Up-to-date: /home/yyj/my_ws/install/slam_toolbox/include/slam_toolbox/slam_toolbox/srv/detail/merge_maps__type_support.cpp
[5.297s] -- Up-to-date: /home/yyj/my_ws/install/slam_toolbox/include/slam_toolbox/slam_toolbox/srv/detail/toggle_interactive__type_support.cpp
[5.298s] -- Up-to-date: /home/yyj/my_ws/install/slam_toolbox/include/slam_toolbox/slam_toolbox/srv/detail/deserialize_pose_graph__type_support.cpp
[5.298s] -- Up-to-date: /home/yyj/my_ws/install/slam_toolbox/include/slam_toolbox/slam_toolbox/srv/detail/serialize_pose_graph__rosidl_typesupport_introspection_cpp.hpp
[5.299s] -- Up-to-date: /home/yyj/my_ws/install/slam_toolbox/include/slam_toolbox/slam_toolbox/srv/detail/deserialize_pose_graph__rosidl_typesupport_introspection_cpp.hpp
[5.299s] -- Up-to-date: /home/yyj/my_ws/install/slam_toolbox/include/slam_toolbox/slam_toolbox/srv/detail/save_map__type_support.cpp
[5.299s] -- Up-to-date: /home/yyj/my_ws/install/slam_toolbox/include/slam_toolbox/slam_toolbox/srv/detail/loop_closure__type_support.cpp
[5.300s] -- Up-to-date: /home/yyj/my_ws/install/slam_toolbox/include/slam_toolbox/slam_toolbox/srv/detail/clear_queue__rosidl_typesupport_introspection_cpp.hpp
[5.300s] -- Up-to-date: /home/yyj/my_ws/install/slam_toolbox/include/slam_toolbox/slam_toolbox/srv/detail/add_submap__type_support.cpp
[5.300s] -- Up-to-date: /home/yyj/my_ws/install/slam_toolbox/include/slam_toolbox/slam_toolbox/srv/detail/clear__type_support.cpp
[5.300s] -- Up-to-date: /home/yyj/my_ws/install/slam_toolbox/include/slam_toolbox/slam_toolbox/srv/detail/clear_queue__type_support.cpp
[5.301s] -- Up-to-date: /home/yyj/my_ws/install/slam_toolbox/include/slam_toolbox/slam_toolbox/srv/detail/merge_maps__rosidl_typesupport_introspection_cpp.hpp
[5.301s] -- Up-to-date: /home/yyj/my_ws/install/slam_toolbox/include/slam_toolbox/slam_toolbox/srv/detail/toggle_interactive__rosidl_typesupport_introspection_cpp.hpp
[5.301s] -- Up-to-date: /home/yyj/my_ws/install/slam_toolbox/lib/libslam_toolbox__rosidl_typesupport_introspection_cpp.so
[5.301s] -- Up-to-date: /home/yyj/my_ws/install/slam_toolbox/lib/libslam_toolbox__rosidl_typesupport_cpp.so
[5.302s] -- Up-to-date: /home/yyj/my_ws/install/slam_toolbox/share/slam_toolbox/environment/pythonpath.sh
[5.302s] -- Up-to-date: /home/yyj/my_ws/install/slam_toolbox/share/slam_toolbox/environment/pythonpath.dsv
[5.305s] -- Up-to-date: /home/yyj/my_ws/install/slam_toolbox/local/lib/python3.10/dist-packages/slam_toolbox-2.6.8-py3.10.egg-info
[5.305s] -- Installing: /home/yyj/my_ws/install/slam_toolbox/local/lib/python3.10/dist-packages/slam_toolbox-2.6.8-py3.10.egg-info/SOURCES.txt
[5.309s] -- Installing: /home/yyj/my_ws/install/slam_toolbox/local/lib/python3.10/dist-packages/slam_toolbox-2.6.8-py3.10.egg-info/top_level.txt
[5.314s] -- Installing: /home/yyj/my_ws/install/slam_toolbox/local/lib/python3.10/dist-packages/slam_toolbox-2.6.8-py3.10.egg-info/dependency_links.txt
[5.315s] -- Installing: /home/yyj/my_ws/install/slam_toolbox/local/lib/python3.10/dist-packages/slam_toolbox-2.6.8-py3.10.egg-info/PKG-INFO
[5.316s] -- Up-to-date: /home/yyj/my_ws/install/slam_toolbox/local/lib/python3.10/dist-packages/slam_toolbox
[5.316s] -- Up-to-date: /home/yyj/my_ws/install/slam_toolbox/local/lib/python3.10/dist-packages/slam_toolbox/_slam_toolbox_s.ep.rosidl_typesupport_introspection_c.c
[5.316s] -- Up-to-date: /home/yyj/my_ws/install/slam_toolbox/local/lib/python3.10/dist-packages/slam_toolbox/slam_toolbox_s__rosidl_typesupport_introspection_c.cpython-310-x86_64-linux-gnu.so
[5.317s] -- Up-to-date: /home/yyj/my_ws/install/slam_toolbox/local/lib/python3.10/dist-packages/slam_toolbox/slam_toolbox_s__rosidl_typesupport_fastrtps_c.cpython-310-x86_64-linux-gnu.so
[5.317s] -- Up-to-date: /home/yyj/my_ws/install/slam_toolbox/local/lib/python3.10/dist-packages/slam_toolbox/libslam_toolbox__rosidl_generator_py.so
[5.317s] -- Up-to-date: /home/yyj/my_ws/install/slam_toolbox/local/lib/python3.10/dist-packages/slam_toolbox/_slam_toolbox_s.ep.rosidl_typesupport_c.c
[5.317s] -- Up-to-date: /home/yyj/my_ws/install/slam_toolbox/local/lib/python3.10/dist-packages/slam_toolbox/slam_toolbox_s__rosidl_typesupport_c.cpython-310-x86_64-linux-gnu.so
[5.318s] -- Up-to-date: /home/yyj/my_ws/install/slam_toolbox/local/lib/python3.10/dist-packages/slam_toolbox/__init__.py
[5.318s] -- Up-to-date: /home/yyj/my_ws/install/slam_toolbox/local/lib/python3.10/dist-packages/slam_toolbox/srv
[5.318s] -- Up-to-date: /home/yyj/my_ws/install/slam_toolbox/local/lib/python3.10/dist-packages/slam_toolbox/srv/_pause.py
[5.319s] -- Up-to-date: /home/yyj/my_ws/install/slam_toolbox/local/lib/python3.10/dist-packages/slam_toolbox/srv/_serialize_pose_graph_s.c
[5.319s] -- Up-to-date: /home/yyj/my_ws/install/slam_toolbox/local/lib/python3.10/dist-packages/slam_toolbox/srv/_clear.py
[5.319s] -- Up-to-date: /home/yyj/my_ws/install/slam_toolbox/local/lib/python3.10/dist-packages/slam_toolbox/srv/_toggle_interactive_s.c
[5.320s] -- Up-to-date: /home/yyj/my_ws/install/slam_toolbox/local/lib/python3.10/dist-packages/slam_toolbox/srv/_deserialize_pose_graph_s.c
[5.320s] -- Up-to-date: /home/yyj/my_ws/install/slam_toolbox/local/lib/python3.10/dist-packages/slam_toolbox/srv/_loop_closure_s.c
[5.320s] -- Up-to-date: /home/yyj/my_ws/install/slam_toolbox/local/lib/python3.10/dist-packages/slam_toolbox/srv/_pause_s.c
[5.320s] -- Up-to-date: /home/yyj/my_ws/install/slam_toolbox/local/lib/python3.10/dist-packages/slam_toolbox/srv/_deserialize_pose_graph.py
[5.321s] -- Up-to-date: /home/yyj/my_ws/install/slam_toolbox/local/lib/python3.10/dist-packages/slam_toolbox/srv/_loop_closure.py
[5.321s] -- Up-to-date: /home/yyj/my_ws/install/slam_toolbox/local/lib/python3.10/dist-packages/slam_toolbox/srv/_clear_s.c
[5.321s] -- Up-to-date: /home/yyj/my_ws/install/slam_toolbox/local/lib/python3.10/dist-packages/slam_toolbox/srv/_merge_maps.py
[5.322s] -- Up-to-date: /home/yyj/my_ws/install/slam_toolbox/local/lib/python3.10/dist-packages/slam_toolbox/srv/_merge_maps_s.c
[5.322s] -- Up-to-date: /home/yyj/my_ws/install/slam_toolbox/local/lib/python3.10/dist-packages/slam_toolbox/srv/_add_submap.py
[5.322s] -- Up-to-date: /home/yyj/my_ws/install/slam_toolbox/local/lib/python3.10/dist-packages/slam_toolbox/srv/_save_map.py
[5.323s] -- Up-to-date: /home/yyj/my_ws/install/slam_toolbox/local/lib/python3.10/dist-packages/slam_toolbox/srv/_save_map_s.c
[5.323s] -- Up-to-date: /home/yyj/my_ws/install/slam_toolbox/local/lib/python3.10/dist-packages/slam_toolbox/srv/__init__.py
[5.323s] -- Up-to-date: /home/yyj/my_ws/install/slam_toolbox/local/lib/python3.10/dist-packages/slam_toolbox/srv/_clear_queue.py
[5.324s] -- Up-to-date: /home/yyj/my_ws/install/slam_toolbox/local/lib/python3.10/dist-packages/slam_toolbox/srv/_serialize_pose_graph.py
[5.324s] -- Up-to-date: /home/yyj/my_ws/install/slam_toolbox/local/lib/python3.10/dist-packages/slam_toolbox/srv/_clear_queue_s.c
[5.324s] -- Up-to-date: /home/yyj/my_ws/install/slam_toolbox/local/lib/python3.10/dist-packages/slam_toolbox/srv/_toggle_interactive.py
[5.325s] -- Up-to-date: /home/yyj/my_ws/install/slam_toolbox/local/lib/python3.10/dist-packages/slam_toolbox/srv/_add_submap_s.c
[5.325s] -- Up-to-date: /home/yyj/my_ws/install/slam_toolbox/local/lib/python3.10/dist-packages/slam_toolbox/_slam_toolbox_s.ep.rosidl_typesupport_fastrtps_c.c
[5.381s] Listing '/home/yyj/my_ws/install/slam_toolbox/local/lib/python3.10/dist-packages/slam_toolbox'...
[5.382s] Listing '/home/yyj/my_ws/install/slam_toolbox/local/lib/python3.10/dist-packages/slam_toolbox/srv'...
[5.382s] -- Up-to-date: /home/yyj/my_ws/install/slam_toolbox/local/lib/python3.10/dist-packages/slam_toolbox/slam_toolbox_s__rosidl_typesupport_fastrtps_c.cpython-310-x86_64-linux-gnu.so
[5.383s] -- Up-to-date: /home/yyj/my_ws/install/slam_toolbox/local/lib/python3.10/dist-packages/slam_toolbox/slam_toolbox_s__rosidl_typesupport_introspection_c.cpython-310-x86_64-linux-gnu.so
[5.384s] -- Up-to-date: /home/yyj/my_ws/install/slam_toolbox/local/lib/python3.10/dist-packages/slam_toolbox/slam_toolbox_s__rosidl_typesupport_c.cpython-310-x86_64-linux-gnu.so
[5.385s] -- Up-to-date: /home/yyj/my_ws/install/slam_toolbox/lib/libslam_toolbox__rosidl_generator_py.so
[5.386s] -- Up-to-date: /home/yyj/my_ws/install/slam_toolbox/share/slam_toolbox/srv/Pause.idl
[5.387s] -- Up-to-date: /home/yyj/my_ws/install/slam_toolbox/share/slam_toolbox/srv/ClearQueue.idl
[5.387s] -- Up-to-date: /home/yyj/my_ws/install/slam_toolbox/share/slam_toolbox/srv/ToggleInteractive.idl
[5.388s] -- Up-to-date: /home/yyj/my_ws/install/slam_toolbox/share/slam_toolbox/srv/Clear.idl
[5.389s] -- Up-to-date: /home/yyj/my_ws/install/slam_toolbox/share/slam_toolbox/srv/SaveMap.idl
[5.390s] -- Up-to-date: /home/yyj/my_ws/install/slam_toolbox/share/slam_toolbox/srv/LoopClosure.idl
[5.391s] -- Up-to-date: /home/yyj/my_ws/install/slam_toolbox/share/slam_toolbox/srv/MergeMaps.idl
[5.394s] -- Up-to-date: /home/yyj/my_ws/install/slam_toolbox/share/slam_toolbox/srv/AddSubmap.idl
[5.395s] -- Up-to-date: /home/yyj/my_ws/install/slam_toolbox/share/slam_toolbox/srv/DeserializePoseGraph.idl
[5.396s] -- Up-to-date: /home/yyj/my_ws/install/slam_toolbox/share/slam_toolbox/srv/SerializePoseGraph.idl
[5.397s] -- Up-to-date: /home/yyj/my_ws/install/slam_toolbox/share/slam_toolbox/srvs/Pause.srv
[5.398s] -- Up-to-date: /home/yyj/my_ws/install/slam_toolbox/share/slam_toolbox/srvs/Pause_Request.msg
[5.400s] -- Up-to-date: /home/yyj/my_ws/install/slam_toolbox/share/slam_toolbox/srvs/Pause_Response.msg
[5.401s] -- Up-to-date: /home/yyj/my_ws/install/slam_toolbox/share/slam_toolbox/srvs/ClearQueue.srv
[5.402s] -- Up-to-date: /home/yyj/my_ws/install/slam_toolbox/share/slam_toolbox/srvs/ClearQueue_Request.msg
[5.404s] -- Up-to-date: /home/yyj/my_ws/install/slam_toolbox/share/slam_toolbox/srvs/ClearQueue_Response.msg
[5.405s] -- Up-to-date: /home/yyj/my_ws/install/slam_toolbox/share/slam_toolbox/srvs/ToggleInteractive.srv
[5.407s] -- Up-to-date: /home/yyj/my_ws/install/slam_toolbox/share/slam_toolbox/srvs/ToggleInteractive_Request.msg
[5.410s] -- Up-to-date: /home/yyj/my_ws/install/slam_toolbox/share/slam_toolbox/srvs/ToggleInteractive_Response.msg
[5.413s] -- Up-to-date: /home/yyj/my_ws/install/slam_toolbox/share/slam_toolbox/srvs/Clear.srv
[5.414s] -- Up-to-date: /home/yyj/my_ws/install/slam_toolbox/share/slam_toolbox/srvs/Clear_Request.msg
[5.415s] -- Up-to-date: /home/yyj/my_ws/install/slam_toolbox/share/slam_toolbox/srvs/Clear_Response.msg
[5.417s] -- Up-to-date: /home/yyj/my_ws/install/slam_toolbox/share/slam_toolbox/srvs/SaveMap.srv
[5.417s] -- Up-to-date: /home/yyj/my_ws/install/slam_toolbox/share/slam_toolbox/srvs/SaveMap_Request.msg
[5.418s] -- Up-to-date: /home/yyj/my_ws/install/slam_toolbox/share/slam_toolbox/srvs/SaveMap_Response.msg
[5.421s] -- Up-to-date: /home/yyj/my_ws/install/slam_toolbox/share/slam_toolbox/srvs/LoopClosure.srv
[5.421s] -- Up-to-date: /home/yyj/my_ws/install/slam_toolbox/share/slam_toolbox/srvs/LoopClosure_Request.msg
[5.422s] -- Up-to-date: /home/yyj/my_ws/install/slam_toolbox/share/slam_toolbox/srvs/LoopClosure_Response.msg
[5.423s] -- Up-to-date: /home/yyj/my_ws/install/slam_toolbox/share/slam_toolbox/srvs/MergeMaps.srv
[5.424s] -- Up-to-date: /home/yyj/my_ws/install/slam_toolbox/share/slam_toolbox/srvs/MergeMaps_Request.msg
[5.425s] -- Up-to-date: /home/yyj/my_ws/install/slam_toolbox/share/slam_toolbox/srvs/MergeMaps_Response.msg
[5.426s] -- Up-to-date: /home/yyj/my_ws/install/slam_toolbox/share/slam_toolbox/srvs/AddSubmap.srv
[5.427s] -- Up-to-date: /home/yyj/my_ws/install/slam_toolbox/share/slam_toolbox/srvs/AddSubmap_Request.msg
[5.427s] -- Up-to-date: /home/yyj/my_ws/install/slam_toolbox/share/slam_toolbox/srvs/AddSubmap_Response.msg
[5.428s] -- Up-to-date: /home/yyj/my_ws/install/slam_toolbox/share/slam_toolbox/srvs/DeserializePoseGraph.srv
[5.429s] -- Up-to-date: /home/yyj/my_ws/install/slam_toolbox/share/slam_toolbox/srvs/DeserializePoseGraph_Request.msg
[5.430s] -- Up-to-date: /home/yyj/my_ws/install/slam_toolbox/share/slam_toolbox/srvs/DeserializePoseGraph_Response.msg
[5.430s] -- Up-to-date: /home/yyj/my_ws/install/slam_toolbox/share/slam_toolbox/srvs/SerializePoseGraph.srv
[5.431s] -- Up-to-date: /home/yyj/my_ws/install/slam_toolbox/share/slam_toolbox/srvs/SerializePoseGraph_Request.msg
[5.433s] -- Up-to-date: /home/yyj/my_ws/install/slam_toolbox/share/slam_toolbox/srvs/SerializePoseGraph_Response.msg
[5.434s] -- Up-to-date: /home/yyj/my_ws/install/slam_toolbox/share/slam_toolbox/rviz_plugins.xml
[5.435s] -- Up-to-date: /home/yyj/my_ws/install/slam_toolbox/share/slam_toolbox/solver_plugins.xml
[5.437s] -- Up-to-date: /home/yyj/my_ws/install/slam_toolbox/lib/slam_toolbox/async_slam_toolbox_node
[5.440s] -- Up-to-date: /home/yyj/my_ws/install/slam_toolbox/lib/slam_toolbox/sync_slam_toolbox_node
[5.441s] -- Up-to-date: /home/yyj/my_ws/install/slam_toolbox/lib/slam_toolbox/localization_slam_toolbox_node
[5.441s] -- Up-to-date: /home/yyj/my_ws/install/slam_toolbox/lib/slam_toolbox/map_and_localization_slam_toolbox_node
[5.442s] -- Up-to-date: /home/yyj/my_ws/install/slam_toolbox/lib/slam_toolbox/merge_maps_kinematic
[5.442s] -- Up-to-date: /home/yyj/my_ws/install/slam_toolbox/lib/libtoolbox_common.so
[5.445s] -- Up-to-date: /home/yyj/my_ws/install/slam_toolbox/lib/libSlamToolboxPlugin.so
[5.446s] -- Up-to-date: /home/yyj/my_ws/install/slam_toolbox/lib/libceres_solver_plugin.so
[5.447s] -- Up-to-date: /home/yyj/my_ws/install/slam_toolbox/lib/libasync_slam_toolbox.so
[5.447s] -- Up-to-date: /home/yyj/my_ws/install/slam_toolbox/lib/libsync_slam_toolbox.so
[5.449s] -- Up-to-date: /home/yyj/my_ws/install/slam_toolbox/lib/liblocalization_slam_toolbox.so
[5.450s] -- Up-to-date: /home/yyj/my_ws/install/slam_toolbox/lib/liblifelong_slam_toolbox.so
[5.450s] -- Up-to-date: /home/yyj/my_ws/install/slam_toolbox/lib/libmap_and_localization_slam_toolbox.so
[5.451s] -- Up-to-date: /home/yyj/my_ws/install/slam_toolbox/lib/libkartoSlamToolbox.so
[5.452s] -- Up-to-date: /home/yyj/my_ws/install/slam_toolbox/lib/libSlamToolboxPlugin.so
[5.452s] -- Up-to-date: /home/yyj/my_ws/install/slam_toolbox/include
[5.452s] -- Up-to-date: /home/yyj/my_ws/install/slam_toolbox/include/slam_toolbox
[5.453s] -- Up-to-date: /home/yyj/my_ws/install/slam_toolbox/include/slam_toolbox/experimental
[5.453s] -- Up-to-date: /home/yyj/my_ws/install/slam_toolbox/include/slam_toolbox/experimental/slam_toolbox_lifelong.hpp
[5.454s] -- Up-to-date: /home/yyj/my_ws/install/slam_toolbox/include/slam_toolbox/experimental/slam_toolbox_map_and_localization.hpp
[5.454s] -- Up-to-date: /home/yyj/my_ws/install/slam_toolbox/include/slam_toolbox/slam_toolbox_async.hpp
[5.454s] -- Up-to-date: /home/yyj/my_ws/install/slam_toolbox/include/slam_toolbox/slam_toolbox_localization.hpp
[5.455s] -- Up-to-date: /home/yyj/my_ws/install/slam_toolbox/include/slam_toolbox/toolbox_msgs.hpp
[5.455s] -- Up-to-date: /home/yyj/my_ws/install/slam_toolbox/include/slam_toolbox/visualization_utils.hpp
[5.456s] -- Up-to-date: /home/yyj/my_ws/install/slam_toolbox/include/slam_toolbox/laser_utils.hpp
[5.456s] -- Up-to-date: /home/yyj/my_ws/install/slam_toolbox/include/slam_toolbox/merge_maps_kinematic.hpp
[5.457s] -- Up-to-date: /home/yyj/my_ws/install/slam_toolbox/include/slam_toolbox/snap_utils.hpp
[5.457s] -- Up-to-date: /home/yyj/my_ws/install/slam_toolbox/include/slam_toolbox/serialization.hpp
[5.458s] -- Up-to-date: /home/yyj/my_ws/install/slam_toolbox/include/slam_toolbox/slam_toolbox_common.hpp
[5.458s] -- Up-to-date: /home/yyj/my_ws/install/slam_toolbox/include/slam_toolbox/slam_toolbox_sync.hpp
[5.460s] -- Up-to-date: /home/yyj/my_ws/install/slam_toolbox/include/slam_toolbox/map_saver.hpp
[5.461s] -- Up-to-date: /home/yyj/my_ws/install/slam_toolbox/include/slam_toolbox/loop_closure_assistant.hpp
[5.461s] -- Up-to-date: /home/yyj/my_ws/install/slam_toolbox/include/slam_toolbox/toolbox_types.hpp
[5.462s] -- Up-to-date: /home/yyj/my_ws/install/slam_toolbox/include/slam_toolbox/get_pose_helper.hpp
[5.463s] -- Up-to-date: /home/yyj/my_ws/install/slam_toolbox/include/slam_toolbox/slam_mapper.hpp
[5.464s] -- Up-to-date: /home/yyj/my_ws/install/slam_toolbox/share/slam_toolbox/launch
[5.464s] -- Up-to-date: /home/yyj/my_ws/install/slam_toolbox/share/slam_toolbox/launch/offline_launch.py
[5.465s] -- Up-to-date: /home/yyj/my_ws/install/slam_toolbox/share/slam_toolbox/launch/online_async_launch.py
[5.465s] -- Up-to-date: /home/yyj/my_ws/install/slam_toolbox/share/slam_toolbox/launch/localization_launch.py
[5.466s] -- Up-to-date: /home/yyj/my_ws/install/slam_toolbox/share/slam_toolbox/launch/online_sync_launch.py
[5.467s] -- Up-to-date: /home/yyj/my_ws/install/slam_toolbox/share/slam_toolbox/launch/merge_maps_kinematic_launch.py
[5.468s] -- Up-to-date: /home/yyj/my_ws/install/slam_toolbox/share/slam_toolbox/config
[5.469s] -- Up-to-date: /home/yyj/my_ws/install/slam_toolbox/share/slam_toolbox/config/mapper_params_lifelong.yaml
[5.469s] -- Up-to-date: /home/yyj/my_ws/install/slam_toolbox/share/slam_toolbox/config/mapper_params_online_sync.yaml
[5.471s] -- Up-to-date: /home/yyj/my_ws/install/slam_toolbox/share/slam_toolbox/config/slam_toolbox_default.rviz
[5.471s] -- Up-to-date: /home/yyj/my_ws/install/slam_toolbox/share/slam_toolbox/config/mapper_params_offline.yaml
[5.472s] -- Up-to-date: /home/yyj/my_ws/install/slam_toolbox/share/slam_toolbox/config/mapper_params_localization.yaml
[5.472s] -- Up-to-date: /home/yyj/my_ws/install/slam_toolbox/share/slam_toolbox/config/mapper_params_online_async.yaml
[5.472s] -- Up-to-date: /home/yyj/my_ws/install/slam_toolbox/share/solver_plugins.xml
[5.473s] -- Up-to-date: /home/yyj/my_ws/install/slam_toolbox/share/rviz_plugins.xml
[5.473s] -- Up-to-date: /home/yyj/my_ws/install/slam_toolbox/share/ament_index/resource_index/package_run_dependencies/slam_toolbox
[5.474s] -- Up-to-date: /home/yyj/my_ws/install/slam_toolbox/share/ament_index/resource_index/parent_prefix_path/slam_toolbox
[5.475s] -- Up-to-date: /home/yyj/my_ws/install/slam_toolbox/share/slam_toolbox/environment/ament_prefix_path.sh
[5.476s] -- Up-to-date: /home/yyj/my_ws/install/slam_toolbox/share/slam_toolbox/environment/ament_prefix_path.dsv
[5.476s] -- Up-to-date: /home/yyj/my_ws/install/slam_toolbox/share/slam_toolbox/environment/path.sh
[5.477s] -- Up-to-date: /home/yyj/my_ws/install/slam_toolbox/share/slam_toolbox/environment/path.dsv
[5.477s] -- Up-to-date: /home/yyj/my_ws/install/slam_toolbox/share/slam_toolbox/local_setup.bash
[5.477s] -- Up-to-date: /home/yyj/my_ws/install/slam_toolbox/share/slam_toolbox/local_setup.sh
[5.477s] -- Up-to-date: /home/yyj/my_ws/install/slam_toolbox/share/slam_toolbox/local_setup.zsh
[5.478s] -- Up-to-date: /home/yyj/my_ws/install/slam_toolbox/share/slam_toolbox/local_setup.dsv
[5.478s] -- Installing: /home/yyj/my_ws/install/slam_toolbox/share/slam_toolbox/package.dsv
[5.481s] -- Up-to-date: /home/yyj/my_ws/install/slam_toolbox/share/ament_index/resource_index/packages/slam_toolbox
[5.482s] -- Up-to-date: /home/yyj/my_ws/install/slam_toolbox/share/ament_index/resource_index/rviz_common__pluginlib__plugin/slam_toolbox
[5.482s] -- Up-to-date: /home/yyj/my_ws/install/slam_toolbox/share/ament_index/resource_index/slam_toolbox__pluginlib__plugin/slam_toolbox
[5.483s] -- Up-to-date: /home/yyj/my_ws/install/slam_toolbox/share/slam_toolbox/cmake/export_slam_toolbox__rosidl_generator_cExport.cmake
[5.484s] -- Up-to-date: /home/yyj/my_ws/install/slam_toolbox/share/slam_toolbox/cmake/export_slam_toolbox__rosidl_generator_cExport-release.cmake
[5.485s] -- Up-to-date: /home/yyj/my_ws/install/slam_toolbox/share/slam_toolbox/cmake/export_slam_toolbox__rosidl_typesupport_fastrtps_cExport.cmake
[5.486s] -- Up-to-date: /home/yyj/my_ws/install/slam_toolbox/share/slam_toolbox/cmake/export_slam_toolbox__rosidl_typesupport_fastrtps_cExport-release.cmake
[5.486s] -- Up-to-date: /home/yyj/my_ws/install/slam_toolbox/share/slam_toolbox/cmake/export_slam_toolbox__rosidl_generator_cppExport.cmake
[5.487s] -- Up-to-date: /home/yyj/my_ws/install/slam_toolbox/share/slam_toolbox/cmake/export_slam_toolbox__rosidl_typesupport_fastrtps_cppExport.cmake
[5.488s] -- Up-to-date: /home/yyj/my_ws/install/slam_toolbox/share/slam_toolbox/cmake/export_slam_toolbox__rosidl_typesupport_fastrtps_cppExport-release.cmake
[5.488s] -- Up-to-date: /home/yyj/my_ws/install/slam_toolbox/share/slam_toolbox/cmake/slam_toolbox__rosidl_typesupport_introspection_cExport.cmake
[5.489s] -- Up-to-date: /home/yyj/my_ws/install/slam_toolbox/share/slam_toolbox/cmake/slam_toolbox__rosidl_typesupport_introspection_cExport-release.cmake
[5.489s] -- Up-to-date: /home/yyj/my_ws/install/slam_toolbox/share/slam_toolbox/cmake/slam_toolbox__rosidl_typesupport_cExport.cmake
[5.490s] -- Up-to-date: /home/yyj/my_ws/install/slam_toolbox/share/slam_toolbox/cmake/slam_toolbox__rosidl_typesupport_cExport-release.cmake
[5.490s] -- Up-to-date: /home/yyj/my_ws/install/slam_toolbox/share/slam_toolbox/cmake/slam_toolbox__rosidl_typesupport_introspection_cppExport.cmake
[5.490s] -- Up-to-date: /home/yyj/my_ws/install/slam_toolbox/share/slam_toolbox/cmake/slam_toolbox__rosidl_typesupport_introspection_cppExport-release.cmake
[5.491s] -- Up-to-date: /home/yyj/my_ws/install/slam_toolbox/share/slam_toolbox/cmake/slam_toolbox__rosidl_typesupport_cppExport.cmake
[5.492s] -- Up-to-date: /home/yyj/my_ws/install/slam_toolbox/share/slam_toolbox/cmake/slam_toolbox__rosidl_typesupport_cppExport-release.cmake
[5.492s] -- Up-to-date: /home/yyj/my_ws/install/slam_toolbox/share/slam_toolbox/cmake/export_slam_toolbox__rosidl_generator_pyExport.cmake
[5.492s] -- Up-to-date: /home/yyj/my_ws/install/slam_toolbox/share/slam_toolbox/cmake/export_slam_toolbox__rosidl_generator_pyExport-release.cmake
[5.492s] -- Up-to-date: /home/yyj/my_ws/install/slam_toolbox/share/slam_toolbox/cmake/SlamToolboxPluginExport.cmake
[5.492s] -- Up-to-date: /home/yyj/my_ws/install/slam_toolbox/share/slam_toolbox/cmake/SlamToolboxPluginExport-release.cmake
[5.492s] -- Up-to-date: /home/yyj/my_ws/install/slam_toolbox/share/ament_index/resource_index/rclcpp_components/slam_toolbox
[5.493s] -- Up-to-date: /home/yyj/my_ws/install/slam_toolbox/share/slam_toolbox/cmake/rosidl_cmake-extras.cmake
[5.493s] -- Up-to-date: /home/yyj/my_ws/install/slam_toolbox/share/slam_toolbox/cmake/ament_cmake_export_dependencies-extras.cmake
[5.494s] -- Up-to-date: /home/yyj/my_ws/install/slam_toolbox/share/slam_toolbox/cmake/ament_cmake_export_include_directories-extras.cmake
[5.494s] -- Up-to-date: /home/yyj/my_ws/install/slam_toolbox/share/slam_toolbox/cmake/ament_cmake_export_libraries-extras.cmake
[5.494s] -- Up-to-date: /home/yyj/my_ws/install/slam_toolbox/share/slam_toolbox/cmake/ament_cmake_export_targets-extras.cmake
[5.494s] -- Up-to-date: /home/yyj/my_ws/install/slam_toolbox/share/slam_toolbox/cmake/rosidl_cmake_export_typesupport_targets-extras.cmake
[5.495s] -- Up-to-date: /home/yyj/my_ws/install/slam_toolbox/share/slam_toolbox/cmake/rosidl_cmake_export_typesupport_libraries-extras.cmake
[5.495s] -- Up-to-date: /home/yyj/my_ws/install/slam_toolbox/share/slam_toolbox/cmake/slam_toolboxConfig.cmake
[5.495s] -- Up-to-date: /home/yyj/my_ws/install/slam_toolbox/share/slam_toolbox/cmake/slam_toolboxConfig-version.cmake
[5.496s] -- Up-to-date: /home/yyj/my_ws/install/slam_toolbox/share/slam_toolbox/package.xml
[5.498s] -- Up-to-date: /home/yyj/my_ws/install/slam_toolbox/include/
[5.498s] -- Up-to-date: /home/yyj/my_ws/install/slam_toolbox/include//karto_sdk
[5.498s] -- Up-to-date: /home/yyj/my_ws/install/slam_toolbox/include//karto_sdk/nanoflann_adaptors.h
[5.498s] -- Up-to-date: /home/yyj/my_ws/install/slam_toolbox/include//karto_sdk/Karto.h
[5.498s] -- Up-to-date: /home/yyj/my_ws/install/slam_toolbox/include//karto_sdk/Types.h
[5.499s] -- Up-to-date: /home/yyj/my_ws/install/slam_toolbox/include//karto_sdk/Math.h
[5.499s] -- Up-to-date: /home/yyj/my_ws/install/slam_toolbox/include//karto_sdk/Macros.h
[5.499s] -- Up-to-date: /home/yyj/my_ws/install/slam_toolbox/include//karto_sdk/Mapper.h
[5.500s] -- Up-to-date: /home/yyj/my_ws/install/slam_toolbox/include//karto_sdk/nanoflann.hpp
[5.512s] Invoked command in '/home/yyj/my_ws/build/slam_toolbox' returned '0': CMAKE_PREFIX_PATH=${CMAKE_PREFIX_PATH}:/home/yyj/my_ws/install/ros2_aruco:/home/yyj/my_ws/install/open_action_server:/home/yyj/my_ws/install/my_tf2_package:/home/yyj/my_ws/install/my_docking:/home/yyj/my_ws/install/my_aruco_to_goal_pose_pkg:/opt/ros/humble /usr/bin/cmake --install /home/yyj/my_ws/build/slam_toolbox
