[4.657s] Invoking command in '/home/yyj/my_ws/src/my_tf2_package': PYTHONPATH=/home/yyj/my_ws/build/my_tf2_package/prefix_override:/home/yyj/my_ws/install/my_tf2_package/lib/python3.10/site-packages:${PYTHONPATH} /usr/bin/python3 -W ignore:setup.py install is deprecated setup.py egg_info --egg-base ../../build/my_tf2_package build --build-base /home/yyj/my_ws/build/my_tf2_package/build install --record /home/yyj/my_ws/build/my_tf2_package/install.log --single-version-externally-managed install_data
[5.655s] running egg_info
[5.656s] writing ../../build/my_tf2_package/my_tf2_package.egg-info/PKG-INFO
[5.656s] writing dependency_links to ../../build/my_tf2_package/my_tf2_package.egg-info/dependency_links.txt
[5.656s] writing entry points to ../../build/my_tf2_package/my_tf2_package.egg-info/entry_points.txt
[5.657s] writing requirements to ../../build/my_tf2_package/my_tf2_package.egg-info/requires.txt
[5.657s] writing top-level names to ../../build/my_tf2_package/my_tf2_package.egg-info/top_level.txt
[5.658s] reading manifest file '../../build/my_tf2_package/my_tf2_package.egg-info/SOURCES.txt'
[5.658s] adding license file 'LICENSE'
[5.659s] writing manifest file '../../build/my_tf2_package/my_tf2_package.egg-info/SOURCES.txt'
[5.660s] running build
[5.660s] running build_py
[5.661s] running install
[5.662s] running install_lib
[5.662s] running install_data
[5.663s] running install_egg_info
[5.664s] removing '/home/yyj/my_ws/install/my_tf2_package/lib/python3.10/site-packages/my_tf2_package-0.0.0-py3.10.egg-info' (and everything under it)
[5.665s] Copying ../../build/my_tf2_package/my_tf2_package.egg-info to /home/yyj/my_ws/install/my_tf2_package/lib/python3.10/site-packages/my_tf2_package-0.0.0-py3.10.egg-info
[5.667s] running install_scripts
[5.736s] Installing my_static_cart_tf2_broadcaster script to /home/yyj/my_ws/install/my_tf2_package/lib/my_tf2_package
[5.737s] writing list of installed files to '/home/yyj/my_ws/build/my_tf2_package/install.log'
[5.817s] Invoked command in '/home/yyj/my_ws/src/my_tf2_package' returned '0': PYTHONPATH=/home/yyj/my_ws/build/my_tf2_package/prefix_override:/home/yyj/my_ws/install/my_tf2_package/lib/python3.10/site-packages:${PYTHONPATH} /usr/bin/python3 -W ignore:setup.py install is deprecated setup.py egg_info --egg-base ../../build/my_tf2_package build --build-base /home/yyj/my_ws/build/my_tf2_package/build install --record /home/yyj/my_ws/build/my_tf2_package/install.log --single-version-externally-managed install_data
