[3.513s] Invoking command in '/home/yyj/my_ws/build/ros2_aruco_interfaces': CMAKE_PREFIX_PATH=${CMAKE_PREFIX_PATH}:/home/yyj/my_ws/install/ros2_aruco:/home/yyj/my_ws/install/open_action_server:/home/yyj/my_ws/install/my_tf2_package:/home/yyj/my_ws/install/my_docking:/home/yyj/my_ws/install/my_aruco_to_goal_pose_pkg:/opt/ros/humble /usr/bin/cmake --build /home/yyj/my_ws/build/ros2_aruco_interfaces -- -j16 -l16
[3.669s] [  3%] Built target ros2_aruco_interfaces__cpp
[3.828s] [  3%] Built target ament_cmake_python_copy_ros2_aruco_interfaces
[3.927s] [ 12%] Built target ros2_aruco_interfaces__rosidl_typesupport_introspection_cpp
[5.069s] running egg_info
[5.072s] writing ros2_aruco_interfaces.egg-info/PKG-INFO
[5.073s] writing dependency_links to ros2_aruco_interfaces.egg-info/dependency_links.txt
[5.074s] writing top-level names to ros2_aruco_interfaces.egg-info/top_level.txt
[5.080s] reading manifest file 'ros2_aruco_interfaces.egg-info/SOURCES.txt'
[5.082s] writing manifest file 'ros2_aruco_interfaces.egg-info/SOURCES.txt'
[5.195s] [ 12%] Built target ament_cmake_python_build_ros2_aruco_interfaces_egg
[5.293s] [ 22%] Built target ros2_aruco_interfaces__rosidl_typesupport_fastrtps_cpp
[5.414s] [ 32%] Built target ros2_aruco_interfaces__rosidl_typesupport_cpp
[5.516s] [ 41%] Built target ros2_aruco_interfaces__rosidl_generator_c
[5.636s] [ 51%] Built target ros2_aruco_interfaces__rosidl_typesupport_fastrtps_c
[5.760s] [ 61%] Built target ros2_aruco_interfaces__rosidl_typesupport_c
[5.883s] [ 70%] Built target ros2_aruco_interfaces__rosidl_typesupport_introspection_c
[5.973s] [ 70%] Built target ros2_aruco_interfaces
[6.068s] [ 74%] Built target ros2_aruco_interfaces__py
[6.161s] [ 80%] Built target ros2_aruco_interfaces__rosidl_generator_py
[6.252s] [ 87%] Built target ros2_aruco_interfaces__rosidl_typesupport_fastrtps_c__pyext
[6.368s] [ 93%] Built target ros2_aruco_interfaces__rosidl_typesupport_c__pyext
[6.451s] [100%] Built target ros2_aruco_interfaces__rosidl_typesupport_introspection_c__pyext
[6.495s] Invoked command in '/home/yyj/my_ws/build/ros2_aruco_interfaces' returned '0': CMAKE_PREFIX_PATH=${CMAKE_PREFIX_PATH}:/home/yyj/my_ws/install/ros2_aruco:/home/yyj/my_ws/install/open_action_server:/home/yyj/my_ws/install/my_tf2_package:/home/yyj/my_ws/install/my_docking:/home/yyj/my_ws/install/my_aruco_to_goal_pose_pkg:/opt/ros/humble /usr/bin/cmake --build /home/yyj/my_ws/build/ros2_aruco_interfaces -- -j16 -l16
[6.808s] Invoking command in '/home/yyj/my_ws/build/ros2_aruco_interfaces': CMAKE_PREFIX_PATH=${CMAKE_PREFIX_PATH}:/home/yyj/my_ws/install/ros2_aruco:/home/yyj/my_ws/install/open_action_server:/home/yyj/my_ws/install/my_tf2_package:/home/yyj/my_ws/install/my_docking:/home/yyj/my_ws/install/my_aruco_to_goal_pose_pkg:/opt/ros/humble /usr/bin/cmake --install /home/yyj/my_ws/build/ros2_aruco_interfaces
[6.847s] -- Install configuration: ""
[6.849s] -- Up-to-date: /home/yyj/my_ws/install/ros2_aruco_interfaces/share/ament_index/resource_index/rosidl_interfaces/ros2_aruco_interfaces
[6.851s] -- Up-to-date: /home/yyj/my_ws/install/ros2_aruco_interfaces/include/ros2_aruco_interfaces/ros2_aruco_interfaces
[6.853s] -- Up-to-date: /home/yyj/my_ws/install/ros2_aruco_interfaces/include/ros2_aruco_interfaces/ros2_aruco_interfaces/msg
[6.854s] -- Up-to-date: /home/yyj/my_ws/install/ros2_aruco_interfaces/include/ros2_aruco_interfaces/ros2_aruco_interfaces/msg/detail
[6.855s] -- Up-to-date: /home/yyj/my_ws/install/ros2_aruco_interfaces/include/ros2_aruco_interfaces/ros2_aruco_interfaces/msg/detail/aruco_markers__functions.c
[6.856s] -- Up-to-date: /home/yyj/my_ws/install/ros2_aruco_interfaces/include/ros2_aruco_interfaces/ros2_aruco_interfaces/msg/detail/aruco_markers__functions.h
[6.857s] -- Up-to-date: /home/yyj/my_ws/install/ros2_aruco_interfaces/include/ros2_aruco_interfaces/ros2_aruco_interfaces/msg/detail/aruco_markers__type_support.h
[6.857s] -- Up-to-date: /home/yyj/my_ws/install/ros2_aruco_interfaces/include/ros2_aruco_interfaces/ros2_aruco_interfaces/msg/detail/aruco_markers__struct.h
[6.858s] -- Up-to-date: /home/yyj/my_ws/install/ros2_aruco_interfaces/include/ros2_aruco_interfaces/ros2_aruco_interfaces/msg/rosidl_generator_c__visibility_control.h
[6.858s] -- Up-to-date: /home/yyj/my_ws/install/ros2_aruco_interfaces/include/ros2_aruco_interfaces/ros2_aruco_interfaces/msg/aruco_markers.h
[6.858s] -- Up-to-date: /home/yyj/my_ws/install/ros2_aruco_interfaces/share/ros2_aruco_interfaces/environment/library_path.sh
[6.858s] -- Up-to-date: /home/yyj/my_ws/install/ros2_aruco_interfaces/share/ros2_aruco_interfaces/environment/library_path.dsv
[6.859s] -- Up-to-date: /home/yyj/my_ws/install/ros2_aruco_interfaces/lib/libros2_aruco_interfaces__rosidl_generator_c.so
[6.860s] -- Up-to-date: /home/yyj/my_ws/install/ros2_aruco_interfaces/include/ros2_aruco_interfaces/ros2_aruco_interfaces
[6.861s] -- Up-to-date: /home/yyj/my_ws/install/ros2_aruco_interfaces/include/ros2_aruco_interfaces/ros2_aruco_interfaces/msg
[6.861s] -- Up-to-date: /home/yyj/my_ws/install/ros2_aruco_interfaces/include/ros2_aruco_interfaces/ros2_aruco_interfaces/msg/detail
[6.861s] -- Up-to-date: /home/yyj/my_ws/install/ros2_aruco_interfaces/include/ros2_aruco_interfaces/ros2_aruco_interfaces/msg/detail/aruco_markers__rosidl_typesupport_fastrtps_c.h
[6.861s] -- Up-to-date: /home/yyj/my_ws/install/ros2_aruco_interfaces/include/ros2_aruco_interfaces/ros2_aruco_interfaces/msg/rosidl_typesupport_fastrtps_c__visibility_control.h
[6.862s] -- Up-to-date: /home/yyj/my_ws/install/ros2_aruco_interfaces/lib/libros2_aruco_interfaces__rosidl_typesupport_fastrtps_c.so
[6.862s] -- Up-to-date: /home/yyj/my_ws/install/ros2_aruco_interfaces/include/ros2_aruco_interfaces/ros2_aruco_interfaces
[6.862s] -- Up-to-date: /home/yyj/my_ws/install/ros2_aruco_interfaces/include/ros2_aruco_interfaces/ros2_aruco_interfaces/msg
[6.862s] -- Up-to-date: /home/yyj/my_ws/install/ros2_aruco_interfaces/include/ros2_aruco_interfaces/ros2_aruco_interfaces/msg/detail
[6.862s] -- Up-to-date: /home/yyj/my_ws/install/ros2_aruco_interfaces/include/ros2_aruco_interfaces/ros2_aruco_interfaces/msg/detail/aruco_markers__struct.hpp
[6.863s] -- Up-to-date: /home/yyj/my_ws/install/ros2_aruco_interfaces/include/ros2_aruco_interfaces/ros2_aruco_interfaces/msg/detail/aruco_markers__builder.hpp
[6.863s] -- Up-to-date: /home/yyj/my_ws/install/ros2_aruco_interfaces/include/ros2_aruco_interfaces/ros2_aruco_interfaces/msg/detail/aruco_markers__traits.hpp
[6.863s] -- Up-to-date: /home/yyj/my_ws/install/ros2_aruco_interfaces/include/ros2_aruco_interfaces/ros2_aruco_interfaces/msg/aruco_markers.hpp
[6.863s] -- Up-to-date: /home/yyj/my_ws/install/ros2_aruco_interfaces/include/ros2_aruco_interfaces/ros2_aruco_interfaces
[6.864s] -- Up-to-date: /home/yyj/my_ws/install/ros2_aruco_interfaces/include/ros2_aruco_interfaces/ros2_aruco_interfaces/msg
[6.864s] -- Up-to-date: /home/yyj/my_ws/install/ros2_aruco_interfaces/include/ros2_aruco_interfaces/ros2_aruco_interfaces/msg/detail
[6.864s] -- Up-to-date: /home/yyj/my_ws/install/ros2_aruco_interfaces/include/ros2_aruco_interfaces/ros2_aruco_interfaces/msg/detail/aruco_markers__rosidl_typesupport_fastrtps_cpp.hpp
[6.864s] -- Up-to-date: /home/yyj/my_ws/install/ros2_aruco_interfaces/include/ros2_aruco_interfaces/ros2_aruco_interfaces/msg/detail/dds_fastrtps
[6.864s] -- Up-to-date: /home/yyj/my_ws/install/ros2_aruco_interfaces/include/ros2_aruco_interfaces/ros2_aruco_interfaces/msg/rosidl_typesupport_fastrtps_cpp__visibility_control.h
[6.865s] -- Up-to-date: /home/yyj/my_ws/install/ros2_aruco_interfaces/lib/libros2_aruco_interfaces__rosidl_typesupport_fastrtps_cpp.so
[6.865s] -- Up-to-date: /home/yyj/my_ws/install/ros2_aruco_interfaces/include/ros2_aruco_interfaces/ros2_aruco_interfaces
[6.865s] -- Up-to-date: /home/yyj/my_ws/install/ros2_aruco_interfaces/include/ros2_aruco_interfaces/ros2_aruco_interfaces/msg
[6.865s] -- Up-to-date: /home/yyj/my_ws/install/ros2_aruco_interfaces/include/ros2_aruco_interfaces/ros2_aruco_interfaces/msg/detail
[6.865s] -- Up-to-date: /home/yyj/my_ws/install/ros2_aruco_interfaces/include/ros2_aruco_interfaces/ros2_aruco_interfaces/msg/detail/aruco_markers__type_support.c
[6.866s] -- Up-to-date: /home/yyj/my_ws/install/ros2_aruco_interfaces/include/ros2_aruco_interfaces/ros2_aruco_interfaces/msg/detail/aruco_markers__rosidl_typesupport_introspection_c.h
[6.866s] -- Up-to-date: /home/yyj/my_ws/install/ros2_aruco_interfaces/include/ros2_aruco_interfaces/ros2_aruco_interfaces/msg/rosidl_typesupport_introspection_c__visibility_control.h
[6.866s] -- Up-to-date: /home/yyj/my_ws/install/ros2_aruco_interfaces/lib/libros2_aruco_interfaces__rosidl_typesupport_introspection_c.so
[6.866s] -- Up-to-date: /home/yyj/my_ws/install/ros2_aruco_interfaces/lib/libros2_aruco_interfaces__rosidl_typesupport_c.so
[6.866s] -- Up-to-date: /home/yyj/my_ws/install/ros2_aruco_interfaces/include/ros2_aruco_interfaces/ros2_aruco_interfaces
[6.867s] -- Up-to-date: /home/yyj/my_ws/install/ros2_aruco_interfaces/include/ros2_aruco_interfaces/ros2_aruco_interfaces/msg
[6.869s] -- Up-to-date: /home/yyj/my_ws/install/ros2_aruco_interfaces/include/ros2_aruco_interfaces/ros2_aruco_interfaces/msg/detail
[6.870s] -- Up-to-date: /home/yyj/my_ws/install/ros2_aruco_interfaces/include/ros2_aruco_interfaces/ros2_aruco_interfaces/msg/detail/aruco_markers__rosidl_typesupport_introspection_cpp.hpp
[6.870s] -- Up-to-date: /home/yyj/my_ws/install/ros2_aruco_interfaces/include/ros2_aruco_interfaces/ros2_aruco_interfaces/msg/detail/aruco_markers__type_support.cpp
[6.871s] -- Up-to-date: /home/yyj/my_ws/install/ros2_aruco_interfaces/lib/libros2_aruco_interfaces__rosidl_typesupport_introspection_cpp.so
[6.871s] -- Up-to-date: /home/yyj/my_ws/install/ros2_aruco_interfaces/lib/libros2_aruco_interfaces__rosidl_typesupport_cpp.so
[6.872s] -- Up-to-date: /home/yyj/my_ws/install/ros2_aruco_interfaces/share/ros2_aruco_interfaces/environment/pythonpath.sh
[6.872s] -- Up-to-date: /home/yyj/my_ws/install/ros2_aruco_interfaces/share/ros2_aruco_interfaces/environment/pythonpath.dsv
[6.872s] -- Up-to-date: /home/yyj/my_ws/install/ros2_aruco_interfaces/local/lib/python3.10/dist-packages/ros2_aruco_interfaces-0.1.0-py3.10.egg-info
[6.872s] -- Installing: /home/yyj/my_ws/install/ros2_aruco_interfaces/local/lib/python3.10/dist-packages/ros2_aruco_interfaces-0.1.0-py3.10.egg-info/SOURCES.txt
[6.873s] -- Installing: /home/yyj/my_ws/install/ros2_aruco_interfaces/local/lib/python3.10/dist-packages/ros2_aruco_interfaces-0.1.0-py3.10.egg-info/top_level.txt
[6.873s] -- Installing: /home/yyj/my_ws/install/ros2_aruco_interfaces/local/lib/python3.10/dist-packages/ros2_aruco_interfaces-0.1.0-py3.10.egg-info/dependency_links.txt
[6.873s] -- Installing: /home/yyj/my_ws/install/ros2_aruco_interfaces/local/lib/python3.10/dist-packages/ros2_aruco_interfaces-0.1.0-py3.10.egg-info/PKG-INFO
[6.873s] -- Up-to-date: /home/yyj/my_ws/install/ros2_aruco_interfaces/local/lib/python3.10/dist-packages/ros2_aruco_interfaces
[6.874s] -- Up-to-date: /home/yyj/my_ws/install/ros2_aruco_interfaces/local/lib/python3.10/dist-packages/ros2_aruco_interfaces/libros2_aruco_interfaces__rosidl_generator_py.so
[6.874s] -- Up-to-date: /home/yyj/my_ws/install/ros2_aruco_interfaces/local/lib/python3.10/dist-packages/ros2_aruco_interfaces/ros2_aruco_interfaces_s__rosidl_typesupport_fastrtps_c.cpython-310-x86_64-linux-gnu.so
[6.874s] -- Up-to-date: /home/yyj/my_ws/install/ros2_aruco_interfaces/local/lib/python3.10/dist-packages/ros2_aruco_interfaces/ros2_aruco_interfaces_s__rosidl_typesupport_c.cpython-310-x86_64-linux-gnu.so
[6.874s] -- Up-to-date: /home/yyj/my_ws/install/ros2_aruco_interfaces/local/lib/python3.10/dist-packages/ros2_aruco_interfaces/__init__.py
[6.875s] -- Up-to-date: /home/yyj/my_ws/install/ros2_aruco_interfaces/local/lib/python3.10/dist-packages/ros2_aruco_interfaces/_ros2_aruco_interfaces_s.ep.rosidl_typesupport_fastrtps_c.c
[6.875s] -- Up-to-date: /home/yyj/my_ws/install/ros2_aruco_interfaces/local/lib/python3.10/dist-packages/ros2_aruco_interfaces/_ros2_aruco_interfaces_s.ep.rosidl_typesupport_introspection_c.c
[6.875s] -- Up-to-date: /home/yyj/my_ws/install/ros2_aruco_interfaces/local/lib/python3.10/dist-packages/ros2_aruco_interfaces/ros2_aruco_interfaces_s__rosidl_typesupport_introspection_c.cpython-310-x86_64-linux-gnu.so
[6.875s] -- Up-to-date: /home/yyj/my_ws/install/ros2_aruco_interfaces/local/lib/python3.10/dist-packages/ros2_aruco_interfaces/msg
[6.875s] -- Up-to-date: /home/yyj/my_ws/install/ros2_aruco_interfaces/local/lib/python3.10/dist-packages/ros2_aruco_interfaces/msg/__init__.py
[6.876s] -- Up-to-date: /home/yyj/my_ws/install/ros2_aruco_interfaces/local/lib/python3.10/dist-packages/ros2_aruco_interfaces/msg/_aruco_markers_s.c
[6.876s] -- Up-to-date: /home/yyj/my_ws/install/ros2_aruco_interfaces/local/lib/python3.10/dist-packages/ros2_aruco_interfaces/msg/_aruco_markers.py
[6.876s] -- Up-to-date: /home/yyj/my_ws/install/ros2_aruco_interfaces/local/lib/python3.10/dist-packages/ros2_aruco_interfaces/_ros2_aruco_interfaces_s.ep.rosidl_typesupport_c.c
[6.992s] Listing '/home/yyj/my_ws/install/ros2_aruco_interfaces/local/lib/python3.10/dist-packages/ros2_aruco_interfaces'...
[6.993s] Listing '/home/yyj/my_ws/install/ros2_aruco_interfaces/local/lib/python3.10/dist-packages/ros2_aruco_interfaces/msg'...
[7.009s] -- Up-to-date: /home/yyj/my_ws/install/ros2_aruco_interfaces/local/lib/python3.10/dist-packages/ros2_aruco_interfaces/ros2_aruco_interfaces_s__rosidl_typesupport_fastrtps_c.cpython-310-x86_64-linux-gnu.so
[7.010s] -- Up-to-date: /home/yyj/my_ws/install/ros2_aruco_interfaces/local/lib/python3.10/dist-packages/ros2_aruco_interfaces/ros2_aruco_interfaces_s__rosidl_typesupport_introspection_c.cpython-310-x86_64-linux-gnu.so
[7.010s] -- Up-to-date: /home/yyj/my_ws/install/ros2_aruco_interfaces/local/lib/python3.10/dist-packages/ros2_aruco_interfaces/ros2_aruco_interfaces_s__rosidl_typesupport_c.cpython-310-x86_64-linux-gnu.so
[7.011s] -- Up-to-date: /home/yyj/my_ws/install/ros2_aruco_interfaces/lib/libros2_aruco_interfaces__rosidl_generator_py.so
[7.013s] -- Up-to-date: /home/yyj/my_ws/install/ros2_aruco_interfaces/share/ros2_aruco_interfaces/msg/ArucoMarkers.idl
[7.013s] -- Up-to-date: /home/yyj/my_ws/install/ros2_aruco_interfaces/share/ros2_aruco_interfaces/msg/ArucoMarkers.msg
[7.013s] -- Up-to-date: /home/yyj/my_ws/install/ros2_aruco_interfaces/share/ament_index/resource_index/package_run_dependencies/ros2_aruco_interfaces
[7.014s] -- Up-to-date: /home/yyj/my_ws/install/ros2_aruco_interfaces/share/ament_index/resource_index/parent_prefix_path/ros2_aruco_interfaces
[7.014s] -- Up-to-date: /home/yyj/my_ws/install/ros2_aruco_interfaces/share/ros2_aruco_interfaces/environment/ament_prefix_path.sh
[7.015s] -- Up-to-date: /home/yyj/my_ws/install/ros2_aruco_interfaces/share/ros2_aruco_interfaces/environment/ament_prefix_path.dsv
[7.015s] -- Up-to-date: /home/yyj/my_ws/install/ros2_aruco_interfaces/share/ros2_aruco_interfaces/environment/path.sh
[7.016s] -- Up-to-date: /home/yyj/my_ws/install/ros2_aruco_interfaces/share/ros2_aruco_interfaces/environment/path.dsv
[7.016s] -- Up-to-date: /home/yyj/my_ws/install/ros2_aruco_interfaces/share/ros2_aruco_interfaces/local_setup.bash
[7.017s] -- Up-to-date: /home/yyj/my_ws/install/ros2_aruco_interfaces/share/ros2_aruco_interfaces/local_setup.sh
[7.017s] -- Up-to-date: /home/yyj/my_ws/install/ros2_aruco_interfaces/share/ros2_aruco_interfaces/local_setup.zsh
[7.018s] -- Up-to-date: /home/yyj/my_ws/install/ros2_aruco_interfaces/share/ros2_aruco_interfaces/local_setup.dsv
[7.018s] -- Installing: /home/yyj/my_ws/install/ros2_aruco_interfaces/share/ros2_aruco_interfaces/package.dsv
[7.018s] -- Up-to-date: /home/yyj/my_ws/install/ros2_aruco_interfaces/share/ament_index/resource_index/packages/ros2_aruco_interfaces
[7.019s] -- Up-to-date: /home/yyj/my_ws/install/ros2_aruco_interfaces/share/ros2_aruco_interfaces/cmake/export_ros2_aruco_interfaces__rosidl_generator_cExport.cmake
[7.019s] -- Up-to-date: /home/yyj/my_ws/install/ros2_aruco_interfaces/share/ros2_aruco_interfaces/cmake/export_ros2_aruco_interfaces__rosidl_generator_cExport-noconfig.cmake
[7.020s] -- Up-to-date: /home/yyj/my_ws/install/ros2_aruco_interfaces/share/ros2_aruco_interfaces/cmake/export_ros2_aruco_interfaces__rosidl_typesupport_fastrtps_cExport.cmake
[7.020s] -- Up-to-date: /home/yyj/my_ws/install/ros2_aruco_interfaces/share/ros2_aruco_interfaces/cmake/export_ros2_aruco_interfaces__rosidl_typesupport_fastrtps_cExport-noconfig.cmake
[7.021s] -- Up-to-date: /home/yyj/my_ws/install/ros2_aruco_interfaces/share/ros2_aruco_interfaces/cmake/export_ros2_aruco_interfaces__rosidl_generator_cppExport.cmake
[7.021s] -- Up-to-date: /home/yyj/my_ws/install/ros2_aruco_interfaces/share/ros2_aruco_interfaces/cmake/export_ros2_aruco_interfaces__rosidl_typesupport_fastrtps_cppExport.cmake
[7.021s] -- Up-to-date: /home/yyj/my_ws/install/ros2_aruco_interfaces/share/ros2_aruco_interfaces/cmake/export_ros2_aruco_interfaces__rosidl_typesupport_fastrtps_cppExport-noconfig.cmake
[7.022s] -- Up-to-date: /home/yyj/my_ws/install/ros2_aruco_interfaces/share/ros2_aruco_interfaces/cmake/ros2_aruco_interfaces__rosidl_typesupport_introspection_cExport.cmake
[7.022s] -- Up-to-date: /home/yyj/my_ws/install/ros2_aruco_interfaces/share/ros2_aruco_interfaces/cmake/ros2_aruco_interfaces__rosidl_typesupport_introspection_cExport-noconfig.cmake
[7.022s] -- Up-to-date: /home/yyj/my_ws/install/ros2_aruco_interfaces/share/ros2_aruco_interfaces/cmake/ros2_aruco_interfaces__rosidl_typesupport_cExport.cmake
[7.023s] -- Up-to-date: /home/yyj/my_ws/install/ros2_aruco_interfaces/share/ros2_aruco_interfaces/cmake/ros2_aruco_interfaces__rosidl_typesupport_cExport-noconfig.cmake
[7.023s] -- Up-to-date: /home/yyj/my_ws/install/ros2_aruco_interfaces/share/ros2_aruco_interfaces/cmake/ros2_aruco_interfaces__rosidl_typesupport_introspection_cppExport.cmake
[7.023s] -- Up-to-date: /home/yyj/my_ws/install/ros2_aruco_interfaces/share/ros2_aruco_interfaces/cmake/ros2_aruco_interfaces__rosidl_typesupport_introspection_cppExport-noconfig.cmake
[7.024s] -- Up-to-date: /home/yyj/my_ws/install/ros2_aruco_interfaces/share/ros2_aruco_interfaces/cmake/ros2_aruco_interfaces__rosidl_typesupport_cppExport.cmake
[7.024s] -- Up-to-date: /home/yyj/my_ws/install/ros2_aruco_interfaces/share/ros2_aruco_interfaces/cmake/ros2_aruco_interfaces__rosidl_typesupport_cppExport-noconfig.cmake
[7.024s] -- Up-to-date: /home/yyj/my_ws/install/ros2_aruco_interfaces/share/ros2_aruco_interfaces/cmake/export_ros2_aruco_interfaces__rosidl_generator_pyExport.cmake
[7.024s] -- Up-to-date: /home/yyj/my_ws/install/ros2_aruco_interfaces/share/ros2_aruco_interfaces/cmake/export_ros2_aruco_interfaces__rosidl_generator_pyExport-noconfig.cmake
[7.025s] -- Up-to-date: /home/yyj/my_ws/install/ros2_aruco_interfaces/share/ros2_aruco_interfaces/cmake/rosidl_cmake-extras.cmake
[7.025s] -- Up-to-date: /home/yyj/my_ws/install/ros2_aruco_interfaces/share/ros2_aruco_interfaces/cmake/ament_cmake_export_dependencies-extras.cmake
[7.027s] -- Up-to-date: /home/yyj/my_ws/install/ros2_aruco_interfaces/share/ros2_aruco_interfaces/cmake/ament_cmake_export_include_directories-extras.cmake
[7.028s] -- Up-to-date: /home/yyj/my_ws/install/ros2_aruco_interfaces/share/ros2_aruco_interfaces/cmake/ament_cmake_export_libraries-extras.cmake
[7.032s] -- Up-to-date: /home/yyj/my_ws/install/ros2_aruco_interfaces/share/ros2_aruco_interfaces/cmake/ament_cmake_export_targets-extras.cmake
[7.033s] -- Up-to-date: /home/yyj/my_ws/install/ros2_aruco_interfaces/share/ros2_aruco_interfaces/cmake/rosidl_cmake_export_typesupport_targets-extras.cmake
[7.033s] -- Up-to-date: /home/yyj/my_ws/install/ros2_aruco_interfaces/share/ros2_aruco_interfaces/cmake/rosidl_cmake_export_typesupport_libraries-extras.cmake
[7.034s] -- Up-to-date: /home/yyj/my_ws/install/ros2_aruco_interfaces/share/ros2_aruco_interfaces/cmake/ros2_aruco_interfacesConfig.cmake
[7.034s] -- Up-to-date: /home/yyj/my_ws/install/ros2_aruco_interfaces/share/ros2_aruco_interfaces/cmake/ros2_aruco_interfacesConfig-version.cmake
[7.034s] -- Up-to-date: /home/yyj/my_ws/install/ros2_aruco_interfaces/share/ros2_aruco_interfaces/package.xml
[7.041s] Invoked command in '/home/yyj/my_ws/build/ros2_aruco_interfaces' returned '0': CMAKE_PREFIX_PATH=${CMAKE_PREFIX_PATH}:/home/yyj/my_ws/install/ros2_aruco:/home/yyj/my_ws/install/open_action_server:/home/yyj/my_ws/install/my_tf2_package:/home/yyj/my_ws/install/my_docking:/home/yyj/my_ws/install/my_aruco_to_goal_pose_pkg:/opt/ros/humble /usr/bin/cmake --install /home/yyj/my_ws/build/ros2_aruco_interfaces
