[0.356s] Invoking command in '/home/yyj/my_ws/build/odrive_demo_description': CMAKE_PREFIX_PATH=${CMAKE_PREFIX_PATH}:/home/yyj/my_ws/install/ros2_aruco:/home/yyj/my_ws/install/open_action_server:/home/yyj/my_ws/install/my_tf2_package:/home/yyj/my_ws/install/my_docking:/home/yyj/my_ws/install/my_aruco_to_goal_pose_pkg:/opt/ros/humble /usr/bin/cmake --build /home/yyj/my_ws/build/odrive_demo_description -- -j16 -l16
[5.115s] Invoked command in '/home/yyj/my_ws/build/odrive_demo_description' returned '0': CMAKE_PREFIX_PATH=${CMAKE_PREFIX_PATH}:/home/yyj/my_ws/install/ros2_aruco:/home/yyj/my_ws/install/open_action_server:/home/yyj/my_ws/install/my_tf2_package:/home/yyj/my_ws/install/my_docking:/home/yyj/my_ws/install/my_aruco_to_goal_pose_pkg:/opt/ros/humble /usr/bin/cmake --build /home/yyj/my_ws/build/odrive_demo_description -- -j16 -l16
[5.538s] Invoking command in '/home/yyj/my_ws/build/odrive_demo_description': CMAKE_PREFIX_PATH=${CMAKE_PREFIX_PATH}:/home/yyj/my_ws/install/ros2_aruco:/home/yyj/my_ws/install/open_action_server:/home/yyj/my_ws/install/my_tf2_package:/home/yyj/my_ws/install/my_docking:/home/yyj/my_ws/install/my_aruco_to_goal_pose_pkg:/opt/ros/humble /usr/bin/cmake --install /home/yyj/my_ws/build/odrive_demo_description
[5.654s] -- Install configuration: ""
[5.655s] -- Up-to-date: /home/yyj/my_ws/install/odrive_demo_description/share/odrive_demo_description/urdf
[5.655s] -- Up-to-date: /home/yyj/my_ws/install/odrive_demo_description/share/odrive_demo_description/urdf/odrive.ros2_control.xacro
[5.655s] -- Up-to-date: /home/yyj/my_ws/install/odrive_demo_description/share/odrive_demo_description/urdf/odrive_diffbot.urdf.xacro
[5.656s] -- Up-to-date: /home/yyj/my_ws/install/odrive_demo_description/share/odrive_demo_description/urdf/odrive.urdf.xacro
[5.657s] -- Up-to-date: /home/yyj/my_ws/install/odrive_demo_description/share/ament_index/resource_index/package_run_dependencies/odrive_demo_description
[5.657s] -- Up-to-date: /home/yyj/my_ws/install/odrive_demo_description/share/ament_index/resource_index/parent_prefix_path/odrive_demo_description
[5.657s] -- Up-to-date: /home/yyj/my_ws/install/odrive_demo_description/share/odrive_demo_description/environment/ament_prefix_path.sh
[5.658s] -- Up-to-date: /home/yyj/my_ws/install/odrive_demo_description/share/odrive_demo_description/environment/ament_prefix_path.dsv
[5.658s] -- Up-to-date: /home/yyj/my_ws/install/odrive_demo_description/share/odrive_demo_description/environment/path.sh
[5.659s] -- Up-to-date: /home/yyj/my_ws/install/odrive_demo_description/share/odrive_demo_description/environment/path.dsv
[5.659s] -- Up-to-date: /home/yyj/my_ws/install/odrive_demo_description/share/odrive_demo_description/local_setup.bash
[5.660s] -- Up-to-date: /home/yyj/my_ws/install/odrive_demo_description/share/odrive_demo_description/local_setup.sh
[5.660s] -- Up-to-date: /home/yyj/my_ws/install/odrive_demo_description/share/odrive_demo_description/local_setup.zsh
[5.660s] -- Up-to-date: /home/yyj/my_ws/install/odrive_demo_description/share/odrive_demo_description/local_setup.dsv
[5.660s] -- Installing: /home/yyj/my_ws/install/odrive_demo_description/share/odrive_demo_description/package.dsv
[5.661s] -- Up-to-date: /home/yyj/my_ws/install/odrive_demo_description/share/ament_index/resource_index/packages/odrive_demo_description
[5.664s] -- Up-to-date: /home/yyj/my_ws/install/odrive_demo_description/share/odrive_demo_description/cmake/odrive_demo_descriptionConfig.cmake
[5.664s] -- Up-to-date: /home/yyj/my_ws/install/odrive_demo_description/share/odrive_demo_description/cmake/odrive_demo_descriptionConfig-version.cmake
[5.664s] -- Up-to-date: /home/yyj/my_ws/install/odrive_demo_description/share/odrive_demo_description/package.xml
[5.672s] Invoked command in '/home/yyj/my_ws/build/odrive_demo_description' returned '0': CMAKE_PREFIX_PATH=${CMAKE_PREFIX_PATH}:/home/yyj/my_ws/install/ros2_aruco:/home/yyj/my_ws/install/open_action_server:/home/yyj/my_ws/install/my_tf2_package:/home/yyj/my_ws/install/my_docking:/home/yyj/my_ws/install/my_aruco_to_goal_pose_pkg:/opt/ros/humble /usr/bin/cmake --install /home/yyj/my_ws/build/odrive_demo_description
