Determining if the function sgemm_ exists failed with the following output:
Change Dir: /home/yyj/my_ws/build/slam_toolbox/CMakeFiles/CMakeTmp

Run Build Command(s):/usr/bin/gmake -f Makefile cmTC_f42da/fast && /usr/bin/gmake  -f CMakeFiles/cmTC_f42da.dir/build.make CMakeFiles/cmTC_f42da.dir/build
gmake[1]: Entering directory '/home/yyj/my_ws/build/slam_toolbox/CMakeFiles/CMakeTmp'
Building C object CMakeFiles/cmTC_f42da.dir/CheckFunctionExists.c.o
/usr/bin/cc   -DCHECK_FUNCTION_EXISTS=sgemm_ -o CMakeFiles/cmTC_f42da.dir/CheckFunctionExists.c.o -c /usr/share/cmake-3.22/Modules/CheckFunctionExists.c
Linking C executable cmTC_f42da
/usr/bin/cmake -E cmake_link_script CMakeFiles/cmTC_f42da.dir/link.txt --verbose=1
/usr/bin/cc  -DCHECK_FUNCTION_EXISTS=sgemm_ CMakeFiles/cmTC_f42da.dir/CheckFunctionExists.c.o -o cmTC_f42da 
/usr/bin/ld: CMakeFiles/cmTC_f42da.dir/CheckFunctionExists.c.o: in function `main':
CheckFunctionExists.c:(.text+0x14): undefined reference to `sgemm_'
collect2: error: ld returned 1 exit status
gmake[1]: *** [CMakeFiles/cmTC_f42da.dir/build.make:99: cmTC_f42da] Error 1
gmake[1]: Leaving directory '/home/yyj/my_ws/build/slam_toolbox/CMakeFiles/CMakeTmp'
gmake: *** [Makefile:127: cmTC_f42da/fast] Error 2



Determining if the function cheev_ exists failed with the following output:
Change Dir: /home/yyj/my_ws/build/slam_toolbox/CMakeFiles/CMakeTmp

Run Build Command(s):/usr/bin/gmake -f Makefile cmTC_b512b/fast && /usr/bin/gmake  -f CMakeFiles/cmTC_b512b.dir/build.make CMakeFiles/cmTC_b512b.dir/build
gmake[1]: Entering directory '/home/yyj/my_ws/build/slam_toolbox/CMakeFiles/CMakeTmp'
Building C object CMakeFiles/cmTC_b512b.dir/CheckFunctionExists.c.o
/usr/bin/cc   -DCHECK_FUNCTION_EXISTS=cheev_ -o CMakeFiles/cmTC_b512b.dir/CheckFunctionExists.c.o -c /usr/share/cmake-3.22/Modules/CheckFunctionExists.c
Linking C executable cmTC_b512b
/usr/bin/cmake -E cmake_link_script CMakeFiles/cmTC_b512b.dir/link.txt --verbose=1
/usr/bin/cc  -DCHECK_FUNCTION_EXISTS=cheev_ CMakeFiles/cmTC_b512b.dir/CheckFunctionExists.c.o -o cmTC_b512b  /usr/lib/x86_64-linux-gnu/libblas.so -lm -ldl 
/usr/bin/ld: CMakeFiles/cmTC_b512b.dir/CheckFunctionExists.c.o: in function `main':
CheckFunctionExists.c:(.text+0x14): undefined reference to `cheev_'
collect2: error: ld returned 1 exit status
gmake[1]: *** [CMakeFiles/cmTC_b512b.dir/build.make:100: cmTC_b512b] Error 1
gmake[1]: Leaving directory '/home/yyj/my_ws/build/slam_toolbox/CMakeFiles/CMakeTmp'
gmake: *** [Makefile:127: cmTC_b512b/fast] Error 2



Determining if the function cheev_ exists failed with the following output:
Change Dir: /home/yyj/my_ws/build/slam_toolbox/CMakeFiles/CMakeTmp

Run Build Command(s):/usr/bin/gmake -f Makefile cmTC_dfc0c/fast && /usr/bin/gmake  -f CMakeFiles/cmTC_dfc0c.dir/build.make CMakeFiles/cmTC_dfc0c.dir/build
gmake[1]: Entering directory '/home/yyj/my_ws/build/slam_toolbox/CMakeFiles/CMakeTmp'
Building C object CMakeFiles/cmTC_dfc0c.dir/CheckFunctionExists.c.o
/usr/bin/cc   -DCHECK_FUNCTION_EXISTS=cheev_ -o CMakeFiles/cmTC_dfc0c.dir/CheckFunctionExists.c.o -c /usr/share/cmake-3.22/Modules/CheckFunctionExists.c
Linking C executable cmTC_dfc0c
/usr/bin/cmake -E cmake_link_script CMakeFiles/cmTC_dfc0c.dir/link.txt --verbose=1
/usr/bin/cc  -DCHECK_FUNCTION_EXISTS=cheev_ CMakeFiles/cmTC_dfc0c.dir/CheckFunctionExists.c.o -o cmTC_dfc0c  /usr/lib/x86_64-linux-gnu/liblapack.so /usr/lib/x86_64-linux-gnu/libblas.so -fortranlibs 
cc: error: unrecognized command-line option ‘-fortranlibs’
gmake[1]: *** [CMakeFiles/cmTC_dfc0c.dir/build.make:101: cmTC_dfc0c] Error 1
gmake[1]: Leaving directory '/home/yyj/my_ws/build/slam_toolbox/CMakeFiles/CMakeTmp'
gmake: *** [Makefile:127: cmTC_dfc0c/fast] Error 2



