[0.085s] Invoking command in '/home/yyj/my_ws/build/cart_park_autonomy': CMAKE_PREFIX_PATH=/home/yyj/my_ws/install/my_action_interface:/home/yyj/my_ws/install/ydlidar_ros2_driver:/home/yyj/my_ws/install/usb_cam:/home/yyj/my_ws/install/teleop_twist_joy:/home/yyj/my_ws/install/slam_toolbox:/home/yyj/my_ws/install/ros2_aruco_interfaces:/home/yyj/my_ws/install/realsense2_description:/home/yyj/my_ws/install/realsense2_camera:/home/yyj/my_ws/install/realsense2_camera_msgs:/home/yyj/my_ws/install/odrive_ros2_control:/home/yyj/my_ws/install/odrive_hardware_interface:/home/yyj/my_ws/install/odrive_demo_bringup:/home/yyj/my_ws/install/odrive_demo_description:/home/yyj/my_ws/install/my_bot_description:/home/yyj/my_ws/install/cart_park_autonomy:/home/yyj/my_ws/install/action_tutorials_cpp:/home/yyj/my_ws/install/ros2_aruco:/home/yyj/my_ws/install/open_action_server:/home/yyj/my_ws/install/my_tf2_package:/home/yyj/my_ws/install/my_docking:/home/yyj/my_ws/install/my_aruco_to_goal_pose_pkg:/opt/ros/humble LD_LIBRARY_PATH=/home/yyj/my_ws/install/my_action_interface/lib:/usr/local/lib/:/home/yyj/my_ws/install/usb_cam/lib:/home/yyj/my_ws/install/teleop_twist_joy/lib:/home/yyj/my_ws/install/slam_toolbox/lib:/home/yyj/my_ws/install/ros2_aruco_interfaces/lib:/home/yyj/my_ws/install/realsense2_camera/lib:/home/yyj/my_ws/install/realsense2_camera_msgs/lib:/home/yyj/my_ws/install/odrive_hardware_interface/lib:/home/yyj/my_ws/install/action_tutorials_cpp/lib:/usr/lib/x86_64-linux-gnu/gazebo-11/plugins:/opt/ros/humble/opt/rviz_ogre_vendor/lib:/opt/ros/humble/lib/x86_64-linux-gnu:/opt/ros/humble/lib /usr/bin/cmake --build /home/yyj/my_ws/build/cart_park_autonomy -- -j16 -l16
[0.279s] [35m[1mConsolidate compiler generated dependencies of target autonomy_node[0m
[0.403s] [ 14%] [32mBuilding CXX object CMakeFiles/autonomy_node.dir/src/autonomy_node.cpp.o[0m
[4.380s] [01m[K/home/yyj/my_ws/src/cart_park_autonomy/src/autonomy_node.cpp:[m[K In member function ‘[01m[Kvoid AutonomyNode::create_behavior_tree()[m[K’:
[4.380s] [01m[K/home/yyj/my_ws/src/cart_park_autonomy/src/autonomy_node.cpp:40:3:[m[K [01;31m[Kerror: [m[Kconversion from ‘[01m[KAutonomyNode::create_behavior_tree()::<lambda(const string&, int)>[m[K’ to non-scalar type ‘[01m[KBT::NodeBuilder[m[K’ {aka ‘[01m[Kstd::function<std::unique_ptr<BT::TreeNode>(const std::__cxx11::basic_string<char>&, const BT::NodeConfiguration&)>[m[K’} requested
[4.380s]    40 |   [01;31m[K}[m[K;
[4.380s]       |   [01;31m[K^[m[K
[4.381s] [01m[K/home/yyj/my_ws/src/cart_park_autonomy/src/autonomy_node.cpp:41:34:[m[K [01;31m[Kerror: [m[Kno matching function for call to ‘[01m[KBT::BehaviorTreeFactory::registerNodeType<Retry>(const char [6], int, BT::NodeBuilder&)[m[K’
[4.381s]    41 |   [01;31m[Kfactory.registerNodeType<Retry>("Retry", 30, builder_retry)[m[K;
[4.381s]       |   [01;31m[K~~~~~~~~~~~~~~~~~~~~~~~~~~~~~~~^~~~~~~~~~~~~~~~~~~~~~~~~~~~[m[K
[4.381s] In file included from [01m[K/home/yyj/my_ws/src/cart_park_autonomy/include/autonomy_node.hpp:2[m[K,
[4.381s]                  from [01m[K/home/yyj/my_ws/src/cart_park_autonomy/src/autonomy_node.cpp:1[m[K:
[4.381s] [01m[K/opt/ros/humble/include/behaviortree_cpp_v3/bt_factory.h:364:8:[m[K [01;36m[Knote: [m[Kcandidate: ‘[01m[Kvoid BT::BehaviorTreeFactory::registerNodeType(const string&) [with T = Retry; std::string = std::__cxx11::basic_string<char>][m[K’
[4.381s]   364 |   void [01;36m[KregisterNodeType[m[K(const std::string& ID)
[4.381s]       |        [01;36m[K^~~~~~~~~~~~~~~~[m[K
[4.382s] [01m[K/opt/ros/humble/include/behaviortree_cpp_v3/bt_factory.h:364:8:[m[K [01;36m[Knote: [m[K  candidate expects 1 argument, 3 provided
[4.383s] [01m[K/opt/ros/humble/include/behaviortree_cpp_v3/bt_factory.h:422:8:[m[K [01;36m[Knote: [m[Kcandidate: ‘[01m[Kvoid BT::BehaviorTreeFactory::registerNodeType(const string&, BT::PortsList) [with T = Retry; std::string = std::__cxx11::basic_string<char>; BT::PortsList = std::unordered_map<std::__cxx11::basic_string<char>, BT::PortInfo>][m[K’
[4.383s]   422 |   void [01;36m[KregisterNodeType[m[K(const std::string& ID, PortsList ports)
[4.383s]       |        [01;36m[K^~~~~~~~~~~~~~~~[m[K
[4.383s] [01m[K/opt/ros/humble/include/behaviortree_cpp_v3/bt_factory.h:422:8:[m[K [01;36m[Knote: [m[K  candidate expects 2 arguments, 3 provided
[4.555s] In file included from [01m[K/usr/include/c++/11/memory:76[m[K,
[4.556s]                  from [01m[K/opt/ros/humble/include/rclcpp/rclcpp/rclcpp.hpp:153[m[K,
[4.556s]                  from [01m[K/home/yyj/my_ws/src/cart_park_autonomy/include/autonomy_node.hpp:1[m[K,
[4.556s]                  from [01m[K/home/yyj/my_ws/src/cart_park_autonomy/src/autonomy_node.cpp:1[m[K:
[4.556s] /usr/include/c++/11/bits/unique_ptr.h: In instantiation of ‘[01m[Ktypename std::_MakeUniq<_Tp>::__single_object std::make_unique(_Args&& ...) [with _Tp = Patrol; _Args = {const std::__cxx11::basic_string<char, std::char_traits<char>, std::allocator<char> >&, int&, std::shared_ptr<rclcpp::Node>}; typename std::_MakeUniq<_Tp>::__single_object = std::unique_ptr<Patrol, std::default_delete<Patrol> >][m[K’:
[4.556s] [01m[K/home/yyj/my_ws/src/cart_park_autonomy/src/autonomy_node.cpp:39:36:[m[K   required from here
[4.556s] [01m[K/usr/include/c++/11/bits/unique_ptr.h:962:30:[m[K [01;31m[Kerror: [m[Kno matching function for call to ‘[01m[KPatrol::Patrol(const std::__cxx11::basic_string<char>&, int&, std::shared_ptr<rclcpp::Node>)[m[K’
[4.556s]   962 |     { return unique_ptr<_Tp>([01;31m[Knew _Tp(std::forward<_Args>(__args)...)[m[K); }
[4.556s]       |                              [01;31m[K^~~~~~~~~~~~~~~~~~~~~~~~~~~~~~~~~~~~~~~[m[K
[4.556s] In file included from [01m[K/home/yyj/my_ws/src/cart_park_autonomy/include/autonomy_node.hpp:3[m[K,
[4.556s]                  from [01m[K/home/yyj/my_ws/src/cart_park_autonomy/src/autonomy_node.cpp:1[m[K:
[4.557s] [01m[K/home/yyj/my_ws/src/cart_park_autonomy/include/patrol_behavior.hpp:16:3:[m[K [01;36m[Knote: [m[Kcandidate: ‘[01m[KPatrol::Patrol(const string&, const BT::NodeConfiguration&, rclcpp::Node::SharedPtr)[m[K’
[4.557s]    16 |   [01;36m[KPatrol[m[K(const std::string &name,
[4.557s]       |   [01;36m[K^~~~~~[m[K
[4.557s] [01m[K/home/yyj/my_ws/src/cart_park_autonomy/include/patrol_behavior.hpp:17:41:[m[K [01;36m[Knote: [m[K  no known conversion for argument 2 from ‘[01m[Kint[m[K’ to ‘[01m[Kconst BT::NodeConfiguration&[m[K’
[4.557s]    17 |            [01;36m[Kconst BT::NodeConfiguration &config[m[K,
[4.557s]       |            [01;36m[K~~~~~~~~~~~~~~~~~~~~~~~~~~~~~^~~~~~[m[K
[5.808s] gmake[2]: *** [CMakeFiles/autonomy_node.dir/build.make:76: CMakeFiles/autonomy_node.dir/src/autonomy_node.cpp.o] Error 1
[5.809s] gmake[1]: *** [CMakeFiles/Makefile2:137: CMakeFiles/autonomy_node.dir/all] Error 2
[5.809s] gmake: *** [Makefile:146: all] Error 2
[5.812s] Invoked command in '/home/yyj/my_ws/build/cart_park_autonomy' returned '2': CMAKE_PREFIX_PATH=/home/yyj/my_ws/install/my_action_interface:/home/yyj/my_ws/install/ydlidar_ros2_driver:/home/yyj/my_ws/install/usb_cam:/home/yyj/my_ws/install/teleop_twist_joy:/home/yyj/my_ws/install/slam_toolbox:/home/yyj/my_ws/install/ros2_aruco_interfaces:/home/yyj/my_ws/install/realsense2_description:/home/yyj/my_ws/install/realsense2_camera:/home/yyj/my_ws/install/realsense2_camera_msgs:/home/yyj/my_ws/install/odrive_ros2_control:/home/yyj/my_ws/install/odrive_hardware_interface:/home/yyj/my_ws/install/odrive_demo_bringup:/home/yyj/my_ws/install/odrive_demo_description:/home/yyj/my_ws/install/my_bot_description:/home/yyj/my_ws/install/cart_park_autonomy:/home/yyj/my_ws/install/action_tutorials_cpp:/home/yyj/my_ws/install/ros2_aruco:/home/yyj/my_ws/install/open_action_server:/home/yyj/my_ws/install/my_tf2_package:/home/yyj/my_ws/install/my_docking:/home/yyj/my_ws/install/my_aruco_to_goal_pose_pkg:/opt/ros/humble LD_LIBRARY_PATH=/home/yyj/my_ws/install/my_action_interface/lib:/usr/local/lib/:/home/yyj/my_ws/install/usb_cam/lib:/home/yyj/my_ws/install/teleop_twist_joy/lib:/home/yyj/my_ws/install/slam_toolbox/lib:/home/yyj/my_ws/install/ros2_aruco_interfaces/lib:/home/yyj/my_ws/install/realsense2_camera/lib:/home/yyj/my_ws/install/realsense2_camera_msgs/lib:/home/yyj/my_ws/install/odrive_hardware_interface/lib:/home/yyj/my_ws/install/action_tutorials_cpp/lib:/usr/lib/x86_64-linux-gnu/gazebo-11/plugins:/opt/ros/humble/opt/rviz_ogre_vendor/lib:/opt/ros/humble/lib/x86_64-linux-gnu:/opt/ros/humble/lib /usr/bin/cmake --build /home/yyj/my_ws/build/cart_park_autonomy -- -j16 -l16
