[6.028s] Invoking command in '/home/yyj/my_ws/src/my_tf2_package': PYTHONPATH=/home/yyj/my_ws/build/my_tf2_package/prefix_override:/home/yyj/my_ws/install/my_tf2_package/lib/python3.10/site-packages:${PYTHONPATH} /usr/bin/python3 -W ignore:setup.py install is deprecated setup.py egg_info --egg-base ../../build/my_tf2_package build --build-base /home/yyj/my_ws/build/my_tf2_package/build install --record /home/yyj/my_ws/build/my_tf2_package/install.log --single-version-externally-managed install_data
[7.292s] running egg_info
[7.294s] writing ../../build/my_tf2_package/my_tf2_package.egg-info/PKG-INFO
[7.295s] writing dependency_links to ../../build/my_tf2_package/my_tf2_package.egg-info/dependency_links.txt
[7.296s] writing entry points to ../../build/my_tf2_package/my_tf2_package.egg-info/entry_points.txt
[7.296s] writing requirements to ../../build/my_tf2_package/my_tf2_package.egg-info/requires.txt
[7.296s] writing top-level names to ../../build/my_tf2_package/my_tf2_package.egg-info/top_level.txt
[7.305s] reading manifest file '../../build/my_tf2_package/my_tf2_package.egg-info/SOURCES.txt'
[7.307s] adding license file 'LICENSE'
[7.311s] writing manifest file '../../build/my_tf2_package/my_tf2_package.egg-info/SOURCES.txt'
[7.312s] running build
[7.312s] running build_py
[7.313s] running install
[7.314s] running install_lib
[7.318s] running install_data
[7.319s] running install_egg_info
[7.327s] removing '/home/yyj/my_ws/install/my_tf2_package/lib/python3.10/site-packages/my_tf2_package-0.0.0-py3.10.egg-info' (and everything under it)
[7.328s] Copying ../../build/my_tf2_package/my_tf2_package.egg-info to /home/yyj/my_ws/install/my_tf2_package/lib/python3.10/site-packages/my_tf2_package-0.0.0-py3.10.egg-info
[7.332s] running install_scripts
[7.424s] Installing my_static_cart_tf2_broadcaster script to /home/yyj/my_ws/install/my_tf2_package/lib/my_tf2_package
[7.425s] writing list of installed files to '/home/yyj/my_ws/build/my_tf2_package/install.log'
[7.648s] Invoked command in '/home/yyj/my_ws/src/my_tf2_package' returned '0': PYTHONPATH=/home/yyj/my_ws/build/my_tf2_package/prefix_override:/home/yyj/my_ws/install/my_tf2_package/lib/python3.10/site-packages:${PYTHONPATH} /usr/bin/python3 -W ignore:setup.py install is deprecated setup.py egg_info --egg-base ../../build/my_tf2_package build --build-base /home/yyj/my_ws/build/my_tf2_package/build install --record /home/yyj/my_ws/build/my_tf2_package/install.log --single-version-externally-managed install_data
