[0.165s] Invoking command in '/home/yyj/my_ws/build/odrive_hardware_interface': CMAKE_PREFIX_PATH=${CMAKE_PREFIX_PATH}:/home/yyj/my_ws/install/ros2_aruco:/home/yyj/my_ws/install/open_action_server:/home/yyj/my_ws/install/my_tf2_package:/home/yyj/my_ws/install/my_docking:/home/yyj/my_ws/install/my_aruco_to_goal_pose_pkg:/opt/ros/humble /usr/bin/cmake --build /home/yyj/my_ws/build/odrive_hardware_interface -- -j16 -l16
[2.579s] [ 50%] Built target odrive_usb
[2.580s] [100%] Built target odrive_hardware_interface
[2.582s] Invoked command in '/home/yyj/my_ws/build/odrive_hardware_interface' returned '0': CMAKE_PREFIX_PATH=${CMAKE_PREFIX_PATH}:/home/yyj/my_ws/install/ros2_aruco:/home/yyj/my_ws/install/open_action_server:/home/yyj/my_ws/install/my_tf2_package:/home/yyj/my_ws/install/my_docking:/home/yyj/my_ws/install/my_aruco_to_goal_pose_pkg:/opt/ros/humble /usr/bin/cmake --build /home/yyj/my_ws/build/odrive_hardware_interface -- -j16 -l16
[3.151s] Invoking command in '/home/yyj/my_ws/build/odrive_hardware_interface': CMAKE_PREFIX_PATH=${CMAKE_PREFIX_PATH}:/home/yyj/my_ws/install/ros2_aruco:/home/yyj/my_ws/install/open_action_server:/home/yyj/my_ws/install/my_tf2_package:/home/yyj/my_ws/install/my_docking:/home/yyj/my_ws/install/my_aruco_to_goal_pose_pkg:/opt/ros/humble /usr/bin/cmake --install /home/yyj/my_ws/build/odrive_hardware_interface
[3.182s] -- Install configuration: ""
[3.187s] -- Up-to-date: /home/yyj/my_ws/install/odrive_hardware_interface/share/odrive_hardware_interface/odrive_hardware_interface.xml
[3.188s] -- Up-to-date: /home/yyj/my_ws/install/odrive_hardware_interface/include
[3.188s] -- Up-to-date: /home/yyj/my_ws/install/odrive_hardware_interface/include/odrive_hardware_interface
[3.188s] -- Up-to-date: /home/yyj/my_ws/install/odrive_hardware_interface/include/odrive_hardware_interface/odrive_usb.hpp
[3.188s] -- Up-to-date: /home/yyj/my_ws/install/odrive_hardware_interface/include/odrive_hardware_interface/odrive_hardware_interface.hpp
[3.189s] -- Up-to-date: /home/yyj/my_ws/install/odrive_hardware_interface/include/odrive_hardware_interface/visibility_control.hpp
[3.189s] -- Up-to-date: /home/yyj/my_ws/install/odrive_hardware_interface/include/odrive_hardware_interface/odrive_endpoints.hpp
[3.189s] -- Up-to-date: /home/yyj/my_ws/install/odrive_hardware_interface/share/odrive_hardware_interface/environment/library_path.sh
[3.190s] -- Up-to-date: /home/yyj/my_ws/install/odrive_hardware_interface/share/odrive_hardware_interface/environment/library_path.dsv
[3.191s] -- Up-to-date: /home/yyj/my_ws/install/odrive_hardware_interface/lib/libodrive_usb.so
[3.192s] -- Up-to-date: /home/yyj/my_ws/install/odrive_hardware_interface/lib/libodrive_hardware_interface.so
[3.193s] -- Up-to-date: /home/yyj/my_ws/install/odrive_hardware_interface/share/ament_index/resource_index/package_run_dependencies/odrive_hardware_interface
[3.195s] -- Up-to-date: /home/yyj/my_ws/install/odrive_hardware_interface/share/ament_index/resource_index/parent_prefix_path/odrive_hardware_interface
[3.195s] -- Up-to-date: /home/yyj/my_ws/install/odrive_hardware_interface/share/odrive_hardware_interface/environment/ament_prefix_path.sh
[3.196s] -- Up-to-date: /home/yyj/my_ws/install/odrive_hardware_interface/share/odrive_hardware_interface/environment/ament_prefix_path.dsv
[3.196s] -- Up-to-date: /home/yyj/my_ws/install/odrive_hardware_interface/share/odrive_hardware_interface/environment/path.sh
[3.197s] -- Up-to-date: /home/yyj/my_ws/install/odrive_hardware_interface/share/odrive_hardware_interface/environment/path.dsv
[3.197s] -- Up-to-date: /home/yyj/my_ws/install/odrive_hardware_interface/share/odrive_hardware_interface/local_setup.bash
[3.197s] -- Up-to-date: /home/yyj/my_ws/install/odrive_hardware_interface/share/odrive_hardware_interface/local_setup.sh
[3.198s] -- Up-to-date: /home/yyj/my_ws/install/odrive_hardware_interface/share/odrive_hardware_interface/local_setup.zsh
[3.198s] -- Up-to-date: /home/yyj/my_ws/install/odrive_hardware_interface/share/odrive_hardware_interface/local_setup.dsv
[3.198s] -- Installing: /home/yyj/my_ws/install/odrive_hardware_interface/share/odrive_hardware_interface/package.dsv
[3.199s] -- Up-to-date: /home/yyj/my_ws/install/odrive_hardware_interface/share/ament_index/resource_index/packages/odrive_hardware_interface
[3.199s] -- Up-to-date: /home/yyj/my_ws/install/odrive_hardware_interface/share/ament_index/resource_index/hardware_interface__pluginlib__plugin/odrive_hardware_interface
[3.199s] -- Up-to-date: /home/yyj/my_ws/install/odrive_hardware_interface/share/odrive_hardware_interface/cmake/ament_cmake_export_dependencies-extras.cmake
[3.199s] -- Up-to-date: /home/yyj/my_ws/install/odrive_hardware_interface/share/odrive_hardware_interface/cmake/ament_cmake_export_include_directories-extras.cmake
[3.200s] -- Up-to-date: /home/yyj/my_ws/install/odrive_hardware_interface/share/odrive_hardware_interface/cmake/ament_cmake_export_libraries-extras.cmake
[3.204s] -- Up-to-date: /home/yyj/my_ws/install/odrive_hardware_interface/share/odrive_hardware_interface/cmake/odrive_hardware_interfaceConfig.cmake
[3.209s] -- Up-to-date: /home/yyj/my_ws/install/odrive_hardware_interface/share/odrive_hardware_interface/cmake/odrive_hardware_interfaceConfig-version.cmake
[3.210s] -- Up-to-date: /home/yyj/my_ws/install/odrive_hardware_interface/share/odrive_hardware_interface/package.xml
[3.211s] Invoked command in '/home/yyj/my_ws/build/odrive_hardware_interface' returned '0': CMAKE_PREFIX_PATH=${CMAKE_PREFIX_PATH}:/home/yyj/my_ws/install/ros2_aruco:/home/yyj/my_ws/install/open_action_server:/home/yyj/my_ws/install/my_tf2_package:/home/yyj/my_ws/install/my_docking:/home/yyj/my_ws/install/my_aruco_to_goal_pose_pkg:/opt/ros/humble /usr/bin/cmake --install /home/yyj/my_ws/build/odrive_hardware_interface
