[5.274s] Invoking command in '/home/yyj/my_ws/src/my_tf2_package': PYTHONPATH=/home/yyj/my_ws/build/my_tf2_package/prefix_override:/home/yyj/my_ws/install/my_tf2_package/lib/python3.10/site-packages:${PYTHONPATH} /usr/bin/python3 -W ignore:setup.py install is deprecated setup.py egg_info --egg-base ../../build/my_tf2_package build --build-base /home/yyj/my_ws/build/my_tf2_package/build install --record /home/yyj/my_ws/build/my_tf2_package/install.log --single-version-externally-managed install_data
[6.361s] running egg_info
[6.364s] writing ../../build/my_tf2_package/my_tf2_package.egg-info/PKG-INFO
[6.365s] writing dependency_links to ../../build/my_tf2_package/my_tf2_package.egg-info/dependency_links.txt
[6.366s] writing entry points to ../../build/my_tf2_package/my_tf2_package.egg-info/entry_points.txt
[6.367s] writing requirements to ../../build/my_tf2_package/my_tf2_package.egg-info/requires.txt
[6.367s] writing top-level names to ../../build/my_tf2_package/my_tf2_package.egg-info/top_level.txt
[6.384s] reading manifest file '../../build/my_tf2_package/my_tf2_package.egg-info/SOURCES.txt'
[6.384s] adding license file 'LICENSE'
[6.399s] writing manifest file '../../build/my_tf2_package/my_tf2_package.egg-info/SOURCES.txt'
[6.399s] running build
[6.399s] running build_py
[6.410s] running install
[6.410s] running install_lib
[6.435s] running install_data
[6.444s] running install_egg_info
[6.506s] removing '/home/yyj/my_ws/install/my_tf2_package/lib/python3.10/site-packages/my_tf2_package-0.0.0-py3.10.egg-info' (and everything under it)
[6.513s] Copying ../../build/my_tf2_package/my_tf2_package.egg-info to /home/yyj/my_ws/install/my_tf2_package/lib/python3.10/site-packages/my_tf2_package-0.0.0-py3.10.egg-info
[6.527s] running install_scripts
[6.587s] Installing my_static_cart_tf2_broadcaster script to /home/yyj/my_ws/install/my_tf2_package/lib/my_tf2_package
[6.591s] writing list of installed files to '/home/yyj/my_ws/build/my_tf2_package/install.log'
[6.705s] Invoked command in '/home/yyj/my_ws/src/my_tf2_package' returned '0': PYTHONPATH=/home/yyj/my_ws/build/my_tf2_package/prefix_override:/home/yyj/my_ws/install/my_tf2_package/lib/python3.10/site-packages:${PYTHONPATH} /usr/bin/python3 -W ignore:setup.py install is deprecated setup.py egg_info --egg-base ../../build/my_tf2_package build --build-base /home/yyj/my_ws/build/my_tf2_package/build install --record /home/yyj/my_ws/build/my_tf2_package/install.log --single-version-externally-managed install_data
