[2.103s] Invoking command in '/home/yyj/my_ws/build/teleop_twist_joy': CMAKE_PREFIX_PATH=${CMAKE_PREFIX_PATH}:/home/yyj/my_ws/install/ros2_aruco:/home/yyj/my_ws/install/open_action_server:/home/yyj/my_ws/install/my_tf2_package:/home/yyj/my_ws/install/my_docking:/home/yyj/my_ws/install/my_aruco_to_goal_pose_pkg:/opt/ros/humble /usr/bin/cmake --build /home/yyj/my_ws/build/teleop_twist_joy -- -j16 -l16
[2.295s] [ 50%] Built target teleop_twist_joy
[2.505s] [100%] Built target teleop_twist_joy_node
[2.576s] Invoked command in '/home/yyj/my_ws/build/teleop_twist_joy' returned '0': CMAKE_PREFIX_PATH=${CMAKE_PREFIX_PATH}:/home/yyj/my_ws/install/ros2_aruco:/home/yyj/my_ws/install/open_action_server:/home/yyj/my_ws/install/my_tf2_package:/home/yyj/my_ws/install/my_docking:/home/yyj/my_ws/install/my_aruco_to_goal_pose_pkg:/opt/ros/humble /usr/bin/cmake --build /home/yyj/my_ws/build/teleop_twist_joy -- -j16 -l16
[2.811s] Invoking command in '/home/yyj/my_ws/build/teleop_twist_joy': CMAKE_PREFIX_PATH=${CMAKE_PREFIX_PATH}:/home/yyj/my_ws/install/ros2_aruco:/home/yyj/my_ws/install/open_action_server:/home/yyj/my_ws/install/my_tf2_package:/home/yyj/my_ws/install/my_docking:/home/yyj/my_ws/install/my_aruco_to_goal_pose_pkg:/opt/ros/humble /usr/bin/cmake --install /home/yyj/my_ws/build/teleop_twist_joy
[2.855s] -- Install configuration: ""
[2.856s] -- Up-to-date: /home/yyj/my_ws/install/teleop_twist_joy/lib/libteleop_twist_joy.so
[2.857s] -- Up-to-date: /home/yyj/my_ws/install/teleop_twist_joy/lib/teleop_twist_joy/teleop_node
[2.859s] -- Up-to-date: /home/yyj/my_ws/install/teleop_twist_joy/include/teleop_twist_joy
[2.862s] -- Up-to-date: /home/yyj/my_ws/install/teleop_twist_joy/include/teleop_twist_joy/teleop_twist_joy
[2.862s] -- Up-to-date: /home/yyj/my_ws/install/teleop_twist_joy/include/teleop_twist_joy/teleop_twist_joy/teleop_twist_joy.hpp
[2.863s] -- Up-to-date: /home/yyj/my_ws/install/teleop_twist_joy/include/teleop_twist_joy/teleop_twist_joy/teleop_twist_joy_export.h
[2.864s] -- Up-to-date: /home/yyj/my_ws/install/teleop_twist_joy/share/teleop_twist_joy/launch
[2.865s] -- Up-to-date: /home/yyj/my_ws/install/teleop_twist_joy/share/teleop_twist_joy/launch/teleop-launch.py
[2.865s] -- Up-to-date: /home/yyj/my_ws/install/teleop_twist_joy/share/teleop_twist_joy/config
[2.866s] -- Up-to-date: /home/yyj/my_ws/install/teleop_twist_joy/share/teleop_twist_joy/config/ps3.config.yaml
[2.867s] -- Up-to-date: /home/yyj/my_ws/install/teleop_twist_joy/share/teleop_twist_joy/config/xd3.config.yaml
[2.867s] -- Up-to-date: /home/yyj/my_ws/install/teleop_twist_joy/share/teleop_twist_joy/config/xbox.config.yaml
[2.868s] -- Up-to-date: /home/yyj/my_ws/install/teleop_twist_joy/share/teleop_twist_joy/config/ps3-holonomic.config.yaml
[2.869s] -- Up-to-date: /home/yyj/my_ws/install/teleop_twist_joy/share/teleop_twist_joy/config/atk3.config.yaml
[2.869s] -- Up-to-date: /home/yyj/my_ws/install/teleop_twist_joy/share/teleop_twist_joy/environment/library_path.sh
[2.871s] -- Up-to-date: /home/yyj/my_ws/install/teleop_twist_joy/share/teleop_twist_joy/environment/library_path.dsv
[2.872s] -- Up-to-date: /home/yyj/my_ws/install/teleop_twist_joy/share/ament_index/resource_index/package_run_dependencies/teleop_twist_joy
[2.873s] -- Up-to-date: /home/yyj/my_ws/install/teleop_twist_joy/share/ament_index/resource_index/parent_prefix_path/teleop_twist_joy
[2.873s] -- Up-to-date: /home/yyj/my_ws/install/teleop_twist_joy/share/teleop_twist_joy/environment/ament_prefix_path.sh
[2.874s] -- Up-to-date: /home/yyj/my_ws/install/teleop_twist_joy/share/teleop_twist_joy/environment/ament_prefix_path.dsv
[2.874s] -- Up-to-date: /home/yyj/my_ws/install/teleop_twist_joy/share/teleop_twist_joy/environment/path.sh
[2.874s] -- Up-to-date: /home/yyj/my_ws/install/teleop_twist_joy/share/teleop_twist_joy/environment/path.dsv
[2.874s] -- Up-to-date: /home/yyj/my_ws/install/teleop_twist_joy/share/teleop_twist_joy/local_setup.bash
[2.876s] -- Up-to-date: /home/yyj/my_ws/install/teleop_twist_joy/share/teleop_twist_joy/local_setup.sh
[2.876s] -- Up-to-date: /home/yyj/my_ws/install/teleop_twist_joy/share/teleop_twist_joy/local_setup.zsh
[2.876s] -- Up-to-date: /home/yyj/my_ws/install/teleop_twist_joy/share/teleop_twist_joy/local_setup.dsv
[2.876s] -- Installing: /home/yyj/my_ws/install/teleop_twist_joy/share/teleop_twist_joy/package.dsv
[2.876s] -- Up-to-date: /home/yyj/my_ws/install/teleop_twist_joy/share/ament_index/resource_index/packages/teleop_twist_joy
[2.876s] -- Up-to-date: /home/yyj/my_ws/install/teleop_twist_joy/share/ament_index/resource_index/rclcpp_components/teleop_twist_joy
[2.877s] -- Up-to-date: /home/yyj/my_ws/install/teleop_twist_joy/share/teleop_twist_joy/cmake/export_teleop_twist_joyExport.cmake
[2.877s] -- Up-to-date: /home/yyj/my_ws/install/teleop_twist_joy/share/teleop_twist_joy/cmake/export_teleop_twist_joyExport-noconfig.cmake
[2.877s] -- Up-to-date: /home/yyj/my_ws/install/teleop_twist_joy/share/teleop_twist_joy/cmake/ament_cmake_export_include_directories-extras.cmake
[2.877s] -- Up-to-date: /home/yyj/my_ws/install/teleop_twist_joy/share/teleop_twist_joy/cmake/ament_cmake_export_libraries-extras.cmake
[2.877s] -- Up-to-date: /home/yyj/my_ws/install/teleop_twist_joy/share/teleop_twist_joy/cmake/ament_cmake_export_targets-extras.cmake
[2.877s] -- Up-to-date: /home/yyj/my_ws/install/teleop_twist_joy/share/teleop_twist_joy/cmake/teleop_twist_joyConfig.cmake
[2.878s] -- Up-to-date: /home/yyj/my_ws/install/teleop_twist_joy/share/teleop_twist_joy/cmake/teleop_twist_joyConfig-version.cmake
[2.878s] -- Up-to-date: /home/yyj/my_ws/install/teleop_twist_joy/share/teleop_twist_joy/package.xml
[2.911s] Invoked command in '/home/yyj/my_ws/build/teleop_twist_joy' returned '0': CMAKE_PREFIX_PATH=${CMAKE_PREFIX_PATH}:/home/yyj/my_ws/install/ros2_aruco:/home/yyj/my_ws/install/open_action_server:/home/yyj/my_ws/install/my_tf2_package:/home/yyj/my_ws/install/my_docking:/home/yyj/my_ws/install/my_aruco_to_goal_pose_pkg:/opt/ros/humble /usr/bin/cmake --install /home/yyj/my_ws/build/teleop_twist_joy
