[4.326s] Invoking command in '/home/yyj/my_ws/src/my_aruco_to_goal_pose_pkg': PYTHONPATH=/home/yyj/my_ws/build/my_aruco_to_goal_pose_pkg/prefix_override:/home/yyj/my_ws/install/my_aruco_to_goal_pose_pkg/lib/python3.10/site-packages:${PYTHONPATH} /usr/bin/python3 -W ignore:setup.py install is deprecated setup.py egg_info --egg-base ../../build/my_aruco_to_goal_pose_pkg build --build-base /home/yyj/my_ws/build/my_aruco_to_goal_pose_pkg/build install --record /home/yyj/my_ws/build/my_aruco_to_goal_pose_pkg/install.log --single-version-externally-managed install_data
[4.938s] running egg_info
[4.939s] writing ../../build/my_aruco_to_goal_pose_pkg/my_aruco_to_goal_pose_pkg.egg-info/PKG-INFO
[4.940s] writing dependency_links to ../../build/my_aruco_to_goal_pose_pkg/my_aruco_to_goal_pose_pkg.egg-info/dependency_links.txt
[4.941s] writing entry points to ../../build/my_aruco_to_goal_pose_pkg/my_aruco_to_goal_pose_pkg.egg-info/entry_points.txt
[4.941s] writing requirements to ../../build/my_aruco_to_goal_pose_pkg/my_aruco_to_goal_pose_pkg.egg-info/requires.txt
[4.941s] writing top-level names to ../../build/my_aruco_to_goal_pose_pkg/my_aruco_to_goal_pose_pkg.egg-info/top_level.txt
[4.944s] reading manifest file '../../build/my_aruco_to_goal_pose_pkg/my_aruco_to_goal_pose_pkg.egg-info/SOURCES.txt'
[4.947s] writing manifest file '../../build/my_aruco_to_goal_pose_pkg/my_aruco_to_goal_pose_pkg.egg-info/SOURCES.txt'
[4.947s] running build
[4.947s] running build_py
[4.947s] running install
[4.948s] running install_lib
[4.952s] running install_data
[4.952s] running install_egg_info
[4.956s] removing '/home/yyj/my_ws/install/my_aruco_to_goal_pose_pkg/lib/python3.10/site-packages/my_aruco_to_goal_pose_pkg-0.0.0-py3.10.egg-info' (and everything under it)
[4.956s] Copying ../../build/my_aruco_to_goal_pose_pkg/my_aruco_to_goal_pose_pkg.egg-info to /home/yyj/my_ws/install/my_aruco_to_goal_pose_pkg/lib/python3.10/site-packages/my_aruco_to_goal_pose_pkg-0.0.0-py3.10.egg-info
[4.957s] running install_scripts
[5.003s] Installing aruco_sub_goal_pose_pub script to /home/yyj/my_ws/install/my_aruco_to_goal_pose_pkg/lib/my_aruco_to_goal_pose_pkg
[5.004s] writing list of installed files to '/home/yyj/my_ws/build/my_aruco_to_goal_pose_pkg/install.log'
[5.083s] Invoked command in '/home/yyj/my_ws/src/my_aruco_to_goal_pose_pkg' returned '0': PYTHONPATH=/home/yyj/my_ws/build/my_aruco_to_goal_pose_pkg/prefix_override:/home/yyj/my_ws/install/my_aruco_to_goal_pose_pkg/lib/python3.10/site-packages:${PYTHONPATH} /usr/bin/python3 -W ignore:setup.py install is deprecated setup.py egg_info --egg-base ../../build/my_aruco_to_goal_pose_pkg build --build-base /home/yyj/my_ws/build/my_aruco_to_goal_pose_pkg/build install --record /home/yyj/my_ws/build/my_aruco_to_goal_pose_pkg/install.log --single-version-externally-managed install_data
