[8.311s] Invoking command in '/home/yyj/my_ws/src/open_action_server': PYTHONPATH=/home/yyj/my_ws/build/open_action_server/prefix_override:/home/yyj/my_ws/install/open_action_server/lib/python3.10/site-packages:${PYTHONPATH} /usr/bin/python3 -W ignore:setup.py install is deprecated setup.py egg_info --egg-base ../../build/open_action_server build --build-base /home/yyj/my_ws/build/open_action_server/build install --record /home/yyj/my_ws/build/open_action_server/install.log --single-version-externally-managed install_data
[9.575s] running egg_info
[9.589s] writing ../../build/open_action_server/open_action_server.egg-info/PKG-INFO
[9.591s] writing dependency_links to ../../build/open_action_server/open_action_server.egg-info/dependency_links.txt
[9.591s] writing entry points to ../../build/open_action_server/open_action_server.egg-info/entry_points.txt
[9.592s] writing requirements to ../../build/open_action_server/open_action_server.egg-info/requires.txt
[9.592s] writing top-level names to ../../build/open_action_server/open_action_server.egg-info/top_level.txt
[9.594s] reading manifest file '../../build/open_action_server/open_action_server.egg-info/SOURCES.txt'
[9.596s] writing manifest file '../../build/open_action_server/open_action_server.egg-info/SOURCES.txt'
[9.598s] running build
[9.598s] running build_py
[9.599s] running install
[9.599s] running install_lib
[9.637s] running install_data
[9.640s] running install_egg_info
[9.659s] removing '/home/yyj/my_ws/install/open_action_server/lib/python3.10/site-packages/open_action_server-0.0.0-py3.10.egg-info' (and everything under it)
[9.668s] Copying ../../build/open_action_server/open_action_server.egg-info to /home/yyj/my_ws/install/open_action_server/lib/python3.10/site-packages/open_action_server-0.0.0-py3.10.egg-info
[9.669s] running install_scripts
[9.759s] Installing open_action_server script to /home/yyj/my_ws/install/open_action_server/lib/open_action_server
[9.761s] writing list of installed files to '/home/yyj/my_ws/build/open_action_server/install.log'
[9.888s] Invoked command in '/home/yyj/my_ws/src/open_action_server' returned '0': PYTHONPATH=/home/yyj/my_ws/build/open_action_server/prefix_override:/home/yyj/my_ws/install/open_action_server/lib/python3.10/site-packages:${PYTHONPATH} /usr/bin/python3 -W ignore:setup.py install is deprecated setup.py egg_info --egg-base ../../build/open_action_server build --build-base /home/yyj/my_ws/build/open_action_server/build install --record /home/yyj/my_ws/build/open_action_server/install.log --single-version-externally-managed install_data
