[5.000s] Invoking command in '/home/yyj/my_ws/build/slam_toolbox': CMAKE_PREFIX_PATH=${CMAKE_PREFIX_PATH}:/home/yyj/my_ws/install/ros2_aruco:/home/yyj/my_ws/install/open_action_server:/home/yyj/my_ws/install/my_tf2_package:/home/yyj/my_ws/install/my_docking:/home/yyj/my_ws/install/my_aruco_to_goal_pose_pkg:/opt/ros/humble /usr/bin/cmake --build /home/yyj/my_ws/build/slam_toolbox -- -j16 -l16
[5.281s] [  1%] Built target slam_toolbox__cpp
[5.573s] [  3%] Built target kartoSlamToolbox
[5.861s] [ 11%] Built target slam_toolbox__rosidl_typesupport_introspection_cpp
[6.089s] [ 20%] Built target slam_toolbox__rosidl_typesupport_fastrtps_cpp
[6.179s] [ 28%] Built target slam_toolbox__rosidl_typesupport_cpp
[6.618s] [ 28%] Built target ament_cmake_python_copy_slam_toolbox
[6.823s] [ 33%] Built target toolbox_common
[8.440s] running egg_info
[8.449s] writing slam_toolbox.egg-info/PKG-INFO
[8.450s] writing dependency_links to slam_toolbox.egg-info/dependency_links.txt
[8.450s] writing top-level names to slam_toolbox.egg-info/top_level.txt
[8.452s] reading manifest file 'slam_toolbox.egg-info/SOURCES.txt'
[8.456s] writing manifest file 'slam_toolbox.egg-info/SOURCES.txt'
[8.677s] [ 33%] Built target ament_cmake_python_build_slam_toolbox_egg
[8.857s] [ 35%] Built target merge_maps_kinematic
[9.008s] [ 36%] Built target lifelong_slam_toolbox
[9.187s] [ 37%] Built target localization_slam_toolbox
[9.352s] [ 39%] Built target lifelong_slam_toolbox_node
[9.608s] [ 40%] Built target map_and_localization_slam_toolbox
[9.754s] [ 42%] Built target localization_slam_toolbox_node
[9.932s] [ 43%] Built target map_and_localization_slam_toolbox_node
[10.067s] [ 45%] Built target sync_slam_toolbox
[10.192s] [ 47%] Built target async_slam_toolbox
[10.299s] [ 48%] Built target sync_slam_toolbox_node
[10.407s] [ 49%] Built target async_slam_toolbox_node
[10.542s] [ 51%] Built target ceres_solver_plugin
[10.659s] [ 53%] Built target SlamToolboxPlugin
[10.772s] [ 62%] Built target slam_toolbox__rosidl_generator_c
[10.890s] [ 71%] Built target slam_toolbox__rosidl_typesupport_fastrtps_c
[10.994s] [ 79%] Built target slam_toolbox__rosidl_typesupport_c
[11.095s] [ 87%] Built target slam_toolbox__rosidl_typesupport_introspection_c
[11.155s] [ 87%] Built target slam_toolbox
[11.226s] [ 87%] Built target slam_toolbox__py
[11.302s] [ 95%] Built target slam_toolbox__rosidl_generator_py
[11.370s] [ 96%] Built target slam_toolbox__rosidl_typesupport_fastrtps_c__pyext
[11.446s] [ 98%] Built target slam_toolbox__rosidl_typesupport_c__pyext
[11.520s] [100%] Built target slam_toolbox__rosidl_typesupport_introspection_c__pyext
[11.561s] Invoked command in '/home/yyj/my_ws/build/slam_toolbox' returned '0': CMAKE_PREFIX_PATH=${CMAKE_PREFIX_PATH}:/home/yyj/my_ws/install/ros2_aruco:/home/yyj/my_ws/install/open_action_server:/home/yyj/my_ws/install/my_tf2_package:/home/yyj/my_ws/install/my_docking:/home/yyj/my_ws/install/my_aruco_to_goal_pose_pkg:/opt/ros/humble /usr/bin/cmake --build /home/yyj/my_ws/build/slam_toolbox -- -j16 -l16
[12.479s] Invoking command in '/home/yyj/my_ws/build/slam_toolbox': CMAKE_PREFIX_PATH=${CMAKE_PREFIX_PATH}:/home/yyj/my_ws/install/ros2_aruco:/home/yyj/my_ws/install/open_action_server:/home/yyj/my_ws/install/my_tf2_package:/home/yyj/my_ws/install/my_docking:/home/yyj/my_ws/install/my_aruco_to_goal_pose_pkg:/opt/ros/humble /usr/bin/cmake --install /home/yyj/my_ws/build/slam_toolbox
[12.506s] -- Install configuration: "Release"
[12.507s] -- Up-to-date: /home/yyj/my_ws/install/slam_toolbox/share/ament_index/resource_index/rosidl_interfaces/slam_toolbox
[12.508s] -- Up-to-date: /home/yyj/my_ws/install/slam_toolbox/include/slam_toolbox/slam_toolbox
[12.508s] -- Up-to-date: /home/yyj/my_ws/install/slam_toolbox/include/slam_toolbox/slam_toolbox/srv
[12.508s] -- Up-to-date: /home/yyj/my_ws/install/slam_toolbox/include/slam_toolbox/slam_toolbox/srv/toggle_interactive.h
[12.509s] -- Up-to-date: /home/yyj/my_ws/install/slam_toolbox/include/slam_toolbox/slam_toolbox/srv/clear.h
[12.509s] -- Up-to-date: /home/yyj/my_ws/install/slam_toolbox/include/slam_toolbox/slam_toolbox/srv/add_submap.h
[12.509s] -- Up-to-date: /home/yyj/my_ws/install/slam_toolbox/include/slam_toolbox/slam_toolbox/srv/detail
[12.510s] -- Up-to-date: /home/yyj/my_ws/install/slam_toolbox/include/slam_toolbox/slam_toolbox/srv/detail/clear_queue__struct.h
[12.510s] -- Up-to-date: /home/yyj/my_ws/install/slam_toolbox/include/slam_toolbox/slam_toolbox/srv/detail/merge_maps__functions.h
[12.510s] -- Up-to-date: /home/yyj/my_ws/install/slam_toolbox/include/slam_toolbox/slam_toolbox/srv/detail/merge_maps__functions.c
[12.510s] -- Up-to-date: /home/yyj/my_ws/install/slam_toolbox/include/slam_toolbox/slam_toolbox/srv/detail/add_submap__type_support.h
[12.510s] -- Up-to-date: /home/yyj/my_ws/install/slam_toolbox/include/slam_toolbox/slam_toolbox/srv/detail/clear__struct.h
[12.510s] -- Up-to-date: /home/yyj/my_ws/install/slam_toolbox/include/slam_toolbox/slam_toolbox/srv/detail/clear_queue__functions.h
[12.510s] -- Up-to-date: /home/yyj/my_ws/install/slam_toolbox/include/slam_toolbox/slam_toolbox/srv/detail/pause__struct.h
[12.510s] -- Up-to-date: /home/yyj/my_ws/install/slam_toolbox/include/slam_toolbox/slam_toolbox/srv/detail/save_map__functions.h
[12.510s] -- Up-to-date: /home/yyj/my_ws/install/slam_toolbox/include/slam_toolbox/slam_toolbox/srv/detail/toggle_interactive__type_support.h
[12.511s] -- Up-to-date: /home/yyj/my_ws/install/slam_toolbox/include/slam_toolbox/slam_toolbox/srv/detail/clear_queue__functions.c
[12.512s] -- Up-to-date: /home/yyj/my_ws/install/slam_toolbox/include/slam_toolbox/slam_toolbox/srv/detail/save_map__type_support.h
[12.512s] -- Up-to-date: /home/yyj/my_ws/install/slam_toolbox/include/slam_toolbox/slam_toolbox/srv/detail/deserialize_pose_graph__struct.h
[12.513s] -- Up-to-date: /home/yyj/my_ws/install/slam_toolbox/include/slam_toolbox/slam_toolbox/srv/detail/clear__functions.c
[12.513s] -- Up-to-date: /home/yyj/my_ws/install/slam_toolbox/include/slam_toolbox/slam_toolbox/srv/detail/merge_maps__type_support.h
[12.513s] -- Up-to-date: /home/yyj/my_ws/install/slam_toolbox/include/slam_toolbox/slam_toolbox/srv/detail/clear_queue__type_support.h
[12.514s] -- Up-to-date: /home/yyj/my_ws/install/slam_toolbox/include/slam_toolbox/slam_toolbox/srv/detail/toggle_interactive__functions.c
[12.514s] -- Up-to-date: /home/yyj/my_ws/install/slam_toolbox/include/slam_toolbox/slam_toolbox/srv/detail/add_submap__functions.c
[12.514s] -- Up-to-date: /home/yyj/my_ws/install/slam_toolbox/include/slam_toolbox/slam_toolbox/srv/detail/add_submap__functions.h
[12.515s] -- Up-to-date: /home/yyj/my_ws/install/slam_toolbox/include/slam_toolbox/slam_toolbox/srv/detail/serialize_pose_graph__functions.h
[12.515s] -- Up-to-date: /home/yyj/my_ws/install/slam_toolbox/include/slam_toolbox/slam_toolbox/srv/detail/serialize_pose_graph__type_support.h
[12.515s] -- Up-to-date: /home/yyj/my_ws/install/slam_toolbox/include/slam_toolbox/slam_toolbox/srv/detail/loop_closure__functions.c
[12.516s] -- Up-to-date: /home/yyj/my_ws/install/slam_toolbox/include/slam_toolbox/slam_toolbox/srv/detail/deserialize_pose_graph__functions.c
[12.516s] -- Up-to-date: /home/yyj/my_ws/install/slam_toolbox/include/slam_toolbox/slam_toolbox/srv/detail/serialize_pose_graph__struct.h
[12.516s] -- Up-to-date: /home/yyj/my_ws/install/slam_toolbox/include/slam_toolbox/slam_toolbox/srv/detail/add_submap__struct.h
[12.517s] -- Up-to-date: /home/yyj/my_ws/install/slam_toolbox/include/slam_toolbox/slam_toolbox/srv/detail/serialize_pose_graph__functions.c
[12.517s] -- Up-to-date: /home/yyj/my_ws/install/slam_toolbox/include/slam_toolbox/slam_toolbox/srv/detail/pause__functions.h
[12.518s] -- Up-to-date: /home/yyj/my_ws/install/slam_toolbox/include/slam_toolbox/slam_toolbox/srv/detail/save_map__functions.c
[12.518s] -- Up-to-date: /home/yyj/my_ws/install/slam_toolbox/include/slam_toolbox/slam_toolbox/srv/detail/merge_maps__struct.h
[12.518s] -- Up-to-date: /home/yyj/my_ws/install/slam_toolbox/include/slam_toolbox/slam_toolbox/srv/detail/loop_closure__struct.h
[12.519s] -- Up-to-date: /home/yyj/my_ws/install/slam_toolbox/include/slam_toolbox/slam_toolbox/srv/detail/loop_closure__type_support.h
[12.519s] -- Up-to-date: /home/yyj/my_ws/install/slam_toolbox/include/slam_toolbox/slam_toolbox/srv/detail/toggle_interactive__struct.h
[12.519s] -- Up-to-date: /home/yyj/my_ws/install/slam_toolbox/include/slam_toolbox/slam_toolbox/srv/detail/deserialize_pose_graph__type_support.h
[12.519s] -- Up-to-date: /home/yyj/my_ws/install/slam_toolbox/include/slam_toolbox/slam_toolbox/srv/detail/toggle_interactive__functions.h
[12.519s] -- Up-to-date: /home/yyj/my_ws/install/slam_toolbox/include/slam_toolbox/slam_toolbox/srv/detail/pause__functions.c
[12.519s] -- Up-to-date: /home/yyj/my_ws/install/slam_toolbox/include/slam_toolbox/slam_toolbox/srv/detail/clear__type_support.h
[12.520s] -- Up-to-date: /home/yyj/my_ws/install/slam_toolbox/include/slam_toolbox/slam_toolbox/srv/detail/clear__functions.h
[12.520s] -- Up-to-date: /home/yyj/my_ws/install/slam_toolbox/include/slam_toolbox/slam_toolbox/srv/detail/loop_closure__functions.h
[12.520s] -- Up-to-date: /home/yyj/my_ws/install/slam_toolbox/include/slam_toolbox/slam_toolbox/srv/detail/pause__type_support.h
[12.520s] -- Up-to-date: /home/yyj/my_ws/install/slam_toolbox/include/slam_toolbox/slam_toolbox/srv/detail/save_map__struct.h
[12.520s] -- Up-to-date: /home/yyj/my_ws/install/slam_toolbox/include/slam_toolbox/slam_toolbox/srv/detail/deserialize_pose_graph__functions.h
[12.520s] -- Up-to-date: /home/yyj/my_ws/install/slam_toolbox/include/slam_toolbox/slam_toolbox/srv/serialize_pose_graph.h
[12.520s] -- Up-to-date: /home/yyj/my_ws/install/slam_toolbox/include/slam_toolbox/slam_toolbox/srv/clear_queue.h
[12.520s] -- Up-to-date: /home/yyj/my_ws/install/slam_toolbox/include/slam_toolbox/slam_toolbox/srv/merge_maps.h
[12.521s] -- Up-to-date: /home/yyj/my_ws/install/slam_toolbox/include/slam_toolbox/slam_toolbox/srv/deserialize_pose_graph.h
[12.521s] -- Up-to-date: /home/yyj/my_ws/install/slam_toolbox/include/slam_toolbox/slam_toolbox/srv/pause.h
[12.521s] -- Up-to-date: /home/yyj/my_ws/install/slam_toolbox/include/slam_toolbox/slam_toolbox/srv/loop_closure.h
[12.522s] -- Up-to-date: /home/yyj/my_ws/install/slam_toolbox/include/slam_toolbox/slam_toolbox/srv/save_map.h
[12.522s] -- Up-to-date: /home/yyj/my_ws/install/slam_toolbox/include/slam_toolbox/slam_toolbox/msg
[12.522s] -- Up-to-date: /home/yyj/my_ws/install/slam_toolbox/include/slam_toolbox/slam_toolbox/msg/rosidl_generator_c__visibility_control.h
[12.522s] -- Up-to-date: /home/yyj/my_ws/install/slam_toolbox/share/slam_toolbox/environment/library_path.sh
[12.522s] -- Up-to-date: /home/yyj/my_ws/install/slam_toolbox/share/slam_toolbox/environment/library_path.dsv
[12.522s] -- Up-to-date: /home/yyj/my_ws/install/slam_toolbox/lib/libslam_toolbox__rosidl_generator_c.so
[12.523s] -- Up-to-date: /home/yyj/my_ws/install/slam_toolbox/include/slam_toolbox/slam_toolbox
[12.523s] -- Up-to-date: /home/yyj/my_ws/install/slam_toolbox/include/slam_toolbox/slam_toolbox/srv
[12.524s] -- Up-to-date: /home/yyj/my_ws/install/slam_toolbox/include/slam_toolbox/slam_toolbox/srv/detail
[12.524s] -- Up-to-date: /home/yyj/my_ws/install/slam_toolbox/include/slam_toolbox/slam_toolbox/srv/detail/toggle_interactive__rosidl_typesupport_fastrtps_c.h
[12.524s] -- Up-to-date: /home/yyj/my_ws/install/slam_toolbox/include/slam_toolbox/slam_toolbox/srv/detail/deserialize_pose_graph__rosidl_typesupport_fastrtps_c.h
[12.524s] -- Up-to-date: /home/yyj/my_ws/install/slam_toolbox/include/slam_toolbox/slam_toolbox/srv/detail/loop_closure__rosidl_typesupport_fastrtps_c.h
[12.524s] -- Up-to-date: /home/yyj/my_ws/install/slam_toolbox/include/slam_toolbox/slam_toolbox/srv/detail/merge_maps__rosidl_typesupport_fastrtps_c.h
[12.524s] -- Up-to-date: /home/yyj/my_ws/install/slam_toolbox/include/slam_toolbox/slam_toolbox/srv/detail/serialize_pose_graph__rosidl_typesupport_fastrtps_c.h
[12.524s] -- Up-to-date: /home/yyj/my_ws/install/slam_toolbox/include/slam_toolbox/slam_toolbox/srv/detail/clear__rosidl_typesupport_fastrtps_c.h
[12.524s] -- Up-to-date: /home/yyj/my_ws/install/slam_toolbox/include/slam_toolbox/slam_toolbox/srv/detail/add_submap__rosidl_typesupport_fastrtps_c.h
[12.525s] -- Up-to-date: /home/yyj/my_ws/install/slam_toolbox/include/slam_toolbox/slam_toolbox/srv/detail/clear_queue__rosidl_typesupport_fastrtps_c.h
[12.525s] -- Up-to-date: /home/yyj/my_ws/install/slam_toolbox/include/slam_toolbox/slam_toolbox/srv/detail/pause__rosidl_typesupport_fastrtps_c.h
[12.525s] -- Up-to-date: /home/yyj/my_ws/install/slam_toolbox/include/slam_toolbox/slam_toolbox/srv/detail/save_map__rosidl_typesupport_fastrtps_c.h
[12.526s] -- Up-to-date: /home/yyj/my_ws/install/slam_toolbox/include/slam_toolbox/slam_toolbox/msg
[12.526s] -- Up-to-date: /home/yyj/my_ws/install/slam_toolbox/include/slam_toolbox/slam_toolbox/msg/rosidl_typesupport_fastrtps_c__visibility_control.h
[12.527s] -- Up-to-date: /home/yyj/my_ws/install/slam_toolbox/lib/libslam_toolbox__rosidl_typesupport_fastrtps_c.so
[12.527s] -- Up-to-date: /home/yyj/my_ws/install/slam_toolbox/include/slam_toolbox/slam_toolbox
[12.527s] -- Up-to-date: /home/yyj/my_ws/install/slam_toolbox/include/slam_toolbox/slam_toolbox/srv
[12.527s] -- Up-to-date: /home/yyj/my_ws/install/slam_toolbox/include/slam_toolbox/slam_toolbox/srv/merge_maps.hpp
[12.527s] -- Up-to-date: /home/yyj/my_ws/install/slam_toolbox/include/slam_toolbox/slam_toolbox/srv/toggle_interactive.hpp
[12.528s] -- Up-to-date: /home/yyj/my_ws/install/slam_toolbox/include/slam_toolbox/slam_toolbox/srv/add_submap.hpp
[12.528s] -- Up-to-date: /home/yyj/my_ws/install/slam_toolbox/include/slam_toolbox/slam_toolbox/srv/detail
[12.528s] -- Up-to-date: /home/yyj/my_ws/install/slam_toolbox/include/slam_toolbox/slam_toolbox/srv/detail/clear_queue__builder.hpp
[12.528s] -- Up-to-date: /home/yyj/my_ws/install/slam_toolbox/include/slam_toolbox/slam_toolbox/srv/detail/merge_maps__traits.hpp
[12.528s] -- Up-to-date: /home/yyj/my_ws/install/slam_toolbox/include/slam_toolbox/slam_toolbox/srv/detail/save_map__struct.hpp
[12.528s] -- Up-to-date: /home/yyj/my_ws/install/slam_toolbox/include/slam_toolbox/slam_toolbox/srv/detail/serialize_pose_graph__builder.hpp
[12.529s] -- Up-to-date: /home/yyj/my_ws/install/slam_toolbox/include/slam_toolbox/slam_toolbox/srv/detail/toggle_interactive__struct.hpp
[12.529s] -- Up-to-date: /home/yyj/my_ws/install/slam_toolbox/include/slam_toolbox/slam_toolbox/srv/detail/clear__builder.hpp
[12.529s] -- Up-to-date: /home/yyj/my_ws/install/slam_toolbox/include/slam_toolbox/slam_toolbox/srv/detail/toggle_interactive__builder.hpp
[12.529s] -- Up-to-date: /home/yyj/my_ws/install/slam_toolbox/include/slam_toolbox/slam_toolbox/srv/detail/toggle_interactive__traits.hpp
[12.529s] -- Up-to-date: /home/yyj/my_ws/install/slam_toolbox/include/slam_toolbox/slam_toolbox/srv/detail/clear__traits.hpp
[12.529s] -- Up-to-date: /home/yyj/my_ws/install/slam_toolbox/include/slam_toolbox/slam_toolbox/srv/detail/add_submap__traits.hpp
[12.529s] -- Up-to-date: /home/yyj/my_ws/install/slam_toolbox/include/slam_toolbox/slam_toolbox/srv/detail/save_map__traits.hpp
[12.529s] -- Up-to-date: /home/yyj/my_ws/install/slam_toolbox/include/slam_toolbox/slam_toolbox/srv/detail/add_submap__struct.hpp
[12.530s] -- Up-to-date: /home/yyj/my_ws/install/slam_toolbox/include/slam_toolbox/slam_toolbox/srv/detail/merge_maps__builder.hpp
[12.530s] -- Up-to-date: /home/yyj/my_ws/install/slam_toolbox/include/slam_toolbox/slam_toolbox/srv/detail/add_submap__builder.hpp
[12.530s] -- Up-to-date: /home/yyj/my_ws/install/slam_toolbox/include/slam_toolbox/slam_toolbox/srv/detail/deserialize_pose_graph__traits.hpp
[12.530s] -- Up-to-date: /home/yyj/my_ws/install/slam_toolbox/include/slam_toolbox/slam_toolbox/srv/detail/loop_closure__traits.hpp
[12.530s] -- Up-to-date: /home/yyj/my_ws/install/slam_toolbox/include/slam_toolbox/slam_toolbox/srv/detail/pause__builder.hpp
[12.531s] -- Up-to-date: /home/yyj/my_ws/install/slam_toolbox/include/slam_toolbox/slam_toolbox/srv/detail/save_map__builder.hpp
[12.531s] -- Up-to-date: /home/yyj/my_ws/install/slam_toolbox/include/slam_toolbox/slam_toolbox/srv/detail/deserialize_pose_graph__struct.hpp
[12.532s] -- Up-to-date: /home/yyj/my_ws/install/slam_toolbox/include/slam_toolbox/slam_toolbox/srv/detail/pause__traits.hpp
[12.532s] -- Up-to-date: /home/yyj/my_ws/install/slam_toolbox/include/slam_toolbox/slam_toolbox/srv/detail/deserialize_pose_graph__builder.hpp
[12.532s] -- Up-to-date: /home/yyj/my_ws/install/slam_toolbox/include/slam_toolbox/slam_toolbox/srv/detail/pause__struct.hpp
[12.533s] -- Up-to-date: /home/yyj/my_ws/install/slam_toolbox/include/slam_toolbox/slam_toolbox/srv/detail/clear__struct.hpp
[12.533s] -- Up-to-date: /home/yyj/my_ws/install/slam_toolbox/include/slam_toolbox/slam_toolbox/srv/detail/clear_queue__struct.hpp
[12.533s] -- Up-to-date: /home/yyj/my_ws/install/slam_toolbox/include/slam_toolbox/slam_toolbox/srv/detail/clear_queue__traits.hpp
[12.533s] -- Up-to-date: /home/yyj/my_ws/install/slam_toolbox/include/slam_toolbox/slam_toolbox/srv/detail/loop_closure__struct.hpp
[12.534s] -- Up-to-date: /home/yyj/my_ws/install/slam_toolbox/include/slam_toolbox/slam_toolbox/srv/detail/merge_maps__struct.hpp
[12.534s] -- Up-to-date: /home/yyj/my_ws/install/slam_toolbox/include/slam_toolbox/slam_toolbox/srv/detail/serialize_pose_graph__traits.hpp
[12.534s] -- Up-to-date: /home/yyj/my_ws/install/slam_toolbox/include/slam_toolbox/slam_toolbox/srv/detail/serialize_pose_graph__struct.hpp
[12.534s] -- Up-to-date: /home/yyj/my_ws/install/slam_toolbox/include/slam_toolbox/slam_toolbox/srv/detail/loop_closure__builder.hpp
[12.534s] -- Up-to-date: /home/yyj/my_ws/install/slam_toolbox/include/slam_toolbox/slam_toolbox/srv/deserialize_pose_graph.hpp
[12.535s] -- Up-to-date: /home/yyj/my_ws/install/slam_toolbox/include/slam_toolbox/slam_toolbox/srv/clear_queue.hpp
[12.535s] -- Up-to-date: /home/yyj/my_ws/install/slam_toolbox/include/slam_toolbox/slam_toolbox/srv/save_map.hpp
[12.535s] -- Up-to-date: /home/yyj/my_ws/install/slam_toolbox/include/slam_toolbox/slam_toolbox/srv/serialize_pose_graph.hpp
[12.535s] -- Up-to-date: /home/yyj/my_ws/install/slam_toolbox/include/slam_toolbox/slam_toolbox/srv/loop_closure.hpp
[12.536s] -- Up-to-date: /home/yyj/my_ws/install/slam_toolbox/include/slam_toolbox/slam_toolbox/srv/pause.hpp
[12.536s] -- Up-to-date: /home/yyj/my_ws/install/slam_toolbox/include/slam_toolbox/slam_toolbox/srv/clear.hpp
[12.536s] -- Up-to-date: /home/yyj/my_ws/install/slam_toolbox/include/slam_toolbox/slam_toolbox
[12.537s] -- Up-to-date: /home/yyj/my_ws/install/slam_toolbox/include/slam_toolbox/slam_toolbox/srv
[12.537s] -- Up-to-date: /home/yyj/my_ws/install/slam_toolbox/include/slam_toolbox/slam_toolbox/srv/detail
[12.537s] -- Up-to-date: /home/yyj/my_ws/install/slam_toolbox/include/slam_toolbox/slam_toolbox/srv/detail/dds_fastrtps
[12.538s] -- Up-to-date: /home/yyj/my_ws/install/slam_toolbox/include/slam_toolbox/slam_toolbox/srv/detail/save_map__rosidl_typesupport_fastrtps_cpp.hpp
[12.538s] -- Up-to-date: /home/yyj/my_ws/install/slam_toolbox/include/slam_toolbox/slam_toolbox/srv/detail/toggle_interactive__rosidl_typesupport_fastrtps_cpp.hpp
[12.538s] -- Up-to-date: /home/yyj/my_ws/install/slam_toolbox/include/slam_toolbox/slam_toolbox/srv/detail/clear_queue__rosidl_typesupport_fastrtps_cpp.hpp
[12.538s] -- Up-to-date: /home/yyj/my_ws/install/slam_toolbox/include/slam_toolbox/slam_toolbox/srv/detail/serialize_pose_graph__rosidl_typesupport_fastrtps_cpp.hpp
[12.538s] -- Up-to-date: /home/yyj/my_ws/install/slam_toolbox/include/slam_toolbox/slam_toolbox/srv/detail/clear__rosidl_typesupport_fastrtps_cpp.hpp
[12.539s] -- Up-to-date: /home/yyj/my_ws/install/slam_toolbox/include/slam_toolbox/slam_toolbox/srv/detail/loop_closure__rosidl_typesupport_fastrtps_cpp.hpp
[12.539s] -- Up-to-date: /home/yyj/my_ws/install/slam_toolbox/include/slam_toolbox/slam_toolbox/srv/detail/pause__rosidl_typesupport_fastrtps_cpp.hpp
[12.539s] -- Up-to-date: /home/yyj/my_ws/install/slam_toolbox/include/slam_toolbox/slam_toolbox/srv/detail/merge_maps__rosidl_typesupport_fastrtps_cpp.hpp
[12.540s] -- Up-to-date: /home/yyj/my_ws/install/slam_toolbox/include/slam_toolbox/slam_toolbox/srv/detail/deserialize_pose_graph__rosidl_typesupport_fastrtps_cpp.hpp
[12.540s] -- Up-to-date: /home/yyj/my_ws/install/slam_toolbox/include/slam_toolbox/slam_toolbox/srv/detail/add_submap__rosidl_typesupport_fastrtps_cpp.hpp
[12.540s] -- Up-to-date: /home/yyj/my_ws/install/slam_toolbox/include/slam_toolbox/slam_toolbox/msg
[12.541s] -- Up-to-date: /home/yyj/my_ws/install/slam_toolbox/include/slam_toolbox/slam_toolbox/msg/rosidl_typesupport_fastrtps_cpp__visibility_control.h
[12.541s] -- Up-to-date: /home/yyj/my_ws/install/slam_toolbox/lib/libslam_toolbox__rosidl_typesupport_fastrtps_cpp.so
[12.541s] -- Up-to-date: /home/yyj/my_ws/install/slam_toolbox/include/slam_toolbox/slam_toolbox
[12.541s] -- Up-to-date: /home/yyj/my_ws/install/slam_toolbox/include/slam_toolbox/slam_toolbox/srv
[12.542s] -- Up-to-date: /home/yyj/my_ws/install/slam_toolbox/include/slam_toolbox/slam_toolbox/srv/detail
[12.542s] -- Up-to-date: /home/yyj/my_ws/install/slam_toolbox/include/slam_toolbox/slam_toolbox/srv/detail/add_submap__type_support.c
[12.542s] -- Up-to-date: /home/yyj/my_ws/install/slam_toolbox/include/slam_toolbox/slam_toolbox/srv/detail/save_map__rosidl_typesupport_introspection_c.h
[12.542s] -- Up-to-date: /home/yyj/my_ws/install/slam_toolbox/include/slam_toolbox/slam_toolbox/srv/detail/pause__type_support.c
[12.542s] -- Up-to-date: /home/yyj/my_ws/install/slam_toolbox/include/slam_toolbox/slam_toolbox/srv/detail/toggle_interactive__rosidl_typesupport_introspection_c.h
[12.543s] -- Up-to-date: /home/yyj/my_ws/install/slam_toolbox/include/slam_toolbox/slam_toolbox/srv/detail/serialize_pose_graph__type_support.c
[12.543s] -- Up-to-date: /home/yyj/my_ws/install/slam_toolbox/include/slam_toolbox/slam_toolbox/srv/detail/deserialize_pose_graph__rosidl_typesupport_introspection_c.h
[12.543s] -- Up-to-date: /home/yyj/my_ws/install/slam_toolbox/include/slam_toolbox/slam_toolbox/srv/detail/pause__rosidl_typesupport_introspection_c.h
[12.543s] -- Up-to-date: /home/yyj/my_ws/install/slam_toolbox/include/slam_toolbox/slam_toolbox/srv/detail/deserialize_pose_graph__type_support.c
[12.544s] -- Up-to-date: /home/yyj/my_ws/install/slam_toolbox/include/slam_toolbox/slam_toolbox/srv/detail/clear__rosidl_typesupport_introspection_c.h
[12.544s] -- Up-to-date: /home/yyj/my_ws/install/slam_toolbox/include/slam_toolbox/slam_toolbox/srv/detail/clear_queue__rosidl_typesupport_introspection_c.h
[12.544s] -- Up-to-date: /home/yyj/my_ws/install/slam_toolbox/include/slam_toolbox/slam_toolbox/srv/detail/merge_maps__type_support.c
[12.544s] -- Up-to-date: /home/yyj/my_ws/install/slam_toolbox/include/slam_toolbox/slam_toolbox/srv/detail/loop_closure__type_support.c
[12.544s] -- Up-to-date: /home/yyj/my_ws/install/slam_toolbox/include/slam_toolbox/slam_toolbox/srv/detail/clear__type_support.c
[12.545s] -- Up-to-date: /home/yyj/my_ws/install/slam_toolbox/include/slam_toolbox/slam_toolbox/srv/detail/serialize_pose_graph__rosidl_typesupport_introspection_c.h
[12.545s] -- Up-to-date: /home/yyj/my_ws/install/slam_toolbox/include/slam_toolbox/slam_toolbox/srv/detail/merge_maps__rosidl_typesupport_introspection_c.h
[12.545s] -- Up-to-date: /home/yyj/my_ws/install/slam_toolbox/include/slam_toolbox/slam_toolbox/srv/detail/loop_closure__rosidl_typesupport_introspection_c.h
[12.546s] -- Up-to-date: /home/yyj/my_ws/install/slam_toolbox/include/slam_toolbox/slam_toolbox/srv/detail/clear_queue__type_support.c
[12.546s] -- Up-to-date: /home/yyj/my_ws/install/slam_toolbox/include/slam_toolbox/slam_toolbox/srv/detail/add_submap__rosidl_typesupport_introspection_c.h
[12.546s] -- Up-to-date: /home/yyj/my_ws/install/slam_toolbox/include/slam_toolbox/slam_toolbox/srv/detail/save_map__type_support.c
[12.546s] -- Up-to-date: /home/yyj/my_ws/install/slam_toolbox/include/slam_toolbox/slam_toolbox/srv/detail/toggle_interactive__type_support.c
[12.546s] -- Up-to-date: /home/yyj/my_ws/install/slam_toolbox/include/slam_toolbox/slam_toolbox/msg
[12.546s] -- Up-to-date: /home/yyj/my_ws/install/slam_toolbox/include/slam_toolbox/slam_toolbox/msg/rosidl_typesupport_introspection_c__visibility_control.h
[12.547s] -- Up-to-date: /home/yyj/my_ws/install/slam_toolbox/lib/libslam_toolbox__rosidl_typesupport_introspection_c.so
[12.547s] -- Up-to-date: /home/yyj/my_ws/install/slam_toolbox/lib/libslam_toolbox__rosidl_typesupport_c.so
[12.547s] -- Up-to-date: /home/yyj/my_ws/install/slam_toolbox/include/slam_toolbox/slam_toolbox
[12.547s] -- Up-to-date: /home/yyj/my_ws/install/slam_toolbox/include/slam_toolbox/slam_toolbox/srv
[12.547s] -- Up-to-date: /home/yyj/my_ws/install/slam_toolbox/include/slam_toolbox/slam_toolbox/srv/detail
[12.547s] -- Up-to-date: /home/yyj/my_ws/install/slam_toolbox/include/slam_toolbox/slam_toolbox/srv/detail/save_map__rosidl_typesupport_introspection_cpp.hpp
[12.547s] -- Up-to-date: /home/yyj/my_ws/install/slam_toolbox/include/slam_toolbox/slam_toolbox/srv/detail/pause__type_support.cpp
[12.547s] -- Up-to-date: /home/yyj/my_ws/install/slam_toolbox/include/slam_toolbox/slam_toolbox/srv/detail/serialize_pose_graph__type_support.cpp
[12.548s] -- Up-to-date: /home/yyj/my_ws/install/slam_toolbox/include/slam_toolbox/slam_toolbox/srv/detail/loop_closure__rosidl_typesupport_introspection_cpp.hpp
[12.548s] -- Up-to-date: /home/yyj/my_ws/install/slam_toolbox/include/slam_toolbox/slam_toolbox/srv/detail/pause__rosidl_typesupport_introspection_cpp.hpp
[12.548s] -- Up-to-date: /home/yyj/my_ws/install/slam_toolbox/include/slam_toolbox/slam_toolbox/srv/detail/add_submap__rosidl_typesupport_introspection_cpp.hpp
[12.548s] -- Up-to-date: /home/yyj/my_ws/install/slam_toolbox/include/slam_toolbox/slam_toolbox/srv/detail/clear__rosidl_typesupport_introspection_cpp.hpp
[12.548s] -- Up-to-date: /home/yyj/my_ws/install/slam_toolbox/include/slam_toolbox/slam_toolbox/srv/detail/merge_maps__type_support.cpp
[12.548s] -- Up-to-date: /home/yyj/my_ws/install/slam_toolbox/include/slam_toolbox/slam_toolbox/srv/detail/toggle_interactive__type_support.cpp
[12.548s] -- Up-to-date: /home/yyj/my_ws/install/slam_toolbox/include/slam_toolbox/slam_toolbox/srv/detail/deserialize_pose_graph__type_support.cpp
[12.548s] -- Up-to-date: /home/yyj/my_ws/install/slam_toolbox/include/slam_toolbox/slam_toolbox/srv/detail/serialize_pose_graph__rosidl_typesupport_introspection_cpp.hpp
[12.548s] -- Up-to-date: /home/yyj/my_ws/install/slam_toolbox/include/slam_toolbox/slam_toolbox/srv/detail/deserialize_pose_graph__rosidl_typesupport_introspection_cpp.hpp
[12.549s] -- Up-to-date: /home/yyj/my_ws/install/slam_toolbox/include/slam_toolbox/slam_toolbox/srv/detail/save_map__type_support.cpp
[12.549s] -- Up-to-date: /home/yyj/my_ws/install/slam_toolbox/include/slam_toolbox/slam_toolbox/srv/detail/loop_closure__type_support.cpp
[12.549s] -- Up-to-date: /home/yyj/my_ws/install/slam_toolbox/include/slam_toolbox/slam_toolbox/srv/detail/clear_queue__rosidl_typesupport_introspection_cpp.hpp
[12.549s] -- Up-to-date: /home/yyj/my_ws/install/slam_toolbox/include/slam_toolbox/slam_toolbox/srv/detail/add_submap__type_support.cpp
[12.549s] -- Up-to-date: /home/yyj/my_ws/install/slam_toolbox/include/slam_toolbox/slam_toolbox/srv/detail/clear__type_support.cpp
[12.549s] -- Up-to-date: /home/yyj/my_ws/install/slam_toolbox/include/slam_toolbox/slam_toolbox/srv/detail/clear_queue__type_support.cpp
[12.549s] -- Up-to-date: /home/yyj/my_ws/install/slam_toolbox/include/slam_toolbox/slam_toolbox/srv/detail/merge_maps__rosidl_typesupport_introspection_cpp.hpp
[12.549s] -- Up-to-date: /home/yyj/my_ws/install/slam_toolbox/include/slam_toolbox/slam_toolbox/srv/detail/toggle_interactive__rosidl_typesupport_introspection_cpp.hpp
[12.550s] -- Up-to-date: /home/yyj/my_ws/install/slam_toolbox/lib/libslam_toolbox__rosidl_typesupport_introspection_cpp.so
[12.550s] -- Up-to-date: /home/yyj/my_ws/install/slam_toolbox/lib/libslam_toolbox__rosidl_typesupport_cpp.so
[12.550s] -- Up-to-date: /home/yyj/my_ws/install/slam_toolbox/share/slam_toolbox/environment/pythonpath.sh
[12.550s] -- Up-to-date: /home/yyj/my_ws/install/slam_toolbox/share/slam_toolbox/environment/pythonpath.dsv
[12.550s] -- Up-to-date: /home/yyj/my_ws/install/slam_toolbox/local/lib/python3.10/dist-packages/slam_toolbox-2.6.8-py3.10.egg-info
[12.550s] -- Installing: /home/yyj/my_ws/install/slam_toolbox/local/lib/python3.10/dist-packages/slam_toolbox-2.6.8-py3.10.egg-info/SOURCES.txt
[12.550s] -- Installing: /home/yyj/my_ws/install/slam_toolbox/local/lib/python3.10/dist-packages/slam_toolbox-2.6.8-py3.10.egg-info/top_level.txt
[12.550s] -- Installing: /home/yyj/my_ws/install/slam_toolbox/local/lib/python3.10/dist-packages/slam_toolbox-2.6.8-py3.10.egg-info/dependency_links.txt
[12.550s] -- Installing: /home/yyj/my_ws/install/slam_toolbox/local/lib/python3.10/dist-packages/slam_toolbox-2.6.8-py3.10.egg-info/PKG-INFO
[12.551s] -- Up-to-date: /home/yyj/my_ws/install/slam_toolbox/local/lib/python3.10/dist-packages/slam_toolbox
[12.551s] -- Up-to-date: /home/yyj/my_ws/install/slam_toolbox/local/lib/python3.10/dist-packages/slam_toolbox/_slam_toolbox_s.ep.rosidl_typesupport_introspection_c.c
[12.551s] -- Up-to-date: /home/yyj/my_ws/install/slam_toolbox/local/lib/python3.10/dist-packages/slam_toolbox/slam_toolbox_s__rosidl_typesupport_introspection_c.cpython-310-x86_64-linux-gnu.so
[12.551s] -- Up-to-date: /home/yyj/my_ws/install/slam_toolbox/local/lib/python3.10/dist-packages/slam_toolbox/slam_toolbox_s__rosidl_typesupport_fastrtps_c.cpython-310-x86_64-linux-gnu.so
[12.551s] -- Up-to-date: /home/yyj/my_ws/install/slam_toolbox/local/lib/python3.10/dist-packages/slam_toolbox/libslam_toolbox__rosidl_generator_py.so
[12.551s] -- Up-to-date: /home/yyj/my_ws/install/slam_toolbox/local/lib/python3.10/dist-packages/slam_toolbox/_slam_toolbox_s.ep.rosidl_typesupport_c.c
[12.551s] -- Up-to-date: /home/yyj/my_ws/install/slam_toolbox/local/lib/python3.10/dist-packages/slam_toolbox/slam_toolbox_s__rosidl_typesupport_c.cpython-310-x86_64-linux-gnu.so
[12.551s] -- Up-to-date: /home/yyj/my_ws/install/slam_toolbox/local/lib/python3.10/dist-packages/slam_toolbox/__init__.py
[12.551s] -- Up-to-date: /home/yyj/my_ws/install/slam_toolbox/local/lib/python3.10/dist-packages/slam_toolbox/srv
[12.551s] -- Up-to-date: /home/yyj/my_ws/install/slam_toolbox/local/lib/python3.10/dist-packages/slam_toolbox/srv/_pause.py
[12.552s] -- Up-to-date: /home/yyj/my_ws/install/slam_toolbox/local/lib/python3.10/dist-packages/slam_toolbox/srv/_serialize_pose_graph_s.c
[12.552s] -- Up-to-date: /home/yyj/my_ws/install/slam_toolbox/local/lib/python3.10/dist-packages/slam_toolbox/srv/_clear.py
[12.552s] -- Up-to-date: /home/yyj/my_ws/install/slam_toolbox/local/lib/python3.10/dist-packages/slam_toolbox/srv/_toggle_interactive_s.c
[12.552s] -- Up-to-date: /home/yyj/my_ws/install/slam_toolbox/local/lib/python3.10/dist-packages/slam_toolbox/srv/_deserialize_pose_graph_s.c
[12.552s] -- Up-to-date: /home/yyj/my_ws/install/slam_toolbox/local/lib/python3.10/dist-packages/slam_toolbox/srv/_loop_closure_s.c
[12.552s] -- Up-to-date: /home/yyj/my_ws/install/slam_toolbox/local/lib/python3.10/dist-packages/slam_toolbox/srv/_pause_s.c
[12.552s] -- Up-to-date: /home/yyj/my_ws/install/slam_toolbox/local/lib/python3.10/dist-packages/slam_toolbox/srv/_deserialize_pose_graph.py
[12.552s] -- Up-to-date: /home/yyj/my_ws/install/slam_toolbox/local/lib/python3.10/dist-packages/slam_toolbox/srv/_loop_closure.py
[12.552s] -- Up-to-date: /home/yyj/my_ws/install/slam_toolbox/local/lib/python3.10/dist-packages/slam_toolbox/srv/_clear_s.c
[12.552s] -- Up-to-date: /home/yyj/my_ws/install/slam_toolbox/local/lib/python3.10/dist-packages/slam_toolbox/srv/_merge_maps.py
[12.553s] -- Up-to-date: /home/yyj/my_ws/install/slam_toolbox/local/lib/python3.10/dist-packages/slam_toolbox/srv/_merge_maps_s.c
[12.553s] -- Up-to-date: /home/yyj/my_ws/install/slam_toolbox/local/lib/python3.10/dist-packages/slam_toolbox/srv/_add_submap.py
[12.553s] -- Up-to-date: /home/yyj/my_ws/install/slam_toolbox/local/lib/python3.10/dist-packages/slam_toolbox/srv/_save_map.py
[12.553s] -- Up-to-date: /home/yyj/my_ws/install/slam_toolbox/local/lib/python3.10/dist-packages/slam_toolbox/srv/_save_map_s.c
[12.553s] -- Up-to-date: /home/yyj/my_ws/install/slam_toolbox/local/lib/python3.10/dist-packages/slam_toolbox/srv/__init__.py
[12.553s] -- Up-to-date: /home/yyj/my_ws/install/slam_toolbox/local/lib/python3.10/dist-packages/slam_toolbox/srv/_clear_queue.py
[12.553s] -- Up-to-date: /home/yyj/my_ws/install/slam_toolbox/local/lib/python3.10/dist-packages/slam_toolbox/srv/_serialize_pose_graph.py
[12.553s] -- Up-to-date: /home/yyj/my_ws/install/slam_toolbox/local/lib/python3.10/dist-packages/slam_toolbox/srv/_clear_queue_s.c
[12.553s] -- Up-to-date: /home/yyj/my_ws/install/slam_toolbox/local/lib/python3.10/dist-packages/slam_toolbox/srv/_toggle_interactive.py
[12.554s] -- Up-to-date: /home/yyj/my_ws/install/slam_toolbox/local/lib/python3.10/dist-packages/slam_toolbox/srv/_add_submap_s.c
[12.554s] -- Up-to-date: /home/yyj/my_ws/install/slam_toolbox/local/lib/python3.10/dist-packages/slam_toolbox/_slam_toolbox_s.ep.rosidl_typesupport_fastrtps_c.c
[12.633s] Listing '/home/yyj/my_ws/install/slam_toolbox/local/lib/python3.10/dist-packages/slam_toolbox'...
[12.633s] Listing '/home/yyj/my_ws/install/slam_toolbox/local/lib/python3.10/dist-packages/slam_toolbox/srv'...
[12.648s] -- Up-to-date: /home/yyj/my_ws/install/slam_toolbox/local/lib/python3.10/dist-packages/slam_toolbox/slam_toolbox_s__rosidl_typesupport_fastrtps_c.cpython-310-x86_64-linux-gnu.so
[12.650s] -- Up-to-date: /home/yyj/my_ws/install/slam_toolbox/local/lib/python3.10/dist-packages/slam_toolbox/slam_toolbox_s__rosidl_typesupport_introspection_c.cpython-310-x86_64-linux-gnu.so
[12.652s] -- Up-to-date: /home/yyj/my_ws/install/slam_toolbox/local/lib/python3.10/dist-packages/slam_toolbox/slam_toolbox_s__rosidl_typesupport_c.cpython-310-x86_64-linux-gnu.so
[12.653s] -- Up-to-date: /home/yyj/my_ws/install/slam_toolbox/lib/libslam_toolbox__rosidl_generator_py.so
[12.654s] -- Up-to-date: /home/yyj/my_ws/install/slam_toolbox/share/slam_toolbox/srv/Pause.idl
[12.654s] -- Up-to-date: /home/yyj/my_ws/install/slam_toolbox/share/slam_toolbox/srv/ClearQueue.idl
[12.654s] -- Up-to-date: /home/yyj/my_ws/install/slam_toolbox/share/slam_toolbox/srv/ToggleInteractive.idl
[12.654s] -- Up-to-date: /home/yyj/my_ws/install/slam_toolbox/share/slam_toolbox/srv/Clear.idl
[12.654s] -- Up-to-date: /home/yyj/my_ws/install/slam_toolbox/share/slam_toolbox/srv/SaveMap.idl
[12.655s] -- Up-to-date: /home/yyj/my_ws/install/slam_toolbox/share/slam_toolbox/srv/LoopClosure.idl
[12.655s] -- Up-to-date: /home/yyj/my_ws/install/slam_toolbox/share/slam_toolbox/srv/MergeMaps.idl
[12.655s] -- Up-to-date: /home/yyj/my_ws/install/slam_toolbox/share/slam_toolbox/srv/AddSubmap.idl
[12.655s] -- Up-to-date: /home/yyj/my_ws/install/slam_toolbox/share/slam_toolbox/srv/DeserializePoseGraph.idl
[12.655s] -- Up-to-date: /home/yyj/my_ws/install/slam_toolbox/share/slam_toolbox/srv/SerializePoseGraph.idl
[12.656s] -- Up-to-date: /home/yyj/my_ws/install/slam_toolbox/share/slam_toolbox/srvs/Pause.srv
[12.656s] -- Up-to-date: /home/yyj/my_ws/install/slam_toolbox/share/slam_toolbox/srvs/Pause_Request.msg
[12.656s] -- Up-to-date: /home/yyj/my_ws/install/slam_toolbox/share/slam_toolbox/srvs/Pause_Response.msg
[12.656s] -- Up-to-date: /home/yyj/my_ws/install/slam_toolbox/share/slam_toolbox/srvs/ClearQueue.srv
[12.656s] -- Up-to-date: /home/yyj/my_ws/install/slam_toolbox/share/slam_toolbox/srvs/ClearQueue_Request.msg
[12.656s] -- Up-to-date: /home/yyj/my_ws/install/slam_toolbox/share/slam_toolbox/srvs/ClearQueue_Response.msg
[12.656s] -- Up-to-date: /home/yyj/my_ws/install/slam_toolbox/share/slam_toolbox/srvs/ToggleInteractive.srv
[12.656s] -- Up-to-date: /home/yyj/my_ws/install/slam_toolbox/share/slam_toolbox/srvs/ToggleInteractive_Request.msg
[12.657s] -- Up-to-date: /home/yyj/my_ws/install/slam_toolbox/share/slam_toolbox/srvs/ToggleInteractive_Response.msg
[12.658s] -- Up-to-date: /home/yyj/my_ws/install/slam_toolbox/share/slam_toolbox/srvs/Clear.srv
[12.658s] -- Up-to-date: /home/yyj/my_ws/install/slam_toolbox/share/slam_toolbox/srvs/Clear_Request.msg
[12.658s] -- Up-to-date: /home/yyj/my_ws/install/slam_toolbox/share/slam_toolbox/srvs/Clear_Response.msg
[12.659s] -- Up-to-date: /home/yyj/my_ws/install/slam_toolbox/share/slam_toolbox/srvs/SaveMap.srv
[12.659s] -- Up-to-date: /home/yyj/my_ws/install/slam_toolbox/share/slam_toolbox/srvs/SaveMap_Request.msg
[12.659s] -- Up-to-date: /home/yyj/my_ws/install/slam_toolbox/share/slam_toolbox/srvs/SaveMap_Response.msg
[12.659s] -- Up-to-date: /home/yyj/my_ws/install/slam_toolbox/share/slam_toolbox/srvs/LoopClosure.srv
[12.660s] -- Up-to-date: /home/yyj/my_ws/install/slam_toolbox/share/slam_toolbox/srvs/LoopClosure_Request.msg
[12.660s] -- Up-to-date: /home/yyj/my_ws/install/slam_toolbox/share/slam_toolbox/srvs/LoopClosure_Response.msg
[12.660s] -- Up-to-date: /home/yyj/my_ws/install/slam_toolbox/share/slam_toolbox/srvs/MergeMaps.srv
[12.660s] -- Up-to-date: /home/yyj/my_ws/install/slam_toolbox/share/slam_toolbox/srvs/MergeMaps_Request.msg
[12.660s] -- Up-to-date: /home/yyj/my_ws/install/slam_toolbox/share/slam_toolbox/srvs/MergeMaps_Response.msg
[12.661s] -- Up-to-date: /home/yyj/my_ws/install/slam_toolbox/share/slam_toolbox/srvs/AddSubmap.srv
[12.661s] -- Up-to-date: /home/yyj/my_ws/install/slam_toolbox/share/slam_toolbox/srvs/AddSubmap_Request.msg
[12.662s] -- Up-to-date: /home/yyj/my_ws/install/slam_toolbox/share/slam_toolbox/srvs/AddSubmap_Response.msg
[12.662s] -- Up-to-date: /home/yyj/my_ws/install/slam_toolbox/share/slam_toolbox/srvs/DeserializePoseGraph.srv
[12.662s] -- Up-to-date: /home/yyj/my_ws/install/slam_toolbox/share/slam_toolbox/srvs/DeserializePoseGraph_Request.msg
[12.662s] -- Up-to-date: /home/yyj/my_ws/install/slam_toolbox/share/slam_toolbox/srvs/DeserializePoseGraph_Response.msg
[12.662s] -- Up-to-date: /home/yyj/my_ws/install/slam_toolbox/share/slam_toolbox/srvs/SerializePoseGraph.srv
[12.662s] -- Up-to-date: /home/yyj/my_ws/install/slam_toolbox/share/slam_toolbox/srvs/SerializePoseGraph_Request.msg
[12.662s] -- Up-to-date: /home/yyj/my_ws/install/slam_toolbox/share/slam_toolbox/srvs/SerializePoseGraph_Response.msg
[12.663s] -- Up-to-date: /home/yyj/my_ws/install/slam_toolbox/share/slam_toolbox/rviz_plugins.xml
[12.663s] -- Up-to-date: /home/yyj/my_ws/install/slam_toolbox/share/slam_toolbox/solver_plugins.xml
[12.663s] -- Up-to-date: /home/yyj/my_ws/install/slam_toolbox/lib/slam_toolbox/async_slam_toolbox_node
[12.663s] -- Up-to-date: /home/yyj/my_ws/install/slam_toolbox/lib/slam_toolbox/sync_slam_toolbox_node
[12.663s] -- Up-to-date: /home/yyj/my_ws/install/slam_toolbox/lib/slam_toolbox/localization_slam_toolbox_node
[12.663s] -- Up-to-date: /home/yyj/my_ws/install/slam_toolbox/lib/slam_toolbox/map_and_localization_slam_toolbox_node
[12.663s] -- Up-to-date: /home/yyj/my_ws/install/slam_toolbox/lib/slam_toolbox/merge_maps_kinematic
[12.664s] -- Up-to-date: /home/yyj/my_ws/install/slam_toolbox/lib/libtoolbox_common.so
[12.666s] -- Up-to-date: /home/yyj/my_ws/install/slam_toolbox/lib/libSlamToolboxPlugin.so
[12.666s] -- Up-to-date: /home/yyj/my_ws/install/slam_toolbox/lib/libceres_solver_plugin.so
[12.667s] -- Up-to-date: /home/yyj/my_ws/install/slam_toolbox/lib/libasync_slam_toolbox.so
[12.668s] -- Up-to-date: /home/yyj/my_ws/install/slam_toolbox/lib/libsync_slam_toolbox.so
[12.669s] -- Up-to-date: /home/yyj/my_ws/install/slam_toolbox/lib/liblocalization_slam_toolbox.so
[12.671s] -- Up-to-date: /home/yyj/my_ws/install/slam_toolbox/lib/liblifelong_slam_toolbox.so
[12.672s] -- Up-to-date: /home/yyj/my_ws/install/slam_toolbox/lib/libmap_and_localization_slam_toolbox.so
[12.673s] -- Up-to-date: /home/yyj/my_ws/install/slam_toolbox/lib/libkartoSlamToolbox.so
[12.673s] -- Up-to-date: /home/yyj/my_ws/install/slam_toolbox/lib/libSlamToolboxPlugin.so
[12.674s] -- Up-to-date: /home/yyj/my_ws/install/slam_toolbox/include
[12.674s] -- Up-to-date: /home/yyj/my_ws/install/slam_toolbox/include/slam_toolbox
[12.674s] -- Up-to-date: /home/yyj/my_ws/install/slam_toolbox/include/slam_toolbox/experimental
[12.674s] -- Up-to-date: /home/yyj/my_ws/install/slam_toolbox/include/slam_toolbox/experimental/slam_toolbox_lifelong.hpp
[12.674s] -- Up-to-date: /home/yyj/my_ws/install/slam_toolbox/include/slam_toolbox/experimental/slam_toolbox_map_and_localization.hpp
[12.674s] -- Up-to-date: /home/yyj/my_ws/install/slam_toolbox/include/slam_toolbox/slam_toolbox_async.hpp
[12.675s] -- Up-to-date: /home/yyj/my_ws/install/slam_toolbox/include/slam_toolbox/slam_toolbox_localization.hpp
[12.675s] -- Up-to-date: /home/yyj/my_ws/install/slam_toolbox/include/slam_toolbox/toolbox_msgs.hpp
[12.675s] -- Up-to-date: /home/yyj/my_ws/install/slam_toolbox/include/slam_toolbox/visualization_utils.hpp
[12.675s] -- Up-to-date: /home/yyj/my_ws/install/slam_toolbox/include/slam_toolbox/laser_utils.hpp
[12.675s] -- Up-to-date: /home/yyj/my_ws/install/slam_toolbox/include/slam_toolbox/merge_maps_kinematic.hpp
[12.676s] -- Up-to-date: /home/yyj/my_ws/install/slam_toolbox/include/slam_toolbox/snap_utils.hpp
[12.676s] -- Up-to-date: /home/yyj/my_ws/install/slam_toolbox/include/slam_toolbox/serialization.hpp
[12.676s] -- Up-to-date: /home/yyj/my_ws/install/slam_toolbox/include/slam_toolbox/slam_toolbox_common.hpp
[12.676s] -- Up-to-date: /home/yyj/my_ws/install/slam_toolbox/include/slam_toolbox/slam_toolbox_sync.hpp
[12.676s] -- Up-to-date: /home/yyj/my_ws/install/slam_toolbox/include/slam_toolbox/map_saver.hpp
[12.676s] -- Up-to-date: /home/yyj/my_ws/install/slam_toolbox/include/slam_toolbox/loop_closure_assistant.hpp
[12.676s] -- Up-to-date: /home/yyj/my_ws/install/slam_toolbox/include/slam_toolbox/toolbox_types.hpp
[12.677s] -- Up-to-date: /home/yyj/my_ws/install/slam_toolbox/include/slam_toolbox/get_pose_helper.hpp
[12.677s] -- Up-to-date: /home/yyj/my_ws/install/slam_toolbox/include/slam_toolbox/slam_mapper.hpp
[12.677s] -- Up-to-date: /home/yyj/my_ws/install/slam_toolbox/share/slam_toolbox/launch
[12.677s] -- Up-to-date: /home/yyj/my_ws/install/slam_toolbox/share/slam_toolbox/launch/offline_launch.py
[12.677s] -- Up-to-date: /home/yyj/my_ws/install/slam_toolbox/share/slam_toolbox/launch/online_async_launch.py
[12.678s] -- Up-to-date: /home/yyj/my_ws/install/slam_toolbox/share/slam_toolbox/launch/localization_launch.py
[12.678s] -- Up-to-date: /home/yyj/my_ws/install/slam_toolbox/share/slam_toolbox/launch/online_sync_launch.py
[12.678s] -- Up-to-date: /home/yyj/my_ws/install/slam_toolbox/share/slam_toolbox/launch/merge_maps_kinematic_launch.py
[12.678s] -- Up-to-date: /home/yyj/my_ws/install/slam_toolbox/share/slam_toolbox/config
[12.678s] -- Up-to-date: /home/yyj/my_ws/install/slam_toolbox/share/slam_toolbox/config/mapper_params_lifelong.yaml
[12.678s] -- Up-to-date: /home/yyj/my_ws/install/slam_toolbox/share/slam_toolbox/config/mapper_params_online_sync.yaml
[12.678s] -- Up-to-date: /home/yyj/my_ws/install/slam_toolbox/share/slam_toolbox/config/slam_toolbox_default.rviz
[12.678s] -- Up-to-date: /home/yyj/my_ws/install/slam_toolbox/share/slam_toolbox/config/mapper_params_offline.yaml
[12.679s] -- Up-to-date: /home/yyj/my_ws/install/slam_toolbox/share/slam_toolbox/config/mapper_params_localization.yaml
[12.679s] -- Up-to-date: /home/yyj/my_ws/install/slam_toolbox/share/slam_toolbox/config/mapper_params_online_async.yaml
[12.679s] -- Up-to-date: /home/yyj/my_ws/install/slam_toolbox/share/solver_plugins.xml
[12.679s] -- Up-to-date: /home/yyj/my_ws/install/slam_toolbox/share/rviz_plugins.xml
[12.679s] -- Up-to-date: /home/yyj/my_ws/install/slam_toolbox/share/ament_index/resource_index/package_run_dependencies/slam_toolbox
[12.679s] -- Up-to-date: /home/yyj/my_ws/install/slam_toolbox/share/ament_index/resource_index/parent_prefix_path/slam_toolbox
[12.679s] -- Up-to-date: /home/yyj/my_ws/install/slam_toolbox/share/slam_toolbox/environment/ament_prefix_path.sh
[12.680s] -- Up-to-date: /home/yyj/my_ws/install/slam_toolbox/share/slam_toolbox/environment/ament_prefix_path.dsv
[12.680s] -- Up-to-date: /home/yyj/my_ws/install/slam_toolbox/share/slam_toolbox/environment/path.sh
[12.680s] -- Up-to-date: /home/yyj/my_ws/install/slam_toolbox/share/slam_toolbox/environment/path.dsv
[12.680s] -- Up-to-date: /home/yyj/my_ws/install/slam_toolbox/share/slam_toolbox/local_setup.bash
[12.680s] -- Up-to-date: /home/yyj/my_ws/install/slam_toolbox/share/slam_toolbox/local_setup.sh
[12.680s] -- Up-to-date: /home/yyj/my_ws/install/slam_toolbox/share/slam_toolbox/local_setup.zsh
[12.681s] -- Up-to-date: /home/yyj/my_ws/install/slam_toolbox/share/slam_toolbox/local_setup.dsv
[12.681s] -- Installing: /home/yyj/my_ws/install/slam_toolbox/share/slam_toolbox/package.dsv
[12.681s] -- Up-to-date: /home/yyj/my_ws/install/slam_toolbox/share/ament_index/resource_index/packages/slam_toolbox
[12.681s] -- Up-to-date: /home/yyj/my_ws/install/slam_toolbox/share/ament_index/resource_index/rviz_common__pluginlib__plugin/slam_toolbox
[12.681s] -- Up-to-date: /home/yyj/my_ws/install/slam_toolbox/share/ament_index/resource_index/slam_toolbox__pluginlib__plugin/slam_toolbox
[12.682s] -- Up-to-date: /home/yyj/my_ws/install/slam_toolbox/share/slam_toolbox/cmake/export_slam_toolbox__rosidl_generator_cExport.cmake
[12.682s] -- Up-to-date: /home/yyj/my_ws/install/slam_toolbox/share/slam_toolbox/cmake/export_slam_toolbox__rosidl_generator_cExport-release.cmake
[12.682s] -- Up-to-date: /home/yyj/my_ws/install/slam_toolbox/share/slam_toolbox/cmake/export_slam_toolbox__rosidl_typesupport_fastrtps_cExport.cmake
[12.682s] -- Up-to-date: /home/yyj/my_ws/install/slam_toolbox/share/slam_toolbox/cmake/export_slam_toolbox__rosidl_typesupport_fastrtps_cExport-release.cmake
[12.682s] -- Up-to-date: /home/yyj/my_ws/install/slam_toolbox/share/slam_toolbox/cmake/export_slam_toolbox__rosidl_generator_cppExport.cmake
[12.683s] -- Up-to-date: /home/yyj/my_ws/install/slam_toolbox/share/slam_toolbox/cmake/export_slam_toolbox__rosidl_typesupport_fastrtps_cppExport.cmake
[12.683s] -- Up-to-date: /home/yyj/my_ws/install/slam_toolbox/share/slam_toolbox/cmake/export_slam_toolbox__rosidl_typesupport_fastrtps_cppExport-release.cmake
[12.684s] -- Up-to-date: /home/yyj/my_ws/install/slam_toolbox/share/slam_toolbox/cmake/slam_toolbox__rosidl_typesupport_introspection_cExport.cmake
[12.685s] -- Up-to-date: /home/yyj/my_ws/install/slam_toolbox/share/slam_toolbox/cmake/slam_toolbox__rosidl_typesupport_introspection_cExport-release.cmake
[12.685s] -- Up-to-date: /home/yyj/my_ws/install/slam_toolbox/share/slam_toolbox/cmake/slam_toolbox__rosidl_typesupport_cExport.cmake
[12.685s] -- Up-to-date: /home/yyj/my_ws/install/slam_toolbox/share/slam_toolbox/cmake/slam_toolbox__rosidl_typesupport_cExport-release.cmake
[12.686s] -- Up-to-date: /home/yyj/my_ws/install/slam_toolbox/share/slam_toolbox/cmake/slam_toolbox__rosidl_typesupport_introspection_cppExport.cmake
[12.686s] -- Up-to-date: /home/yyj/my_ws/install/slam_toolbox/share/slam_toolbox/cmake/slam_toolbox__rosidl_typesupport_introspection_cppExport-release.cmake
[12.687s] -- Up-to-date: /home/yyj/my_ws/install/slam_toolbox/share/slam_toolbox/cmake/slam_toolbox__rosidl_typesupport_cppExport.cmake
[12.687s] -- Up-to-date: /home/yyj/my_ws/install/slam_toolbox/share/slam_toolbox/cmake/slam_toolbox__rosidl_typesupport_cppExport-release.cmake
[12.687s] -- Up-to-date: /home/yyj/my_ws/install/slam_toolbox/share/slam_toolbox/cmake/export_slam_toolbox__rosidl_generator_pyExport.cmake
[12.687s] -- Up-to-date: /home/yyj/my_ws/install/slam_toolbox/share/slam_toolbox/cmake/export_slam_toolbox__rosidl_generator_pyExport-release.cmake
[12.688s] -- Up-to-date: /home/yyj/my_ws/install/slam_toolbox/share/slam_toolbox/cmake/SlamToolboxPluginExport.cmake
[12.688s] -- Up-to-date: /home/yyj/my_ws/install/slam_toolbox/share/slam_toolbox/cmake/SlamToolboxPluginExport-release.cmake
[12.688s] -- Up-to-date: /home/yyj/my_ws/install/slam_toolbox/share/ament_index/resource_index/rclcpp_components/slam_toolbox
[12.689s] -- Up-to-date: /home/yyj/my_ws/install/slam_toolbox/share/slam_toolbox/cmake/rosidl_cmake-extras.cmake
[12.689s] -- Up-to-date: /home/yyj/my_ws/install/slam_toolbox/share/slam_toolbox/cmake/ament_cmake_export_dependencies-extras.cmake
[12.690s] -- Up-to-date: /home/yyj/my_ws/install/slam_toolbox/share/slam_toolbox/cmake/ament_cmake_export_include_directories-extras.cmake
[12.690s] -- Up-to-date: /home/yyj/my_ws/install/slam_toolbox/share/slam_toolbox/cmake/ament_cmake_export_libraries-extras.cmake
[12.690s] -- Up-to-date: /home/yyj/my_ws/install/slam_toolbox/share/slam_toolbox/cmake/ament_cmake_export_targets-extras.cmake
[12.691s] -- Up-to-date: /home/yyj/my_ws/install/slam_toolbox/share/slam_toolbox/cmake/rosidl_cmake_export_typesupport_targets-extras.cmake
[12.691s] -- Up-to-date: /home/yyj/my_ws/install/slam_toolbox/share/slam_toolbox/cmake/rosidl_cmake_export_typesupport_libraries-extras.cmake
[12.691s] -- Up-to-date: /home/yyj/my_ws/install/slam_toolbox/share/slam_toolbox/cmake/slam_toolboxConfig.cmake
[12.691s] -- Up-to-date: /home/yyj/my_ws/install/slam_toolbox/share/slam_toolbox/cmake/slam_toolboxConfig-version.cmake
[12.692s] -- Up-to-date: /home/yyj/my_ws/install/slam_toolbox/share/slam_toolbox/package.xml
[12.692s] -- Up-to-date: /home/yyj/my_ws/install/slam_toolbox/include/
[12.692s] -- Up-to-date: /home/yyj/my_ws/install/slam_toolbox/include//karto_sdk
[12.692s] -- Up-to-date: /home/yyj/my_ws/install/slam_toolbox/include//karto_sdk/nanoflann_adaptors.h
[12.693s] -- Up-to-date: /home/yyj/my_ws/install/slam_toolbox/include//karto_sdk/Karto.h
[12.693s] -- Up-to-date: /home/yyj/my_ws/install/slam_toolbox/include//karto_sdk/Types.h
[12.693s] -- Up-to-date: /home/yyj/my_ws/install/slam_toolbox/include//karto_sdk/Math.h
[12.693s] -- Up-to-date: /home/yyj/my_ws/install/slam_toolbox/include//karto_sdk/Macros.h
[12.693s] -- Up-to-date: /home/yyj/my_ws/install/slam_toolbox/include//karto_sdk/Mapper.h
[12.694s] -- Up-to-date: /home/yyj/my_ws/install/slam_toolbox/include//karto_sdk/nanoflann.hpp
[12.699s] Invoked command in '/home/yyj/my_ws/build/slam_toolbox' returned '0': CMAKE_PREFIX_PATH=${CMAKE_PREFIX_PATH}:/home/yyj/my_ws/install/ros2_aruco:/home/yyj/my_ws/install/open_action_server:/home/yyj/my_ws/install/my_tf2_package:/home/yyj/my_ws/install/my_docking:/home/yyj/my_ws/install/my_aruco_to_goal_pose_pkg:/opt/ros/humble /usr/bin/cmake --install /home/yyj/my_ws/build/slam_toolbox
