[2.158s] Invoking command in '/home/yyj/my_ws/src/open_action_server': PYTHONPATH=/home/yyj/my_ws/build/open_action_server/prefix_override:/home/yyj/my_ws/install/open_action_server/lib/python3.10/site-packages:${PYTHONPATH} /usr/bin/python3 -W ignore:setup.py install is deprecated setup.py egg_info --egg-base ../../build/open_action_server build --build-base /home/yyj/my_ws/build/open_action_server/build install --record /home/yyj/my_ws/build/open_action_server/install.log --single-version-externally-managed install_data
[2.551s] running egg_info
[2.553s] writing ../../build/open_action_server/open_action_server.egg-info/PKG-INFO
[2.554s] writing dependency_links to ../../build/open_action_server/open_action_server.egg-info/dependency_links.txt
[2.554s] writing entry points to ../../build/open_action_server/open_action_server.egg-info/entry_points.txt
[2.554s] writing requirements to ../../build/open_action_server/open_action_server.egg-info/requires.txt
[2.554s] writing top-level names to ../../build/open_action_server/open_action_server.egg-info/top_level.txt
[2.559s] reading manifest file '../../build/open_action_server/open_action_server.egg-info/SOURCES.txt'
[2.559s] writing manifest file '../../build/open_action_server/open_action_server.egg-info/SOURCES.txt'
[2.560s] running build
[2.561s] running build_py
[2.561s] running install
[2.561s] running install_lib
[2.562s] running install_data
[2.562s] running install_egg_info
[2.563s] removing '/home/yyj/my_ws/install/open_action_server/lib/python3.10/site-packages/open_action_server-0.0.0-py3.10.egg-info' (and everything under it)
[2.563s] Copying ../../build/open_action_server/open_action_server.egg-info to /home/yyj/my_ws/install/open_action_server/lib/python3.10/site-packages/open_action_server-0.0.0-py3.10.egg-info
[2.563s] running install_scripts
[2.604s] Installing open_action_server script to /home/yyj/my_ws/install/open_action_server/lib/open_action_server
[2.604s] writing list of installed files to '/home/yyj/my_ws/build/open_action_server/install.log'
[2.650s] Invoked command in '/home/yyj/my_ws/src/open_action_server' returned '0': PYTHONPATH=/home/yyj/my_ws/build/open_action_server/prefix_override:/home/yyj/my_ws/install/open_action_server/lib/python3.10/site-packages:${PYTHONPATH} /usr/bin/python3 -W ignore:setup.py install is deprecated setup.py egg_info --egg-base ../../build/open_action_server build --build-base /home/yyj/my_ws/build/open_action_server/build install --record /home/yyj/my_ws/build/open_action_server/install.log --single-version-externally-managed install_data
