[0.169s] Invoking command in '/home/yyj/my_ws/build/realsense2_camera_msgs': CMAKE_PREFIX_PATH=${CMAKE_PREFIX_PATH}:/home/yyj/my_ws/install/ros2_aruco:/home/yyj/my_ws/install/open_action_server:/home/yyj/my_ws/install/my_tf2_package:/home/yyj/my_ws/install/my_docking:/home/yyj/my_ws/install/my_aruco_to_goal_pose_pkg:/opt/ros/humble /usr/bin/cmake --build /home/yyj/my_ws/build/realsense2_camera_msgs -- -j16 -l16
[2.537s] [  1%] Built target realsense2_camera_msgs__cpp
[2.538s] [ 12%] Built target realsense2_camera_msgs__rosidl_generator_c
[2.539s] [ 12%] Built target ament_cmake_python_copy_realsense2_camera_msgs
[2.540s] [ 23%] Built target realsense2_camera_msgs__rosidl_typesupport_cpp
[2.540s] [ 34%] Built target realsense2_camera_msgs__rosidl_typesupport_fastrtps_cpp
[2.541s] [ 46%] Built target realsense2_camera_msgs__rosidl_typesupport_introspection_cpp
[2.542s] [ 57%] Built target realsense2_camera_msgs__rosidl_typesupport_introspection_c
[2.543s] [ 68%] Built target realsense2_camera_msgs__rosidl_typesupport_fastrtps_c
[2.544s] [ 79%] Built target realsense2_camera_msgs__rosidl_typesupport_c
[2.545s] [ 79%] Built target realsense2_camera_msgs
[2.547s] [ 80%] Built target realsense2_camera_msgs__py
[2.548s] [ 90%] Built target realsense2_camera_msgs__rosidl_generator_py
[2.549s] [ 93%] Built target realsense2_camera_msgs__rosidl_typesupport_introspection_c__pyext
[2.552s] [ 96%] Built target realsense2_camera_msgs__rosidl_typesupport_c__pyext
[2.553s] [100%] Built target realsense2_camera_msgs__rosidl_typesupport_fastrtps_c__pyext
[2.554s] running egg_info
[2.556s] writing realsense2_camera_msgs.egg-info/PKG-INFO
[2.557s] writing dependency_links to realsense2_camera_msgs.egg-info/dependency_links.txt
[2.558s] writing top-level names to realsense2_camera_msgs.egg-info/top_level.txt
[2.558s] reading manifest file 'realsense2_camera_msgs.egg-info/SOURCES.txt'
[2.558s] writing manifest file 'realsense2_camera_msgs.egg-info/SOURCES.txt'
[2.561s] [100%] Built target ament_cmake_python_build_realsense2_camera_msgs_egg
[2.565s] Invoked command in '/home/yyj/my_ws/build/realsense2_camera_msgs' returned '0': CMAKE_PREFIX_PATH=${CMAKE_PREFIX_PATH}:/home/yyj/my_ws/install/ros2_aruco:/home/yyj/my_ws/install/open_action_server:/home/yyj/my_ws/install/my_tf2_package:/home/yyj/my_ws/install/my_docking:/home/yyj/my_ws/install/my_aruco_to_goal_pose_pkg:/opt/ros/humble /usr/bin/cmake --build /home/yyj/my_ws/build/realsense2_camera_msgs -- -j16 -l16
[3.854s] Invoking command in '/home/yyj/my_ws/build/realsense2_camera_msgs': CMAKE_PREFIX_PATH=${CMAKE_PREFIX_PATH}:/home/yyj/my_ws/install/ros2_aruco:/home/yyj/my_ws/install/open_action_server:/home/yyj/my_ws/install/my_tf2_package:/home/yyj/my_ws/install/my_docking:/home/yyj/my_ws/install/my_aruco_to_goal_pose_pkg:/opt/ros/humble /usr/bin/cmake --install /home/yyj/my_ws/build/realsense2_camera_msgs
[3.902s] -- Install configuration: ""
[3.902s] -- Up-to-date: /home/yyj/my_ws/install/realsense2_camera_msgs/share/ament_index/resource_index/rosidl_interfaces/realsense2_camera_msgs
[3.903s] -- Up-to-date: /home/yyj/my_ws/install/realsense2_camera_msgs/include/realsense2_camera_msgs/realsense2_camera_msgs
[3.903s] -- Up-to-date: /home/yyj/my_ws/install/realsense2_camera_msgs/include/realsense2_camera_msgs/realsense2_camera_msgs/srv
[3.903s] -- Up-to-date: /home/yyj/my_ws/install/realsense2_camera_msgs/include/realsense2_camera_msgs/realsense2_camera_msgs/srv/detail
[3.904s] -- Up-to-date: /home/yyj/my_ws/install/realsense2_camera_msgs/include/realsense2_camera_msgs/realsense2_camera_msgs/srv/detail/device_info__type_support.h
[3.905s] -- Up-to-date: /home/yyj/my_ws/install/realsense2_camera_msgs/include/realsense2_camera_msgs/realsense2_camera_msgs/srv/detail/device_info__functions.c
[3.905s] -- Up-to-date: /home/yyj/my_ws/install/realsense2_camera_msgs/include/realsense2_camera_msgs/realsense2_camera_msgs/srv/detail/device_info__functions.h
[3.905s] -- Up-to-date: /home/yyj/my_ws/install/realsense2_camera_msgs/include/realsense2_camera_msgs/realsense2_camera_msgs/srv/detail/device_info__struct.h
[3.907s] -- Up-to-date: /home/yyj/my_ws/install/realsense2_camera_msgs/include/realsense2_camera_msgs/realsense2_camera_msgs/srv/device_info.h
[3.907s] -- Up-to-date: /home/yyj/my_ws/install/realsense2_camera_msgs/include/realsense2_camera_msgs/realsense2_camera_msgs/msg
[3.908s] -- Up-to-date: /home/yyj/my_ws/install/realsense2_camera_msgs/include/realsense2_camera_msgs/realsense2_camera_msgs/msg/metadata.h
[3.909s] -- Up-to-date: /home/yyj/my_ws/install/realsense2_camera_msgs/include/realsense2_camera_msgs/realsense2_camera_msgs/msg/detail
[3.911s] -- Up-to-date: /home/yyj/my_ws/install/realsense2_camera_msgs/include/realsense2_camera_msgs/realsense2_camera_msgs/msg/detail/rgbd__struct.h
[3.912s] -- Up-to-date: /home/yyj/my_ws/install/realsense2_camera_msgs/include/realsense2_camera_msgs/realsense2_camera_msgs/msg/detail/imu_info__functions.c
[3.913s] -- Up-to-date: /home/yyj/my_ws/install/realsense2_camera_msgs/include/realsense2_camera_msgs/realsense2_camera_msgs/msg/detail/imu_info__functions.h
[3.913s] -- Up-to-date: /home/yyj/my_ws/install/realsense2_camera_msgs/include/realsense2_camera_msgs/realsense2_camera_msgs/msg/detail/rgbd__functions.c
[3.913s] -- Up-to-date: /home/yyj/my_ws/install/realsense2_camera_msgs/include/realsense2_camera_msgs/realsense2_camera_msgs/msg/detail/extrinsics__type_support.h
[3.914s] -- Up-to-date: /home/yyj/my_ws/install/realsense2_camera_msgs/include/realsense2_camera_msgs/realsense2_camera_msgs/msg/detail/extrinsics__functions.h
[3.914s] -- Up-to-date: /home/yyj/my_ws/install/realsense2_camera_msgs/include/realsense2_camera_msgs/realsense2_camera_msgs/msg/detail/metadata__functions.c
[3.914s] -- Up-to-date: /home/yyj/my_ws/install/realsense2_camera_msgs/include/realsense2_camera_msgs/realsense2_camera_msgs/msg/detail/metadata__type_support.h
[3.914s] -- Up-to-date: /home/yyj/my_ws/install/realsense2_camera_msgs/include/realsense2_camera_msgs/realsense2_camera_msgs/msg/detail/metadata__struct.h
[3.914s] -- Up-to-date: /home/yyj/my_ws/install/realsense2_camera_msgs/include/realsense2_camera_msgs/realsense2_camera_msgs/msg/detail/imu_info__struct.h
[3.915s] -- Up-to-date: /home/yyj/my_ws/install/realsense2_camera_msgs/include/realsense2_camera_msgs/realsense2_camera_msgs/msg/detail/extrinsics__struct.h
[3.915s] -- Up-to-date: /home/yyj/my_ws/install/realsense2_camera_msgs/include/realsense2_camera_msgs/realsense2_camera_msgs/msg/detail/imu_info__type_support.h
[3.915s] -- Up-to-date: /home/yyj/my_ws/install/realsense2_camera_msgs/include/realsense2_camera_msgs/realsense2_camera_msgs/msg/detail/rgbd__type_support.h
[3.915s] -- Up-to-date: /home/yyj/my_ws/install/realsense2_camera_msgs/include/realsense2_camera_msgs/realsense2_camera_msgs/msg/detail/metadata__functions.h
[3.916s] -- Up-to-date: /home/yyj/my_ws/install/realsense2_camera_msgs/include/realsense2_camera_msgs/realsense2_camera_msgs/msg/detail/extrinsics__functions.c
[3.916s] -- Up-to-date: /home/yyj/my_ws/install/realsense2_camera_msgs/include/realsense2_camera_msgs/realsense2_camera_msgs/msg/detail/rgbd__functions.h
[3.916s] -- Up-to-date: /home/yyj/my_ws/install/realsense2_camera_msgs/include/realsense2_camera_msgs/realsense2_camera_msgs/msg/imu_info.h
[3.917s] -- Up-to-date: /home/yyj/my_ws/install/realsense2_camera_msgs/include/realsense2_camera_msgs/realsense2_camera_msgs/msg/rgbd.h
[3.917s] -- Up-to-date: /home/yyj/my_ws/install/realsense2_camera_msgs/include/realsense2_camera_msgs/realsense2_camera_msgs/msg/rosidl_generator_c__visibility_control.h
[3.917s] -- Up-to-date: /home/yyj/my_ws/install/realsense2_camera_msgs/include/realsense2_camera_msgs/realsense2_camera_msgs/msg/extrinsics.h
[3.918s] -- Up-to-date: /home/yyj/my_ws/install/realsense2_camera_msgs/share/realsense2_camera_msgs/environment/library_path.sh
[3.918s] -- Up-to-date: /home/yyj/my_ws/install/realsense2_camera_msgs/share/realsense2_camera_msgs/environment/library_path.dsv
[3.919s] -- Up-to-date: /home/yyj/my_ws/install/realsense2_camera_msgs/lib/librealsense2_camera_msgs__rosidl_generator_c.so
[3.919s] -- Up-to-date: /home/yyj/my_ws/install/realsense2_camera_msgs/include/realsense2_camera_msgs/realsense2_camera_msgs
[3.920s] -- Up-to-date: /home/yyj/my_ws/install/realsense2_camera_msgs/include/realsense2_camera_msgs/realsense2_camera_msgs/srv
[3.920s] -- Up-to-date: /home/yyj/my_ws/install/realsense2_camera_msgs/include/realsense2_camera_msgs/realsense2_camera_msgs/srv/detail
[3.920s] -- Up-to-date: /home/yyj/my_ws/install/realsense2_camera_msgs/include/realsense2_camera_msgs/realsense2_camera_msgs/srv/detail/device_info__rosidl_typesupport_fastrtps_c.h
[3.921s] -- Up-to-date: /home/yyj/my_ws/install/realsense2_camera_msgs/include/realsense2_camera_msgs/realsense2_camera_msgs/msg
[3.921s] -- Up-to-date: /home/yyj/my_ws/install/realsense2_camera_msgs/include/realsense2_camera_msgs/realsense2_camera_msgs/msg/detail
[3.921s] -- Up-to-date: /home/yyj/my_ws/install/realsense2_camera_msgs/include/realsense2_camera_msgs/realsense2_camera_msgs/msg/detail/rgbd__rosidl_typesupport_fastrtps_c.h
[3.921s] -- Up-to-date: /home/yyj/my_ws/install/realsense2_camera_msgs/include/realsense2_camera_msgs/realsense2_camera_msgs/msg/detail/metadata__rosidl_typesupport_fastrtps_c.h
[3.922s] -- Up-to-date: /home/yyj/my_ws/install/realsense2_camera_msgs/include/realsense2_camera_msgs/realsense2_camera_msgs/msg/detail/extrinsics__rosidl_typesupport_fastrtps_c.h
[3.922s] -- Up-to-date: /home/yyj/my_ws/install/realsense2_camera_msgs/include/realsense2_camera_msgs/realsense2_camera_msgs/msg/detail/imu_info__rosidl_typesupport_fastrtps_c.h
[3.923s] -- Up-to-date: /home/yyj/my_ws/install/realsense2_camera_msgs/include/realsense2_camera_msgs/realsense2_camera_msgs/msg/rosidl_typesupport_fastrtps_c__visibility_control.h
[3.923s] -- Up-to-date: /home/yyj/my_ws/install/realsense2_camera_msgs/lib/librealsense2_camera_msgs__rosidl_typesupport_fastrtps_c.so
[3.923s] -- Up-to-date: /home/yyj/my_ws/install/realsense2_camera_msgs/include/realsense2_camera_msgs/realsense2_camera_msgs
[3.924s] -- Up-to-date: /home/yyj/my_ws/install/realsense2_camera_msgs/include/realsense2_camera_msgs/realsense2_camera_msgs/srv
[3.924s] -- Up-to-date: /home/yyj/my_ws/install/realsense2_camera_msgs/include/realsense2_camera_msgs/realsense2_camera_msgs/srv/detail
[3.924s] -- Up-to-date: /home/yyj/my_ws/install/realsense2_camera_msgs/include/realsense2_camera_msgs/realsense2_camera_msgs/srv/detail/device_info__type_support.c
[3.925s] -- Up-to-date: /home/yyj/my_ws/install/realsense2_camera_msgs/include/realsense2_camera_msgs/realsense2_camera_msgs/srv/detail/device_info__rosidl_typesupport_introspection_c.h
[3.925s] -- Up-to-date: /home/yyj/my_ws/install/realsense2_camera_msgs/include/realsense2_camera_msgs/realsense2_camera_msgs/msg
[3.925s] -- Up-to-date: /home/yyj/my_ws/install/realsense2_camera_msgs/include/realsense2_camera_msgs/realsense2_camera_msgs/msg/detail
[3.926s] -- Up-to-date: /home/yyj/my_ws/install/realsense2_camera_msgs/include/realsense2_camera_msgs/realsense2_camera_msgs/msg/detail/imu_info__rosidl_typesupport_introspection_c.h
[3.927s] -- Up-to-date: /home/yyj/my_ws/install/realsense2_camera_msgs/include/realsense2_camera_msgs/realsense2_camera_msgs/msg/detail/extrinsics__type_support.c
[3.929s] -- Up-to-date: /home/yyj/my_ws/install/realsense2_camera_msgs/include/realsense2_camera_msgs/realsense2_camera_msgs/msg/detail/extrinsics__rosidl_typesupport_introspection_c.h
[3.930s] -- Up-to-date: /home/yyj/my_ws/install/realsense2_camera_msgs/include/realsense2_camera_msgs/realsense2_camera_msgs/msg/detail/metadata__rosidl_typesupport_introspection_c.h
[3.931s] -- Up-to-date: /home/yyj/my_ws/install/realsense2_camera_msgs/include/realsense2_camera_msgs/realsense2_camera_msgs/msg/detail/rgbd__rosidl_typesupport_introspection_c.h
[3.931s] -- Up-to-date: /home/yyj/my_ws/install/realsense2_camera_msgs/include/realsense2_camera_msgs/realsense2_camera_msgs/msg/detail/imu_info__type_support.c
[3.932s] -- Up-to-date: /home/yyj/my_ws/install/realsense2_camera_msgs/include/realsense2_camera_msgs/realsense2_camera_msgs/msg/detail/rgbd__type_support.c
[3.932s] -- Up-to-date: /home/yyj/my_ws/install/realsense2_camera_msgs/include/realsense2_camera_msgs/realsense2_camera_msgs/msg/detail/metadata__type_support.c
[3.932s] -- Up-to-date: /home/yyj/my_ws/install/realsense2_camera_msgs/include/realsense2_camera_msgs/realsense2_camera_msgs/msg/rosidl_typesupport_introspection_c__visibility_control.h
[3.933s] -- Up-to-date: /home/yyj/my_ws/install/realsense2_camera_msgs/lib/librealsense2_camera_msgs__rosidl_typesupport_introspection_c.so
[3.933s] -- Up-to-date: /home/yyj/my_ws/install/realsense2_camera_msgs/lib/librealsense2_camera_msgs__rosidl_typesupport_c.so
[3.933s] -- Up-to-date: /home/yyj/my_ws/install/realsense2_camera_msgs/include/realsense2_camera_msgs/realsense2_camera_msgs
[3.933s] -- Up-to-date: /home/yyj/my_ws/install/realsense2_camera_msgs/include/realsense2_camera_msgs/realsense2_camera_msgs/srv
[3.934s] -- Up-to-date: /home/yyj/my_ws/install/realsense2_camera_msgs/include/realsense2_camera_msgs/realsense2_camera_msgs/srv/detail
[3.934s] -- Up-to-date: /home/yyj/my_ws/install/realsense2_camera_msgs/include/realsense2_camera_msgs/realsense2_camera_msgs/srv/detail/device_info__struct.hpp
[3.935s] -- Up-to-date: /home/yyj/my_ws/install/realsense2_camera_msgs/include/realsense2_camera_msgs/realsense2_camera_msgs/srv/detail/device_info__builder.hpp
[3.938s] -- Up-to-date: /home/yyj/my_ws/install/realsense2_camera_msgs/include/realsense2_camera_msgs/realsense2_camera_msgs/srv/detail/device_info__traits.hpp
[3.940s] -- Up-to-date: /home/yyj/my_ws/install/realsense2_camera_msgs/include/realsense2_camera_msgs/realsense2_camera_msgs/srv/device_info.hpp
[3.941s] -- Up-to-date: /home/yyj/my_ws/install/realsense2_camera_msgs/include/realsense2_camera_msgs/realsense2_camera_msgs/msg
[3.941s] -- Up-to-date: /home/yyj/my_ws/install/realsense2_camera_msgs/include/realsense2_camera_msgs/realsense2_camera_msgs/msg/metadata.hpp
[3.941s] -- Up-to-date: /home/yyj/my_ws/install/realsense2_camera_msgs/include/realsense2_camera_msgs/realsense2_camera_msgs/msg/detail
[3.941s] -- Up-to-date: /home/yyj/my_ws/install/realsense2_camera_msgs/include/realsense2_camera_msgs/realsense2_camera_msgs/msg/detail/rgbd__struct.hpp
[3.942s] -- Up-to-date: /home/yyj/my_ws/install/realsense2_camera_msgs/include/realsense2_camera_msgs/realsense2_camera_msgs/msg/detail/imu_info__builder.hpp
[3.943s] -- Up-to-date: /home/yyj/my_ws/install/realsense2_camera_msgs/include/realsense2_camera_msgs/realsense2_camera_msgs/msg/detail/metadata__traits.hpp
[3.943s] -- Up-to-date: /home/yyj/my_ws/install/realsense2_camera_msgs/include/realsense2_camera_msgs/realsense2_camera_msgs/msg/detail/imu_info__struct.hpp
[3.944s] -- Up-to-date: /home/yyj/my_ws/install/realsense2_camera_msgs/include/realsense2_camera_msgs/realsense2_camera_msgs/msg/detail/metadata__builder.hpp
[3.944s] -- Up-to-date: /home/yyj/my_ws/install/realsense2_camera_msgs/include/realsense2_camera_msgs/realsense2_camera_msgs/msg/detail/imu_info__traits.hpp
[3.945s] -- Up-to-date: /home/yyj/my_ws/install/realsense2_camera_msgs/include/realsense2_camera_msgs/realsense2_camera_msgs/msg/detail/extrinsics__struct.hpp
[3.945s] -- Up-to-date: /home/yyj/my_ws/install/realsense2_camera_msgs/include/realsense2_camera_msgs/realsense2_camera_msgs/msg/detail/rgbd__builder.hpp
[3.945s] -- Up-to-date: /home/yyj/my_ws/install/realsense2_camera_msgs/include/realsense2_camera_msgs/realsense2_camera_msgs/msg/detail/rgbd__traits.hpp
[3.945s] -- Up-to-date: /home/yyj/my_ws/install/realsense2_camera_msgs/include/realsense2_camera_msgs/realsense2_camera_msgs/msg/detail/extrinsics__traits.hpp
[3.946s] -- Up-to-date: /home/yyj/my_ws/install/realsense2_camera_msgs/include/realsense2_camera_msgs/realsense2_camera_msgs/msg/detail/metadata__struct.hpp
[3.946s] -- Up-to-date: /home/yyj/my_ws/install/realsense2_camera_msgs/include/realsense2_camera_msgs/realsense2_camera_msgs/msg/detail/extrinsics__builder.hpp
[3.946s] -- Up-to-date: /home/yyj/my_ws/install/realsense2_camera_msgs/include/realsense2_camera_msgs/realsense2_camera_msgs/msg/rgbd.hpp
[3.946s] -- Up-to-date: /home/yyj/my_ws/install/realsense2_camera_msgs/include/realsense2_camera_msgs/realsense2_camera_msgs/msg/extrinsics.hpp
[3.947s] -- Up-to-date: /home/yyj/my_ws/install/realsense2_camera_msgs/include/realsense2_camera_msgs/realsense2_camera_msgs/msg/imu_info.hpp
[3.947s] -- Up-to-date: /home/yyj/my_ws/install/realsense2_camera_msgs/include/realsense2_camera_msgs/realsense2_camera_msgs
[3.947s] -- Up-to-date: /home/yyj/my_ws/install/realsense2_camera_msgs/include/realsense2_camera_msgs/realsense2_camera_msgs/srv
[3.947s] -- Up-to-date: /home/yyj/my_ws/install/realsense2_camera_msgs/include/realsense2_camera_msgs/realsense2_camera_msgs/srv/detail
[3.948s] -- Up-to-date: /home/yyj/my_ws/install/realsense2_camera_msgs/include/realsense2_camera_msgs/realsense2_camera_msgs/srv/detail/dds_fastrtps
[3.948s] -- Up-to-date: /home/yyj/my_ws/install/realsense2_camera_msgs/include/realsense2_camera_msgs/realsense2_camera_msgs/srv/detail/device_info__rosidl_typesupport_fastrtps_cpp.hpp
[3.948s] -- Up-to-date: /home/yyj/my_ws/install/realsense2_camera_msgs/include/realsense2_camera_msgs/realsense2_camera_msgs/msg
[3.948s] -- Up-to-date: /home/yyj/my_ws/install/realsense2_camera_msgs/include/realsense2_camera_msgs/realsense2_camera_msgs/msg/detail
[3.948s] -- Up-to-date: /home/yyj/my_ws/install/realsense2_camera_msgs/include/realsense2_camera_msgs/realsense2_camera_msgs/msg/detail/dds_fastrtps
[3.949s] -- Up-to-date: /home/yyj/my_ws/install/realsense2_camera_msgs/include/realsense2_camera_msgs/realsense2_camera_msgs/msg/detail/metadata__rosidl_typesupport_fastrtps_cpp.hpp
[3.949s] -- Up-to-date: /home/yyj/my_ws/install/realsense2_camera_msgs/include/realsense2_camera_msgs/realsense2_camera_msgs/msg/detail/extrinsics__rosidl_typesupport_fastrtps_cpp.hpp
[3.950s] -- Up-to-date: /home/yyj/my_ws/install/realsense2_camera_msgs/include/realsense2_camera_msgs/realsense2_camera_msgs/msg/detail/imu_info__rosidl_typesupport_fastrtps_cpp.hpp
[3.950s] -- Up-to-date: /home/yyj/my_ws/install/realsense2_camera_msgs/include/realsense2_camera_msgs/realsense2_camera_msgs/msg/detail/rgbd__rosidl_typesupport_fastrtps_cpp.hpp
[3.950s] -- Up-to-date: /home/yyj/my_ws/install/realsense2_camera_msgs/include/realsense2_camera_msgs/realsense2_camera_msgs/msg/rosidl_typesupport_fastrtps_cpp__visibility_control.h
[3.951s] -- Up-to-date: /home/yyj/my_ws/install/realsense2_camera_msgs/lib/librealsense2_camera_msgs__rosidl_typesupport_fastrtps_cpp.so
[3.951s] -- Up-to-date: /home/yyj/my_ws/install/realsense2_camera_msgs/include/realsense2_camera_msgs/realsense2_camera_msgs
[3.951s] -- Up-to-date: /home/yyj/my_ws/install/realsense2_camera_msgs/include/realsense2_camera_msgs/realsense2_camera_msgs/srv
[3.952s] -- Up-to-date: /home/yyj/my_ws/install/realsense2_camera_msgs/include/realsense2_camera_msgs/realsense2_camera_msgs/srv/detail
[3.952s] -- Up-to-date: /home/yyj/my_ws/install/realsense2_camera_msgs/include/realsense2_camera_msgs/realsense2_camera_msgs/srv/detail/device_info__type_support.cpp
[3.954s] -- Up-to-date: /home/yyj/my_ws/install/realsense2_camera_msgs/include/realsense2_camera_msgs/realsense2_camera_msgs/srv/detail/device_info__rosidl_typesupport_introspection_cpp.hpp
[3.956s] -- Up-to-date: /home/yyj/my_ws/install/realsense2_camera_msgs/include/realsense2_camera_msgs/realsense2_camera_msgs/msg
[3.956s] -- Up-to-date: /home/yyj/my_ws/install/realsense2_camera_msgs/include/realsense2_camera_msgs/realsense2_camera_msgs/msg/detail
[3.956s] -- Up-to-date: /home/yyj/my_ws/install/realsense2_camera_msgs/include/realsense2_camera_msgs/realsense2_camera_msgs/msg/detail/metadata__type_support.cpp
[3.957s] -- Up-to-date: /home/yyj/my_ws/install/realsense2_camera_msgs/include/realsense2_camera_msgs/realsense2_camera_msgs/msg/detail/extrinsics__rosidl_typesupport_introspection_cpp.hpp
[3.957s] -- Up-to-date: /home/yyj/my_ws/install/realsense2_camera_msgs/include/realsense2_camera_msgs/realsense2_camera_msgs/msg/detail/rgbd__type_support.cpp
[3.957s] -- Up-to-date: /home/yyj/my_ws/install/realsense2_camera_msgs/include/realsense2_camera_msgs/realsense2_camera_msgs/msg/detail/rgbd__rosidl_typesupport_introspection_cpp.hpp
[3.958s] -- Up-to-date: /home/yyj/my_ws/install/realsense2_camera_msgs/include/realsense2_camera_msgs/realsense2_camera_msgs/msg/detail/metadata__rosidl_typesupport_introspection_cpp.hpp
[3.959s] -- Up-to-date: /home/yyj/my_ws/install/realsense2_camera_msgs/include/realsense2_camera_msgs/realsense2_camera_msgs/msg/detail/extrinsics__type_support.cpp
[3.960s] -- Up-to-date: /home/yyj/my_ws/install/realsense2_camera_msgs/include/realsense2_camera_msgs/realsense2_camera_msgs/msg/detail/imu_info__rosidl_typesupport_introspection_cpp.hpp
[3.960s] -- Up-to-date: /home/yyj/my_ws/install/realsense2_camera_msgs/include/realsense2_camera_msgs/realsense2_camera_msgs/msg/detail/imu_info__type_support.cpp
[3.962s] -- Up-to-date: /home/yyj/my_ws/install/realsense2_camera_msgs/lib/librealsense2_camera_msgs__rosidl_typesupport_introspection_cpp.so
[3.962s] -- Up-to-date: /home/yyj/my_ws/install/realsense2_camera_msgs/lib/librealsense2_camera_msgs__rosidl_typesupport_cpp.so
[3.963s] -- Up-to-date: /home/yyj/my_ws/install/realsense2_camera_msgs/share/realsense2_camera_msgs/environment/pythonpath.sh
[3.964s] -- Up-to-date: /home/yyj/my_ws/install/realsense2_camera_msgs/share/realsense2_camera_msgs/environment/pythonpath.dsv
[3.965s] -- Up-to-date: /home/yyj/my_ws/install/realsense2_camera_msgs/local/lib/python3.10/dist-packages/realsense2_camera_msgs-4.54.1-py3.10.egg-info
[3.965s] -- Installing: /home/yyj/my_ws/install/realsense2_camera_msgs/local/lib/python3.10/dist-packages/realsense2_camera_msgs-4.54.1-py3.10.egg-info/SOURCES.txt
[3.966s] -- Installing: /home/yyj/my_ws/install/realsense2_camera_msgs/local/lib/python3.10/dist-packages/realsense2_camera_msgs-4.54.1-py3.10.egg-info/top_level.txt
[3.967s] -- Installing: /home/yyj/my_ws/install/realsense2_camera_msgs/local/lib/python3.10/dist-packages/realsense2_camera_msgs-4.54.1-py3.10.egg-info/dependency_links.txt
[3.968s] -- Installing: /home/yyj/my_ws/install/realsense2_camera_msgs/local/lib/python3.10/dist-packages/realsense2_camera_msgs-4.54.1-py3.10.egg-info/PKG-INFO
[3.969s] -- Up-to-date: /home/yyj/my_ws/install/realsense2_camera_msgs/local/lib/python3.10/dist-packages/realsense2_camera_msgs
[3.969s] -- Up-to-date: /home/yyj/my_ws/install/realsense2_camera_msgs/local/lib/python3.10/dist-packages/realsense2_camera_msgs/_realsense2_camera_msgs_s.ep.rosidl_typesupport_fastrtps_c.c
[3.969s] -- Up-to-date: /home/yyj/my_ws/install/realsense2_camera_msgs/local/lib/python3.10/dist-packages/realsense2_camera_msgs/_realsense2_camera_msgs_s.ep.rosidl_typesupport_introspection_c.c
[3.970s] -- Up-to-date: /home/yyj/my_ws/install/realsense2_camera_msgs/local/lib/python3.10/dist-packages/realsense2_camera_msgs/_realsense2_camera_msgs_s.ep.rosidl_typesupport_c.c
[3.972s] -- Up-to-date: /home/yyj/my_ws/install/realsense2_camera_msgs/local/lib/python3.10/dist-packages/realsense2_camera_msgs/__init__.py
[3.972s] -- Up-to-date: /home/yyj/my_ws/install/realsense2_camera_msgs/local/lib/python3.10/dist-packages/realsense2_camera_msgs/realsense2_camera_msgs_s__rosidl_typesupport_c.cpython-310-x86_64-linux-gnu.so
[3.973s] -- Up-to-date: /home/yyj/my_ws/install/realsense2_camera_msgs/local/lib/python3.10/dist-packages/realsense2_camera_msgs/srv
[3.974s] -- Up-to-date: /home/yyj/my_ws/install/realsense2_camera_msgs/local/lib/python3.10/dist-packages/realsense2_camera_msgs/srv/_device_info.py
[3.974s] -- Up-to-date: /home/yyj/my_ws/install/realsense2_camera_msgs/local/lib/python3.10/dist-packages/realsense2_camera_msgs/srv/__init__.py
[3.974s] -- Up-to-date: /home/yyj/my_ws/install/realsense2_camera_msgs/local/lib/python3.10/dist-packages/realsense2_camera_msgs/srv/_device_info_s.c
[3.974s] -- Up-to-date: /home/yyj/my_ws/install/realsense2_camera_msgs/local/lib/python3.10/dist-packages/realsense2_camera_msgs/realsense2_camera_msgs_s__rosidl_typesupport_fastrtps_c.cpython-310-x86_64-linux-gnu.so
[3.975s] -- Up-to-date: /home/yyj/my_ws/install/realsense2_camera_msgs/local/lib/python3.10/dist-packages/realsense2_camera_msgs/realsense2_camera_msgs_s__rosidl_typesupport_introspection_c.cpython-310-x86_64-linux-gnu.so
[3.975s] -- Up-to-date: /home/yyj/my_ws/install/realsense2_camera_msgs/local/lib/python3.10/dist-packages/realsense2_camera_msgs/librealsense2_camera_msgs__rosidl_generator_py.so
[3.975s] -- Up-to-date: /home/yyj/my_ws/install/realsense2_camera_msgs/local/lib/python3.10/dist-packages/realsense2_camera_msgs/msg
[3.976s] -- Up-to-date: /home/yyj/my_ws/install/realsense2_camera_msgs/local/lib/python3.10/dist-packages/realsense2_camera_msgs/msg/_metadata_s.c
[3.976s] -- Up-to-date: /home/yyj/my_ws/install/realsense2_camera_msgs/local/lib/python3.10/dist-packages/realsense2_camera_msgs/msg/_extrinsics_s.c
[3.977s] -- Up-to-date: /home/yyj/my_ws/install/realsense2_camera_msgs/local/lib/python3.10/dist-packages/realsense2_camera_msgs/msg/_imu_info.py
[3.978s] -- Up-to-date: /home/yyj/my_ws/install/realsense2_camera_msgs/local/lib/python3.10/dist-packages/realsense2_camera_msgs/msg/_rgbd_s.c
[3.978s] -- Up-to-date: /home/yyj/my_ws/install/realsense2_camera_msgs/local/lib/python3.10/dist-packages/realsense2_camera_msgs/msg/_imu_info_s.c
[3.978s] -- Up-to-date: /home/yyj/my_ws/install/realsense2_camera_msgs/local/lib/python3.10/dist-packages/realsense2_camera_msgs/msg/__init__.py
[3.979s] -- Up-to-date: /home/yyj/my_ws/install/realsense2_camera_msgs/local/lib/python3.10/dist-packages/realsense2_camera_msgs/msg/_metadata.py
[3.979s] -- Up-to-date: /home/yyj/my_ws/install/realsense2_camera_msgs/local/lib/python3.10/dist-packages/realsense2_camera_msgs/msg/_rgbd.py
[3.979s] -- Up-to-date: /home/yyj/my_ws/install/realsense2_camera_msgs/local/lib/python3.10/dist-packages/realsense2_camera_msgs/msg/_extrinsics.py
[4.056s] Listing '/home/yyj/my_ws/install/realsense2_camera_msgs/local/lib/python3.10/dist-packages/realsense2_camera_msgs'...
[4.057s] Listing '/home/yyj/my_ws/install/realsense2_camera_msgs/local/lib/python3.10/dist-packages/realsense2_camera_msgs/msg'...
[4.057s] Listing '/home/yyj/my_ws/install/realsense2_camera_msgs/local/lib/python3.10/dist-packages/realsense2_camera_msgs/srv'...
[4.073s] -- Up-to-date: /home/yyj/my_ws/install/realsense2_camera_msgs/local/lib/python3.10/dist-packages/realsense2_camera_msgs/realsense2_camera_msgs_s__rosidl_typesupport_fastrtps_c.cpython-310-x86_64-linux-gnu.so
[4.075s] -- Up-to-date: /home/yyj/my_ws/install/realsense2_camera_msgs/local/lib/python3.10/dist-packages/realsense2_camera_msgs/realsense2_camera_msgs_s__rosidl_typesupport_introspection_c.cpython-310-x86_64-linux-gnu.so
[4.076s] -- Up-to-date: /home/yyj/my_ws/install/realsense2_camera_msgs/local/lib/python3.10/dist-packages/realsense2_camera_msgs/realsense2_camera_msgs_s__rosidl_typesupport_c.cpython-310-x86_64-linux-gnu.so
[4.078s] -- Up-to-date: /home/yyj/my_ws/install/realsense2_camera_msgs/lib/librealsense2_camera_msgs__rosidl_generator_py.so
[4.079s] -- Up-to-date: /home/yyj/my_ws/install/realsense2_camera_msgs/share/realsense2_camera_msgs/msg/IMUInfo.idl
[4.079s] -- Up-to-date: /home/yyj/my_ws/install/realsense2_camera_msgs/share/realsense2_camera_msgs/msg/Extrinsics.idl
[4.081s] -- Up-to-date: /home/yyj/my_ws/install/realsense2_camera_msgs/share/realsense2_camera_msgs/msg/Metadata.idl
[4.082s] -- Up-to-date: /home/yyj/my_ws/install/realsense2_camera_msgs/share/realsense2_camera_msgs/msg/RGBD.idl
[4.083s] -- Up-to-date: /home/yyj/my_ws/install/realsense2_camera_msgs/share/realsense2_camera_msgs/srv/DeviceInfo.idl
[4.084s] -- Up-to-date: /home/yyj/my_ws/install/realsense2_camera_msgs/share/realsense2_camera_msgs/msg/IMUInfo.msg
[4.084s] -- Up-to-date: /home/yyj/my_ws/install/realsense2_camera_msgs/share/realsense2_camera_msgs/msg/Extrinsics.msg
[4.085s] -- Up-to-date: /home/yyj/my_ws/install/realsense2_camera_msgs/share/realsense2_camera_msgs/msg/Metadata.msg
[4.085s] -- Up-to-date: /home/yyj/my_ws/install/realsense2_camera_msgs/share/realsense2_camera_msgs/msg/RGBD.msg
[4.085s] -- Up-to-date: /home/yyj/my_ws/install/realsense2_camera_msgs/share/realsense2_camera_msgs/srv/DeviceInfo.srv
[4.086s] -- Up-to-date: /home/yyj/my_ws/install/realsense2_camera_msgs/share/realsense2_camera_msgs/srv/DeviceInfo_Request.msg
[4.087s] -- Up-to-date: /home/yyj/my_ws/install/realsense2_camera_msgs/share/realsense2_camera_msgs/srv/DeviceInfo_Response.msg
[4.088s] -- Up-to-date: /home/yyj/my_ws/install/realsense2_camera_msgs/share/ament_index/resource_index/package_run_dependencies/realsense2_camera_msgs
[4.088s] -- Up-to-date: /home/yyj/my_ws/install/realsense2_camera_msgs/share/ament_index/resource_index/parent_prefix_path/realsense2_camera_msgs
[4.088s] -- Up-to-date: /home/yyj/my_ws/install/realsense2_camera_msgs/share/realsense2_camera_msgs/environment/ament_prefix_path.sh
[4.089s] -- Up-to-date: /home/yyj/my_ws/install/realsense2_camera_msgs/share/realsense2_camera_msgs/environment/ament_prefix_path.dsv
[4.089s] -- Up-to-date: /home/yyj/my_ws/install/realsense2_camera_msgs/share/realsense2_camera_msgs/environment/path.sh
[4.089s] -- Up-to-date: /home/yyj/my_ws/install/realsense2_camera_msgs/share/realsense2_camera_msgs/environment/path.dsv
[4.089s] -- Up-to-date: /home/yyj/my_ws/install/realsense2_camera_msgs/share/realsense2_camera_msgs/local_setup.bash
[4.090s] -- Up-to-date: /home/yyj/my_ws/install/realsense2_camera_msgs/share/realsense2_camera_msgs/local_setup.sh
[4.091s] -- Up-to-date: /home/yyj/my_ws/install/realsense2_camera_msgs/share/realsense2_camera_msgs/local_setup.zsh
[4.091s] -- Up-to-date: /home/yyj/my_ws/install/realsense2_camera_msgs/share/realsense2_camera_msgs/local_setup.dsv
[4.091s] -- Installing: /home/yyj/my_ws/install/realsense2_camera_msgs/share/realsense2_camera_msgs/package.dsv
[4.091s] -- Up-to-date: /home/yyj/my_ws/install/realsense2_camera_msgs/share/ament_index/resource_index/packages/realsense2_camera_msgs
[4.092s] -- Up-to-date: /home/yyj/my_ws/install/realsense2_camera_msgs/share/realsense2_camera_msgs/cmake/export_realsense2_camera_msgs__rosidl_generator_cExport.cmake
[4.092s] -- Up-to-date: /home/yyj/my_ws/install/realsense2_camera_msgs/share/realsense2_camera_msgs/cmake/export_realsense2_camera_msgs__rosidl_generator_cExport-noconfig.cmake
[4.092s] -- Up-to-date: /home/yyj/my_ws/install/realsense2_camera_msgs/share/realsense2_camera_msgs/cmake/export_realsense2_camera_msgs__rosidl_typesupport_fastrtps_cExport.cmake
[4.092s] -- Up-to-date: /home/yyj/my_ws/install/realsense2_camera_msgs/share/realsense2_camera_msgs/cmake/export_realsense2_camera_msgs__rosidl_typesupport_fastrtps_cExport-noconfig.cmake
[4.093s] -- Up-to-date: /home/yyj/my_ws/install/realsense2_camera_msgs/share/realsense2_camera_msgs/cmake/realsense2_camera_msgs__rosidl_typesupport_introspection_cExport.cmake
[4.093s] -- Up-to-date: /home/yyj/my_ws/install/realsense2_camera_msgs/share/realsense2_camera_msgs/cmake/realsense2_camera_msgs__rosidl_typesupport_introspection_cExport-noconfig.cmake
[4.096s] -- Up-to-date: /home/yyj/my_ws/install/realsense2_camera_msgs/share/realsense2_camera_msgs/cmake/realsense2_camera_msgs__rosidl_typesupport_cExport.cmake
[4.096s] -- Up-to-date: /home/yyj/my_ws/install/realsense2_camera_msgs/share/realsense2_camera_msgs/cmake/realsense2_camera_msgs__rosidl_typesupport_cExport-noconfig.cmake
[4.098s] -- Up-to-date: /home/yyj/my_ws/install/realsense2_camera_msgs/share/realsense2_camera_msgs/cmake/export_realsense2_camera_msgs__rosidl_generator_cppExport.cmake
[4.098s] -- Up-to-date: /home/yyj/my_ws/install/realsense2_camera_msgs/share/realsense2_camera_msgs/cmake/export_realsense2_camera_msgs__rosidl_typesupport_fastrtps_cppExport.cmake
[4.098s] -- Up-to-date: /home/yyj/my_ws/install/realsense2_camera_msgs/share/realsense2_camera_msgs/cmake/export_realsense2_camera_msgs__rosidl_typesupport_fastrtps_cppExport-noconfig.cmake
[4.099s] -- Up-to-date: /home/yyj/my_ws/install/realsense2_camera_msgs/share/realsense2_camera_msgs/cmake/realsense2_camera_msgs__rosidl_typesupport_introspection_cppExport.cmake
[4.099s] -- Up-to-date: /home/yyj/my_ws/install/realsense2_camera_msgs/share/realsense2_camera_msgs/cmake/realsense2_camera_msgs__rosidl_typesupport_introspection_cppExport-noconfig.cmake
[4.099s] -- Up-to-date: /home/yyj/my_ws/install/realsense2_camera_msgs/share/realsense2_camera_msgs/cmake/realsense2_camera_msgs__rosidl_typesupport_cppExport.cmake
[4.099s] -- Up-to-date: /home/yyj/my_ws/install/realsense2_camera_msgs/share/realsense2_camera_msgs/cmake/realsense2_camera_msgs__rosidl_typesupport_cppExport-noconfig.cmake
[4.101s] -- Up-to-date: /home/yyj/my_ws/install/realsense2_camera_msgs/share/realsense2_camera_msgs/cmake/export_realsense2_camera_msgs__rosidl_generator_pyExport.cmake
[4.101s] -- Up-to-date: /home/yyj/my_ws/install/realsense2_camera_msgs/share/realsense2_camera_msgs/cmake/export_realsense2_camera_msgs__rosidl_generator_pyExport-noconfig.cmake
[4.101s] -- Up-to-date: /home/yyj/my_ws/install/realsense2_camera_msgs/share/realsense2_camera_msgs/cmake/rosidl_cmake-extras.cmake
[4.101s] -- Up-to-date: /home/yyj/my_ws/install/realsense2_camera_msgs/share/realsense2_camera_msgs/cmake/ament_cmake_export_dependencies-extras.cmake
[4.101s] -- Up-to-date: /home/yyj/my_ws/install/realsense2_camera_msgs/share/realsense2_camera_msgs/cmake/ament_cmake_export_include_directories-extras.cmake
[4.102s] -- Up-to-date: /home/yyj/my_ws/install/realsense2_camera_msgs/share/realsense2_camera_msgs/cmake/ament_cmake_export_libraries-extras.cmake
[4.102s] -- Up-to-date: /home/yyj/my_ws/install/realsense2_camera_msgs/share/realsense2_camera_msgs/cmake/ament_cmake_export_targets-extras.cmake
[4.103s] -- Up-to-date: /home/yyj/my_ws/install/realsense2_camera_msgs/share/realsense2_camera_msgs/cmake/rosidl_cmake_export_typesupport_targets-extras.cmake
[4.103s] -- Up-to-date: /home/yyj/my_ws/install/realsense2_camera_msgs/share/realsense2_camera_msgs/cmake/rosidl_cmake_export_typesupport_libraries-extras.cmake
[4.103s] -- Up-to-date: /home/yyj/my_ws/install/realsense2_camera_msgs/share/realsense2_camera_msgs/cmake/realsense2_camera_msgsConfig.cmake
[4.104s] -- Up-to-date: /home/yyj/my_ws/install/realsense2_camera_msgs/share/realsense2_camera_msgs/cmake/realsense2_camera_msgsConfig-version.cmake
[4.104s] -- Up-to-date: /home/yyj/my_ws/install/realsense2_camera_msgs/share/realsense2_camera_msgs/package.xml
[4.138s] Invoked command in '/home/yyj/my_ws/build/realsense2_camera_msgs' returned '0': CMAKE_PREFIX_PATH=${CMAKE_PREFIX_PATH}:/home/yyj/my_ws/install/ros2_aruco:/home/yyj/my_ws/install/open_action_server:/home/yyj/my_ws/install/my_tf2_package:/home/yyj/my_ws/install/my_docking:/home/yyj/my_ws/install/my_aruco_to_goal_pose_pkg:/opt/ros/humble /usr/bin/cmake --install /home/yyj/my_ws/build/realsense2_camera_msgs
