[0.300s] Invoking command in '/home/yyj/my_ws/build/odrive_demo_description': CMAKE_PREFIX_PATH=${CMAKE_PREFIX_PATH}:/home/yyj/my_ws/install/ros2_aruco:/home/yyj/my_ws/install/open_action_server:/home/yyj/my_ws/install/my_tf2_package:/home/yyj/my_ws/install/my_docking:/home/yyj/my_ws/install/my_aruco_to_goal_pose_pkg:/opt/ros/humble /usr/bin/cmake --build /home/yyj/my_ws/build/odrive_demo_description -- -j16 -l16
[5.257s] Invoked command in '/home/yyj/my_ws/build/odrive_demo_description' returned '0': CMAKE_PREFIX_PATH=${CMAKE_PREFIX_PATH}:/home/yyj/my_ws/install/ros2_aruco:/home/yyj/my_ws/install/open_action_server:/home/yyj/my_ws/install/my_tf2_package:/home/yyj/my_ws/install/my_docking:/home/yyj/my_ws/install/my_aruco_to_goal_pose_pkg:/opt/ros/humble /usr/bin/cmake --build /home/yyj/my_ws/build/odrive_demo_description -- -j16 -l16
[5.464s] Invoking command in '/home/yyj/my_ws/build/odrive_demo_description': CMAKE_PREFIX_PATH=${CMAKE_PREFIX_PATH}:/home/yyj/my_ws/install/ros2_aruco:/home/yyj/my_ws/install/open_action_server:/home/yyj/my_ws/install/my_tf2_package:/home/yyj/my_ws/install/my_docking:/home/yyj/my_ws/install/my_aruco_to_goal_pose_pkg:/opt/ros/humble /usr/bin/cmake --install /home/yyj/my_ws/build/odrive_demo_description
[5.513s] -- Install configuration: ""
[5.515s] -- Up-to-date: /home/yyj/my_ws/install/odrive_demo_description/share/odrive_demo_description/urdf
[5.515s] -- Up-to-date: /home/yyj/my_ws/install/odrive_demo_description/share/odrive_demo_description/urdf/odrive.ros2_control.xacro
[5.516s] -- Up-to-date: /home/yyj/my_ws/install/odrive_demo_description/share/odrive_demo_description/urdf/odrive_diffbot.urdf.xacro
[5.516s] -- Up-to-date: /home/yyj/my_ws/install/odrive_demo_description/share/odrive_demo_description/urdf/odrive.urdf.xacro
[5.517s] -- Up-to-date: /home/yyj/my_ws/install/odrive_demo_description/share/ament_index/resource_index/package_run_dependencies/odrive_demo_description
[5.517s] -- Up-to-date: /home/yyj/my_ws/install/odrive_demo_description/share/ament_index/resource_index/parent_prefix_path/odrive_demo_description
[5.518s] -- Up-to-date: /home/yyj/my_ws/install/odrive_demo_description/share/odrive_demo_description/environment/ament_prefix_path.sh
[5.518s] -- Up-to-date: /home/yyj/my_ws/install/odrive_demo_description/share/odrive_demo_description/environment/ament_prefix_path.dsv
[5.519s] -- Up-to-date: /home/yyj/my_ws/install/odrive_demo_description/share/odrive_demo_description/environment/path.sh
[5.519s] -- Up-to-date: /home/yyj/my_ws/install/odrive_demo_description/share/odrive_demo_description/environment/path.dsv
[5.519s] -- Up-to-date: /home/yyj/my_ws/install/odrive_demo_description/share/odrive_demo_description/local_setup.bash
[5.519s] -- Up-to-date: /home/yyj/my_ws/install/odrive_demo_description/share/odrive_demo_description/local_setup.sh
[5.519s] -- Up-to-date: /home/yyj/my_ws/install/odrive_demo_description/share/odrive_demo_description/local_setup.zsh
[5.528s] -- Up-to-date: /home/yyj/my_ws/install/odrive_demo_description/share/odrive_demo_description/local_setup.dsv
[5.529s] -- Installing: /home/yyj/my_ws/install/odrive_demo_description/share/odrive_demo_description/package.dsv
[5.530s] -- Up-to-date: /home/yyj/my_ws/install/odrive_demo_description/share/ament_index/resource_index/packages/odrive_demo_description
[5.530s] -- Up-to-date: /home/yyj/my_ws/install/odrive_demo_description/share/odrive_demo_description/cmake/odrive_demo_descriptionConfig.cmake
[5.531s] -- Up-to-date: /home/yyj/my_ws/install/odrive_demo_description/share/odrive_demo_description/cmake/odrive_demo_descriptionConfig-version.cmake
[5.531s] -- Up-to-date: /home/yyj/my_ws/install/odrive_demo_description/share/odrive_demo_description/package.xml
[5.539s] Invoked command in '/home/yyj/my_ws/build/odrive_demo_description' returned '0': CMAKE_PREFIX_PATH=${CMAKE_PREFIX_PATH}:/home/yyj/my_ws/install/ros2_aruco:/home/yyj/my_ws/install/open_action_server:/home/yyj/my_ws/install/my_tf2_package:/home/yyj/my_ws/install/my_docking:/home/yyj/my_ws/install/my_aruco_to_goal_pose_pkg:/opt/ros/humble /usr/bin/cmake --install /home/yyj/my_ws/build/odrive_demo_description
