[8.272s] Invoking command in '/home/yyj/my_ws/src/my_tf2_package': PYTHONPATH=/home/yyj/my_ws/build/my_tf2_package/prefix_override:/home/yyj/my_ws/install/my_tf2_package/lib/python3.10/site-packages:${PYTHONPATH} /usr/bin/python3 -W ignore:setup.py install is deprecated setup.py egg_info --egg-base ../../build/my_tf2_package build --build-base /home/yyj/my_ws/build/my_tf2_package/build install --record /home/yyj/my_ws/build/my_tf2_package/install.log --single-version-externally-managed install_data
[9.786s] running egg_info
[9.786s] writing ../../build/my_tf2_package/my_tf2_package.egg-info/PKG-INFO
[9.786s] writing dependency_links to ../../build/my_tf2_package/my_tf2_package.egg-info/dependency_links.txt
[9.787s] writing entry points to ../../build/my_tf2_package/my_tf2_package.egg-info/entry_points.txt
[9.787s] writing requirements to ../../build/my_tf2_package/my_tf2_package.egg-info/requires.txt
[9.788s] writing top-level names to ../../build/my_tf2_package/my_tf2_package.egg-info/top_level.txt
[9.788s] reading manifest file '../../build/my_tf2_package/my_tf2_package.egg-info/SOURCES.txt'
[9.789s] adding license file 'LICENSE'
[9.790s] writing manifest file '../../build/my_tf2_package/my_tf2_package.egg-info/SOURCES.txt'
[9.791s] running build
[9.791s] running build_py
[9.792s] copying my_tf2_package/my_static_cart_tf2_broadcaster.py -> /home/yyj/my_ws/build/my_tf2_package/build/lib/my_tf2_package
[9.792s] running install
[9.793s] running install_lib
[9.793s] copying /home/yyj/my_ws/build/my_tf2_package/build/lib/my_tf2_package/my_static_cart_tf2_broadcaster.py -> /home/yyj/my_ws/install/my_tf2_package/lib/python3.10/site-packages/my_tf2_package
[9.793s] byte-compiling /home/yyj/my_ws/install/my_tf2_package/lib/python3.10/site-packages/my_tf2_package/my_static_cart_tf2_broadcaster.py to my_static_cart_tf2_broadcaster.cpython-310.pyc
[9.796s] running install_data
[9.797s] running install_egg_info
[9.812s] removing '/home/yyj/my_ws/install/my_tf2_package/lib/python3.10/site-packages/my_tf2_package-0.0.0-py3.10.egg-info' (and everything under it)
[9.813s] Copying ../../build/my_tf2_package/my_tf2_package.egg-info to /home/yyj/my_ws/install/my_tf2_package/lib/python3.10/site-packages/my_tf2_package-0.0.0-py3.10.egg-info
[9.814s] running install_scripts
[9.924s] Installing my_static_cart_tf2_broadcaster script to /home/yyj/my_ws/install/my_tf2_package/lib/my_tf2_package
[9.924s] writing list of installed files to '/home/yyj/my_ws/build/my_tf2_package/install.log'
[10.053s] Invoked command in '/home/yyj/my_ws/src/my_tf2_package' returned '0': PYTHONPATH=/home/yyj/my_ws/build/my_tf2_package/prefix_override:/home/yyj/my_ws/install/my_tf2_package/lib/python3.10/site-packages:${PYTHONPATH} /usr/bin/python3 -W ignore:setup.py install is deprecated setup.py egg_info --egg-base ../../build/my_tf2_package build --build-base /home/yyj/my_ws/build/my_tf2_package/build install --record /home/yyj/my_ws/build/my_tf2_package/install.log --single-version-externally-managed install_data
