[0.076s] Invoking command in '/home/yyj/my_ws/build/realsense2_camera': CMAKE_PREFIX_PATH=/home/yyj/my_ws/install/realsense2_camera_msgs:/home/yyj/my_ws/install/ydlidar_ros2_driver:/home/yyj/my_ws/install/usb_cam:/home/yyj/my_ws/install/teleop_twist_joy:/home/yyj/my_ws/install/slam_toolbox:/home/yyj/my_ws/install/ros2_aruco_interfaces:/home/yyj/my_ws/install/realsense2_description:/home/yyj/my_ws/install/realsense2_camera:/home/yyj/my_ws/install/odrive_ros2_control:/home/yyj/my_ws/install/odrive_hardware_interface:/home/yyj/my_ws/install/odrive_demo_bringup:/home/yyj/my_ws/install/odrive_demo_description:/home/yyj/my_ws/install/my_bot_description:/home/yyj/my_ws/install/cart_park_autonomy:/home/yyj/my_ws/install/action_tutorials_cpp:/home/yyj/my_ws/install/my_action_interface:/home/yyj/my_ws/install/ros2_aruco:/home/yyj/my_ws/install/open_action_server:/home/yyj/my_ws/install/my_tf2_package:/home/yyj/my_ws/install/my_docking:/home/yyj/my_ws/install/my_aruco_to_goal_pose_pkg:/opt/ros/humble LD_LIBRARY_PATH=/home/yyj/my_ws/install/realsense2_camera_msgs/lib:/usr/local/lib/:/home/yyj/my_ws/install/usb_cam/lib:/home/yyj/my_ws/install/teleop_twist_joy/lib:/home/yyj/my_ws/install/slam_toolbox/lib:/home/yyj/my_ws/install/ros2_aruco_interfaces/lib:/home/yyj/my_ws/install/realsense2_camera/lib:/home/yyj/my_ws/install/odrive_hardware_interface/lib:/home/yyj/my_ws/install/action_tutorials_cpp/lib:/home/yyj/my_ws/install/my_action_interface/lib:/usr/lib/x86_64-linux-gnu/gazebo-11/plugins:/opt/ros/humble/opt/rviz_ogre_vendor/lib:/opt/ros/humble/lib/x86_64-linux-gnu:/opt/ros/humble/lib /usr/bin/cmake --build /home/yyj/my_ws/build/realsense2_camera -- -j16 -l16
[0.309s] [  9%] Built target gtest_main
[0.330s] [ 18%] Built target realsense2_camera_node
[0.339s] [ 27%] Built target gtest
[0.379s] [ 90%] Built target realsense2_camera
[0.428s] [100%] Built target gtest_template
[0.592s] Invoked command in '/home/yyj/my_ws/build/realsense2_camera' returned '0': CMAKE_PREFIX_PATH=/home/yyj/my_ws/install/realsense2_camera_msgs:/home/yyj/my_ws/install/ydlidar_ros2_driver:/home/yyj/my_ws/install/usb_cam:/home/yyj/my_ws/install/teleop_twist_joy:/home/yyj/my_ws/install/slam_toolbox:/home/yyj/my_ws/install/ros2_aruco_interfaces:/home/yyj/my_ws/install/realsense2_description:/home/yyj/my_ws/install/realsense2_camera:/home/yyj/my_ws/install/odrive_ros2_control:/home/yyj/my_ws/install/odrive_hardware_interface:/home/yyj/my_ws/install/odrive_demo_bringup:/home/yyj/my_ws/install/odrive_demo_description:/home/yyj/my_ws/install/my_bot_description:/home/yyj/my_ws/install/cart_park_autonomy:/home/yyj/my_ws/install/action_tutorials_cpp:/home/yyj/my_ws/install/my_action_interface:/home/yyj/my_ws/install/ros2_aruco:/home/yyj/my_ws/install/open_action_server:/home/yyj/my_ws/install/my_tf2_package:/home/yyj/my_ws/install/my_docking:/home/yyj/my_ws/install/my_aruco_to_goal_pose_pkg:/opt/ros/humble LD_LIBRARY_PATH=/home/yyj/my_ws/install/realsense2_camera_msgs/lib:/usr/local/lib/:/home/yyj/my_ws/install/usb_cam/lib:/home/yyj/my_ws/install/teleop_twist_joy/lib:/home/yyj/my_ws/install/slam_toolbox/lib:/home/yyj/my_ws/install/ros2_aruco_interfaces/lib:/home/yyj/my_ws/install/realsense2_camera/lib:/home/yyj/my_ws/install/odrive_hardware_interface/lib:/home/yyj/my_ws/install/action_tutorials_cpp/lib:/home/yyj/my_ws/install/my_action_interface/lib:/usr/lib/x86_64-linux-gnu/gazebo-11/plugins:/opt/ros/humble/opt/rviz_ogre_vendor/lib:/opt/ros/humble/lib/x86_64-linux-gnu:/opt/ros/humble/lib /usr/bin/cmake --build /home/yyj/my_ws/build/realsense2_camera -- -j16 -l16
[0.790s] Invoking command in '/home/yyj/my_ws/build/realsense2_camera': CMAKE_PREFIX_PATH=/home/yyj/my_ws/install/realsense2_camera_msgs:/home/yyj/my_ws/install/ydlidar_ros2_driver:/home/yyj/my_ws/install/usb_cam:/home/yyj/my_ws/install/teleop_twist_joy:/home/yyj/my_ws/install/slam_toolbox:/home/yyj/my_ws/install/ros2_aruco_interfaces:/home/yyj/my_ws/install/realsense2_description:/home/yyj/my_ws/install/realsense2_camera:/home/yyj/my_ws/install/odrive_ros2_control:/home/yyj/my_ws/install/odrive_hardware_interface:/home/yyj/my_ws/install/odrive_demo_bringup:/home/yyj/my_ws/install/odrive_demo_description:/home/yyj/my_ws/install/my_bot_description:/home/yyj/my_ws/install/cart_park_autonomy:/home/yyj/my_ws/install/action_tutorials_cpp:/home/yyj/my_ws/install/my_action_interface:/home/yyj/my_ws/install/ros2_aruco:/home/yyj/my_ws/install/open_action_server:/home/yyj/my_ws/install/my_tf2_package:/home/yyj/my_ws/install/my_docking:/home/yyj/my_ws/install/my_aruco_to_goal_pose_pkg:/opt/ros/humble LD_LIBRARY_PATH=/home/yyj/my_ws/install/realsense2_camera_msgs/lib:/usr/local/lib/:/home/yyj/my_ws/install/usb_cam/lib:/home/yyj/my_ws/install/teleop_twist_joy/lib:/home/yyj/my_ws/install/slam_toolbox/lib:/home/yyj/my_ws/install/ros2_aruco_interfaces/lib:/home/yyj/my_ws/install/realsense2_camera/lib:/home/yyj/my_ws/install/odrive_hardware_interface/lib:/home/yyj/my_ws/install/action_tutorials_cpp/lib:/home/yyj/my_ws/install/my_action_interface/lib:/usr/lib/x86_64-linux-gnu/gazebo-11/plugins:/opt/ros/humble/opt/rviz_ogre_vendor/lib:/opt/ros/humble/lib/x86_64-linux-gnu:/opt/ros/humble/lib /usr/bin/cmake --install /home/yyj/my_ws/build/realsense2_camera
[0.813s] -- Install configuration: "Release"
[0.814s] -- Up-to-date: /home/yyj/my_ws/install/realsense2_camera/lib/realsense2_camera/realsense2_camera_node
[0.816s] -- Up-to-date: /home/yyj/my_ws/install/realsense2_camera/lib/librealsense2_camera.so
[0.817s] -- Up-to-date: /home/yyj/my_ws/install/realsense2_camera/include
[0.818s] -- Up-to-date: /home/yyj/my_ws/install/realsense2_camera/include/ros_utils.h
[0.818s] -- Up-to-date: /home/yyj/my_ws/install/realsense2_camera/include/ros_sensor.h
[0.818s] -- Up-to-date: /home/yyj/my_ws/install/realsense2_camera/include/constants.h
[0.819s] -- Up-to-date: /home/yyj/my_ws/install/realsense2_camera/include/gl_window.h
[0.820s] -- Up-to-date: /home/yyj/my_ws/install/realsense2_camera/include/base_realsense_node.h
[0.820s] -- Up-to-date: /home/yyj/my_ws/install/realsense2_camera/include/named_filter.h
[0.820s] -- Up-to-date: /home/yyj/my_ws/install/realsense2_camera/include/realsense_node_factory.h
[0.821s] -- Up-to-date: /home/yyj/my_ws/install/realsense2_camera/include/image_publisher.h
[0.821s] -- Up-to-date: /home/yyj/my_ws/install/realsense2_camera/include/sensor_params.h
[0.821s] -- Up-to-date: /home/yyj/my_ws/install/realsense2_camera/include/profile_manager.h
[0.822s] -- Up-to-date: /home/yyj/my_ws/install/realsense2_camera/include/dynamic_params.h
[0.822s] -- Up-to-date: /home/yyj/my_ws/install/realsense2_camera/include/ros_param_backend.h
[0.822s] -- Up-to-date: /home/yyj/my_ws/install/realsense2_camera/share/realsense2_camera/launch
[0.823s] -- Up-to-date: /home/yyj/my_ws/install/realsense2_camera/share/realsense2_camera/launch/rs_multi_camera_launch.py
[0.823s] -- Up-to-date: /home/yyj/my_ws/install/realsense2_camera/share/realsense2_camera/launch/rs_intra_process_demo_launch.py
[0.823s] -- Up-to-date: /home/yyj/my_ws/install/realsense2_camera/share/realsense2_camera/launch/rs_launch.py
[0.823s] -- Up-to-date: /home/yyj/my_ws/install/realsense2_camera/share/realsense2_camera/launch/default.rviz
[0.824s] -- Up-to-date: /home/yyj/my_ws/install/realsense2_camera/share/realsense2_camera/examples
[0.824s] -- Up-to-date: /home/yyj/my_ws/install/realsense2_camera/share/realsense2_camera/examples/align_depth
[0.824s] -- Up-to-date: /home/yyj/my_ws/install/realsense2_camera/share/realsense2_camera/examples/align_depth/README.md
[0.824s] -- Up-to-date: /home/yyj/my_ws/install/realsense2_camera/share/realsense2_camera/examples/align_depth/rs_align_depth_launch.py
[0.824s] -- Up-to-date: /home/yyj/my_ws/install/realsense2_camera/share/realsense2_camera/examples/launch_params_from_file
[0.825s] -- Up-to-date: /home/yyj/my_ws/install/realsense2_camera/share/realsense2_camera/examples/launch_params_from_file/README.md
[0.826s] -- Up-to-date: /home/yyj/my_ws/install/realsense2_camera/share/realsense2_camera/examples/launch_params_from_file/rs_launch_get_params_from_yaml.py
[0.829s] -- Up-to-date: /home/yyj/my_ws/install/realsense2_camera/share/realsense2_camera/examples/launch_params_from_file/config
[0.831s] -- Up-to-date: /home/yyj/my_ws/install/realsense2_camera/share/realsense2_camera/examples/launch_params_from_file/config/config.yaml
[0.832s] -- Up-to-date: /home/yyj/my_ws/install/realsense2_camera/share/realsense2_camera/examples/pointcloud
[0.832s] -- Up-to-date: /home/yyj/my_ws/install/realsense2_camera/share/realsense2_camera/examples/pointcloud/rs_pointcloud_launch.py
[0.834s] -- Up-to-date: /home/yyj/my_ws/install/realsense2_camera/share/realsense2_camera/examples/pointcloud/rs_d405_pointcloud_launch.py
[0.835s] -- Up-to-date: /home/yyj/my_ws/install/realsense2_camera/share/realsense2_camera/examples/pointcloud/README.md
[0.836s] -- Up-to-date: /home/yyj/my_ws/install/realsense2_camera/share/realsense2_camera/examples/pointcloud/rviz
[0.836s] -- Up-to-date: /home/yyj/my_ws/install/realsense2_camera/share/realsense2_camera/examples/pointcloud/rviz/urdf_pointcloud.rviz
[0.837s] -- Up-to-date: /home/yyj/my_ws/install/realsense2_camera/share/realsense2_camera/examples/pointcloud/rviz/pointcloud.rviz
[0.837s] -- Up-to-date: /home/yyj/my_ws/install/realsense2_camera/share/realsense2_camera/examples/pointcloud/rs_d455_pointcloud_launch.py
[0.838s] -- Up-to-date: /home/yyj/my_ws/install/realsense2_camera/share/realsense2_camera/examples/launch_from_rosbag
[0.838s] -- Up-to-date: /home/yyj/my_ws/install/realsense2_camera/share/realsense2_camera/examples/launch_from_rosbag/rs_launch_from_rosbag.py
[0.839s] -- Up-to-date: /home/yyj/my_ws/install/realsense2_camera/share/realsense2_camera/examples/launch_from_rosbag/README.md
[0.839s] -- Up-to-date: /home/yyj/my_ws/install/realsense2_camera/share/realsense2_camera/examples/dual_camera
[0.840s] -- Up-to-date: /home/yyj/my_ws/install/realsense2_camera/share/realsense2_camera/examples/dual_camera/README.md
[0.840s] -- Up-to-date: /home/yyj/my_ws/install/realsense2_camera/share/realsense2_camera/examples/dual_camera/rviz
[0.840s] -- Up-to-date: /home/yyj/my_ws/install/realsense2_camera/share/realsense2_camera/examples/dual_camera/rviz/dual_camera_pointcloud.rviz
[0.841s] -- Up-to-date: /home/yyj/my_ws/install/realsense2_camera/share/realsense2_camera/examples/dual_camera/rs_dual_camera_launch.py
[0.841s] -- Up-to-date: /home/yyj/my_ws/install/realsense2_camera/share/realsense2_camera/environment/library_path.sh
[0.842s] -- Up-to-date: /home/yyj/my_ws/install/realsense2_camera/share/realsense2_camera/environment/library_path.dsv
[0.842s] -- Up-to-date: /home/yyj/my_ws/install/realsense2_camera/share/ament_index/resource_index/package_run_dependencies/realsense2_camera
[0.843s] -- Up-to-date: /home/yyj/my_ws/install/realsense2_camera/share/ament_index/resource_index/parent_prefix_path/realsense2_camera
[0.844s] -- Up-to-date: /home/yyj/my_ws/install/realsense2_camera/share/realsense2_camera/environment/ament_prefix_path.sh
[0.845s] -- Up-to-date: /home/yyj/my_ws/install/realsense2_camera/share/realsense2_camera/environment/ament_prefix_path.dsv
[0.845s] -- Up-to-date: /home/yyj/my_ws/install/realsense2_camera/share/realsense2_camera/environment/path.sh
[0.846s] -- Up-to-date: /home/yyj/my_ws/install/realsense2_camera/share/realsense2_camera/environment/path.dsv
[0.847s] -- Up-to-date: /home/yyj/my_ws/install/realsense2_camera/share/realsense2_camera/local_setup.bash
[0.847s] -- Up-to-date: /home/yyj/my_ws/install/realsense2_camera/share/realsense2_camera/local_setup.sh
[0.848s] -- Up-to-date: /home/yyj/my_ws/install/realsense2_camera/share/realsense2_camera/local_setup.zsh
[0.848s] -- Up-to-date: /home/yyj/my_ws/install/realsense2_camera/share/realsense2_camera/local_setup.dsv
[0.849s] -- Installing: /home/yyj/my_ws/install/realsense2_camera/share/realsense2_camera/package.dsv
[0.849s] -- Up-to-date: /home/yyj/my_ws/install/realsense2_camera/share/ament_index/resource_index/packages/realsense2_camera
[0.849s] -- Up-to-date: /home/yyj/my_ws/install/realsense2_camera/share/ament_index/resource_index/rclcpp_components/realsense2_camera
[0.850s] -- Up-to-date: /home/yyj/my_ws/install/realsense2_camera/share/realsense2_camera/cmake/ament_cmake_export_include_directories-extras.cmake
[0.851s] -- Up-to-date: /home/yyj/my_ws/install/realsense2_camera/share/realsense2_camera/cmake/ament_cmake_export_libraries-extras.cmake
[0.851s] -- Up-to-date: /home/yyj/my_ws/install/realsense2_camera/share/realsense2_camera/cmake/ament_cmake_export_dependencies-extras.cmake
[0.851s] -- Up-to-date: /home/yyj/my_ws/install/realsense2_camera/share/realsense2_camera/cmake/realsense2_cameraConfig.cmake
[0.851s] -- Up-to-date: /home/yyj/my_ws/install/realsense2_camera/share/realsense2_camera/cmake/realsense2_cameraConfig-version.cmake
[0.852s] -- Up-to-date: /home/yyj/my_ws/install/realsense2_camera/share/realsense2_camera/package.xml
[0.852s] Invoked command in '/home/yyj/my_ws/build/realsense2_camera' returned '0': CMAKE_PREFIX_PATH=/home/yyj/my_ws/install/realsense2_camera_msgs:/home/yyj/my_ws/install/ydlidar_ros2_driver:/home/yyj/my_ws/install/usb_cam:/home/yyj/my_ws/install/teleop_twist_joy:/home/yyj/my_ws/install/slam_toolbox:/home/yyj/my_ws/install/ros2_aruco_interfaces:/home/yyj/my_ws/install/realsense2_description:/home/yyj/my_ws/install/realsense2_camera:/home/yyj/my_ws/install/odrive_ros2_control:/home/yyj/my_ws/install/odrive_hardware_interface:/home/yyj/my_ws/install/odrive_demo_bringup:/home/yyj/my_ws/install/odrive_demo_description:/home/yyj/my_ws/install/my_bot_description:/home/yyj/my_ws/install/cart_park_autonomy:/home/yyj/my_ws/install/action_tutorials_cpp:/home/yyj/my_ws/install/my_action_interface:/home/yyj/my_ws/install/ros2_aruco:/home/yyj/my_ws/install/open_action_server:/home/yyj/my_ws/install/my_tf2_package:/home/yyj/my_ws/install/my_docking:/home/yyj/my_ws/install/my_aruco_to_goal_pose_pkg:/opt/ros/humble LD_LIBRARY_PATH=/home/yyj/my_ws/install/realsense2_camera_msgs/lib:/usr/local/lib/:/home/yyj/my_ws/install/usb_cam/lib:/home/yyj/my_ws/install/teleop_twist_joy/lib:/home/yyj/my_ws/install/slam_toolbox/lib:/home/yyj/my_ws/install/ros2_aruco_interfaces/lib:/home/yyj/my_ws/install/realsense2_camera/lib:/home/yyj/my_ws/install/odrive_hardware_interface/lib:/home/yyj/my_ws/install/action_tutorials_cpp/lib:/home/yyj/my_ws/install/my_action_interface/lib:/usr/lib/x86_64-linux-gnu/gazebo-11/plugins:/opt/ros/humble/opt/rviz_ogre_vendor/lib:/opt/ros/humble/lib/x86_64-linux-gnu:/opt/ros/humble/lib /usr/bin/cmake --install /home/yyj/my_ws/build/realsense2_camera
