[4.002s] Invoking command in '/home/yyj/my_ws/build/ydlidar_ros2_driver': CMAKE_PREFIX_PATH=${CMAKE_PREFIX_PATH}:/home/yyj/my_ws/install/ros2_aruco:/home/yyj/my_ws/install/open_action_server:/home/yyj/my_ws/install/my_tf2_package:/home/yyj/my_ws/install/my_docking:/home/yyj/my_ws/install/my_aruco_to_goal_pose_pkg:/opt/ros/humble /usr/bin/cmake --build /home/yyj/my_ws/build/ydlidar_ros2_driver -- -j16 -l16
[4.274s] [ 50%] Built target ydlidar_ros2_driver_node
[4.405s] [100%] Built target ydlidar_ros2_driver_client
[4.534s] Invoked command in '/home/yyj/my_ws/build/ydlidar_ros2_driver' returned '0': CMAKE_PREFIX_PATH=${CMAKE_PREFIX_PATH}:/home/yyj/my_ws/install/ros2_aruco:/home/yyj/my_ws/install/open_action_server:/home/yyj/my_ws/install/my_tf2_package:/home/yyj/my_ws/install/my_docking:/home/yyj/my_ws/install/my_aruco_to_goal_pose_pkg:/opt/ros/humble /usr/bin/cmake --build /home/yyj/my_ws/build/ydlidar_ros2_driver -- -j16 -l16
[4.894s] Invoking command in '/home/yyj/my_ws/build/ydlidar_ros2_driver': CMAKE_PREFIX_PATH=${CMAKE_PREFIX_PATH}:/home/yyj/my_ws/install/ros2_aruco:/home/yyj/my_ws/install/open_action_server:/home/yyj/my_ws/install/my_tf2_package:/home/yyj/my_ws/install/my_docking:/home/yyj/my_ws/install/my_aruco_to_goal_pose_pkg:/opt/ros/humble /usr/bin/cmake --install /home/yyj/my_ws/build/ydlidar_ros2_driver
[4.997s] -- Install configuration: ""
[5.004s] -- Up-to-date: /home/yyj/my_ws/install/ydlidar_ros2_driver/lib/ydlidar_ros2_driver/ydlidar_ros2_driver_node
[5.004s] -- Up-to-date: /home/yyj/my_ws/install/ydlidar_ros2_driver/lib/ydlidar_ros2_driver/ydlidar_ros2_driver_client
[5.005s] -- Up-to-date: /home/yyj/my_ws/install/ydlidar_ros2_driver/share/ydlidar_ros2_driver/launch
[5.005s] -- Up-to-date: /home/yyj/my_ws/install/ydlidar_ros2_driver/share/ydlidar_ros2_driver/launch/ydlidar_launch_view.py
[5.005s] -- Up-to-date: /home/yyj/my_ws/install/ydlidar_ros2_driver/share/ydlidar_ros2_driver/launch/ydlidar_launch.py
[5.005s] -- Up-to-date: /home/yyj/my_ws/install/ydlidar_ros2_driver/share/ydlidar_ros2_driver/launch/ydlidar.py
[5.006s] -- Up-to-date: /home/yyj/my_ws/install/ydlidar_ros2_driver/share/ydlidar_ros2_driver/params
[5.006s] -- Up-to-date: /home/yyj/my_ws/install/ydlidar_ros2_driver/share/ydlidar_ros2_driver/params/ydlidar.yaml
[5.007s] -- Up-to-date: /home/yyj/my_ws/install/ydlidar_ros2_driver/share/ydlidar_ros2_driver/params/G1.yaml
[5.020s] -- Up-to-date: /home/yyj/my_ws/install/ydlidar_ros2_driver/share/ydlidar_ros2_driver/params/TminiPro.yaml
[5.022s] -- Up-to-date: /home/yyj/my_ws/install/ydlidar_ros2_driver/share/ydlidar_ros2_driver/params/TG.yaml
[5.035s] -- Up-to-date: /home/yyj/my_ws/install/ydlidar_ros2_driver/share/ydlidar_ros2_driver/params/X2.yaml
[5.046s] -- Up-to-date: /home/yyj/my_ws/install/ydlidar_ros2_driver/share/ydlidar_ros2_driver/params/X4-Pro.yaml
[5.046s] -- Up-to-date: /home/yyj/my_ws/install/ydlidar_ros2_driver/share/ydlidar_ros2_driver/params/X4.yaml
[5.047s] -- Up-to-date: /home/yyj/my_ws/install/ydlidar_ros2_driver/share/ydlidar_ros2_driver/params/G2.yaml
[5.047s] -- Up-to-date: /home/yyj/my_ws/install/ydlidar_ros2_driver/share/ydlidar_ros2_driver/params/G6.yaml
[5.047s] -- Up-to-date: /home/yyj/my_ws/install/ydlidar_ros2_driver/share/ydlidar_ros2_driver/startup
[5.048s] -- Up-to-date: /home/yyj/my_ws/install/ydlidar_ros2_driver/share/ydlidar_ros2_driver/startup/initenv.sh
[5.048s] -- Up-to-date: /home/yyj/my_ws/install/ydlidar_ros2_driver/share/ydlidar_ros2_driver/config
[5.059s] -- Up-to-date: /home/yyj/my_ws/install/ydlidar_ros2_driver/share/ydlidar_ros2_driver/config/ydlidar.rviz
[5.059s] -- Up-to-date: /home/yyj/my_ws/install/ydlidar_ros2_driver/share/ament_index/resource_index/package_run_dependencies/ydlidar_ros2_driver
[5.059s] -- Up-to-date: /home/yyj/my_ws/install/ydlidar_ros2_driver/share/ament_index/resource_index/parent_prefix_path/ydlidar_ros2_driver
[5.060s] -- Up-to-date: /home/yyj/my_ws/install/ydlidar_ros2_driver/share/ydlidar_ros2_driver/environment/ament_prefix_path.sh
[5.060s] -- Up-to-date: /home/yyj/my_ws/install/ydlidar_ros2_driver/share/ydlidar_ros2_driver/environment/ament_prefix_path.dsv
[5.060s] -- Up-to-date: /home/yyj/my_ws/install/ydlidar_ros2_driver/share/ydlidar_ros2_driver/environment/path.sh
[5.060s] -- Up-to-date: /home/yyj/my_ws/install/ydlidar_ros2_driver/share/ydlidar_ros2_driver/environment/path.dsv
[5.060s] -- Up-to-date: /home/yyj/my_ws/install/ydlidar_ros2_driver/share/ydlidar_ros2_driver/local_setup.bash
[5.061s] -- Up-to-date: /home/yyj/my_ws/install/ydlidar_ros2_driver/share/ydlidar_ros2_driver/local_setup.sh
[5.061s] -- Up-to-date: /home/yyj/my_ws/install/ydlidar_ros2_driver/share/ydlidar_ros2_driver/local_setup.zsh
[5.061s] -- Up-to-date: /home/yyj/my_ws/install/ydlidar_ros2_driver/share/ydlidar_ros2_driver/local_setup.dsv
[5.061s] -- Installing: /home/yyj/my_ws/install/ydlidar_ros2_driver/share/ydlidar_ros2_driver/package.dsv
[5.061s] -- Up-to-date: /home/yyj/my_ws/install/ydlidar_ros2_driver/share/ament_index/resource_index/packages/ydlidar_ros2_driver
[5.062s] -- Up-to-date: /home/yyj/my_ws/install/ydlidar_ros2_driver/share/ydlidar_ros2_driver/cmake/ydlidar_ros2_driverConfig.cmake
[5.062s] -- Up-to-date: /home/yyj/my_ws/install/ydlidar_ros2_driver/share/ydlidar_ros2_driver/cmake/ydlidar_ros2_driverConfig-version.cmake
[5.062s] -- Up-to-date: /home/yyj/my_ws/install/ydlidar_ros2_driver/share/ydlidar_ros2_driver/package.xml
[5.139s] Invoked command in '/home/yyj/my_ws/build/ydlidar_ros2_driver' returned '0': CMAKE_PREFIX_PATH=${CMAKE_PREFIX_PATH}:/home/yyj/my_ws/install/ros2_aruco:/home/yyj/my_ws/install/open_action_server:/home/yyj/my_ws/install/my_tf2_package:/home/yyj/my_ws/install/my_docking:/home/yyj/my_ws/install/my_aruco_to_goal_pose_pkg:/opt/ros/humble /usr/bin/cmake --install /home/yyj/my_ws/build/ydlidar_ros2_driver
