[9.865s] Invoking command in '/home/yyj/my_ws/src/open_action_server': PYTHONPATH=/home/yyj/my_ws/build/open_action_server/prefix_override:/home/yyj/my_ws/install/open_action_server/lib/python3.10/site-packages:${PYTHONPATH} /usr/bin/python3 -W ignore:setup.py install is deprecated setup.py egg_info --egg-base ../../build/open_action_server build --build-base /home/yyj/my_ws/build/open_action_server/build install --record /home/yyj/my_ws/build/open_action_server/install.log --single-version-externally-managed install_data
[11.422s] running egg_info
[11.428s] writing ../../build/open_action_server/open_action_server.egg-info/PKG-INFO
[11.433s] writing dependency_links to ../../build/open_action_server/open_action_server.egg-info/dependency_links.txt
[11.436s] writing entry points to ../../build/open_action_server/open_action_server.egg-info/entry_points.txt
[11.440s] writing requirements to ../../build/open_action_server/open_action_server.egg-info/requires.txt
[11.441s] writing top-level names to ../../build/open_action_server/open_action_server.egg-info/top_level.txt
[11.476s] reading manifest file '../../build/open_action_server/open_action_server.egg-info/SOURCES.txt'
[11.507s] writing manifest file '../../build/open_action_server/open_action_server.egg-info/SOURCES.txt'
[11.509s] running build
[11.509s] running build_py
[11.529s] running install
[11.539s] running install_lib
[11.551s] running install_data
[11.551s] running install_egg_info
[11.552s] removing '/home/yyj/my_ws/install/open_action_server/lib/python3.10/site-packages/open_action_server-0.0.0-py3.10.egg-info' (and everything under it)
[11.552s] Copying ../../build/open_action_server/open_action_server.egg-info to /home/yyj/my_ws/install/open_action_server/lib/python3.10/site-packages/open_action_server-0.0.0-py3.10.egg-info
[11.552s] running install_scripts
[11.604s] Installing open_action_server script to /home/yyj/my_ws/install/open_action_server/lib/open_action_server
[11.605s] writing list of installed files to '/home/yyj/my_ws/build/open_action_server/install.log'
[11.856s] Invoked command in '/home/yyj/my_ws/src/open_action_server' returned '0': PYTHONPATH=/home/yyj/my_ws/build/open_action_server/prefix_override:/home/yyj/my_ws/install/open_action_server/lib/python3.10/site-packages:${PYTHONPATH} /usr/bin/python3 -W ignore:setup.py install is deprecated setup.py egg_info --egg-base ../../build/open_action_server build --build-base /home/yyj/my_ws/build/open_action_server/build install --record /home/yyj/my_ws/build/open_action_server/install.log --single-version-externally-managed install_data
