[5.045s] Invoking command in '/home/yyj/my_ws/src/my_tf2_package': PYTHONPATH=/home/yyj/my_ws/build/my_tf2_package/prefix_override:/home/yyj/my_ws/install/my_tf2_package/lib/python3.10/site-packages:${PYTHONPATH} /usr/bin/python3 -W ignore:setup.py install is deprecated setup.py egg_info --egg-base ../../build/my_tf2_package build --build-base /home/yyj/my_ws/build/my_tf2_package/build install --record /home/yyj/my_ws/build/my_tf2_package/install.log --single-version-externally-managed install_data
[6.045s] running egg_info
[6.049s] writing ../../build/my_tf2_package/my_tf2_package.egg-info/PKG-INFO
[6.050s] writing dependency_links to ../../build/my_tf2_package/my_tf2_package.egg-info/dependency_links.txt
[6.051s] writing entry points to ../../build/my_tf2_package/my_tf2_package.egg-info/entry_points.txt
[6.052s] writing requirements to ../../build/my_tf2_package/my_tf2_package.egg-info/requires.txt
[6.052s] writing top-level names to ../../build/my_tf2_package/my_tf2_package.egg-info/top_level.txt
[6.060s] reading manifest file '../../build/my_tf2_package/my_tf2_package.egg-info/SOURCES.txt'
[6.060s] adding license file 'LICENSE'
[6.061s] writing manifest file '../../build/my_tf2_package/my_tf2_package.egg-info/SOURCES.txt'
[6.061s] running build
[6.061s] running build_py
[6.062s] running install
[6.062s] running install_lib
[6.064s] running install_data
[6.064s] running install_egg_info
[6.068s] removing '/home/yyj/my_ws/install/my_tf2_package/lib/python3.10/site-packages/my_tf2_package-0.0.0-py3.10.egg-info' (and everything under it)
[6.069s] Copying ../../build/my_tf2_package/my_tf2_package.egg-info to /home/yyj/my_ws/install/my_tf2_package/lib/python3.10/site-packages/my_tf2_package-0.0.0-py3.10.egg-info
[6.070s] running install_scripts
[6.124s] Installing my_static_cart_tf2_broadcaster script to /home/yyj/my_ws/install/my_tf2_package/lib/my_tf2_package
[6.124s] writing list of installed files to '/home/yyj/my_ws/build/my_tf2_package/install.log'
[6.176s] Invoked command in '/home/yyj/my_ws/src/my_tf2_package' returned '0': PYTHONPATH=/home/yyj/my_ws/build/my_tf2_package/prefix_override:/home/yyj/my_ws/install/my_tf2_package/lib/python3.10/site-packages:${PYTHONPATH} /usr/bin/python3 -W ignore:setup.py install is deprecated setup.py egg_info --egg-base ../../build/my_tf2_package build --build-base /home/yyj/my_ws/build/my_tf2_package/build install --record /home/yyj/my_ws/build/my_tf2_package/install.log --single-version-externally-managed install_data
