[7.683s] Invoking command in '/home/yyj/my_ws/src/open_action_server': PYTHONPATH=/home/yyj/my_ws/build/open_action_server/prefix_override:/home/yyj/my_ws/install/open_action_server/lib/python3.10/site-packages:${PYTHONPATH} /usr/bin/python3 -W ignore:setup.py install is deprecated setup.py egg_info --egg-base ../../build/open_action_server build --build-base /home/yyj/my_ws/build/open_action_server/build install --record /home/yyj/my_ws/build/open_action_server/install.log --single-version-externally-managed install_data
[8.959s] running egg_info
[8.962s] writing ../../build/open_action_server/open_action_server.egg-info/PKG-INFO
[8.962s] writing dependency_links to ../../build/open_action_server/open_action_server.egg-info/dependency_links.txt
[8.964s] writing entry points to ../../build/open_action_server/open_action_server.egg-info/entry_points.txt
[8.964s] writing requirements to ../../build/open_action_server/open_action_server.egg-info/requires.txt
[8.964s] writing top-level names to ../../build/open_action_server/open_action_server.egg-info/top_level.txt
[8.973s] reading manifest file '../../build/open_action_server/open_action_server.egg-info/SOURCES.txt'
[8.978s] writing manifest file '../../build/open_action_server/open_action_server.egg-info/SOURCES.txt'
[8.979s] running build
[8.979s] running build_py
[8.980s] running install
[8.981s] running install_lib
[8.987s] running install_data
[8.988s] running install_egg_info
[8.996s] removing '/home/yyj/my_ws/install/open_action_server/lib/python3.10/site-packages/open_action_server-0.0.0-py3.10.egg-info' (and everything under it)
[8.999s] Copying ../../build/open_action_server/open_action_server.egg-info to /home/yyj/my_ws/install/open_action_server/lib/python3.10/site-packages/open_action_server-0.0.0-py3.10.egg-info
[9.002s] running install_scripts
[9.080s] Installing open_action_server script to /home/yyj/my_ws/install/open_action_server/lib/open_action_server
[9.081s] writing list of installed files to '/home/yyj/my_ws/build/open_action_server/install.log'
[9.160s] Invoked command in '/home/yyj/my_ws/src/open_action_server' returned '0': PYTHONPATH=/home/yyj/my_ws/build/open_action_server/prefix_override:/home/yyj/my_ws/install/open_action_server/lib/python3.10/site-packages:${PYTHONPATH} /usr/bin/python3 -W ignore:setup.py install is deprecated setup.py egg_info --egg-base ../../build/open_action_server build --build-base /home/yyj/my_ws/build/open_action_server/build install --record /home/yyj/my_ws/build/open_action_server/install.log --single-version-externally-managed install_data
