[0.064s] Invoking command in '/home/yyj/my_ws/build/odrive_demo_bringup': CMAKE_PREFIX_PATH=/home/yyj/my_ws/install/odrive_demo_description:/home/yyj/my_ws/install/ydlidar_ros2_driver:/home/yyj/my_ws/install/usb_cam:/home/yyj/my_ws/install/teleop_twist_joy:/home/yyj/my_ws/install/slam_toolbox:/home/yyj/my_ws/install/ros2_aruco_interfaces:/home/yyj/my_ws/install/realsense2_description:/home/yyj/my_ws/install/realsense2_camera:/home/yyj/my_ws/install/realsense2_camera_msgs:/home/yyj/my_ws/install/odrive_ros2_control:/home/yyj/my_ws/install/odrive_hardware_interface:/home/yyj/my_ws/install/odrive_demo_bringup:/home/yyj/my_ws/install/my_bot_description:/home/yyj/my_ws/install/cart_park_autonomy:/home/yyj/my_ws/install/action_tutorials_cpp:/home/yyj/my_ws/install/my_action_interface:/home/yyj/my_ws/install/ros2_aruco:/home/yyj/my_ws/install/open_action_server:/home/yyj/my_ws/install/my_tf2_package:/home/yyj/my_ws/install/my_docking:/home/yyj/my_ws/install/my_aruco_to_goal_pose_pkg:/opt/ros/humble /usr/bin/cmake --build /home/yyj/my_ws/build/odrive_demo_bringup -- -j16 -l16
[0.326s] Invoked command in '/home/yyj/my_ws/build/odrive_demo_bringup' returned '0': CMAKE_PREFIX_PATH=/home/yyj/my_ws/install/odrive_demo_description:/home/yyj/my_ws/install/ydlidar_ros2_driver:/home/yyj/my_ws/install/usb_cam:/home/yyj/my_ws/install/teleop_twist_joy:/home/yyj/my_ws/install/slam_toolbox:/home/yyj/my_ws/install/ros2_aruco_interfaces:/home/yyj/my_ws/install/realsense2_description:/home/yyj/my_ws/install/realsense2_camera:/home/yyj/my_ws/install/realsense2_camera_msgs:/home/yyj/my_ws/install/odrive_ros2_control:/home/yyj/my_ws/install/odrive_hardware_interface:/home/yyj/my_ws/install/odrive_demo_bringup:/home/yyj/my_ws/install/my_bot_description:/home/yyj/my_ws/install/cart_park_autonomy:/home/yyj/my_ws/install/action_tutorials_cpp:/home/yyj/my_ws/install/my_action_interface:/home/yyj/my_ws/install/ros2_aruco:/home/yyj/my_ws/install/open_action_server:/home/yyj/my_ws/install/my_tf2_package:/home/yyj/my_ws/install/my_docking:/home/yyj/my_ws/install/my_aruco_to_goal_pose_pkg:/opt/ros/humble /usr/bin/cmake --build /home/yyj/my_ws/build/odrive_demo_bringup -- -j16 -l16
[0.566s] Invoking command in '/home/yyj/my_ws/build/odrive_demo_bringup': CMAKE_PREFIX_PATH=/home/yyj/my_ws/install/odrive_demo_description:/home/yyj/my_ws/install/ydlidar_ros2_driver:/home/yyj/my_ws/install/usb_cam:/home/yyj/my_ws/install/teleop_twist_joy:/home/yyj/my_ws/install/slam_toolbox:/home/yyj/my_ws/install/ros2_aruco_interfaces:/home/yyj/my_ws/install/realsense2_description:/home/yyj/my_ws/install/realsense2_camera:/home/yyj/my_ws/install/realsense2_camera_msgs:/home/yyj/my_ws/install/odrive_ros2_control:/home/yyj/my_ws/install/odrive_hardware_interface:/home/yyj/my_ws/install/odrive_demo_bringup:/home/yyj/my_ws/install/my_bot_description:/home/yyj/my_ws/install/cart_park_autonomy:/home/yyj/my_ws/install/action_tutorials_cpp:/home/yyj/my_ws/install/my_action_interface:/home/yyj/my_ws/install/ros2_aruco:/home/yyj/my_ws/install/open_action_server:/home/yyj/my_ws/install/my_tf2_package:/home/yyj/my_ws/install/my_docking:/home/yyj/my_ws/install/my_aruco_to_goal_pose_pkg:/opt/ros/humble /usr/bin/cmake --install /home/yyj/my_ws/build/odrive_demo_bringup
[0.606s] -- Install configuration: ""
[0.607s] -- Up-to-date: /home/yyj/my_ws/install/odrive_demo_bringup/share/odrive_demo_bringup/config
[0.608s] -- Up-to-date: /home/yyj/my_ws/install/odrive_demo_bringup/share/odrive_demo_bringup/config/odrive_multi_interface_forward_controllers.yaml
[0.608s] -- Up-to-date: /home/yyj/my_ws/install/odrive_demo_bringup/share/odrive_demo_bringup/config/diffbot_controllers.yaml
[0.608s] -- Up-to-date: /home/yyj/my_ws/install/odrive_demo_bringup/share/odrive_demo_bringup/launch
[0.609s] -- Up-to-date: /home/yyj/my_ws/install/odrive_demo_bringup/share/odrive_demo_bringup/launch/odrive_diffbot.launch.py
[0.609s] -- Up-to-date: /home/yyj/my_ws/install/odrive_demo_bringup/share/odrive_demo_bringup/launch/odrive_multi_interface.launch.py
[0.609s] -- Up-to-date: /home/yyj/my_ws/install/odrive_demo_bringup/share/ament_index/resource_index/package_run_dependencies/odrive_demo_bringup
[0.609s] -- Up-to-date: /home/yyj/my_ws/install/odrive_demo_bringup/share/ament_index/resource_index/parent_prefix_path/odrive_demo_bringup
[0.619s] -- Up-to-date: /home/yyj/my_ws/install/odrive_demo_bringup/share/odrive_demo_bringup/environment/ament_prefix_path.sh
[0.621s] -- Up-to-date: /home/yyj/my_ws/install/odrive_demo_bringup/share/odrive_demo_bringup/environment/ament_prefix_path.dsv
[0.621s] -- Up-to-date: /home/yyj/my_ws/install/odrive_demo_bringup/share/odrive_demo_bringup/environment/path.sh
[0.622s] -- Up-to-date: /home/yyj/my_ws/install/odrive_demo_bringup/share/odrive_demo_bringup/environment/path.dsv
[0.622s] -- Up-to-date: /home/yyj/my_ws/install/odrive_demo_bringup/share/odrive_demo_bringup/local_setup.bash
[0.622s] -- Up-to-date: /home/yyj/my_ws/install/odrive_demo_bringup/share/odrive_demo_bringup/local_setup.sh
[0.623s] -- Up-to-date: /home/yyj/my_ws/install/odrive_demo_bringup/share/odrive_demo_bringup/local_setup.zsh
[0.623s] -- Up-to-date: /home/yyj/my_ws/install/odrive_demo_bringup/share/odrive_demo_bringup/local_setup.dsv
[0.623s] -- Installing: /home/yyj/my_ws/install/odrive_demo_bringup/share/odrive_demo_bringup/package.dsv
[0.631s] -- Up-to-date: /home/yyj/my_ws/install/odrive_demo_bringup/share/ament_index/resource_index/packages/odrive_demo_bringup
[0.631s] -- Up-to-date: /home/yyj/my_ws/install/odrive_demo_bringup/share/odrive_demo_bringup/cmake/odrive_demo_bringupConfig.cmake
[0.631s] -- Up-to-date: /home/yyj/my_ws/install/odrive_demo_bringup/share/odrive_demo_bringup/cmake/odrive_demo_bringupConfig-version.cmake
[0.633s] -- Up-to-date: /home/yyj/my_ws/install/odrive_demo_bringup/share/odrive_demo_bringup/package.xml
[0.655s] Invoked command in '/home/yyj/my_ws/build/odrive_demo_bringup' returned '0': CMAKE_PREFIX_PATH=/home/yyj/my_ws/install/odrive_demo_description:/home/yyj/my_ws/install/ydlidar_ros2_driver:/home/yyj/my_ws/install/usb_cam:/home/yyj/my_ws/install/teleop_twist_joy:/home/yyj/my_ws/install/slam_toolbox:/home/yyj/my_ws/install/ros2_aruco_interfaces:/home/yyj/my_ws/install/realsense2_description:/home/yyj/my_ws/install/realsense2_camera:/home/yyj/my_ws/install/realsense2_camera_msgs:/home/yyj/my_ws/install/odrive_ros2_control:/home/yyj/my_ws/install/odrive_hardware_interface:/home/yyj/my_ws/install/odrive_demo_bringup:/home/yyj/my_ws/install/my_bot_description:/home/yyj/my_ws/install/cart_park_autonomy:/home/yyj/my_ws/install/action_tutorials_cpp:/home/yyj/my_ws/install/my_action_interface:/home/yyj/my_ws/install/ros2_aruco:/home/yyj/my_ws/install/open_action_server:/home/yyj/my_ws/install/my_tf2_package:/home/yyj/my_ws/install/my_docking:/home/yyj/my_ws/install/my_aruco_to_goal_pose_pkg:/opt/ros/humble /usr/bin/cmake --install /home/yyj/my_ws/build/odrive_demo_bringup
