[0.665s] Invoking command in '/home/yyj/my_ws/build/my_bot_description': CMAKE_PREFIX_PATH=/opt/ros/humble /usr/bin/cmake /home/yyj/my_ws/src/my_bot_description -DCMAKE_INSTALL_PREFIX=/home/yyj/my_ws/install/my_bot_description
[3.057s] -- The C compiler identification is GNU 11.4.0
[3.057s] -- The CXX compiler identification is GNU 11.4.0
[3.057s] -- Detecting C compiler ABI info
[3.057s] -- Detecting C compiler ABI info - done
[3.057s] -- Check for working C compiler: /usr/bin/cc - skipped
[3.057s] -- Detecting C compile features
[3.058s] -- Detecting C compile features - done
[3.058s] -- Detecting CXX compiler ABI info
[3.059s] -- Detecting CXX compiler ABI info - done
[3.059s] -- Check for working CXX compiler: /usr/bin/c++ - skipped
[3.059s] -- Detecting CXX compile features
[3.059s] -- Detecting CXX compile features - done
[3.060s] -- Found ament_cmake: 1.3.8 (/opt/ros/humble/share/ament_cmake/cmake)
[3.060s] -- Found Python3: /usr/bin/python3 (found version "3.10.12") found components: Interpreter 
[3.060s] -- Found ament_lint_auto: 0.12.10 (/opt/ros/humble/share/ament_lint_auto/cmake)
[3.060s] -- Added test 'lint_cmake' to check CMake code style
[3.060s] -- Added test 'xmllint' to check XML markup files
[3.061s] -- Configuring done
[3.061s] -- Generating done
[3.061s] -- Build files have been written to: /home/yyj/my_ws/build/my_bot_description
[3.073s] Invoked command in '/home/yyj/my_ws/build/my_bot_description' returned '0': CMAKE_PREFIX_PATH=/opt/ros/humble /usr/bin/cmake /home/yyj/my_ws/src/my_bot_description -DCMAKE_INSTALL_PREFIX=/home/yyj/my_ws/install/my_bot_description
[3.079s] Invoking command in '/home/yyj/my_ws/build/my_bot_description': CMAKE_PREFIX_PATH=/opt/ros/humble /usr/bin/cmake --build /home/yyj/my_ws/build/my_bot_description -- -j16 -l16
[3.138s] Invoked command in '/home/yyj/my_ws/build/my_bot_description' returned '0': CMAKE_PREFIX_PATH=/opt/ros/humble /usr/bin/cmake --build /home/yyj/my_ws/build/my_bot_description -- -j16 -l16
[3.245s] Invoking command in '/home/yyj/my_ws/build/my_bot_description': CMAKE_PREFIX_PATH=/opt/ros/humble /usr/bin/cmake --install /home/yyj/my_ws/build/my_bot_description
[3.272s] -- Install configuration: ""
[3.272s] -- Installing: /home/yyj/my_ws/install/my_bot_description/share/my_bot_description/urdf
[3.273s] -- Installing: /home/yyj/my_ws/install/my_bot_description/share/my_bot_description/urdf/.vscode
[3.273s] -- Installing: /home/yyj/my_ws/install/my_bot_description/share/my_bot_description/urdf/.vscode/settings.json
[3.274s] -- Installing: /home/yyj/my_ws/install/my_bot_description/share/my_bot_description/urdf/.vscode/c_cpp_properties.json
[3.274s] -- Installing: /home/yyj/my_ws/install/my_bot_description/share/my_bot_description/urdf/diffbot_description.urdf.xacro
[3.275s] -- Installing: /home/yyj/my_ws/install/my_bot_description/share/my_bot_description/urdf/diffbot.materials.xacro
[3.275s] -- Installing: /home/yyj/my_ws/install/my_bot_description/share/my_bot_description/rviz
[3.276s] -- Installing: /home/yyj/my_ws/install/my_bot_description/share/my_bot_description/rviz/diffbot_view.rviz
[3.283s] -- Installing: /home/yyj/my_ws/install/my_bot_description/share/my_bot_description/rviz/diffbot.rviz
[3.283s] -- Installing: /home/yyj/my_ws/install/my_bot_description/share/ament_index/resource_index/package_run_dependencies/my_bot_description
[3.284s] -- Installing: /home/yyj/my_ws/install/my_bot_description/share/ament_index/resource_index/parent_prefix_path/my_bot_description
[3.284s] -- Installing: /home/yyj/my_ws/install/my_bot_description/share/my_bot_description/environment/ament_prefix_path.sh
[3.285s] -- Installing: /home/yyj/my_ws/install/my_bot_description/share/my_bot_description/environment/ament_prefix_path.dsv
[3.285s] -- Installing: /home/yyj/my_ws/install/my_bot_description/share/my_bot_description/environment/path.sh
[3.285s] -- Installing: /home/yyj/my_ws/install/my_bot_description/share/my_bot_description/environment/path.dsv
[3.290s] -- Installing: /home/yyj/my_ws/install/my_bot_description/share/my_bot_description/local_setup.bash
[3.292s] -- Installing: /home/yyj/my_ws/install/my_bot_description/share/my_bot_description/local_setup.sh
[3.292s] -- Installing: /home/yyj/my_ws/install/my_bot_description/share/my_bot_description/local_setup.zsh
[3.293s] -- Installing: /home/yyj/my_ws/install/my_bot_description/share/my_bot_description/local_setup.dsv
[3.293s] -- Installing: /home/yyj/my_ws/install/my_bot_description/share/my_bot_description/package.dsv
[3.295s] -- Installing: /home/yyj/my_ws/install/my_bot_description/share/ament_index/resource_index/packages/my_bot_description
[3.295s] -- Installing: /home/yyj/my_ws/install/my_bot_description/share/my_bot_description/cmake/my_bot_descriptionConfig.cmake
[3.296s] -- Installing: /home/yyj/my_ws/install/my_bot_description/share/my_bot_description/cmake/my_bot_descriptionConfig-version.cmake
[3.297s] -- Installing: /home/yyj/my_ws/install/my_bot_description/share/my_bot_description/package.xml
[3.340s] Invoked command in '/home/yyj/my_ws/build/my_bot_description' returned '0': CMAKE_PREFIX_PATH=/opt/ros/humble /usr/bin/cmake --install /home/yyj/my_ws/build/my_bot_description
