[0.465s] Invoking command in '/home/yyj/my_ws/build/my_action_interface': CMAKE_PREFIX_PATH=${CMAKE_PREFIX_PATH}:/home/yyj/my_ws/install/ros2_aruco:/home/yyj/my_ws/install/open_action_server:/home/yyj/my_ws/install/my_tf2_package:/home/yyj/my_ws/install/my_docking:/home/yyj/my_ws/install/my_aruco_to_goal_pose_pkg:/opt/ros/humble /usr/bin/cmake --build /home/yyj/my_ws/build/my_action_interface -- -j16 -l16
[7.425s] [  2%] Built target my_action_interface__cpp
[7.425s] [  2%] Built target ament_cmake_python_copy_my_action_interface
[7.425s] [ 12%] Built target my_action_interface__rosidl_typesupport_introspection_cpp
[7.426s] running egg_info
[7.428s] writing my_action_interface.egg-info/PKG-INFO
[7.431s] writing dependency_links to my_action_interface.egg-info/dependency_links.txt
[7.433s] writing top-level names to my_action_interface.egg-info/top_level.txt
[7.437s] reading manifest file 'my_action_interface.egg-info/SOURCES.txt'
[7.439s] writing manifest file 'my_action_interface.egg-info/SOURCES.txt'
[7.457s] [ 12%] Built target ament_cmake_python_build_my_action_interface_egg
[7.458s] [ 23%] Built target my_action_interface__rosidl_typesupport_fastrtps_cpp
[7.458s] [ 33%] Built target my_action_interface__rosidl_typesupport_cpp
[7.459s] [ 43%] Built target my_action_interface__rosidl_generator_c
[7.459s] [ 53%] Built target my_action_interface__rosidl_typesupport_fastrtps_c
[7.459s] [ 64%] Built target my_action_interface__rosidl_typesupport_c
[7.459s] [ 74%] Built target my_action_interface__rosidl_typesupport_introspection_c
[7.463s] [ 74%] Built target my_action_interface
[7.468s] [ 76%] Built target my_action_interface__py
[7.470s] [ 84%] Built target my_action_interface__rosidl_generator_py
[7.473s] [ 89%] Built target my_action_interface__rosidl_typesupport_fastrtps_c__pyext
[7.475s] [ 94%] Built target my_action_interface__rosidl_typesupport_c__pyext
[7.476s] [100%] Built target my_action_interface__rosidl_typesupport_introspection_c__pyext
[7.516s] Invoked command in '/home/yyj/my_ws/build/my_action_interface' returned '0': CMAKE_PREFIX_PATH=${CMAKE_PREFIX_PATH}:/home/yyj/my_ws/install/ros2_aruco:/home/yyj/my_ws/install/open_action_server:/home/yyj/my_ws/install/my_tf2_package:/home/yyj/my_ws/install/my_docking:/home/yyj/my_ws/install/my_aruco_to_goal_pose_pkg:/opt/ros/humble /usr/bin/cmake --build /home/yyj/my_ws/build/my_action_interface -- -j16 -l16
[8.380s] Invoking command in '/home/yyj/my_ws/build/my_action_interface': CMAKE_PREFIX_PATH=${CMAKE_PREFIX_PATH}:/home/yyj/my_ws/install/ros2_aruco:/home/yyj/my_ws/install/open_action_server:/home/yyj/my_ws/install/my_tf2_package:/home/yyj/my_ws/install/my_docking:/home/yyj/my_ws/install/my_aruco_to_goal_pose_pkg:/opt/ros/humble /usr/bin/cmake --install /home/yyj/my_ws/build/my_action_interface
[8.465s] -- Install configuration: ""
[8.465s] -- Up-to-date: /home/yyj/my_ws/install/my_action_interface/share/ament_index/resource_index/rosidl_interfaces/my_action_interface
[8.468s] -- Up-to-date: /home/yyj/my_ws/install/my_action_interface/include/my_action_interface/my_action_interface
[8.469s] -- Up-to-date: /home/yyj/my_ws/install/my_action_interface/include/my_action_interface/my_action_interface/action
[8.470s] -- Up-to-date: /home/yyj/my_ws/install/my_action_interface/include/my_action_interface/my_action_interface/action/detail
[8.470s] -- Up-to-date: /home/yyj/my_ws/install/my_action_interface/include/my_action_interface/my_action_interface/action/detail/open__functions.c
[8.471s] -- Up-to-date: /home/yyj/my_ws/install/my_action_interface/include/my_action_interface/my_action_interface/action/detail/docking_two__type_support.h
[8.471s] -- Up-to-date: /home/yyj/my_ws/install/my_action_interface/include/my_action_interface/my_action_interface/action/detail/docking_two__functions.h
[8.472s] -- Up-to-date: /home/yyj/my_ws/install/my_action_interface/include/my_action_interface/my_action_interface/action/detail/open__functions.h
[8.472s] -- Up-to-date: /home/yyj/my_ws/install/my_action_interface/include/my_action_interface/my_action_interface/action/detail/docking_two__functions.c
[8.472s] -- Up-to-date: /home/yyj/my_ws/install/my_action_interface/include/my_action_interface/my_action_interface/action/detail/open__type_support.h
[8.473s] -- Up-to-date: /home/yyj/my_ws/install/my_action_interface/include/my_action_interface/my_action_interface/action/detail/docking_two__struct.h
[8.473s] -- Up-to-date: /home/yyj/my_ws/install/my_action_interface/include/my_action_interface/my_action_interface/action/detail/open__struct.h
[8.473s] -- Up-to-date: /home/yyj/my_ws/install/my_action_interface/include/my_action_interface/my_action_interface/action/open.h
[8.473s] -- Up-to-date: /home/yyj/my_ws/install/my_action_interface/include/my_action_interface/my_action_interface/action/docking_two.h
[8.473s] -- Up-to-date: /home/yyj/my_ws/install/my_action_interface/include/my_action_interface/my_action_interface/msg
[8.474s] -- Up-to-date: /home/yyj/my_ws/install/my_action_interface/include/my_action_interface/my_action_interface/msg/rosidl_generator_c__visibility_control.h
[8.474s] -- Up-to-date: /home/yyj/my_ws/install/my_action_interface/share/my_action_interface/environment/library_path.sh
[8.474s] -- Up-to-date: /home/yyj/my_ws/install/my_action_interface/share/my_action_interface/environment/library_path.dsv
[8.474s] -- Up-to-date: /home/yyj/my_ws/install/my_action_interface/lib/libmy_action_interface__rosidl_generator_c.so
[8.475s] -- Up-to-date: /home/yyj/my_ws/install/my_action_interface/include/my_action_interface/my_action_interface
[8.475s] -- Up-to-date: /home/yyj/my_ws/install/my_action_interface/include/my_action_interface/my_action_interface/action
[8.475s] -- Up-to-date: /home/yyj/my_ws/install/my_action_interface/include/my_action_interface/my_action_interface/action/detail
[8.475s] -- Up-to-date: /home/yyj/my_ws/install/my_action_interface/include/my_action_interface/my_action_interface/action/detail/docking_two__rosidl_typesupport_fastrtps_c.h
[8.476s] -- Up-to-date: /home/yyj/my_ws/install/my_action_interface/include/my_action_interface/my_action_interface/action/detail/open__rosidl_typesupport_fastrtps_c.h
[8.476s] -- Up-to-date: /home/yyj/my_ws/install/my_action_interface/include/my_action_interface/my_action_interface/msg
[8.476s] -- Up-to-date: /home/yyj/my_ws/install/my_action_interface/include/my_action_interface/my_action_interface/msg/rosidl_typesupport_fastrtps_c__visibility_control.h
[8.476s] -- Up-to-date: /home/yyj/my_ws/install/my_action_interface/lib/libmy_action_interface__rosidl_typesupport_fastrtps_c.so
[8.476s] -- Up-to-date: /home/yyj/my_ws/install/my_action_interface/include/my_action_interface/my_action_interface
[8.477s] -- Up-to-date: /home/yyj/my_ws/install/my_action_interface/include/my_action_interface/my_action_interface/action
[8.477s] -- Up-to-date: /home/yyj/my_ws/install/my_action_interface/include/my_action_interface/my_action_interface/action/detail
[8.477s] -- Up-to-date: /home/yyj/my_ws/install/my_action_interface/include/my_action_interface/my_action_interface/action/detail/docking_two__rosidl_typesupport_introspection_c.h
[8.477s] -- Up-to-date: /home/yyj/my_ws/install/my_action_interface/include/my_action_interface/my_action_interface/action/detail/open__rosidl_typesupport_introspection_c.h
[8.477s] -- Up-to-date: /home/yyj/my_ws/install/my_action_interface/include/my_action_interface/my_action_interface/action/detail/open__type_support.c
[8.478s] -- Up-to-date: /home/yyj/my_ws/install/my_action_interface/include/my_action_interface/my_action_interface/action/detail/docking_two__type_support.c
[8.478s] -- Up-to-date: /home/yyj/my_ws/install/my_action_interface/include/my_action_interface/my_action_interface/msg
[8.478s] -- Up-to-date: /home/yyj/my_ws/install/my_action_interface/include/my_action_interface/my_action_interface/msg/rosidl_typesupport_introspection_c__visibility_control.h
[8.478s] -- Up-to-date: /home/yyj/my_ws/install/my_action_interface/lib/libmy_action_interface__rosidl_typesupport_introspection_c.so
[8.478s] -- Up-to-date: /home/yyj/my_ws/install/my_action_interface/lib/libmy_action_interface__rosidl_typesupport_c.so
[8.478s] -- Up-to-date: /home/yyj/my_ws/install/my_action_interface/include/my_action_interface/my_action_interface
[8.479s] -- Up-to-date: /home/yyj/my_ws/install/my_action_interface/include/my_action_interface/my_action_interface/action
[8.479s] -- Up-to-date: /home/yyj/my_ws/install/my_action_interface/include/my_action_interface/my_action_interface/action/docking_two.hpp
[8.479s] -- Up-to-date: /home/yyj/my_ws/install/my_action_interface/include/my_action_interface/my_action_interface/action/detail
[8.479s] -- Up-to-date: /home/yyj/my_ws/install/my_action_interface/include/my_action_interface/my_action_interface/action/detail/docking_two__builder.hpp
[8.479s] -- Up-to-date: /home/yyj/my_ws/install/my_action_interface/include/my_action_interface/my_action_interface/action/detail/open__builder.hpp
[8.487s] -- Up-to-date: /home/yyj/my_ws/install/my_action_interface/include/my_action_interface/my_action_interface/action/detail/docking_two__struct.hpp
[8.488s] -- Up-to-date: /home/yyj/my_ws/install/my_action_interface/include/my_action_interface/my_action_interface/action/detail/open__struct.hpp
[8.489s] -- Up-to-date: /home/yyj/my_ws/install/my_action_interface/include/my_action_interface/my_action_interface/action/detail/open__traits.hpp
[8.489s] -- Up-to-date: /home/yyj/my_ws/install/my_action_interface/include/my_action_interface/my_action_interface/action/detail/docking_two__traits.hpp
[8.489s] -- Up-to-date: /home/yyj/my_ws/install/my_action_interface/include/my_action_interface/my_action_interface/action/open.hpp
[8.490s] -- Up-to-date: /home/yyj/my_ws/install/my_action_interface/include/my_action_interface/my_action_interface
[8.492s] -- Up-to-date: /home/yyj/my_ws/install/my_action_interface/include/my_action_interface/my_action_interface/action
[8.494s] -- Up-to-date: /home/yyj/my_ws/install/my_action_interface/include/my_action_interface/my_action_interface/action/detail
[8.494s] -- Up-to-date: /home/yyj/my_ws/install/my_action_interface/include/my_action_interface/my_action_interface/action/detail/dds_fastrtps
[8.495s] -- Up-to-date: /home/yyj/my_ws/install/my_action_interface/include/my_action_interface/my_action_interface/action/detail/docking_two__rosidl_typesupport_fastrtps_cpp.hpp
[8.495s] -- Up-to-date: /home/yyj/my_ws/install/my_action_interface/include/my_action_interface/my_action_interface/action/detail/open__rosidl_typesupport_fastrtps_cpp.hpp
[8.496s] -- Up-to-date: /home/yyj/my_ws/install/my_action_interface/include/my_action_interface/my_action_interface/msg
[8.497s] -- Up-to-date: /home/yyj/my_ws/install/my_action_interface/include/my_action_interface/my_action_interface/msg/rosidl_typesupport_fastrtps_cpp__visibility_control.h
[8.497s] -- Up-to-date: /home/yyj/my_ws/install/my_action_interface/lib/libmy_action_interface__rosidl_typesupport_fastrtps_cpp.so
[8.497s] -- Up-to-date: /home/yyj/my_ws/install/my_action_interface/include/my_action_interface/my_action_interface
[8.497s] -- Up-to-date: /home/yyj/my_ws/install/my_action_interface/include/my_action_interface/my_action_interface/action
[8.498s] -- Up-to-date: /home/yyj/my_ws/install/my_action_interface/include/my_action_interface/my_action_interface/action/detail
[8.498s] -- Up-to-date: /home/yyj/my_ws/install/my_action_interface/include/my_action_interface/my_action_interface/action/detail/docking_two__type_support.cpp
[8.498s] -- Up-to-date: /home/yyj/my_ws/install/my_action_interface/include/my_action_interface/my_action_interface/action/detail/docking_two__rosidl_typesupport_introspection_cpp.hpp
[8.499s] -- Up-to-date: /home/yyj/my_ws/install/my_action_interface/include/my_action_interface/my_action_interface/action/detail/open__rosidl_typesupport_introspection_cpp.hpp
[8.499s] -- Up-to-date: /home/yyj/my_ws/install/my_action_interface/include/my_action_interface/my_action_interface/action/detail/open__type_support.cpp
[8.500s] -- Up-to-date: /home/yyj/my_ws/install/my_action_interface/lib/libmy_action_interface__rosidl_typesupport_introspection_cpp.so
[8.500s] -- Up-to-date: /home/yyj/my_ws/install/my_action_interface/lib/libmy_action_interface__rosidl_typesupport_cpp.so
[8.500s] -- Up-to-date: /home/yyj/my_ws/install/my_action_interface/share/my_action_interface/environment/pythonpath.sh
[8.501s] -- Up-to-date: /home/yyj/my_ws/install/my_action_interface/share/my_action_interface/environment/pythonpath.dsv
[8.501s] -- Up-to-date: /home/yyj/my_ws/install/my_action_interface/local/lib/python3.10/dist-packages/my_action_interface-0.0.0-py3.10.egg-info
[8.501s] -- Installing: /home/yyj/my_ws/install/my_action_interface/local/lib/python3.10/dist-packages/my_action_interface-0.0.0-py3.10.egg-info/SOURCES.txt
[8.501s] -- Installing: /home/yyj/my_ws/install/my_action_interface/local/lib/python3.10/dist-packages/my_action_interface-0.0.0-py3.10.egg-info/top_level.txt
[8.501s] -- Installing: /home/yyj/my_ws/install/my_action_interface/local/lib/python3.10/dist-packages/my_action_interface-0.0.0-py3.10.egg-info/dependency_links.txt
[8.502s] -- Installing: /home/yyj/my_ws/install/my_action_interface/local/lib/python3.10/dist-packages/my_action_interface-0.0.0-py3.10.egg-info/PKG-INFO
[8.502s] -- Up-to-date: /home/yyj/my_ws/install/my_action_interface/local/lib/python3.10/dist-packages/my_action_interface
[8.502s] -- Up-to-date: /home/yyj/my_ws/install/my_action_interface/local/lib/python3.10/dist-packages/my_action_interface/action
[8.503s] -- Up-to-date: /home/yyj/my_ws/install/my_action_interface/local/lib/python3.10/dist-packages/my_action_interface/action/_open_s.c
[8.505s] -- Up-to-date: /home/yyj/my_ws/install/my_action_interface/local/lib/python3.10/dist-packages/my_action_interface/action/__init__.py
[8.505s] -- Up-to-date: /home/yyj/my_ws/install/my_action_interface/local/lib/python3.10/dist-packages/my_action_interface/action/_open.py
[8.505s] -- Up-to-date: /home/yyj/my_ws/install/my_action_interface/local/lib/python3.10/dist-packages/my_action_interface/action/_docking_two.py
[8.506s] -- Up-to-date: /home/yyj/my_ws/install/my_action_interface/local/lib/python3.10/dist-packages/my_action_interface/action/_docking_two_s.c
[8.506s] -- Up-to-date: /home/yyj/my_ws/install/my_action_interface/local/lib/python3.10/dist-packages/my_action_interface/my_action_interface_s__rosidl_typesupport_introspection_c.cpython-310-x86_64-linux-gnu.so
[8.506s] -- Up-to-date: /home/yyj/my_ws/install/my_action_interface/local/lib/python3.10/dist-packages/my_action_interface/_my_action_interface_s.ep.rosidl_typesupport_c.c
[8.506s] -- Up-to-date: /home/yyj/my_ws/install/my_action_interface/local/lib/python3.10/dist-packages/my_action_interface/libmy_action_interface__rosidl_generator_py.so
[8.506s] -- Up-to-date: /home/yyj/my_ws/install/my_action_interface/local/lib/python3.10/dist-packages/my_action_interface/_my_action_interface_s.ep.rosidl_typesupport_fastrtps_c.c
[8.507s] -- Up-to-date: /home/yyj/my_ws/install/my_action_interface/local/lib/python3.10/dist-packages/my_action_interface/my_action_interface_s__rosidl_typesupport_c.cpython-310-x86_64-linux-gnu.so
[8.507s] -- Up-to-date: /home/yyj/my_ws/install/my_action_interface/local/lib/python3.10/dist-packages/my_action_interface/__init__.py
[8.507s] -- Up-to-date: /home/yyj/my_ws/install/my_action_interface/local/lib/python3.10/dist-packages/my_action_interface/_my_action_interface_s.ep.rosidl_typesupport_introspection_c.c
[8.507s] -- Up-to-date: /home/yyj/my_ws/install/my_action_interface/local/lib/python3.10/dist-packages/my_action_interface/my_action_interface_s__rosidl_typesupport_fastrtps_c.cpython-310-x86_64-linux-gnu.so
[8.614s] Listing '/home/yyj/my_ws/install/my_action_interface/local/lib/python3.10/dist-packages/my_action_interface'...
[8.615s] Listing '/home/yyj/my_ws/install/my_action_interface/local/lib/python3.10/dist-packages/my_action_interface/action'...
[8.633s] -- Up-to-date: /home/yyj/my_ws/install/my_action_interface/local/lib/python3.10/dist-packages/my_action_interface/my_action_interface_s__rosidl_typesupport_fastrtps_c.cpython-310-x86_64-linux-gnu.so
[8.635s] -- Up-to-date: /home/yyj/my_ws/install/my_action_interface/local/lib/python3.10/dist-packages/my_action_interface/my_action_interface_s__rosidl_typesupport_introspection_c.cpython-310-x86_64-linux-gnu.so
[8.636s] -- Up-to-date: /home/yyj/my_ws/install/my_action_interface/local/lib/python3.10/dist-packages/my_action_interface/my_action_interface_s__rosidl_typesupport_c.cpython-310-x86_64-linux-gnu.so
[8.638s] -- Up-to-date: /home/yyj/my_ws/install/my_action_interface/lib/libmy_action_interface__rosidl_generator_py.so
[8.639s] -- Up-to-date: /home/yyj/my_ws/install/my_action_interface/share/my_action_interface/action/Open.idl
[8.641s] -- Up-to-date: /home/yyj/my_ws/install/my_action_interface/share/my_action_interface/action/DockingTwo.idl
[8.641s] -- Up-to-date: /home/yyj/my_ws/install/my_action_interface/share/my_action_interface/action/Open.action
[8.642s] -- Up-to-date: /home/yyj/my_ws/install/my_action_interface/share/my_action_interface/action/DockingTwo.action
[8.642s] -- Up-to-date: /home/yyj/my_ws/install/my_action_interface/share/ament_index/resource_index/package_run_dependencies/my_action_interface
[8.643s] -- Up-to-date: /home/yyj/my_ws/install/my_action_interface/share/ament_index/resource_index/parent_prefix_path/my_action_interface
[8.648s] -- Up-to-date: /home/yyj/my_ws/install/my_action_interface/share/my_action_interface/environment/ament_prefix_path.sh
[8.652s] -- Up-to-date: /home/yyj/my_ws/install/my_action_interface/share/my_action_interface/environment/ament_prefix_path.dsv
[8.652s] -- Up-to-date: /home/yyj/my_ws/install/my_action_interface/share/my_action_interface/environment/path.sh
[8.653s] -- Up-to-date: /home/yyj/my_ws/install/my_action_interface/share/my_action_interface/environment/path.dsv
[8.653s] -- Up-to-date: /home/yyj/my_ws/install/my_action_interface/share/my_action_interface/local_setup.bash
[8.654s] -- Up-to-date: /home/yyj/my_ws/install/my_action_interface/share/my_action_interface/local_setup.sh
[8.654s] -- Up-to-date: /home/yyj/my_ws/install/my_action_interface/share/my_action_interface/local_setup.zsh
[8.654s] -- Up-to-date: /home/yyj/my_ws/install/my_action_interface/share/my_action_interface/local_setup.dsv
[8.655s] -- Installing: /home/yyj/my_ws/install/my_action_interface/share/my_action_interface/package.dsv
[8.655s] -- Up-to-date: /home/yyj/my_ws/install/my_action_interface/share/ament_index/resource_index/packages/my_action_interface
[8.657s] -- Up-to-date: /home/yyj/my_ws/install/my_action_interface/share/my_action_interface/cmake/export_my_action_interface__rosidl_generator_cExport.cmake
[8.657s] -- Up-to-date: /home/yyj/my_ws/install/my_action_interface/share/my_action_interface/cmake/export_my_action_interface__rosidl_generator_cExport-noconfig.cmake
[8.657s] -- Up-to-date: /home/yyj/my_ws/install/my_action_interface/share/my_action_interface/cmake/export_my_action_interface__rosidl_typesupport_fastrtps_cExport.cmake
[8.658s] -- Up-to-date: /home/yyj/my_ws/install/my_action_interface/share/my_action_interface/cmake/export_my_action_interface__rosidl_typesupport_fastrtps_cExport-noconfig.cmake
[8.658s] -- Up-to-date: /home/yyj/my_ws/install/my_action_interface/share/my_action_interface/cmake/my_action_interface__rosidl_typesupport_introspection_cExport.cmake
[8.659s] -- Up-to-date: /home/yyj/my_ws/install/my_action_interface/share/my_action_interface/cmake/my_action_interface__rosidl_typesupport_introspection_cExport-noconfig.cmake
[8.659s] -- Up-to-date: /home/yyj/my_ws/install/my_action_interface/share/my_action_interface/cmake/my_action_interface__rosidl_typesupport_cExport.cmake
[8.661s] -- Up-to-date: /home/yyj/my_ws/install/my_action_interface/share/my_action_interface/cmake/my_action_interface__rosidl_typesupport_cExport-noconfig.cmake
[8.662s] -- Up-to-date: /home/yyj/my_ws/install/my_action_interface/share/my_action_interface/cmake/export_my_action_interface__rosidl_generator_cppExport.cmake
[8.662s] -- Up-to-date: /home/yyj/my_ws/install/my_action_interface/share/my_action_interface/cmake/export_my_action_interface__rosidl_typesupport_fastrtps_cppExport.cmake
[8.662s] -- Up-to-date: /home/yyj/my_ws/install/my_action_interface/share/my_action_interface/cmake/export_my_action_interface__rosidl_typesupport_fastrtps_cppExport-noconfig.cmake
[8.665s] -- Up-to-date: /home/yyj/my_ws/install/my_action_interface/share/my_action_interface/cmake/my_action_interface__rosidl_typesupport_introspection_cppExport.cmake
[8.680s] -- Up-to-date: /home/yyj/my_ws/install/my_action_interface/share/my_action_interface/cmake/my_action_interface__rosidl_typesupport_introspection_cppExport-noconfig.cmake
[8.690s] -- Up-to-date: /home/yyj/my_ws/install/my_action_interface/share/my_action_interface/cmake/my_action_interface__rosidl_typesupport_cppExport.cmake
[8.691s] -- Up-to-date: /home/yyj/my_ws/install/my_action_interface/share/my_action_interface/cmake/my_action_interface__rosidl_typesupport_cppExport-noconfig.cmake
[8.691s] -- Up-to-date: /home/yyj/my_ws/install/my_action_interface/share/my_action_interface/cmake/export_my_action_interface__rosidl_generator_pyExport.cmake
[8.691s] -- Up-to-date: /home/yyj/my_ws/install/my_action_interface/share/my_action_interface/cmake/export_my_action_interface__rosidl_generator_pyExport-noconfig.cmake
[8.691s] -- Up-to-date: /home/yyj/my_ws/install/my_action_interface/share/my_action_interface/cmake/rosidl_cmake-extras.cmake
[8.692s] -- Up-to-date: /home/yyj/my_ws/install/my_action_interface/share/my_action_interface/cmake/ament_cmake_export_dependencies-extras.cmake
[8.692s] -- Up-to-date: /home/yyj/my_ws/install/my_action_interface/share/my_action_interface/cmake/ament_cmake_export_include_directories-extras.cmake
[8.692s] -- Up-to-date: /home/yyj/my_ws/install/my_action_interface/share/my_action_interface/cmake/ament_cmake_export_libraries-extras.cmake
[8.692s] -- Up-to-date: /home/yyj/my_ws/install/my_action_interface/share/my_action_interface/cmake/ament_cmake_export_targets-extras.cmake
[8.692s] -- Up-to-date: /home/yyj/my_ws/install/my_action_interface/share/my_action_interface/cmake/rosidl_cmake_export_typesupport_targets-extras.cmake
[8.693s] -- Up-to-date: /home/yyj/my_ws/install/my_action_interface/share/my_action_interface/cmake/rosidl_cmake_export_typesupport_libraries-extras.cmake
[8.693s] -- Up-to-date: /home/yyj/my_ws/install/my_action_interface/share/my_action_interface/cmake/my_action_interfaceConfig.cmake
[8.693s] -- Up-to-date: /home/yyj/my_ws/install/my_action_interface/share/my_action_interface/cmake/my_action_interfaceConfig-version.cmake
[8.693s] -- Up-to-date: /home/yyj/my_ws/install/my_action_interface/share/my_action_interface/package.xml
[8.733s] Invoked command in '/home/yyj/my_ws/build/my_action_interface' returned '0': CMAKE_PREFIX_PATH=${CMAKE_PREFIX_PATH}:/home/yyj/my_ws/install/ros2_aruco:/home/yyj/my_ws/install/open_action_server:/home/yyj/my_ws/install/my_tf2_package:/home/yyj/my_ws/install/my_docking:/home/yyj/my_ws/install/my_aruco_to_goal_pose_pkg:/opt/ros/humble /usr/bin/cmake --install /home/yyj/my_ws/build/my_action_interface
