[6.527s] Invoking command in '/home/yyj/my_ws/src/open_action_server': PYTHONPATH=/home/yyj/my_ws/build/open_action_server/prefix_override:/home/yyj/my_ws/install/open_action_server/lib/python3.10/site-packages:${PYTHONPATH} /usr/bin/python3 -W ignore:setup.py install is deprecated setup.py egg_info --egg-base ../../build/open_action_server build --build-base /home/yyj/my_ws/build/open_action_server/build install --record /home/yyj/my_ws/build/open_action_server/install.log --single-version-externally-managed install_data
[7.821s] running egg_info
[7.824s] writing ../../build/open_action_server/open_action_server.egg-info/PKG-INFO
[7.827s] writing dependency_links to ../../build/open_action_server/open_action_server.egg-info/dependency_links.txt
[7.827s] writing entry points to ../../build/open_action_server/open_action_server.egg-info/entry_points.txt
[7.827s] writing requirements to ../../build/open_action_server/open_action_server.egg-info/requires.txt
[7.828s] writing top-level names to ../../build/open_action_server/open_action_server.egg-info/top_level.txt
[7.836s] reading manifest file '../../build/open_action_server/open_action_server.egg-info/SOURCES.txt'
[7.839s] writing manifest file '../../build/open_action_server/open_action_server.egg-info/SOURCES.txt'
[7.841s] running build
[7.841s] running build_py
[7.842s] running install
[7.842s] running install_lib
[7.846s] running install_data
[7.846s] running install_egg_info
[7.855s] removing '/home/yyj/my_ws/install/open_action_server/lib/python3.10/site-packages/open_action_server-0.0.0-py3.10.egg-info' (and everything under it)
[7.857s] Copying ../../build/open_action_server/open_action_server.egg-info to /home/yyj/my_ws/install/open_action_server/lib/python3.10/site-packages/open_action_server-0.0.0-py3.10.egg-info
[7.861s] running install_scripts
[7.957s] Installing open_action_server script to /home/yyj/my_ws/install/open_action_server/lib/open_action_server
[7.958s] writing list of installed files to '/home/yyj/my_ws/build/open_action_server/install.log'
[8.057s] Invoked command in '/home/yyj/my_ws/src/open_action_server' returned '0': PYTHONPATH=/home/yyj/my_ws/build/open_action_server/prefix_override:/home/yyj/my_ws/install/open_action_server/lib/python3.10/site-packages:${PYTHONPATH} /usr/bin/python3 -W ignore:setup.py install is deprecated setup.py egg_info --egg-base ../../build/open_action_server build --build-base /home/yyj/my_ws/build/open_action_server/build install --record /home/yyj/my_ws/build/open_action_server/install.log --single-version-externally-managed install_data
