[2.923s] Invoking command in '/home/yyj/my_ws/build/slam_toolbox': CMAKE_PREFIX_PATH=${CMAKE_PREFIX_PATH}:/home/yyj/my_ws/install/ros2_aruco:/home/yyj/my_ws/install/open_action_server:/home/yyj/my_ws/install/my_tf2_package:/home/yyj/my_ws/install/my_docking:/home/yyj/my_ws/install/my_aruco_to_goal_pose_pkg:/opt/ros/humble /usr/bin/cmake --build /home/yyj/my_ws/build/slam_toolbox -- -j16 -l16
[3.297s] [  1%] Built target slam_toolbox__cpp
[3.346s] [ 10%] Built target slam_toolbox__rosidl_generator_c
[3.380s] [ 10%] Built target ament_cmake_python_copy_slam_toolbox
[3.452s] [ 12%] Built target kartoSlamToolbox
[3.646s] [ 21%] Built target slam_toolbox__rosidl_typesupport_fastrtps_cpp
[3.647s] [ 29%] Built target slam_toolbox__rosidl_typesupport_cpp
[3.650s] [ 37%] Built target slam_toolbox__rosidl_typesupport_c
[3.655s] [ 45%] Built target slam_toolbox__rosidl_typesupport_introspection_cpp
[3.679s] [ 53%] Built target slam_toolbox__rosidl_typesupport_introspection_c
[3.714s] [ 62%] Built target slam_toolbox__rosidl_typesupport_fastrtps_c
[3.930s] [ 64%] Built target ceres_solver_plugin
[3.931s] [ 64%] Built target slam_toolbox
[3.937s] [ 66%] Built target SlamToolboxPlugin
[3.981s] [ 71%] Built target toolbox_common
[4.066s] [ 71%] Built target slam_toolbox__py
[4.269s] [ 79%] Built target slam_toolbox__rosidl_generator_py
[4.277s] [ 81%] Built target async_slam_toolbox
[4.282s] [ 83%] Built target merge_maps_kinematic
[4.286s] [ 84%] Built target lifelong_slam_toolbox
[4.302s] [ 86%] Built target sync_slam_toolbox
[4.324s] [ 87%] Built target localization_slam_toolbox
[4.529s] [ 88%] Built target slam_toolbox__rosidl_typesupport_fastrtps_c__pyext
[4.562s] [ 90%] Built target slam_toolbox__rosidl_typesupport_c__pyext
[4.563s] [ 92%] Built target slam_toolbox__rosidl_typesupport_introspection_c__pyext
[4.602s] [ 93%] Built target async_slam_toolbox_node
[4.604s] [ 94%] Built target sync_slam_toolbox_node
[4.605s] [ 96%] Built target lifelong_slam_toolbox_node
[4.656s] [ 98%] Built target localization_slam_toolbox_node
[4.665s] [ 99%] Built target map_and_localization_slam_toolbox
[4.726s] running egg_info
[4.730s] writing slam_toolbox.egg-info/PKG-INFO
[4.731s] writing dependency_links to slam_toolbox.egg-info/dependency_links.txt
[4.731s] writing top-level names to slam_toolbox.egg-info/top_level.txt
[4.824s] reading manifest file 'slam_toolbox.egg-info/SOURCES.txt'
[4.826s] writing manifest file 'slam_toolbox.egg-info/SOURCES.txt'
[4.852s] [100%] Built target map_and_localization_slam_toolbox_node
[4.875s] [100%] Built target ament_cmake_python_build_slam_toolbox_egg
[5.007s] Invoked command in '/home/yyj/my_ws/build/slam_toolbox' returned '0': CMAKE_PREFIX_PATH=${CMAKE_PREFIX_PATH}:/home/yyj/my_ws/install/ros2_aruco:/home/yyj/my_ws/install/open_action_server:/home/yyj/my_ws/install/my_tf2_package:/home/yyj/my_ws/install/my_docking:/home/yyj/my_ws/install/my_aruco_to_goal_pose_pkg:/opt/ros/humble /usr/bin/cmake --build /home/yyj/my_ws/build/slam_toolbox -- -j16 -l16
[6.288s] Invoking command in '/home/yyj/my_ws/build/slam_toolbox': CMAKE_PREFIX_PATH=${CMAKE_PREFIX_PATH}:/home/yyj/my_ws/install/ros2_aruco:/home/yyj/my_ws/install/open_action_server:/home/yyj/my_ws/install/my_tf2_package:/home/yyj/my_ws/install/my_docking:/home/yyj/my_ws/install/my_aruco_to_goal_pose_pkg:/opt/ros/humble /usr/bin/cmake --install /home/yyj/my_ws/build/slam_toolbox
[6.328s] -- Install configuration: "Release"
[6.329s] -- Up-to-date: /home/yyj/my_ws/install/slam_toolbox/share/ament_index/resource_index/rosidl_interfaces/slam_toolbox
[6.330s] -- Up-to-date: /home/yyj/my_ws/install/slam_toolbox/include/slam_toolbox/slam_toolbox
[6.330s] -- Up-to-date: /home/yyj/my_ws/install/slam_toolbox/include/slam_toolbox/slam_toolbox/srv
[6.332s] -- Up-to-date: /home/yyj/my_ws/install/slam_toolbox/include/slam_toolbox/slam_toolbox/srv/toggle_interactive.h
[6.333s] -- Up-to-date: /home/yyj/my_ws/install/slam_toolbox/include/slam_toolbox/slam_toolbox/srv/clear.h
[6.333s] -- Up-to-date: /home/yyj/my_ws/install/slam_toolbox/include/slam_toolbox/slam_toolbox/srv/add_submap.h
[6.334s] -- Up-to-date: /home/yyj/my_ws/install/slam_toolbox/include/slam_toolbox/slam_toolbox/srv/detail
[6.334s] -- Up-to-date: /home/yyj/my_ws/install/slam_toolbox/include/slam_toolbox/slam_toolbox/srv/detail/clear_queue__struct.h
[6.334s] -- Up-to-date: /home/yyj/my_ws/install/slam_toolbox/include/slam_toolbox/slam_toolbox/srv/detail/merge_maps__functions.h
[6.335s] -- Up-to-date: /home/yyj/my_ws/install/slam_toolbox/include/slam_toolbox/slam_toolbox/srv/detail/merge_maps__functions.c
[6.335s] -- Up-to-date: /home/yyj/my_ws/install/slam_toolbox/include/slam_toolbox/slam_toolbox/srv/detail/add_submap__type_support.h
[6.335s] -- Up-to-date: /home/yyj/my_ws/install/slam_toolbox/include/slam_toolbox/slam_toolbox/srv/detail/clear__struct.h
[6.335s] -- Up-to-date: /home/yyj/my_ws/install/slam_toolbox/include/slam_toolbox/slam_toolbox/srv/detail/clear_queue__functions.h
[6.336s] -- Up-to-date: /home/yyj/my_ws/install/slam_toolbox/include/slam_toolbox/slam_toolbox/srv/detail/pause__struct.h
[6.336s] -- Up-to-date: /home/yyj/my_ws/install/slam_toolbox/include/slam_toolbox/slam_toolbox/srv/detail/save_map__functions.h
[6.336s] -- Up-to-date: /home/yyj/my_ws/install/slam_toolbox/include/slam_toolbox/slam_toolbox/srv/detail/toggle_interactive__type_support.h
[6.336s] -- Up-to-date: /home/yyj/my_ws/install/slam_toolbox/include/slam_toolbox/slam_toolbox/srv/detail/clear_queue__functions.c
[6.337s] -- Up-to-date: /home/yyj/my_ws/install/slam_toolbox/include/slam_toolbox/slam_toolbox/srv/detail/save_map__type_support.h
[6.338s] -- Up-to-date: /home/yyj/my_ws/install/slam_toolbox/include/slam_toolbox/slam_toolbox/srv/detail/deserialize_pose_graph__struct.h
[6.338s] -- Up-to-date: /home/yyj/my_ws/install/slam_toolbox/include/slam_toolbox/slam_toolbox/srv/detail/clear__functions.c
[6.339s] -- Up-to-date: /home/yyj/my_ws/install/slam_toolbox/include/slam_toolbox/slam_toolbox/srv/detail/merge_maps__type_support.h
[6.339s] -- Up-to-date: /home/yyj/my_ws/install/slam_toolbox/include/slam_toolbox/slam_toolbox/srv/detail/clear_queue__type_support.h
[6.339s] -- Up-to-date: /home/yyj/my_ws/install/slam_toolbox/include/slam_toolbox/slam_toolbox/srv/detail/toggle_interactive__functions.c
[6.340s] -- Up-to-date: /home/yyj/my_ws/install/slam_toolbox/include/slam_toolbox/slam_toolbox/srv/detail/add_submap__functions.c
[6.340s] -- Up-to-date: /home/yyj/my_ws/install/slam_toolbox/include/slam_toolbox/slam_toolbox/srv/detail/add_submap__functions.h
[6.342s] -- Up-to-date: /home/yyj/my_ws/install/slam_toolbox/include/slam_toolbox/slam_toolbox/srv/detail/serialize_pose_graph__functions.h
[6.344s] -- Up-to-date: /home/yyj/my_ws/install/slam_toolbox/include/slam_toolbox/slam_toolbox/srv/detail/serialize_pose_graph__type_support.h
[6.344s] -- Up-to-date: /home/yyj/my_ws/install/slam_toolbox/include/slam_toolbox/slam_toolbox/srv/detail/loop_closure__functions.c
[6.344s] -- Up-to-date: /home/yyj/my_ws/install/slam_toolbox/include/slam_toolbox/slam_toolbox/srv/detail/deserialize_pose_graph__functions.c
[6.344s] -- Up-to-date: /home/yyj/my_ws/install/slam_toolbox/include/slam_toolbox/slam_toolbox/srv/detail/serialize_pose_graph__struct.h
[6.345s] -- Up-to-date: /home/yyj/my_ws/install/slam_toolbox/include/slam_toolbox/slam_toolbox/srv/detail/add_submap__struct.h
[6.345s] -- Up-to-date: /home/yyj/my_ws/install/slam_toolbox/include/slam_toolbox/slam_toolbox/srv/detail/serialize_pose_graph__functions.c
[6.345s] -- Up-to-date: /home/yyj/my_ws/install/slam_toolbox/include/slam_toolbox/slam_toolbox/srv/detail/pause__functions.h
[6.345s] -- Up-to-date: /home/yyj/my_ws/install/slam_toolbox/include/slam_toolbox/slam_toolbox/srv/detail/save_map__functions.c
[6.345s] -- Up-to-date: /home/yyj/my_ws/install/slam_toolbox/include/slam_toolbox/slam_toolbox/srv/detail/merge_maps__struct.h
[6.346s] -- Up-to-date: /home/yyj/my_ws/install/slam_toolbox/include/slam_toolbox/slam_toolbox/srv/detail/loop_closure__struct.h
[6.346s] -- Up-to-date: /home/yyj/my_ws/install/slam_toolbox/include/slam_toolbox/slam_toolbox/srv/detail/loop_closure__type_support.h
[6.346s] -- Up-to-date: /home/yyj/my_ws/install/slam_toolbox/include/slam_toolbox/slam_toolbox/srv/detail/toggle_interactive__struct.h
[6.348s] -- Up-to-date: /home/yyj/my_ws/install/slam_toolbox/include/slam_toolbox/slam_toolbox/srv/detail/deserialize_pose_graph__type_support.h
[6.348s] -- Up-to-date: /home/yyj/my_ws/install/slam_toolbox/include/slam_toolbox/slam_toolbox/srv/detail/toggle_interactive__functions.h
[6.349s] -- Up-to-date: /home/yyj/my_ws/install/slam_toolbox/include/slam_toolbox/slam_toolbox/srv/detail/pause__functions.c
[6.349s] -- Up-to-date: /home/yyj/my_ws/install/slam_toolbox/include/slam_toolbox/slam_toolbox/srv/detail/clear__type_support.h
[6.349s] -- Up-to-date: /home/yyj/my_ws/install/slam_toolbox/include/slam_toolbox/slam_toolbox/srv/detail/clear__functions.h
[6.349s] -- Up-to-date: /home/yyj/my_ws/install/slam_toolbox/include/slam_toolbox/slam_toolbox/srv/detail/loop_closure__functions.h
[6.350s] -- Up-to-date: /home/yyj/my_ws/install/slam_toolbox/include/slam_toolbox/slam_toolbox/srv/detail/pause__type_support.h
[6.350s] -- Up-to-date: /home/yyj/my_ws/install/slam_toolbox/include/slam_toolbox/slam_toolbox/srv/detail/save_map__struct.h
[6.350s] -- Up-to-date: /home/yyj/my_ws/install/slam_toolbox/include/slam_toolbox/slam_toolbox/srv/detail/deserialize_pose_graph__functions.h
[6.350s] -- Up-to-date: /home/yyj/my_ws/install/slam_toolbox/include/slam_toolbox/slam_toolbox/srv/serialize_pose_graph.h
[6.350s] -- Up-to-date: /home/yyj/my_ws/install/slam_toolbox/include/slam_toolbox/slam_toolbox/srv/clear_queue.h
[6.351s] -- Up-to-date: /home/yyj/my_ws/install/slam_toolbox/include/slam_toolbox/slam_toolbox/srv/merge_maps.h
[6.351s] -- Up-to-date: /home/yyj/my_ws/install/slam_toolbox/include/slam_toolbox/slam_toolbox/srv/deserialize_pose_graph.h
[6.351s] -- Up-to-date: /home/yyj/my_ws/install/slam_toolbox/include/slam_toolbox/slam_toolbox/srv/pause.h
[6.352s] -- Up-to-date: /home/yyj/my_ws/install/slam_toolbox/include/slam_toolbox/slam_toolbox/srv/loop_closure.h
[6.352s] -- Up-to-date: /home/yyj/my_ws/install/slam_toolbox/include/slam_toolbox/slam_toolbox/srv/save_map.h
[6.352s] -- Up-to-date: /home/yyj/my_ws/install/slam_toolbox/include/slam_toolbox/slam_toolbox/msg
[6.353s] -- Up-to-date: /home/yyj/my_ws/install/slam_toolbox/include/slam_toolbox/slam_toolbox/msg/rosidl_generator_c__visibility_control.h
[6.353s] -- Up-to-date: /home/yyj/my_ws/install/slam_toolbox/share/slam_toolbox/environment/library_path.sh
[6.353s] -- Up-to-date: /home/yyj/my_ws/install/slam_toolbox/share/slam_toolbox/environment/library_path.dsv
[6.354s] -- Up-to-date: /home/yyj/my_ws/install/slam_toolbox/lib/libslam_toolbox__rosidl_generator_c.so
[6.354s] -- Up-to-date: /home/yyj/my_ws/install/slam_toolbox/include/slam_toolbox/slam_toolbox
[6.355s] -- Up-to-date: /home/yyj/my_ws/install/slam_toolbox/include/slam_toolbox/slam_toolbox/srv
[6.355s] -- Up-to-date: /home/yyj/my_ws/install/slam_toolbox/include/slam_toolbox/slam_toolbox/srv/detail
[6.355s] -- Up-to-date: /home/yyj/my_ws/install/slam_toolbox/include/slam_toolbox/slam_toolbox/srv/detail/toggle_interactive__rosidl_typesupport_fastrtps_c.h
[6.356s] -- Up-to-date: /home/yyj/my_ws/install/slam_toolbox/include/slam_toolbox/slam_toolbox/srv/detail/deserialize_pose_graph__rosidl_typesupport_fastrtps_c.h
[6.356s] -- Up-to-date: /home/yyj/my_ws/install/slam_toolbox/include/slam_toolbox/slam_toolbox/srv/detail/loop_closure__rosidl_typesupport_fastrtps_c.h
[6.356s] -- Up-to-date: /home/yyj/my_ws/install/slam_toolbox/include/slam_toolbox/slam_toolbox/srv/detail/merge_maps__rosidl_typesupport_fastrtps_c.h
[6.356s] -- Up-to-date: /home/yyj/my_ws/install/slam_toolbox/include/slam_toolbox/slam_toolbox/srv/detail/serialize_pose_graph__rosidl_typesupport_fastrtps_c.h
[6.357s] -- Up-to-date: /home/yyj/my_ws/install/slam_toolbox/include/slam_toolbox/slam_toolbox/srv/detail/clear__rosidl_typesupport_fastrtps_c.h
[6.358s] -- Up-to-date: /home/yyj/my_ws/install/slam_toolbox/include/slam_toolbox/slam_toolbox/srv/detail/add_submap__rosidl_typesupport_fastrtps_c.h
[6.358s] -- Up-to-date: /home/yyj/my_ws/install/slam_toolbox/include/slam_toolbox/slam_toolbox/srv/detail/clear_queue__rosidl_typesupport_fastrtps_c.h
[6.359s] -- Up-to-date: /home/yyj/my_ws/install/slam_toolbox/include/slam_toolbox/slam_toolbox/srv/detail/pause__rosidl_typesupport_fastrtps_c.h
[6.359s] -- Up-to-date: /home/yyj/my_ws/install/slam_toolbox/include/slam_toolbox/slam_toolbox/srv/detail/save_map__rosidl_typesupport_fastrtps_c.h
[6.359s] -- Up-to-date: /home/yyj/my_ws/install/slam_toolbox/include/slam_toolbox/slam_toolbox/msg
[6.360s] -- Up-to-date: /home/yyj/my_ws/install/slam_toolbox/include/slam_toolbox/slam_toolbox/msg/rosidl_typesupport_fastrtps_c__visibility_control.h
[6.360s] -- Up-to-date: /home/yyj/my_ws/install/slam_toolbox/lib/libslam_toolbox__rosidl_typesupport_fastrtps_c.so
[6.360s] -- Up-to-date: /home/yyj/my_ws/install/slam_toolbox/include/slam_toolbox/slam_toolbox
[6.361s] -- Up-to-date: /home/yyj/my_ws/install/slam_toolbox/include/slam_toolbox/slam_toolbox/srv
[6.361s] -- Up-to-date: /home/yyj/my_ws/install/slam_toolbox/include/slam_toolbox/slam_toolbox/srv/merge_maps.hpp
[6.361s] -- Up-to-date: /home/yyj/my_ws/install/slam_toolbox/include/slam_toolbox/slam_toolbox/srv/toggle_interactive.hpp
[6.361s] -- Up-to-date: /home/yyj/my_ws/install/slam_toolbox/include/slam_toolbox/slam_toolbox/srv/add_submap.hpp
[6.362s] -- Up-to-date: /home/yyj/my_ws/install/slam_toolbox/include/slam_toolbox/slam_toolbox/srv/detail
[6.362s] -- Up-to-date: /home/yyj/my_ws/install/slam_toolbox/include/slam_toolbox/slam_toolbox/srv/detail/clear_queue__builder.hpp
[6.362s] -- Up-to-date: /home/yyj/my_ws/install/slam_toolbox/include/slam_toolbox/slam_toolbox/srv/detail/merge_maps__traits.hpp
[6.362s] -- Up-to-date: /home/yyj/my_ws/install/slam_toolbox/include/slam_toolbox/slam_toolbox/srv/detail/save_map__struct.hpp
[6.362s] -- Up-to-date: /home/yyj/my_ws/install/slam_toolbox/include/slam_toolbox/slam_toolbox/srv/detail/serialize_pose_graph__builder.hpp
[6.363s] -- Up-to-date: /home/yyj/my_ws/install/slam_toolbox/include/slam_toolbox/slam_toolbox/srv/detail/toggle_interactive__struct.hpp
[6.363s] -- Up-to-date: /home/yyj/my_ws/install/slam_toolbox/include/slam_toolbox/slam_toolbox/srv/detail/clear__builder.hpp
[6.363s] -- Up-to-date: /home/yyj/my_ws/install/slam_toolbox/include/slam_toolbox/slam_toolbox/srv/detail/toggle_interactive__builder.hpp
[6.363s] -- Up-to-date: /home/yyj/my_ws/install/slam_toolbox/include/slam_toolbox/slam_toolbox/srv/detail/toggle_interactive__traits.hpp
[6.363s] -- Up-to-date: /home/yyj/my_ws/install/slam_toolbox/include/slam_toolbox/slam_toolbox/srv/detail/clear__traits.hpp
[6.364s] -- Up-to-date: /home/yyj/my_ws/install/slam_toolbox/include/slam_toolbox/slam_toolbox/srv/detail/add_submap__traits.hpp
[6.364s] -- Up-to-date: /home/yyj/my_ws/install/slam_toolbox/include/slam_toolbox/slam_toolbox/srv/detail/save_map__traits.hpp
[6.364s] -- Up-to-date: /home/yyj/my_ws/install/slam_toolbox/include/slam_toolbox/slam_toolbox/srv/detail/add_submap__struct.hpp
[6.364s] -- Up-to-date: /home/yyj/my_ws/install/slam_toolbox/include/slam_toolbox/slam_toolbox/srv/detail/merge_maps__builder.hpp
[6.365s] -- Up-to-date: /home/yyj/my_ws/install/slam_toolbox/include/slam_toolbox/slam_toolbox/srv/detail/add_submap__builder.hpp
[6.365s] -- Up-to-date: /home/yyj/my_ws/install/slam_toolbox/include/slam_toolbox/slam_toolbox/srv/detail/deserialize_pose_graph__traits.hpp
[6.365s] -- Up-to-date: /home/yyj/my_ws/install/slam_toolbox/include/slam_toolbox/slam_toolbox/srv/detail/loop_closure__traits.hpp
[6.366s] -- Up-to-date: /home/yyj/my_ws/install/slam_toolbox/include/slam_toolbox/slam_toolbox/srv/detail/pause__builder.hpp
[6.366s] -- Up-to-date: /home/yyj/my_ws/install/slam_toolbox/include/slam_toolbox/slam_toolbox/srv/detail/save_map__builder.hpp
[6.366s] -- Up-to-date: /home/yyj/my_ws/install/slam_toolbox/include/slam_toolbox/slam_toolbox/srv/detail/deserialize_pose_graph__struct.hpp
[6.367s] -- Up-to-date: /home/yyj/my_ws/install/slam_toolbox/include/slam_toolbox/slam_toolbox/srv/detail/pause__traits.hpp
[6.367s] -- Up-to-date: /home/yyj/my_ws/install/slam_toolbox/include/slam_toolbox/slam_toolbox/srv/detail/deserialize_pose_graph__builder.hpp
[6.370s] -- Up-to-date: /home/yyj/my_ws/install/slam_toolbox/include/slam_toolbox/slam_toolbox/srv/detail/pause__struct.hpp
[6.374s] -- Up-to-date: /home/yyj/my_ws/install/slam_toolbox/include/slam_toolbox/slam_toolbox/srv/detail/clear__struct.hpp
[6.375s] -- Up-to-date: /home/yyj/my_ws/install/slam_toolbox/include/slam_toolbox/slam_toolbox/srv/detail/clear_queue__struct.hpp
[6.376s] -- Up-to-date: /home/yyj/my_ws/install/slam_toolbox/include/slam_toolbox/slam_toolbox/srv/detail/clear_queue__traits.hpp
[6.376s] -- Up-to-date: /home/yyj/my_ws/install/slam_toolbox/include/slam_toolbox/slam_toolbox/srv/detail/loop_closure__struct.hpp
[6.377s] -- Up-to-date: /home/yyj/my_ws/install/slam_toolbox/include/slam_toolbox/slam_toolbox/srv/detail/merge_maps__struct.hpp
[6.378s] -- Up-to-date: /home/yyj/my_ws/install/slam_toolbox/include/slam_toolbox/slam_toolbox/srv/detail/serialize_pose_graph__traits.hpp
[6.379s] -- Up-to-date: /home/yyj/my_ws/install/slam_toolbox/include/slam_toolbox/slam_toolbox/srv/detail/serialize_pose_graph__struct.hpp
[6.381s] -- Up-to-date: /home/yyj/my_ws/install/slam_toolbox/include/slam_toolbox/slam_toolbox/srv/detail/loop_closure__builder.hpp
[6.382s] -- Up-to-date: /home/yyj/my_ws/install/slam_toolbox/include/slam_toolbox/slam_toolbox/srv/deserialize_pose_graph.hpp
[6.383s] -- Up-to-date: /home/yyj/my_ws/install/slam_toolbox/include/slam_toolbox/slam_toolbox/srv/clear_queue.hpp
[6.383s] -- Up-to-date: /home/yyj/my_ws/install/slam_toolbox/include/slam_toolbox/slam_toolbox/srv/save_map.hpp
[6.384s] -- Up-to-date: /home/yyj/my_ws/install/slam_toolbox/include/slam_toolbox/slam_toolbox/srv/serialize_pose_graph.hpp
[6.387s] -- Up-to-date: /home/yyj/my_ws/install/slam_toolbox/include/slam_toolbox/slam_toolbox/srv/loop_closure.hpp
[6.389s] -- Up-to-date: /home/yyj/my_ws/install/slam_toolbox/include/slam_toolbox/slam_toolbox/srv/pause.hpp
[6.389s] -- Up-to-date: /home/yyj/my_ws/install/slam_toolbox/include/slam_toolbox/slam_toolbox/srv/clear.hpp
[6.390s] -- Up-to-date: /home/yyj/my_ws/install/slam_toolbox/include/slam_toolbox/slam_toolbox
[6.390s] -- Up-to-date: /home/yyj/my_ws/install/slam_toolbox/include/slam_toolbox/slam_toolbox/srv
[6.392s] -- Up-to-date: /home/yyj/my_ws/install/slam_toolbox/include/slam_toolbox/slam_toolbox/srv/detail
[6.393s] -- Up-to-date: /home/yyj/my_ws/install/slam_toolbox/include/slam_toolbox/slam_toolbox/srv/detail/dds_fastrtps
[6.395s] -- Up-to-date: /home/yyj/my_ws/install/slam_toolbox/include/slam_toolbox/slam_toolbox/srv/detail/save_map__rosidl_typesupport_fastrtps_cpp.hpp
[6.395s] -- Up-to-date: /home/yyj/my_ws/install/slam_toolbox/include/slam_toolbox/slam_toolbox/srv/detail/toggle_interactive__rosidl_typesupport_fastrtps_cpp.hpp
[6.399s] -- Up-to-date: /home/yyj/my_ws/install/slam_toolbox/include/slam_toolbox/slam_toolbox/srv/detail/clear_queue__rosidl_typesupport_fastrtps_cpp.hpp
[6.400s] -- Up-to-date: /home/yyj/my_ws/install/slam_toolbox/include/slam_toolbox/slam_toolbox/srv/detail/serialize_pose_graph__rosidl_typesupport_fastrtps_cpp.hpp
[6.400s] -- Up-to-date: /home/yyj/my_ws/install/slam_toolbox/include/slam_toolbox/slam_toolbox/srv/detail/clear__rosidl_typesupport_fastrtps_cpp.hpp
[6.400s] -- Up-to-date: /home/yyj/my_ws/install/slam_toolbox/include/slam_toolbox/slam_toolbox/srv/detail/loop_closure__rosidl_typesupport_fastrtps_cpp.hpp
[6.400s] -- Up-to-date: /home/yyj/my_ws/install/slam_toolbox/include/slam_toolbox/slam_toolbox/srv/detail/pause__rosidl_typesupport_fastrtps_cpp.hpp
[6.403s] -- Up-to-date: /home/yyj/my_ws/install/slam_toolbox/include/slam_toolbox/slam_toolbox/srv/detail/merge_maps__rosidl_typesupport_fastrtps_cpp.hpp
[6.404s] -- Up-to-date: /home/yyj/my_ws/install/slam_toolbox/include/slam_toolbox/slam_toolbox/srv/detail/deserialize_pose_graph__rosidl_typesupport_fastrtps_cpp.hpp
[6.405s] -- Up-to-date: /home/yyj/my_ws/install/slam_toolbox/include/slam_toolbox/slam_toolbox/srv/detail/add_submap__rosidl_typesupport_fastrtps_cpp.hpp
[6.406s] -- Up-to-date: /home/yyj/my_ws/install/slam_toolbox/include/slam_toolbox/slam_toolbox/msg
[6.407s] -- Up-to-date: /home/yyj/my_ws/install/slam_toolbox/include/slam_toolbox/slam_toolbox/msg/rosidl_typesupport_fastrtps_cpp__visibility_control.h
[6.407s] -- Up-to-date: /home/yyj/my_ws/install/slam_toolbox/lib/libslam_toolbox__rosidl_typesupport_fastrtps_cpp.so
[6.409s] -- Up-to-date: /home/yyj/my_ws/install/slam_toolbox/include/slam_toolbox/slam_toolbox
[6.410s] -- Up-to-date: /home/yyj/my_ws/install/slam_toolbox/include/slam_toolbox/slam_toolbox/srv
[6.410s] -- Up-to-date: /home/yyj/my_ws/install/slam_toolbox/include/slam_toolbox/slam_toolbox/srv/detail
[6.411s] -- Up-to-date: /home/yyj/my_ws/install/slam_toolbox/include/slam_toolbox/slam_toolbox/srv/detail/add_submap__type_support.c
[6.412s] -- Up-to-date: /home/yyj/my_ws/install/slam_toolbox/include/slam_toolbox/slam_toolbox/srv/detail/save_map__rosidl_typesupport_introspection_c.h
[6.413s] -- Up-to-date: /home/yyj/my_ws/install/slam_toolbox/include/slam_toolbox/slam_toolbox/srv/detail/pause__type_support.c
[6.414s] -- Up-to-date: /home/yyj/my_ws/install/slam_toolbox/include/slam_toolbox/slam_toolbox/srv/detail/toggle_interactive__rosidl_typesupport_introspection_c.h
[6.414s] -- Up-to-date: /home/yyj/my_ws/install/slam_toolbox/include/slam_toolbox/slam_toolbox/srv/detail/serialize_pose_graph__type_support.c
[6.417s] -- Up-to-date: /home/yyj/my_ws/install/slam_toolbox/include/slam_toolbox/slam_toolbox/srv/detail/deserialize_pose_graph__rosidl_typesupport_introspection_c.h
[6.418s] -- Up-to-date: /home/yyj/my_ws/install/slam_toolbox/include/slam_toolbox/slam_toolbox/srv/detail/pause__rosidl_typesupport_introspection_c.h
[6.418s] -- Up-to-date: /home/yyj/my_ws/install/slam_toolbox/include/slam_toolbox/slam_toolbox/srv/detail/deserialize_pose_graph__type_support.c
[6.419s] -- Up-to-date: /home/yyj/my_ws/install/slam_toolbox/include/slam_toolbox/slam_toolbox/srv/detail/clear__rosidl_typesupport_introspection_c.h
[6.420s] -- Up-to-date: /home/yyj/my_ws/install/slam_toolbox/include/slam_toolbox/slam_toolbox/srv/detail/clear_queue__rosidl_typesupport_introspection_c.h
[6.423s] -- Up-to-date: /home/yyj/my_ws/install/slam_toolbox/include/slam_toolbox/slam_toolbox/srv/detail/merge_maps__type_support.c
[6.424s] -- Up-to-date: /home/yyj/my_ws/install/slam_toolbox/include/slam_toolbox/slam_toolbox/srv/detail/loop_closure__type_support.c
[6.425s] -- Up-to-date: /home/yyj/my_ws/install/slam_toolbox/include/slam_toolbox/slam_toolbox/srv/detail/clear__type_support.c
[6.427s] -- Up-to-date: /home/yyj/my_ws/install/slam_toolbox/include/slam_toolbox/slam_toolbox/srv/detail/serialize_pose_graph__rosidl_typesupport_introspection_c.h
[6.430s] -- Up-to-date: /home/yyj/my_ws/install/slam_toolbox/include/slam_toolbox/slam_toolbox/srv/detail/merge_maps__rosidl_typesupport_introspection_c.h
[6.431s] -- Up-to-date: /home/yyj/my_ws/install/slam_toolbox/include/slam_toolbox/slam_toolbox/srv/detail/loop_closure__rosidl_typesupport_introspection_c.h
[6.432s] -- Up-to-date: /home/yyj/my_ws/install/slam_toolbox/include/slam_toolbox/slam_toolbox/srv/detail/clear_queue__type_support.c
[6.433s] -- Up-to-date: /home/yyj/my_ws/install/slam_toolbox/include/slam_toolbox/slam_toolbox/srv/detail/add_submap__rosidl_typesupport_introspection_c.h
[6.433s] -- Up-to-date: /home/yyj/my_ws/install/slam_toolbox/include/slam_toolbox/slam_toolbox/srv/detail/save_map__type_support.c
[6.434s] -- Up-to-date: /home/yyj/my_ws/install/slam_toolbox/include/slam_toolbox/slam_toolbox/srv/detail/toggle_interactive__type_support.c
[6.434s] -- Up-to-date: /home/yyj/my_ws/install/slam_toolbox/include/slam_toolbox/slam_toolbox/msg
[6.435s] -- Up-to-date: /home/yyj/my_ws/install/slam_toolbox/include/slam_toolbox/slam_toolbox/msg/rosidl_typesupport_introspection_c__visibility_control.h
[6.437s] -- Up-to-date: /home/yyj/my_ws/install/slam_toolbox/lib/libslam_toolbox__rosidl_typesupport_introspection_c.so
[6.438s] -- Up-to-date: /home/yyj/my_ws/install/slam_toolbox/lib/libslam_toolbox__rosidl_typesupport_c.so
[6.439s] -- Up-to-date: /home/yyj/my_ws/install/slam_toolbox/include/slam_toolbox/slam_toolbox
[6.439s] -- Up-to-date: /home/yyj/my_ws/install/slam_toolbox/include/slam_toolbox/slam_toolbox/srv
[6.440s] -- Up-to-date: /home/yyj/my_ws/install/slam_toolbox/include/slam_toolbox/slam_toolbox/srv/detail
[6.440s] -- Up-to-date: /home/yyj/my_ws/install/slam_toolbox/include/slam_toolbox/slam_toolbox/srv/detail/save_map__rosidl_typesupport_introspection_cpp.hpp
[6.440s] -- Up-to-date: /home/yyj/my_ws/install/slam_toolbox/include/slam_toolbox/slam_toolbox/srv/detail/pause__type_support.cpp
[6.440s] -- Up-to-date: /home/yyj/my_ws/install/slam_toolbox/include/slam_toolbox/slam_toolbox/srv/detail/serialize_pose_graph__type_support.cpp
[6.441s] -- Up-to-date: /home/yyj/my_ws/install/slam_toolbox/include/slam_toolbox/slam_toolbox/srv/detail/loop_closure__rosidl_typesupport_introspection_cpp.hpp
[6.441s] -- Up-to-date: /home/yyj/my_ws/install/slam_toolbox/include/slam_toolbox/slam_toolbox/srv/detail/pause__rosidl_typesupport_introspection_cpp.hpp
[6.442s] -- Up-to-date: /home/yyj/my_ws/install/slam_toolbox/include/slam_toolbox/slam_toolbox/srv/detail/add_submap__rosidl_typesupport_introspection_cpp.hpp
[6.443s] -- Up-to-date: /home/yyj/my_ws/install/slam_toolbox/include/slam_toolbox/slam_toolbox/srv/detail/clear__rosidl_typesupport_introspection_cpp.hpp
[6.443s] -- Up-to-date: /home/yyj/my_ws/install/slam_toolbox/include/slam_toolbox/slam_toolbox/srv/detail/merge_maps__type_support.cpp
[6.444s] -- Up-to-date: /home/yyj/my_ws/install/slam_toolbox/include/slam_toolbox/slam_toolbox/srv/detail/toggle_interactive__type_support.cpp
[6.446s] -- Up-to-date: /home/yyj/my_ws/install/slam_toolbox/include/slam_toolbox/slam_toolbox/srv/detail/deserialize_pose_graph__type_support.cpp
[6.449s] -- Up-to-date: /home/yyj/my_ws/install/slam_toolbox/include/slam_toolbox/slam_toolbox/srv/detail/serialize_pose_graph__rosidl_typesupport_introspection_cpp.hpp
[6.451s] -- Up-to-date: /home/yyj/my_ws/install/slam_toolbox/include/slam_toolbox/slam_toolbox/srv/detail/deserialize_pose_graph__rosidl_typesupport_introspection_cpp.hpp
[6.451s] -- Up-to-date: /home/yyj/my_ws/install/slam_toolbox/include/slam_toolbox/slam_toolbox/srv/detail/save_map__type_support.cpp
[6.452s] -- Up-to-date: /home/yyj/my_ws/install/slam_toolbox/include/slam_toolbox/slam_toolbox/srv/detail/loop_closure__type_support.cpp
[6.453s] -- Up-to-date: /home/yyj/my_ws/install/slam_toolbox/include/slam_toolbox/slam_toolbox/srv/detail/clear_queue__rosidl_typesupport_introspection_cpp.hpp
[6.454s] -- Up-to-date: /home/yyj/my_ws/install/slam_toolbox/include/slam_toolbox/slam_toolbox/srv/detail/add_submap__type_support.cpp
[6.454s] -- Up-to-date: /home/yyj/my_ws/install/slam_toolbox/include/slam_toolbox/slam_toolbox/srv/detail/clear__type_support.cpp
[6.455s] -- Up-to-date: /home/yyj/my_ws/install/slam_toolbox/include/slam_toolbox/slam_toolbox/srv/detail/clear_queue__type_support.cpp
[6.456s] -- Up-to-date: /home/yyj/my_ws/install/slam_toolbox/include/slam_toolbox/slam_toolbox/srv/detail/merge_maps__rosidl_typesupport_introspection_cpp.hpp
[6.457s] -- Up-to-date: /home/yyj/my_ws/install/slam_toolbox/include/slam_toolbox/slam_toolbox/srv/detail/toggle_interactive__rosidl_typesupport_introspection_cpp.hpp
[6.458s] -- Up-to-date: /home/yyj/my_ws/install/slam_toolbox/lib/libslam_toolbox__rosidl_typesupport_introspection_cpp.so
[6.459s] -- Up-to-date: /home/yyj/my_ws/install/slam_toolbox/lib/libslam_toolbox__rosidl_typesupport_cpp.so
[6.459s] -- Up-to-date: /home/yyj/my_ws/install/slam_toolbox/share/slam_toolbox/environment/pythonpath.sh
[6.460s] -- Up-to-date: /home/yyj/my_ws/install/slam_toolbox/share/slam_toolbox/environment/pythonpath.dsv
[6.460s] -- Up-to-date: /home/yyj/my_ws/install/slam_toolbox/local/lib/python3.10/dist-packages/slam_toolbox-2.6.8-py3.10.egg-info
[6.460s] -- Installing: /home/yyj/my_ws/install/slam_toolbox/local/lib/python3.10/dist-packages/slam_toolbox-2.6.8-py3.10.egg-info/SOURCES.txt
[6.461s] -- Installing: /home/yyj/my_ws/install/slam_toolbox/local/lib/python3.10/dist-packages/slam_toolbox-2.6.8-py3.10.egg-info/top_level.txt
[6.461s] -- Installing: /home/yyj/my_ws/install/slam_toolbox/local/lib/python3.10/dist-packages/slam_toolbox-2.6.8-py3.10.egg-info/dependency_links.txt
[6.461s] -- Installing: /home/yyj/my_ws/install/slam_toolbox/local/lib/python3.10/dist-packages/slam_toolbox-2.6.8-py3.10.egg-info/PKG-INFO
[6.462s] -- Up-to-date: /home/yyj/my_ws/install/slam_toolbox/local/lib/python3.10/dist-packages/slam_toolbox
[6.462s] -- Up-to-date: /home/yyj/my_ws/install/slam_toolbox/local/lib/python3.10/dist-packages/slam_toolbox/_slam_toolbox_s.ep.rosidl_typesupport_introspection_c.c
[6.462s] -- Up-to-date: /home/yyj/my_ws/install/slam_toolbox/local/lib/python3.10/dist-packages/slam_toolbox/slam_toolbox_s__rosidl_typesupport_introspection_c.cpython-310-x86_64-linux-gnu.so
[6.462s] -- Up-to-date: /home/yyj/my_ws/install/slam_toolbox/local/lib/python3.10/dist-packages/slam_toolbox/slam_toolbox_s__rosidl_typesupport_fastrtps_c.cpython-310-x86_64-linux-gnu.so
[6.463s] -- Up-to-date: /home/yyj/my_ws/install/slam_toolbox/local/lib/python3.10/dist-packages/slam_toolbox/libslam_toolbox__rosidl_generator_py.so
[6.463s] -- Up-to-date: /home/yyj/my_ws/install/slam_toolbox/local/lib/python3.10/dist-packages/slam_toolbox/_slam_toolbox_s.ep.rosidl_typesupport_c.c
[6.465s] -- Up-to-date: /home/yyj/my_ws/install/slam_toolbox/local/lib/python3.10/dist-packages/slam_toolbox/slam_toolbox_s__rosidl_typesupport_c.cpython-310-x86_64-linux-gnu.so
[6.465s] -- Up-to-date: /home/yyj/my_ws/install/slam_toolbox/local/lib/python3.10/dist-packages/slam_toolbox/__init__.py
[6.466s] -- Up-to-date: /home/yyj/my_ws/install/slam_toolbox/local/lib/python3.10/dist-packages/slam_toolbox/srv
[6.466s] -- Up-to-date: /home/yyj/my_ws/install/slam_toolbox/local/lib/python3.10/dist-packages/slam_toolbox/srv/_pause.py
[6.466s] -- Up-to-date: /home/yyj/my_ws/install/slam_toolbox/local/lib/python3.10/dist-packages/slam_toolbox/srv/_serialize_pose_graph_s.c
[6.466s] -- Up-to-date: /home/yyj/my_ws/install/slam_toolbox/local/lib/python3.10/dist-packages/slam_toolbox/srv/_clear.py
[6.467s] -- Up-to-date: /home/yyj/my_ws/install/slam_toolbox/local/lib/python3.10/dist-packages/slam_toolbox/srv/_toggle_interactive_s.c
[6.467s] -- Up-to-date: /home/yyj/my_ws/install/slam_toolbox/local/lib/python3.10/dist-packages/slam_toolbox/srv/_deserialize_pose_graph_s.c
[6.469s] -- Up-to-date: /home/yyj/my_ws/install/slam_toolbox/local/lib/python3.10/dist-packages/slam_toolbox/srv/_loop_closure_s.c
[6.471s] -- Up-to-date: /home/yyj/my_ws/install/slam_toolbox/local/lib/python3.10/dist-packages/slam_toolbox/srv/_pause_s.c
[6.472s] -- Up-to-date: /home/yyj/my_ws/install/slam_toolbox/local/lib/python3.10/dist-packages/slam_toolbox/srv/_deserialize_pose_graph.py
[6.472s] -- Up-to-date: /home/yyj/my_ws/install/slam_toolbox/local/lib/python3.10/dist-packages/slam_toolbox/srv/_loop_closure.py
[6.472s] -- Up-to-date: /home/yyj/my_ws/install/slam_toolbox/local/lib/python3.10/dist-packages/slam_toolbox/srv/_clear_s.c
[6.472s] -- Up-to-date: /home/yyj/my_ws/install/slam_toolbox/local/lib/python3.10/dist-packages/slam_toolbox/srv/_merge_maps.py
[6.473s] -- Up-to-date: /home/yyj/my_ws/install/slam_toolbox/local/lib/python3.10/dist-packages/slam_toolbox/srv/_merge_maps_s.c
[6.473s] -- Up-to-date: /home/yyj/my_ws/install/slam_toolbox/local/lib/python3.10/dist-packages/slam_toolbox/srv/_add_submap.py
[6.473s] -- Up-to-date: /home/yyj/my_ws/install/slam_toolbox/local/lib/python3.10/dist-packages/slam_toolbox/srv/_save_map.py
[6.473s] -- Up-to-date: /home/yyj/my_ws/install/slam_toolbox/local/lib/python3.10/dist-packages/slam_toolbox/srv/_save_map_s.c
[6.473s] -- Up-to-date: /home/yyj/my_ws/install/slam_toolbox/local/lib/python3.10/dist-packages/slam_toolbox/srv/__init__.py
[6.473s] -- Up-to-date: /home/yyj/my_ws/install/slam_toolbox/local/lib/python3.10/dist-packages/slam_toolbox/srv/_clear_queue.py
[6.474s] -- Up-to-date: /home/yyj/my_ws/install/slam_toolbox/local/lib/python3.10/dist-packages/slam_toolbox/srv/_serialize_pose_graph.py
[6.474s] -- Up-to-date: /home/yyj/my_ws/install/slam_toolbox/local/lib/python3.10/dist-packages/slam_toolbox/srv/_clear_queue_s.c
[6.474s] -- Up-to-date: /home/yyj/my_ws/install/slam_toolbox/local/lib/python3.10/dist-packages/slam_toolbox/srv/_toggle_interactive.py
[6.474s] -- Up-to-date: /home/yyj/my_ws/install/slam_toolbox/local/lib/python3.10/dist-packages/slam_toolbox/srv/_add_submap_s.c
[6.474s] -- Up-to-date: /home/yyj/my_ws/install/slam_toolbox/local/lib/python3.10/dist-packages/slam_toolbox/_slam_toolbox_s.ep.rosidl_typesupport_fastrtps_c.c
[6.536s] Listing '/home/yyj/my_ws/install/slam_toolbox/local/lib/python3.10/dist-packages/slam_toolbox'...
[6.536s] Listing '/home/yyj/my_ws/install/slam_toolbox/local/lib/python3.10/dist-packages/slam_toolbox/srv'...
[6.538s] -- Up-to-date: /home/yyj/my_ws/install/slam_toolbox/local/lib/python3.10/dist-packages/slam_toolbox/slam_toolbox_s__rosidl_typesupport_fastrtps_c.cpython-310-x86_64-linux-gnu.so
[6.538s] -- Up-to-date: /home/yyj/my_ws/install/slam_toolbox/local/lib/python3.10/dist-packages/slam_toolbox/slam_toolbox_s__rosidl_typesupport_introspection_c.cpython-310-x86_64-linux-gnu.so
[6.538s] -- Up-to-date: /home/yyj/my_ws/install/slam_toolbox/local/lib/python3.10/dist-packages/slam_toolbox/slam_toolbox_s__rosidl_typesupport_c.cpython-310-x86_64-linux-gnu.so
[6.539s] -- Up-to-date: /home/yyj/my_ws/install/slam_toolbox/lib/libslam_toolbox__rosidl_generator_py.so
[6.539s] -- Up-to-date: /home/yyj/my_ws/install/slam_toolbox/share/slam_toolbox/srv/Pause.idl
[6.539s] -- Up-to-date: /home/yyj/my_ws/install/slam_toolbox/share/slam_toolbox/srv/ClearQueue.idl
[6.539s] -- Up-to-date: /home/yyj/my_ws/install/slam_toolbox/share/slam_toolbox/srv/ToggleInteractive.idl
[6.540s] -- Up-to-date: /home/yyj/my_ws/install/slam_toolbox/share/slam_toolbox/srv/Clear.idl
[6.540s] -- Up-to-date: /home/yyj/my_ws/install/slam_toolbox/share/slam_toolbox/srv/SaveMap.idl
[6.540s] -- Up-to-date: /home/yyj/my_ws/install/slam_toolbox/share/slam_toolbox/srv/LoopClosure.idl
[6.540s] -- Up-to-date: /home/yyj/my_ws/install/slam_toolbox/share/slam_toolbox/srv/MergeMaps.idl
[6.541s] -- Up-to-date: /home/yyj/my_ws/install/slam_toolbox/share/slam_toolbox/srv/AddSubmap.idl
[6.541s] -- Up-to-date: /home/yyj/my_ws/install/slam_toolbox/share/slam_toolbox/srv/DeserializePoseGraph.idl
[6.541s] -- Up-to-date: /home/yyj/my_ws/install/slam_toolbox/share/slam_toolbox/srv/SerializePoseGraph.idl
[6.541s] -- Up-to-date: /home/yyj/my_ws/install/slam_toolbox/share/slam_toolbox/srvs/Pause.srv
[6.542s] -- Up-to-date: /home/yyj/my_ws/install/slam_toolbox/share/slam_toolbox/srvs/Pause_Request.msg
[6.542s] -- Up-to-date: /home/yyj/my_ws/install/slam_toolbox/share/slam_toolbox/srvs/Pause_Response.msg
[6.542s] -- Up-to-date: /home/yyj/my_ws/install/slam_toolbox/share/slam_toolbox/srvs/ClearQueue.srv
[6.542s] -- Up-to-date: /home/yyj/my_ws/install/slam_toolbox/share/slam_toolbox/srvs/ClearQueue_Request.msg
[6.543s] -- Up-to-date: /home/yyj/my_ws/install/slam_toolbox/share/slam_toolbox/srvs/ClearQueue_Response.msg
[6.543s] -- Up-to-date: /home/yyj/my_ws/install/slam_toolbox/share/slam_toolbox/srvs/ToggleInteractive.srv
[6.543s] -- Up-to-date: /home/yyj/my_ws/install/slam_toolbox/share/slam_toolbox/srvs/ToggleInteractive_Request.msg
[6.544s] -- Up-to-date: /home/yyj/my_ws/install/slam_toolbox/share/slam_toolbox/srvs/ToggleInteractive_Response.msg
[6.544s] -- Up-to-date: /home/yyj/my_ws/install/slam_toolbox/share/slam_toolbox/srvs/Clear.srv
[6.544s] -- Up-to-date: /home/yyj/my_ws/install/slam_toolbox/share/slam_toolbox/srvs/Clear_Request.msg
[6.545s] -- Up-to-date: /home/yyj/my_ws/install/slam_toolbox/share/slam_toolbox/srvs/Clear_Response.msg
[6.545s] -- Up-to-date: /home/yyj/my_ws/install/slam_toolbox/share/slam_toolbox/srvs/SaveMap.srv
[6.545s] -- Up-to-date: /home/yyj/my_ws/install/slam_toolbox/share/slam_toolbox/srvs/SaveMap_Request.msg
[6.545s] -- Up-to-date: /home/yyj/my_ws/install/slam_toolbox/share/slam_toolbox/srvs/SaveMap_Response.msg
[6.546s] -- Up-to-date: /home/yyj/my_ws/install/slam_toolbox/share/slam_toolbox/srvs/LoopClosure.srv
[6.546s] -- Up-to-date: /home/yyj/my_ws/install/slam_toolbox/share/slam_toolbox/srvs/LoopClosure_Request.msg
[6.547s] -- Up-to-date: /home/yyj/my_ws/install/slam_toolbox/share/slam_toolbox/srvs/LoopClosure_Response.msg
[6.547s] -- Up-to-date: /home/yyj/my_ws/install/slam_toolbox/share/slam_toolbox/srvs/MergeMaps.srv
[6.547s] -- Up-to-date: /home/yyj/my_ws/install/slam_toolbox/share/slam_toolbox/srvs/MergeMaps_Request.msg
[6.548s] -- Up-to-date: /home/yyj/my_ws/install/slam_toolbox/share/slam_toolbox/srvs/MergeMaps_Response.msg
[6.548s] -- Up-to-date: /home/yyj/my_ws/install/slam_toolbox/share/slam_toolbox/srvs/AddSubmap.srv
[6.548s] -- Up-to-date: /home/yyj/my_ws/install/slam_toolbox/share/slam_toolbox/srvs/AddSubmap_Request.msg
[6.549s] -- Up-to-date: /home/yyj/my_ws/install/slam_toolbox/share/slam_toolbox/srvs/AddSubmap_Response.msg
[6.549s] -- Up-to-date: /home/yyj/my_ws/install/slam_toolbox/share/slam_toolbox/srvs/DeserializePoseGraph.srv
[6.549s] -- Up-to-date: /home/yyj/my_ws/install/slam_toolbox/share/slam_toolbox/srvs/DeserializePoseGraph_Request.msg
[6.549s] -- Up-to-date: /home/yyj/my_ws/install/slam_toolbox/share/slam_toolbox/srvs/DeserializePoseGraph_Response.msg
[6.550s] -- Up-to-date: /home/yyj/my_ws/install/slam_toolbox/share/slam_toolbox/srvs/SerializePoseGraph.srv
[6.551s] -- Up-to-date: /home/yyj/my_ws/install/slam_toolbox/share/slam_toolbox/srvs/SerializePoseGraph_Request.msg
[6.552s] -- Up-to-date: /home/yyj/my_ws/install/slam_toolbox/share/slam_toolbox/srvs/SerializePoseGraph_Response.msg
[6.553s] -- Up-to-date: /home/yyj/my_ws/install/slam_toolbox/share/slam_toolbox/rviz_plugins.xml
[6.555s] -- Up-to-date: /home/yyj/my_ws/install/slam_toolbox/share/slam_toolbox/solver_plugins.xml
[6.555s] -- Up-to-date: /home/yyj/my_ws/install/slam_toolbox/lib/slam_toolbox/async_slam_toolbox_node
[6.556s] -- Up-to-date: /home/yyj/my_ws/install/slam_toolbox/lib/slam_toolbox/sync_slam_toolbox_node
[6.556s] -- Up-to-date: /home/yyj/my_ws/install/slam_toolbox/lib/slam_toolbox/localization_slam_toolbox_node
[6.556s] -- Up-to-date: /home/yyj/my_ws/install/slam_toolbox/lib/slam_toolbox/map_and_localization_slam_toolbox_node
[6.557s] -- Up-to-date: /home/yyj/my_ws/install/slam_toolbox/lib/slam_toolbox/merge_maps_kinematic
[6.557s] -- Up-to-date: /home/yyj/my_ws/install/slam_toolbox/lib/libtoolbox_common.so
[6.557s] -- Up-to-date: /home/yyj/my_ws/install/slam_toolbox/lib/libSlamToolboxPlugin.so
[6.558s] -- Up-to-date: /home/yyj/my_ws/install/slam_toolbox/lib/libceres_solver_plugin.so
[6.558s] -- Up-to-date: /home/yyj/my_ws/install/slam_toolbox/lib/libasync_slam_toolbox.so
[6.558s] -- Up-to-date: /home/yyj/my_ws/install/slam_toolbox/lib/libsync_slam_toolbox.so
[6.558s] -- Up-to-date: /home/yyj/my_ws/install/slam_toolbox/lib/liblocalization_slam_toolbox.so
[6.559s] -- Up-to-date: /home/yyj/my_ws/install/slam_toolbox/lib/liblifelong_slam_toolbox.so
[6.559s] -- Up-to-date: /home/yyj/my_ws/install/slam_toolbox/lib/libmap_and_localization_slam_toolbox.so
[6.559s] -- Up-to-date: /home/yyj/my_ws/install/slam_toolbox/lib/libkartoSlamToolbox.so
[6.559s] -- Up-to-date: /home/yyj/my_ws/install/slam_toolbox/lib/libSlamToolboxPlugin.so
[6.559s] -- Up-to-date: /home/yyj/my_ws/install/slam_toolbox/include
[6.560s] -- Up-to-date: /home/yyj/my_ws/install/slam_toolbox/include/slam_toolbox
[6.560s] -- Up-to-date: /home/yyj/my_ws/install/slam_toolbox/include/slam_toolbox/experimental
[6.561s] -- Up-to-date: /home/yyj/my_ws/install/slam_toolbox/include/slam_toolbox/experimental/slam_toolbox_lifelong.hpp
[6.561s] -- Up-to-date: /home/yyj/my_ws/install/slam_toolbox/include/slam_toolbox/experimental/slam_toolbox_map_and_localization.hpp
[6.561s] -- Up-to-date: /home/yyj/my_ws/install/slam_toolbox/include/slam_toolbox/slam_toolbox_async.hpp
[6.561s] -- Up-to-date: /home/yyj/my_ws/install/slam_toolbox/include/slam_toolbox/slam_toolbox_localization.hpp
[6.562s] -- Up-to-date: /home/yyj/my_ws/install/slam_toolbox/include/slam_toolbox/toolbox_msgs.hpp
[6.562s] -- Up-to-date: /home/yyj/my_ws/install/slam_toolbox/include/slam_toolbox/visualization_utils.hpp
[6.563s] -- Up-to-date: /home/yyj/my_ws/install/slam_toolbox/include/slam_toolbox/laser_utils.hpp
[6.563s] -- Up-to-date: /home/yyj/my_ws/install/slam_toolbox/include/slam_toolbox/merge_maps_kinematic.hpp
[6.564s] -- Up-to-date: /home/yyj/my_ws/install/slam_toolbox/include/slam_toolbox/snap_utils.hpp
[6.564s] -- Up-to-date: /home/yyj/my_ws/install/slam_toolbox/include/slam_toolbox/serialization.hpp
[6.564s] -- Up-to-date: /home/yyj/my_ws/install/slam_toolbox/include/slam_toolbox/slam_toolbox_common.hpp
[6.565s] -- Up-to-date: /home/yyj/my_ws/install/slam_toolbox/include/slam_toolbox/slam_toolbox_sync.hpp
[6.566s] -- Up-to-date: /home/yyj/my_ws/install/slam_toolbox/include/slam_toolbox/map_saver.hpp
[6.567s] -- Up-to-date: /home/yyj/my_ws/install/slam_toolbox/include/slam_toolbox/loop_closure_assistant.hpp
[6.567s] -- Up-to-date: /home/yyj/my_ws/install/slam_toolbox/include/slam_toolbox/toolbox_types.hpp
[6.571s] -- Up-to-date: /home/yyj/my_ws/install/slam_toolbox/include/slam_toolbox/get_pose_helper.hpp
[6.572s] -- Up-to-date: /home/yyj/my_ws/install/slam_toolbox/include/slam_toolbox/slam_mapper.hpp
[6.572s] -- Up-to-date: /home/yyj/my_ws/install/slam_toolbox/share/slam_toolbox/launch
[6.574s] -- Up-to-date: /home/yyj/my_ws/install/slam_toolbox/share/slam_toolbox/launch/offline_launch.py
[6.574s] -- Up-to-date: /home/yyj/my_ws/install/slam_toolbox/share/slam_toolbox/launch/online_async_launch.py
[6.575s] -- Up-to-date: /home/yyj/my_ws/install/slam_toolbox/share/slam_toolbox/launch/localization_launch.py
[6.575s] -- Up-to-date: /home/yyj/my_ws/install/slam_toolbox/share/slam_toolbox/launch/online_sync_launch.py
[6.575s] -- Up-to-date: /home/yyj/my_ws/install/slam_toolbox/share/slam_toolbox/launch/merge_maps_kinematic_launch.py
[6.576s] -- Up-to-date: /home/yyj/my_ws/install/slam_toolbox/share/slam_toolbox/config
[6.576s] -- Up-to-date: /home/yyj/my_ws/install/slam_toolbox/share/slam_toolbox/config/mapper_params_lifelong.yaml
[6.576s] -- Up-to-date: /home/yyj/my_ws/install/slam_toolbox/share/slam_toolbox/config/mapper_params_online_sync.yaml
[6.577s] -- Up-to-date: /home/yyj/my_ws/install/slam_toolbox/share/slam_toolbox/config/slam_toolbox_default.rviz
[6.577s] -- Up-to-date: /home/yyj/my_ws/install/slam_toolbox/share/slam_toolbox/config/mapper_params_offline.yaml
[6.578s] -- Up-to-date: /home/yyj/my_ws/install/slam_toolbox/share/slam_toolbox/config/mapper_params_localization.yaml
[6.579s] -- Up-to-date: /home/yyj/my_ws/install/slam_toolbox/share/slam_toolbox/config/mapper_params_online_async.yaml
[6.579s] -- Up-to-date: /home/yyj/my_ws/install/slam_toolbox/share/solver_plugins.xml
[6.580s] -- Up-to-date: /home/yyj/my_ws/install/slam_toolbox/share/rviz_plugins.xml
[6.580s] -- Up-to-date: /home/yyj/my_ws/install/slam_toolbox/share/ament_index/resource_index/package_run_dependencies/slam_toolbox
[6.581s] -- Up-to-date: /home/yyj/my_ws/install/slam_toolbox/share/ament_index/resource_index/parent_prefix_path/slam_toolbox
[6.581s] -- Up-to-date: /home/yyj/my_ws/install/slam_toolbox/share/slam_toolbox/environment/ament_prefix_path.sh
[6.581s] -- Up-to-date: /home/yyj/my_ws/install/slam_toolbox/share/slam_toolbox/environment/ament_prefix_path.dsv
[6.582s] -- Up-to-date: /home/yyj/my_ws/install/slam_toolbox/share/slam_toolbox/environment/path.sh
[6.582s] -- Up-to-date: /home/yyj/my_ws/install/slam_toolbox/share/slam_toolbox/environment/path.dsv
[6.583s] -- Up-to-date: /home/yyj/my_ws/install/slam_toolbox/share/slam_toolbox/local_setup.bash
[6.583s] -- Up-to-date: /home/yyj/my_ws/install/slam_toolbox/share/slam_toolbox/local_setup.sh
[6.584s] -- Up-to-date: /home/yyj/my_ws/install/slam_toolbox/share/slam_toolbox/local_setup.zsh
[6.585s] -- Up-to-date: /home/yyj/my_ws/install/slam_toolbox/share/slam_toolbox/local_setup.dsv
[6.585s] -- Installing: /home/yyj/my_ws/install/slam_toolbox/share/slam_toolbox/package.dsv
[6.586s] -- Up-to-date: /home/yyj/my_ws/install/slam_toolbox/share/ament_index/resource_index/packages/slam_toolbox
[6.586s] -- Up-to-date: /home/yyj/my_ws/install/slam_toolbox/share/ament_index/resource_index/rviz_common__pluginlib__plugin/slam_toolbox
[6.586s] -- Up-to-date: /home/yyj/my_ws/install/slam_toolbox/share/ament_index/resource_index/slam_toolbox__pluginlib__plugin/slam_toolbox
[6.586s] -- Up-to-date: /home/yyj/my_ws/install/slam_toolbox/share/slam_toolbox/cmake/export_slam_toolbox__rosidl_generator_cExport.cmake
[6.587s] -- Up-to-date: /home/yyj/my_ws/install/slam_toolbox/share/slam_toolbox/cmake/export_slam_toolbox__rosidl_generator_cExport-release.cmake
[6.587s] -- Up-to-date: /home/yyj/my_ws/install/slam_toolbox/share/slam_toolbox/cmake/export_slam_toolbox__rosidl_typesupport_fastrtps_cExport.cmake
[6.587s] -- Up-to-date: /home/yyj/my_ws/install/slam_toolbox/share/slam_toolbox/cmake/export_slam_toolbox__rosidl_typesupport_fastrtps_cExport-release.cmake
[6.587s] -- Up-to-date: /home/yyj/my_ws/install/slam_toolbox/share/slam_toolbox/cmake/export_slam_toolbox__rosidl_generator_cppExport.cmake
[6.588s] -- Up-to-date: /home/yyj/my_ws/install/slam_toolbox/share/slam_toolbox/cmake/export_slam_toolbox__rosidl_typesupport_fastrtps_cppExport.cmake
[6.588s] -- Up-to-date: /home/yyj/my_ws/install/slam_toolbox/share/slam_toolbox/cmake/export_slam_toolbox__rosidl_typesupport_fastrtps_cppExport-release.cmake
[6.588s] -- Up-to-date: /home/yyj/my_ws/install/slam_toolbox/share/slam_toolbox/cmake/slam_toolbox__rosidl_typesupport_introspection_cExport.cmake
[6.588s] -- Up-to-date: /home/yyj/my_ws/install/slam_toolbox/share/slam_toolbox/cmake/slam_toolbox__rosidl_typesupport_introspection_cExport-release.cmake
[6.588s] -- Up-to-date: /home/yyj/my_ws/install/slam_toolbox/share/slam_toolbox/cmake/slam_toolbox__rosidl_typesupport_cExport.cmake
[6.589s] -- Up-to-date: /home/yyj/my_ws/install/slam_toolbox/share/slam_toolbox/cmake/slam_toolbox__rosidl_typesupport_cExport-release.cmake
[6.589s] -- Up-to-date: /home/yyj/my_ws/install/slam_toolbox/share/slam_toolbox/cmake/slam_toolbox__rosidl_typesupport_introspection_cppExport.cmake
[6.589s] -- Up-to-date: /home/yyj/my_ws/install/slam_toolbox/share/slam_toolbox/cmake/slam_toolbox__rosidl_typesupport_introspection_cppExport-release.cmake
[6.589s] -- Up-to-date: /home/yyj/my_ws/install/slam_toolbox/share/slam_toolbox/cmake/slam_toolbox__rosidl_typesupport_cppExport.cmake
[6.590s] -- Up-to-date: /home/yyj/my_ws/install/slam_toolbox/share/slam_toolbox/cmake/slam_toolbox__rosidl_typesupport_cppExport-release.cmake
[6.590s] -- Up-to-date: /home/yyj/my_ws/install/slam_toolbox/share/slam_toolbox/cmake/export_slam_toolbox__rosidl_generator_pyExport.cmake
[6.590s] -- Up-to-date: /home/yyj/my_ws/install/slam_toolbox/share/slam_toolbox/cmake/export_slam_toolbox__rosidl_generator_pyExport-release.cmake
[6.590s] -- Up-to-date: /home/yyj/my_ws/install/slam_toolbox/share/slam_toolbox/cmake/SlamToolboxPluginExport.cmake
[6.591s] -- Up-to-date: /home/yyj/my_ws/install/slam_toolbox/share/slam_toolbox/cmake/SlamToolboxPluginExport-release.cmake
[6.591s] -- Up-to-date: /home/yyj/my_ws/install/slam_toolbox/share/ament_index/resource_index/rclcpp_components/slam_toolbox
[6.591s] -- Up-to-date: /home/yyj/my_ws/install/slam_toolbox/share/slam_toolbox/cmake/rosidl_cmake-extras.cmake
[6.591s] -- Up-to-date: /home/yyj/my_ws/install/slam_toolbox/share/slam_toolbox/cmake/ament_cmake_export_dependencies-extras.cmake
[6.592s] -- Up-to-date: /home/yyj/my_ws/install/slam_toolbox/share/slam_toolbox/cmake/ament_cmake_export_include_directories-extras.cmake
[6.592s] -- Up-to-date: /home/yyj/my_ws/install/slam_toolbox/share/slam_toolbox/cmake/ament_cmake_export_libraries-extras.cmake
[6.592s] -- Up-to-date: /home/yyj/my_ws/install/slam_toolbox/share/slam_toolbox/cmake/ament_cmake_export_targets-extras.cmake
[6.592s] -- Up-to-date: /home/yyj/my_ws/install/slam_toolbox/share/slam_toolbox/cmake/rosidl_cmake_export_typesupport_targets-extras.cmake
[6.593s] -- Up-to-date: /home/yyj/my_ws/install/slam_toolbox/share/slam_toolbox/cmake/rosidl_cmake_export_typesupport_libraries-extras.cmake
[6.594s] -- Up-to-date: /home/yyj/my_ws/install/slam_toolbox/share/slam_toolbox/cmake/slam_toolboxConfig.cmake
[6.594s] -- Up-to-date: /home/yyj/my_ws/install/slam_toolbox/share/slam_toolbox/cmake/slam_toolboxConfig-version.cmake
[6.594s] -- Up-to-date: /home/yyj/my_ws/install/slam_toolbox/share/slam_toolbox/package.xml
[6.594s] -- Up-to-date: /home/yyj/my_ws/install/slam_toolbox/include/
[6.595s] -- Up-to-date: /home/yyj/my_ws/install/slam_toolbox/include//karto_sdk
[6.595s] -- Up-to-date: /home/yyj/my_ws/install/slam_toolbox/include//karto_sdk/nanoflann_adaptors.h
[6.595s] -- Up-to-date: /home/yyj/my_ws/install/slam_toolbox/include//karto_sdk/Karto.h
[6.595s] -- Up-to-date: /home/yyj/my_ws/install/slam_toolbox/include//karto_sdk/Types.h
[6.595s] -- Up-to-date: /home/yyj/my_ws/install/slam_toolbox/include//karto_sdk/Math.h
[6.595s] -- Up-to-date: /home/yyj/my_ws/install/slam_toolbox/include//karto_sdk/Macros.h
[6.596s] -- Up-to-date: /home/yyj/my_ws/install/slam_toolbox/include//karto_sdk/Mapper.h
[6.596s] -- Up-to-date: /home/yyj/my_ws/install/slam_toolbox/include//karto_sdk/nanoflann.hpp
[6.600s] Invoked command in '/home/yyj/my_ws/build/slam_toolbox' returned '0': CMAKE_PREFIX_PATH=${CMAKE_PREFIX_PATH}:/home/yyj/my_ws/install/ros2_aruco:/home/yyj/my_ws/install/open_action_server:/home/yyj/my_ws/install/my_tf2_package:/home/yyj/my_ws/install/my_docking:/home/yyj/my_ws/install/my_aruco_to_goal_pose_pkg:/opt/ros/humble /usr/bin/cmake --install /home/yyj/my_ws/build/slam_toolbox
