[9.661s] Invoking command in '/home/yyj/my_ws/src/my_aruco_to_goal_pose_pkg': PYTHONPATH=/home/yyj/my_ws/build/my_aruco_to_goal_pose_pkg/prefix_override:/home/yyj/my_ws/install/my_aruco_to_goal_pose_pkg/lib/python3.10/site-packages:${PYTHONPATH} /usr/bin/python3 -W ignore:setup.py install is deprecated setup.py egg_info --egg-base ../../build/my_aruco_to_goal_pose_pkg build --build-base /home/yyj/my_ws/build/my_aruco_to_goal_pose_pkg/build install --record /home/yyj/my_ws/build/my_aruco_to_goal_pose_pkg/install.log --single-version-externally-managed install_data
[11.187s] running egg_info
[11.193s] writing ../../build/my_aruco_to_goal_pose_pkg/my_aruco_to_goal_pose_pkg.egg-info/PKG-INFO
[11.194s] writing dependency_links to ../../build/my_aruco_to_goal_pose_pkg/my_aruco_to_goal_pose_pkg.egg-info/dependency_links.txt
[11.195s] writing entry points to ../../build/my_aruco_to_goal_pose_pkg/my_aruco_to_goal_pose_pkg.egg-info/entry_points.txt
[11.196s] writing requirements to ../../build/my_aruco_to_goal_pose_pkg/my_aruco_to_goal_pose_pkg.egg-info/requires.txt
[11.196s] writing top-level names to ../../build/my_aruco_to_goal_pose_pkg/my_aruco_to_goal_pose_pkg.egg-info/top_level.txt
[11.206s] reading manifest file '../../build/my_aruco_to_goal_pose_pkg/my_aruco_to_goal_pose_pkg.egg-info/SOURCES.txt'
[11.210s] writing manifest file '../../build/my_aruco_to_goal_pose_pkg/my_aruco_to_goal_pose_pkg.egg-info/SOURCES.txt'
[11.212s] running build
[11.212s] running build_py
[11.212s] running install
[11.213s] running install_lib
[11.221s] running install_data
[11.221s] running install_egg_info
[11.227s] removing '/home/yyj/my_ws/install/my_aruco_to_goal_pose_pkg/lib/python3.10/site-packages/my_aruco_to_goal_pose_pkg-0.0.0-py3.10.egg-info' (and everything under it)
[11.228s] Copying ../../build/my_aruco_to_goal_pose_pkg/my_aruco_to_goal_pose_pkg.egg-info to /home/yyj/my_ws/install/my_aruco_to_goal_pose_pkg/lib/python3.10/site-packages/my_aruco_to_goal_pose_pkg-0.0.0-py3.10.egg-info
[11.233s] running install_scripts
[11.352s] Installing aruco_sub_goal_pose_pub script to /home/yyj/my_ws/install/my_aruco_to_goal_pose_pkg/lib/my_aruco_to_goal_pose_pkg
[11.353s] writing list of installed files to '/home/yyj/my_ws/build/my_aruco_to_goal_pose_pkg/install.log'
[11.493s] Invoked command in '/home/yyj/my_ws/src/my_aruco_to_goal_pose_pkg' returned '0': PYTHONPATH=/home/yyj/my_ws/build/my_aruco_to_goal_pose_pkg/prefix_override:/home/yyj/my_ws/install/my_aruco_to_goal_pose_pkg/lib/python3.10/site-packages:${PYTHONPATH} /usr/bin/python3 -W ignore:setup.py install is deprecated setup.py egg_info --egg-base ../../build/my_aruco_to_goal_pose_pkg build --build-base /home/yyj/my_ws/build/my_aruco_to_goal_pose_pkg/build install --record /home/yyj/my_ws/build/my_aruco_to_goal_pose_pkg/install.log --single-version-externally-managed install_data
