[4.907s] Invoking command in '/home/yyj/my_ws/src/my_docking': PYTHONPATH=/home/yyj/my_ws/build/my_docking/prefix_override:/home/yyj/my_ws/install/my_docking/lib/python3.10/site-packages:${PYTHONPATH} /usr/bin/python3 -W ignore:setup.py install is deprecated setup.py egg_info --egg-base ../../build/my_docking build --build-base /home/yyj/my_ws/build/my_docking/build install --record /home/yyj/my_ws/build/my_docking/install.log --single-version-externally-managed install_data
[5.627s] running egg_info
[5.628s] writing ../../build/my_docking/my_docking.egg-info/PKG-INFO
[5.629s] writing dependency_links to ../../build/my_docking/my_docking.egg-info/dependency_links.txt
[5.630s] writing entry points to ../../build/my_docking/my_docking.egg-info/entry_points.txt
[5.630s] writing requirements to ../../build/my_docking/my_docking.egg-info/requires.txt
[5.630s] writing top-level names to ../../build/my_docking/my_docking.egg-info/top_level.txt
[5.634s] reading manifest file '../../build/my_docking/my_docking.egg-info/SOURCES.txt'
[5.636s] writing manifest file '../../build/my_docking/my_docking.egg-info/SOURCES.txt'
[5.636s] running build
[5.636s] running build_py
[5.637s] running install
[5.638s] running install_lib
[5.643s] running install_data
[5.643s] running install_egg_info
[5.645s] removing '/home/yyj/my_ws/install/my_docking/lib/python3.10/site-packages/my_docking-0.0.0-py3.10.egg-info' (and everything under it)
[5.645s] Copying ../../build/my_docking/my_docking.egg-info to /home/yyj/my_ws/install/my_docking/lib/python3.10/site-packages/my_docking-0.0.0-py3.10.egg-info
[5.647s] running install_scripts
[5.697s] Installing docking script to /home/yyj/my_ws/install/my_docking/lib/my_docking
[5.698s] writing list of installed files to '/home/yyj/my_ws/build/my_docking/install.log'
[5.751s] Invoked command in '/home/yyj/my_ws/src/my_docking' returned '0': PYTHONPATH=/home/yyj/my_ws/build/my_docking/prefix_override:/home/yyj/my_ws/install/my_docking/lib/python3.10/site-packages:${PYTHONPATH} /usr/bin/python3 -W ignore:setup.py install is deprecated setup.py egg_info --egg-base ../../build/my_docking build --build-base /home/yyj/my_ws/build/my_docking/build install --record /home/yyj/my_ws/build/my_docking/install.log --single-version-externally-managed install_data
