[2.396s] Invoking command in '/home/yyj/my_ws/build/ydlidar_ros2_driver': CMAKE_PREFIX_PATH=${CMAKE_PREFIX_PATH}:/home/yyj/my_ws/install/ros2_aruco:/home/yyj/my_ws/install/open_action_server:/home/yyj/my_ws/install/my_tf2_package:/home/yyj/my_ws/install/my_docking:/home/yyj/my_ws/install/my_aruco_to_goal_pose_pkg:/opt/ros/humble /usr/bin/cmake --build /home/yyj/my_ws/build/ydlidar_ros2_driver -- -j16 -l16
[2.680s] [ 50%] Built target ydlidar_ros2_driver_client
[2.703s] [100%] Built target ydlidar_ros2_driver_node
[2.798s] Invoked command in '/home/yyj/my_ws/build/ydlidar_ros2_driver' returned '0': CMAKE_PREFIX_PATH=${CMAKE_PREFIX_PATH}:/home/yyj/my_ws/install/ros2_aruco:/home/yyj/my_ws/install/open_action_server:/home/yyj/my_ws/install/my_tf2_package:/home/yyj/my_ws/install/my_docking:/home/yyj/my_ws/install/my_aruco_to_goal_pose_pkg:/opt/ros/humble /usr/bin/cmake --build /home/yyj/my_ws/build/ydlidar_ros2_driver -- -j16 -l16
[3.079s] Invoking command in '/home/yyj/my_ws/build/ydlidar_ros2_driver': CMAKE_PREFIX_PATH=${CMAKE_PREFIX_PATH}:/home/yyj/my_ws/install/ros2_aruco:/home/yyj/my_ws/install/open_action_server:/home/yyj/my_ws/install/my_tf2_package:/home/yyj/my_ws/install/my_docking:/home/yyj/my_ws/install/my_aruco_to_goal_pose_pkg:/opt/ros/humble /usr/bin/cmake --install /home/yyj/my_ws/build/ydlidar_ros2_driver
[3.125s] -- Install configuration: ""
[3.126s] -- Up-to-date: /home/yyj/my_ws/install/ydlidar_ros2_driver/lib/ydlidar_ros2_driver/ydlidar_ros2_driver_node
[3.129s] -- Up-to-date: /home/yyj/my_ws/install/ydlidar_ros2_driver/lib/ydlidar_ros2_driver/ydlidar_ros2_driver_client
[3.129s] -- Up-to-date: /home/yyj/my_ws/install/ydlidar_ros2_driver/share/ydlidar_ros2_driver/launch
[3.130s] -- Up-to-date: /home/yyj/my_ws/install/ydlidar_ros2_driver/share/ydlidar_ros2_driver/launch/ydlidar_launch_view.py
[3.131s] -- Up-to-date: /home/yyj/my_ws/install/ydlidar_ros2_driver/share/ydlidar_ros2_driver/launch/ydlidar_launch.py
[3.131s] -- Up-to-date: /home/yyj/my_ws/install/ydlidar_ros2_driver/share/ydlidar_ros2_driver/launch/ydlidar.py
[3.131s] -- Up-to-date: /home/yyj/my_ws/install/ydlidar_ros2_driver/share/ydlidar_ros2_driver/params
[3.132s] -- Up-to-date: /home/yyj/my_ws/install/ydlidar_ros2_driver/share/ydlidar_ros2_driver/params/ydlidar.yaml
[3.132s] -- Up-to-date: /home/yyj/my_ws/install/ydlidar_ros2_driver/share/ydlidar_ros2_driver/params/G1.yaml
[3.132s] -- Up-to-date: /home/yyj/my_ws/install/ydlidar_ros2_driver/share/ydlidar_ros2_driver/params/TminiPro.yaml
[3.132s] -- Up-to-date: /home/yyj/my_ws/install/ydlidar_ros2_driver/share/ydlidar_ros2_driver/params/TG.yaml
[3.136s] -- Up-to-date: /home/yyj/my_ws/install/ydlidar_ros2_driver/share/ydlidar_ros2_driver/params/X2.yaml
[3.137s] -- Up-to-date: /home/yyj/my_ws/install/ydlidar_ros2_driver/share/ydlidar_ros2_driver/params/X4-Pro.yaml
[3.138s] -- Up-to-date: /home/yyj/my_ws/install/ydlidar_ros2_driver/share/ydlidar_ros2_driver/params/X4.yaml
[3.138s] -- Up-to-date: /home/yyj/my_ws/install/ydlidar_ros2_driver/share/ydlidar_ros2_driver/params/G2.yaml
[3.138s] -- Up-to-date: /home/yyj/my_ws/install/ydlidar_ros2_driver/share/ydlidar_ros2_driver/params/G6.yaml
[3.139s] -- Up-to-date: /home/yyj/my_ws/install/ydlidar_ros2_driver/share/ydlidar_ros2_driver/startup
[3.139s] -- Up-to-date: /home/yyj/my_ws/install/ydlidar_ros2_driver/share/ydlidar_ros2_driver/startup/initenv.sh
[3.139s] -- Up-to-date: /home/yyj/my_ws/install/ydlidar_ros2_driver/share/ydlidar_ros2_driver/config
[3.139s] -- Up-to-date: /home/yyj/my_ws/install/ydlidar_ros2_driver/share/ydlidar_ros2_driver/config/ydlidar.rviz
[3.140s] -- Up-to-date: /home/yyj/my_ws/install/ydlidar_ros2_driver/share/ament_index/resource_index/package_run_dependencies/ydlidar_ros2_driver
[3.140s] -- Up-to-date: /home/yyj/my_ws/install/ydlidar_ros2_driver/share/ament_index/resource_index/parent_prefix_path/ydlidar_ros2_driver
[3.140s] -- Up-to-date: /home/yyj/my_ws/install/ydlidar_ros2_driver/share/ydlidar_ros2_driver/environment/ament_prefix_path.sh
[3.140s] -- Up-to-date: /home/yyj/my_ws/install/ydlidar_ros2_driver/share/ydlidar_ros2_driver/environment/ament_prefix_path.dsv
[3.140s] -- Up-to-date: /home/yyj/my_ws/install/ydlidar_ros2_driver/share/ydlidar_ros2_driver/environment/path.sh
[3.141s] -- Up-to-date: /home/yyj/my_ws/install/ydlidar_ros2_driver/share/ydlidar_ros2_driver/environment/path.dsv
[3.141s] -- Up-to-date: /home/yyj/my_ws/install/ydlidar_ros2_driver/share/ydlidar_ros2_driver/local_setup.bash
[3.141s] -- Up-to-date: /home/yyj/my_ws/install/ydlidar_ros2_driver/share/ydlidar_ros2_driver/local_setup.sh
[3.141s] -- Up-to-date: /home/yyj/my_ws/install/ydlidar_ros2_driver/share/ydlidar_ros2_driver/local_setup.zsh
[3.141s] -- Up-to-date: /home/yyj/my_ws/install/ydlidar_ros2_driver/share/ydlidar_ros2_driver/local_setup.dsv
[3.141s] -- Installing: /home/yyj/my_ws/install/ydlidar_ros2_driver/share/ydlidar_ros2_driver/package.dsv
[3.141s] -- Up-to-date: /home/yyj/my_ws/install/ydlidar_ros2_driver/share/ament_index/resource_index/packages/ydlidar_ros2_driver
[3.141s] -- Up-to-date: /home/yyj/my_ws/install/ydlidar_ros2_driver/share/ydlidar_ros2_driver/cmake/ydlidar_ros2_driverConfig.cmake
[3.142s] -- Up-to-date: /home/yyj/my_ws/install/ydlidar_ros2_driver/share/ydlidar_ros2_driver/cmake/ydlidar_ros2_driverConfig-version.cmake
[3.142s] -- Up-to-date: /home/yyj/my_ws/install/ydlidar_ros2_driver/share/ydlidar_ros2_driver/package.xml
[3.175s] Invoked command in '/home/yyj/my_ws/build/ydlidar_ros2_driver' returned '0': CMAKE_PREFIX_PATH=${CMAKE_PREFIX_PATH}:/home/yyj/my_ws/install/ros2_aruco:/home/yyj/my_ws/install/open_action_server:/home/yyj/my_ws/install/my_tf2_package:/home/yyj/my_ws/install/my_docking:/home/yyj/my_ws/install/my_aruco_to_goal_pose_pkg:/opt/ros/humble /usr/bin/cmake --install /home/yyj/my_ws/build/ydlidar_ros2_driver
