[6.047s] Invoking command in '/home/yyj/my_ws/src/my_aruco_to_goal_pose_pkg': PYTHONPATH=/home/yyj/my_ws/build/my_aruco_to_goal_pose_pkg/prefix_override:/home/yyj/my_ws/install/my_aruco_to_goal_pose_pkg/lib/python3.10/site-packages:${PYTHONPATH} /usr/bin/python3 -W ignore:setup.py install is deprecated setup.py egg_info --egg-base ../../build/my_aruco_to_goal_pose_pkg build --build-base /home/yyj/my_ws/build/my_aruco_to_goal_pose_pkg/build install --record /home/yyj/my_ws/build/my_aruco_to_goal_pose_pkg/install.log --single-version-externally-managed install_data
[7.149s] running egg_info
[7.157s] writing ../../build/my_aruco_to_goal_pose_pkg/my_aruco_to_goal_pose_pkg.egg-info/PKG-INFO
[7.158s] writing dependency_links to ../../build/my_aruco_to_goal_pose_pkg/my_aruco_to_goal_pose_pkg.egg-info/dependency_links.txt
[7.159s] writing entry points to ../../build/my_aruco_to_goal_pose_pkg/my_aruco_to_goal_pose_pkg.egg-info/entry_points.txt
[7.161s] writing requirements to ../../build/my_aruco_to_goal_pose_pkg/my_aruco_to_goal_pose_pkg.egg-info/requires.txt
[7.162s] writing top-level names to ../../build/my_aruco_to_goal_pose_pkg/my_aruco_to_goal_pose_pkg.egg-info/top_level.txt
[7.164s] reading manifest file '../../build/my_aruco_to_goal_pose_pkg/my_aruco_to_goal_pose_pkg.egg-info/SOURCES.txt'
[7.166s] writing manifest file '../../build/my_aruco_to_goal_pose_pkg/my_aruco_to_goal_pose_pkg.egg-info/SOURCES.txt'
[7.166s] running build
[7.167s] running build_py
[7.167s] running install
[7.167s] running install_lib
[7.167s] running install_data
[7.167s] running install_egg_info
[7.172s] removing '/home/yyj/my_ws/install/my_aruco_to_goal_pose_pkg/lib/python3.10/site-packages/my_aruco_to_goal_pose_pkg-0.0.0-py3.10.egg-info' (and everything under it)
[7.172s] Copying ../../build/my_aruco_to_goal_pose_pkg/my_aruco_to_goal_pose_pkg.egg-info to /home/yyj/my_ws/install/my_aruco_to_goal_pose_pkg/lib/python3.10/site-packages/my_aruco_to_goal_pose_pkg-0.0.0-py3.10.egg-info
[7.173s] running install_scripts
[7.241s] Installing aruco_sub_goal_pose_pub script to /home/yyj/my_ws/install/my_aruco_to_goal_pose_pkg/lib/my_aruco_to_goal_pose_pkg
[7.242s] writing list of installed files to '/home/yyj/my_ws/build/my_aruco_to_goal_pose_pkg/install.log'
[7.332s] Invoked command in '/home/yyj/my_ws/src/my_aruco_to_goal_pose_pkg' returned '0': PYTHONPATH=/home/yyj/my_ws/build/my_aruco_to_goal_pose_pkg/prefix_override:/home/yyj/my_ws/install/my_aruco_to_goal_pose_pkg/lib/python3.10/site-packages:${PYTHONPATH} /usr/bin/python3 -W ignore:setup.py install is deprecated setup.py egg_info --egg-base ../../build/my_aruco_to_goal_pose_pkg build --build-base /home/yyj/my_ws/build/my_aruco_to_goal_pose_pkg/build install --record /home/yyj/my_ws/build/my_aruco_to_goal_pose_pkg/install.log --single-version-externally-managed install_data
