[5.041s] Invoking command in '/home/yyj/my_ws/src/open_action_server': PYTHONPATH=/home/yyj/my_ws/build/open_action_server/prefix_override:/home/yyj/my_ws/install/open_action_server/lib/python3.10/site-packages:${PYTHONPATH} /usr/bin/python3 -W ignore:setup.py install is deprecated setup.py egg_info --egg-base ../../build/open_action_server build --build-base /home/yyj/my_ws/build/open_action_server/build install --record /home/yyj/my_ws/build/open_action_server/install.log --single-version-externally-managed install_data
[5.994s] running egg_info
[5.996s] writing ../../build/open_action_server/open_action_server.egg-info/PKG-INFO
[5.998s] writing dependency_links to ../../build/open_action_server/open_action_server.egg-info/dependency_links.txt
[5.999s] writing entry points to ../../build/open_action_server/open_action_server.egg-info/entry_points.txt
[5.999s] writing requirements to ../../build/open_action_server/open_action_server.egg-info/requires.txt
[6.000s] writing top-level names to ../../build/open_action_server/open_action_server.egg-info/top_level.txt
[6.005s] reading manifest file '../../build/open_action_server/open_action_server.egg-info/SOURCES.txt'
[6.008s] writing manifest file '../../build/open_action_server/open_action_server.egg-info/SOURCES.txt'
[6.009s] running build
[6.010s] running build_py
[6.010s] running install
[6.011s] running install_lib
[6.013s] running install_data
[6.013s] running install_egg_info
[6.017s] removing '/home/yyj/my_ws/install/open_action_server/lib/python3.10/site-packages/open_action_server-0.0.0-py3.10.egg-info' (and everything under it)
[6.018s] Copying ../../build/open_action_server/open_action_server.egg-info to /home/yyj/my_ws/install/open_action_server/lib/python3.10/site-packages/open_action_server-0.0.0-py3.10.egg-info
[6.019s] running install_scripts
[6.060s] Installing open_action_server script to /home/yyj/my_ws/install/open_action_server/lib/open_action_server
[6.061s] writing list of installed files to '/home/yyj/my_ws/build/open_action_server/install.log'
[6.113s] Invoked command in '/home/yyj/my_ws/src/open_action_server' returned '0': PYTHONPATH=/home/yyj/my_ws/build/open_action_server/prefix_override:/home/yyj/my_ws/install/open_action_server/lib/python3.10/site-packages:${PYTHONPATH} /usr/bin/python3 -W ignore:setup.py install is deprecated setup.py egg_info --egg-base ../../build/open_action_server build --build-base /home/yyj/my_ws/build/open_action_server/build install --record /home/yyj/my_ws/build/open_action_server/install.log --single-version-externally-managed install_data
