[6.667s] Invoking command in '/home/yyj/my_ws/src/my_tf2_package': PYTHONPATH=/home/yyj/my_ws/build/my_tf2_package/prefix_override:/home/yyj/my_ws/install/my_tf2_package/lib/python3.10/site-packages:${PYTHONPATH} /usr/bin/python3 -W ignore:setup.py install is deprecated setup.py egg_info --egg-base ../../build/my_tf2_package build --build-base /home/yyj/my_ws/build/my_tf2_package/build install --record /home/yyj/my_ws/build/my_tf2_package/install.log --single-version-externally-managed install_data
[7.944s] running egg_info
[7.947s] writing ../../build/my_tf2_package/my_tf2_package.egg-info/PKG-INFO
[7.948s] writing dependency_links to ../../build/my_tf2_package/my_tf2_package.egg-info/dependency_links.txt
[7.948s] writing entry points to ../../build/my_tf2_package/my_tf2_package.egg-info/entry_points.txt
[7.949s] writing requirements to ../../build/my_tf2_package/my_tf2_package.egg-info/requires.txt
[7.950s] writing top-level names to ../../build/my_tf2_package/my_tf2_package.egg-info/top_level.txt
[7.957s] reading manifest file '../../build/my_tf2_package/my_tf2_package.egg-info/SOURCES.txt'
[7.958s] adding license file 'LICENSE'
[7.961s] writing manifest file '../../build/my_tf2_package/my_tf2_package.egg-info/SOURCES.txt'
[7.961s] running build
[7.961s] running build_py
[7.962s] running install
[7.964s] running install_lib
[7.974s] running install_data
[7.976s] running install_egg_info
[7.979s] removing '/home/yyj/my_ws/install/my_tf2_package/lib/python3.10/site-packages/my_tf2_package-0.0.0-py3.10.egg-info' (and everything under it)
[7.980s] Copying ../../build/my_tf2_package/my_tf2_package.egg-info to /home/yyj/my_ws/install/my_tf2_package/lib/python3.10/site-packages/my_tf2_package-0.0.0-py3.10.egg-info
[7.982s] running install_scripts
[8.077s] Installing my_static_cart_tf2_broadcaster script to /home/yyj/my_ws/install/my_tf2_package/lib/my_tf2_package
[8.095s] writing list of installed files to '/home/yyj/my_ws/build/my_tf2_package/install.log'
[8.176s] Invoked command in '/home/yyj/my_ws/src/my_tf2_package' returned '0': PYTHONPATH=/home/yyj/my_ws/build/my_tf2_package/prefix_override:/home/yyj/my_ws/install/my_tf2_package/lib/python3.10/site-packages:${PYTHONPATH} /usr/bin/python3 -W ignore:setup.py install is deprecated setup.py egg_info --egg-base ../../build/my_tf2_package build --build-base /home/yyj/my_ws/build/my_tf2_package/build install --record /home/yyj/my_ws/build/my_tf2_package/install.log --single-version-externally-managed install_data
