[1.641s] Invoking command in '/home/yyj/my_ws/build/my_bot_description': CMAKE_PREFIX_PATH=${CMAKE_PREFIX_PATH}:/home/yyj/my_ws/install/ros2_aruco:/home/yyj/my_ws/install/open_action_server:/home/yyj/my_ws/install/my_tf2_package:/home/yyj/my_ws/install/my_docking:/home/yyj/my_ws/install/my_aruco_to_goal_pose_pkg:/opt/ros/humble /usr/bin/cmake --build /home/yyj/my_ws/build/my_bot_description -- -j16 -l16
[5.053s] Invoked command in '/home/yyj/my_ws/build/my_bot_description' returned '0': CMAKE_PREFIX_PATH=${CMAKE_PREFIX_PATH}:/home/yyj/my_ws/install/ros2_aruco:/home/yyj/my_ws/install/open_action_server:/home/yyj/my_ws/install/my_tf2_package:/home/yyj/my_ws/install/my_docking:/home/yyj/my_ws/install/my_aruco_to_goal_pose_pkg:/opt/ros/humble /usr/bin/cmake --build /home/yyj/my_ws/build/my_bot_description -- -j16 -l16
[5.798s] Invoking command in '/home/yyj/my_ws/build/my_bot_description': CMAKE_PREFIX_PATH=${CMAKE_PREFIX_PATH}:/home/yyj/my_ws/install/ros2_aruco:/home/yyj/my_ws/install/open_action_server:/home/yyj/my_ws/install/my_tf2_package:/home/yyj/my_ws/install/my_docking:/home/yyj/my_ws/install/my_aruco_to_goal_pose_pkg:/opt/ros/humble /usr/bin/cmake --install /home/yyj/my_ws/build/my_bot_description
[5.880s] -- Install configuration: ""
[5.881s] -- Up-to-date: /home/yyj/my_ws/install/my_bot_description/share/my_bot_description/urdf
[5.883s] -- Up-to-date: /home/yyj/my_ws/install/my_bot_description/share/my_bot_description/urdf/.vscode
[5.884s] -- Up-to-date: /home/yyj/my_ws/install/my_bot_description/share/my_bot_description/urdf/.vscode/settings.json
[5.884s] -- Up-to-date: /home/yyj/my_ws/install/my_bot_description/share/my_bot_description/urdf/.vscode/c_cpp_properties.json
[5.884s] -- Up-to-date: /home/yyj/my_ws/install/my_bot_description/share/my_bot_description/urdf/diffbot_description.urdf.xacro
[5.884s] -- Up-to-date: /home/yyj/my_ws/install/my_bot_description/share/my_bot_description/urdf/diffbot.materials.xacro
[5.885s] -- Up-to-date: /home/yyj/my_ws/install/my_bot_description/share/my_bot_description/rviz
[5.885s] -- Up-to-date: /home/yyj/my_ws/install/my_bot_description/share/my_bot_description/rviz/diffbot_view.rviz
[5.885s] -- Up-to-date: /home/yyj/my_ws/install/my_bot_description/share/my_bot_description/rviz/diffbot.rviz
[5.886s] -- Up-to-date: /home/yyj/my_ws/install/my_bot_description/share/ament_index/resource_index/package_run_dependencies/my_bot_description
[5.886s] -- Up-to-date: /home/yyj/my_ws/install/my_bot_description/share/ament_index/resource_index/parent_prefix_path/my_bot_description
[5.886s] -- Up-to-date: /home/yyj/my_ws/install/my_bot_description/share/my_bot_description/environment/ament_prefix_path.sh
[5.886s] -- Up-to-date: /home/yyj/my_ws/install/my_bot_description/share/my_bot_description/environment/ament_prefix_path.dsv
[5.887s] -- Up-to-date: /home/yyj/my_ws/install/my_bot_description/share/my_bot_description/environment/path.sh
[5.887s] -- Up-to-date: /home/yyj/my_ws/install/my_bot_description/share/my_bot_description/environment/path.dsv
[5.888s] -- Up-to-date: /home/yyj/my_ws/install/my_bot_description/share/my_bot_description/local_setup.bash
[5.888s] -- Up-to-date: /home/yyj/my_ws/install/my_bot_description/share/my_bot_description/local_setup.sh
[5.888s] -- Up-to-date: /home/yyj/my_ws/install/my_bot_description/share/my_bot_description/local_setup.zsh
[5.888s] -- Up-to-date: /home/yyj/my_ws/install/my_bot_description/share/my_bot_description/local_setup.dsv
[5.889s] -- Installing: /home/yyj/my_ws/install/my_bot_description/share/my_bot_description/package.dsv
[5.889s] -- Up-to-date: /home/yyj/my_ws/install/my_bot_description/share/ament_index/resource_index/packages/my_bot_description
[5.889s] -- Up-to-date: /home/yyj/my_ws/install/my_bot_description/share/my_bot_description/cmake/my_bot_descriptionConfig.cmake
[5.890s] -- Up-to-date: /home/yyj/my_ws/install/my_bot_description/share/my_bot_description/cmake/my_bot_descriptionConfig-version.cmake
[5.890s] -- Up-to-date: /home/yyj/my_ws/install/my_bot_description/share/my_bot_description/package.xml
[5.911s] Invoked command in '/home/yyj/my_ws/build/my_bot_description' returned '0': CMAKE_PREFIX_PATH=${CMAKE_PREFIX_PATH}:/home/yyj/my_ws/install/ros2_aruco:/home/yyj/my_ws/install/open_action_server:/home/yyj/my_ws/install/my_tf2_package:/home/yyj/my_ws/install/my_docking:/home/yyj/my_ws/install/my_aruco_to_goal_pose_pkg:/opt/ros/humble /usr/bin/cmake --install /home/yyj/my_ws/build/my_bot_description
