[0.097s] Invoking command in '/home/yyj/my_ws/build/realsense2_description': CMAKE_PREFIX_PATH=/home/yyj/my_ws/install/realsense2_camera_msgs:/home/yyj/my_ws/install/ydlidar_ros2_driver:/home/yyj/my_ws/install/usb_cam:/home/yyj/my_ws/install/teleop_twist_joy:/home/yyj/my_ws/install/slam_toolbox:/home/yyj/my_ws/install/ros2_aruco_interfaces:/home/yyj/my_ws/install/realsense2_description:/home/yyj/my_ws/install/realsense2_camera:/home/yyj/my_ws/install/odrive_ros2_control:/home/yyj/my_ws/install/odrive_hardware_interface:/home/yyj/my_ws/install/odrive_demo_bringup:/home/yyj/my_ws/install/odrive_demo_description:/home/yyj/my_ws/install/my_bot_description:/home/yyj/my_ws/install/cart_park_autonomy:/home/yyj/my_ws/install/action_tutorials_cpp:/home/yyj/my_ws/install/my_action_interface:/home/yyj/my_ws/install/ros2_aruco:/home/yyj/my_ws/install/open_action_server:/home/yyj/my_ws/install/my_tf2_package:/home/yyj/my_ws/install/my_docking:/home/yyj/my_ws/install/my_aruco_to_goal_pose_pkg:/opt/ros/humble LD_LIBRARY_PATH=/home/yyj/my_ws/install/realsense2_camera_msgs/lib:/usr/local/lib/:/home/yyj/my_ws/install/usb_cam/lib:/home/yyj/my_ws/install/teleop_twist_joy/lib:/home/yyj/my_ws/install/slam_toolbox/lib:/home/yyj/my_ws/install/ros2_aruco_interfaces/lib:/home/yyj/my_ws/install/realsense2_camera/lib:/home/yyj/my_ws/install/odrive_hardware_interface/lib:/home/yyj/my_ws/install/action_tutorials_cpp/lib:/home/yyj/my_ws/install/my_action_interface/lib:/usr/lib/x86_64-linux-gnu/gazebo-11/plugins:/opt/ros/humble/opt/rviz_ogre_vendor/lib:/opt/ros/humble/lib/x86_64-linux-gnu:/opt/ros/humble/lib /usr/bin/cmake --build /home/yyj/my_ws/build/realsense2_description -- -j16 -l16
[0.230s] Invoked command in '/home/yyj/my_ws/build/realsense2_description' returned '0': CMAKE_PREFIX_PATH=/home/yyj/my_ws/install/realsense2_camera_msgs:/home/yyj/my_ws/install/ydlidar_ros2_driver:/home/yyj/my_ws/install/usb_cam:/home/yyj/my_ws/install/teleop_twist_joy:/home/yyj/my_ws/install/slam_toolbox:/home/yyj/my_ws/install/ros2_aruco_interfaces:/home/yyj/my_ws/install/realsense2_description:/home/yyj/my_ws/install/realsense2_camera:/home/yyj/my_ws/install/odrive_ros2_control:/home/yyj/my_ws/install/odrive_hardware_interface:/home/yyj/my_ws/install/odrive_demo_bringup:/home/yyj/my_ws/install/odrive_demo_description:/home/yyj/my_ws/install/my_bot_description:/home/yyj/my_ws/install/cart_park_autonomy:/home/yyj/my_ws/install/action_tutorials_cpp:/home/yyj/my_ws/install/my_action_interface:/home/yyj/my_ws/install/ros2_aruco:/home/yyj/my_ws/install/open_action_server:/home/yyj/my_ws/install/my_tf2_package:/home/yyj/my_ws/install/my_docking:/home/yyj/my_ws/install/my_aruco_to_goal_pose_pkg:/opt/ros/humble LD_LIBRARY_PATH=/home/yyj/my_ws/install/realsense2_camera_msgs/lib:/usr/local/lib/:/home/yyj/my_ws/install/usb_cam/lib:/home/yyj/my_ws/install/teleop_twist_joy/lib:/home/yyj/my_ws/install/slam_toolbox/lib:/home/yyj/my_ws/install/ros2_aruco_interfaces/lib:/home/yyj/my_ws/install/realsense2_camera/lib:/home/yyj/my_ws/install/odrive_hardware_interface/lib:/home/yyj/my_ws/install/action_tutorials_cpp/lib:/home/yyj/my_ws/install/my_action_interface/lib:/usr/lib/x86_64-linux-gnu/gazebo-11/plugins:/opt/ros/humble/opt/rviz_ogre_vendor/lib:/opt/ros/humble/lib/x86_64-linux-gnu:/opt/ros/humble/lib /usr/bin/cmake --build /home/yyj/my_ws/build/realsense2_description -- -j16 -l16
[0.342s] Invoking command in '/home/yyj/my_ws/build/realsense2_description': CMAKE_PREFIX_PATH=/home/yyj/my_ws/install/realsense2_camera_msgs:/home/yyj/my_ws/install/ydlidar_ros2_driver:/home/yyj/my_ws/install/usb_cam:/home/yyj/my_ws/install/teleop_twist_joy:/home/yyj/my_ws/install/slam_toolbox:/home/yyj/my_ws/install/ros2_aruco_interfaces:/home/yyj/my_ws/install/realsense2_description:/home/yyj/my_ws/install/realsense2_camera:/home/yyj/my_ws/install/odrive_ros2_control:/home/yyj/my_ws/install/odrive_hardware_interface:/home/yyj/my_ws/install/odrive_demo_bringup:/home/yyj/my_ws/install/odrive_demo_description:/home/yyj/my_ws/install/my_bot_description:/home/yyj/my_ws/install/cart_park_autonomy:/home/yyj/my_ws/install/action_tutorials_cpp:/home/yyj/my_ws/install/my_action_interface:/home/yyj/my_ws/install/ros2_aruco:/home/yyj/my_ws/install/open_action_server:/home/yyj/my_ws/install/my_tf2_package:/home/yyj/my_ws/install/my_docking:/home/yyj/my_ws/install/my_aruco_to_goal_pose_pkg:/opt/ros/humble LD_LIBRARY_PATH=/home/yyj/my_ws/install/realsense2_camera_msgs/lib:/usr/local/lib/:/home/yyj/my_ws/install/usb_cam/lib:/home/yyj/my_ws/install/teleop_twist_joy/lib:/home/yyj/my_ws/install/slam_toolbox/lib:/home/yyj/my_ws/install/ros2_aruco_interfaces/lib:/home/yyj/my_ws/install/realsense2_camera/lib:/home/yyj/my_ws/install/odrive_hardware_interface/lib:/home/yyj/my_ws/install/action_tutorials_cpp/lib:/home/yyj/my_ws/install/my_action_interface/lib:/usr/lib/x86_64-linux-gnu/gazebo-11/plugins:/opt/ros/humble/opt/rviz_ogre_vendor/lib:/opt/ros/humble/lib/x86_64-linux-gnu:/opt/ros/humble/lib /usr/bin/cmake --install /home/yyj/my_ws/build/realsense2_description
[0.363s] -- Install configuration: ""
[0.364s] -- Up-to-date: /home/yyj/my_ws/install/realsense2_description/share/realsense2_description/launch
[0.364s] -- Up-to-date: /home/yyj/my_ws/install/realsense2_description/share/realsense2_description/launch/launch_utils.py
[0.365s] -- Up-to-date: /home/yyj/my_ws/install/realsense2_description/share/realsense2_description/launch/view_model.launch.py
[0.365s] -- Up-to-date: /home/yyj/my_ws/install/realsense2_description/share/realsense2_description/meshes
[0.365s] -- Up-to-date: /home/yyj/my_ws/install/realsense2_description/share/realsense2_description/meshes/plug_collision.stl
[0.366s] -- Up-to-date: /home/yyj/my_ws/install/realsense2_description/share/realsense2_description/meshes/d405.stl
[0.366s] -- Up-to-date: /home/yyj/my_ws/install/realsense2_description/share/realsense2_description/meshes/plug.stl
[0.366s] -- Up-to-date: /home/yyj/my_ws/install/realsense2_description/share/realsense2_description/meshes/l515.dae
[0.366s] -- Up-to-date: /home/yyj/my_ws/install/realsense2_description/share/realsense2_description/meshes/d455.stl
[0.367s] -- Up-to-date: /home/yyj/my_ws/install/realsense2_description/share/realsense2_description/meshes/d435.dae
[0.368s] -- Up-to-date: /home/yyj/my_ws/install/realsense2_description/share/realsense2_description/meshes/d415.stl
[0.369s] -- Up-to-date: /home/yyj/my_ws/install/realsense2_description/share/realsense2_description/rviz
[0.370s] -- Up-to-date: /home/yyj/my_ws/install/realsense2_description/share/realsense2_description/rviz/urdf.rviz
[0.373s] -- Up-to-date: /home/yyj/my_ws/install/realsense2_description/share/realsense2_description/urdf
[0.373s] -- Up-to-date: /home/yyj/my_ws/install/realsense2_description/share/realsense2_description/urdf/test_d435_camera.urdf.xacro
[0.374s] -- Up-to-date: /home/yyj/my_ws/install/realsense2_description/share/realsense2_description/urdf/_d455.urdf.xacro
[0.374s] -- Up-to-date: /home/yyj/my_ws/install/realsense2_description/share/realsense2_description/urdf/_materials.urdf.xacro
[0.374s] -- Up-to-date: /home/yyj/my_ws/install/realsense2_description/share/realsense2_description/urdf/_usb_plug.urdf.xacro
[0.374s] -- Up-to-date: /home/yyj/my_ws/install/realsense2_description/share/realsense2_description/urdf/_r410.urdf.xacro
[0.374s] -- Up-to-date: /home/yyj/my_ws/install/realsense2_description/share/realsense2_description/urdf/test_r430_camera.urdf.xacro
[0.375s] -- Up-to-date: /home/yyj/my_ws/install/realsense2_description/share/realsense2_description/urdf/test_d405_camera.urdf.xacro
[0.375s] -- Up-to-date: /home/yyj/my_ws/install/realsense2_description/share/realsense2_description/urdf/_d405.urdf.xacro
[0.376s] -- Up-to-date: /home/yyj/my_ws/install/realsense2_description/share/realsense2_description/urdf/_d415.urdf.xacro
[0.377s] -- Up-to-date: /home/yyj/my_ws/install/realsense2_description/share/realsense2_description/urdf/test_d435_multiple_cameras.urdf.xacro
[0.378s] -- Up-to-date: /home/yyj/my_ws/install/realsense2_description/share/realsense2_description/urdf/_r430.urdf.xacro
[0.379s] -- Up-to-date: /home/yyj/my_ws/install/realsense2_description/share/realsense2_description/urdf/_d435i_imu_modules.urdf.xacro
[0.380s] -- Up-to-date: /home/yyj/my_ws/install/realsense2_description/share/realsense2_description/urdf/test_r410_camera.urdf.xacro
[0.380s] -- Up-to-date: /home/yyj/my_ws/install/realsense2_description/share/realsense2_description/urdf/_d435i.urdf.xacro
[0.381s] -- Up-to-date: /home/yyj/my_ws/install/realsense2_description/share/realsense2_description/urdf/test_d415_camera.urdf.xacro
[0.381s] -- Up-to-date: /home/yyj/my_ws/install/realsense2_description/share/realsense2_description/urdf/test_d455_camera.urdf.xacro
[0.383s] -- Up-to-date: /home/yyj/my_ws/install/realsense2_description/share/realsense2_description/urdf/_d435.urdf.xacro
[0.384s] -- Up-to-date: /home/yyj/my_ws/install/realsense2_description/share/realsense2_description/urdf/test_d435i_camera.urdf.xacro
[0.385s] -- Up-to-date: /home/yyj/my_ws/install/realsense2_description/share/ament_index/resource_index/package_run_dependencies/realsense2_description
[0.386s] -- Up-to-date: /home/yyj/my_ws/install/realsense2_description/share/ament_index/resource_index/parent_prefix_path/realsense2_description
[0.386s] -- Up-to-date: /home/yyj/my_ws/install/realsense2_description/share/realsense2_description/environment/ament_prefix_path.sh
[0.387s] -- Up-to-date: /home/yyj/my_ws/install/realsense2_description/share/realsense2_description/environment/ament_prefix_path.dsv
[0.387s] -- Up-to-date: /home/yyj/my_ws/install/realsense2_description/share/realsense2_description/environment/path.sh
[0.388s] -- Up-to-date: /home/yyj/my_ws/install/realsense2_description/share/realsense2_description/environment/path.dsv
[0.388s] -- Up-to-date: /home/yyj/my_ws/install/realsense2_description/share/realsense2_description/local_setup.bash
[0.389s] -- Up-to-date: /home/yyj/my_ws/install/realsense2_description/share/realsense2_description/local_setup.sh
[0.390s] -- Up-to-date: /home/yyj/my_ws/install/realsense2_description/share/realsense2_description/local_setup.zsh
[0.390s] -- Up-to-date: /home/yyj/my_ws/install/realsense2_description/share/realsense2_description/local_setup.dsv
[0.391s] -- Installing: /home/yyj/my_ws/install/realsense2_description/share/realsense2_description/package.dsv
[0.392s] -- Up-to-date: /home/yyj/my_ws/install/realsense2_description/share/ament_index/resource_index/packages/realsense2_description
[0.395s] -- Up-to-date: /home/yyj/my_ws/install/realsense2_description/share/realsense2_description/cmake/realsense2_descriptionConfig.cmake
[0.396s] -- Up-to-date: /home/yyj/my_ws/install/realsense2_description/share/realsense2_description/cmake/realsense2_descriptionConfig-version.cmake
[0.396s] -- Up-to-date: /home/yyj/my_ws/install/realsense2_description/share/realsense2_description/package.xml
[0.399s] Invoked command in '/home/yyj/my_ws/build/realsense2_description' returned '0': CMAKE_PREFIX_PATH=/home/yyj/my_ws/install/realsense2_camera_msgs:/home/yyj/my_ws/install/ydlidar_ros2_driver:/home/yyj/my_ws/install/usb_cam:/home/yyj/my_ws/install/teleop_twist_joy:/home/yyj/my_ws/install/slam_toolbox:/home/yyj/my_ws/install/ros2_aruco_interfaces:/home/yyj/my_ws/install/realsense2_description:/home/yyj/my_ws/install/realsense2_camera:/home/yyj/my_ws/install/odrive_ros2_control:/home/yyj/my_ws/install/odrive_hardware_interface:/home/yyj/my_ws/install/odrive_demo_bringup:/home/yyj/my_ws/install/odrive_demo_description:/home/yyj/my_ws/install/my_bot_description:/home/yyj/my_ws/install/cart_park_autonomy:/home/yyj/my_ws/install/action_tutorials_cpp:/home/yyj/my_ws/install/my_action_interface:/home/yyj/my_ws/install/ros2_aruco:/home/yyj/my_ws/install/open_action_server:/home/yyj/my_ws/install/my_tf2_package:/home/yyj/my_ws/install/my_docking:/home/yyj/my_ws/install/my_aruco_to_goal_pose_pkg:/opt/ros/humble LD_LIBRARY_PATH=/home/yyj/my_ws/install/realsense2_camera_msgs/lib:/usr/local/lib/:/home/yyj/my_ws/install/usb_cam/lib:/home/yyj/my_ws/install/teleop_twist_joy/lib:/home/yyj/my_ws/install/slam_toolbox/lib:/home/yyj/my_ws/install/ros2_aruco_interfaces/lib:/home/yyj/my_ws/install/realsense2_camera/lib:/home/yyj/my_ws/install/odrive_hardware_interface/lib:/home/yyj/my_ws/install/action_tutorials_cpp/lib:/home/yyj/my_ws/install/my_action_interface/lib:/usr/lib/x86_64-linux-gnu/gazebo-11/plugins:/opt/ros/humble/opt/rviz_ogre_vendor/lib:/opt/ros/humble/lib/x86_64-linux-gnu:/opt/ros/humble/lib /usr/bin/cmake --install /home/yyj/my_ws/build/realsense2_description
