[3.180s] Invoking command in '/home/yyj/my_ws/build/ros2_aruco_interfaces': CMAKE_PREFIX_PATH=${CMAKE_PREFIX_PATH}:/home/yyj/my_ws/install/ros2_aruco:/home/yyj/my_ws/install/open_action_server:/home/yyj/my_ws/install/my_tf2_package:/home/yyj/my_ws/install/my_docking:/home/yyj/my_ws/install/my_aruco_to_goal_pose_pkg:/opt/ros/humble /usr/bin/cmake --build /home/yyj/my_ws/build/ros2_aruco_interfaces -- -j16 -l16
[3.391s] [  3%] Built target ros2_aruco_interfaces__cpp
[3.426s] [  3%] Built target ament_cmake_python_copy_ros2_aruco_interfaces
[3.435s] [ 12%] Built target ros2_aruco_interfaces__rosidl_generator_c
[3.580s] [ 22%] Built target ros2_aruco_interfaces__rosidl_typesupport_cpp
[3.595s] [ 32%] Built target ros2_aruco_interfaces__rosidl_typesupport_fastrtps_cpp
[3.638s] [ 41%] Built target ros2_aruco_interfaces__rosidl_typesupport_introspection_cpp
[3.643s] [ 51%] Built target ros2_aruco_interfaces__rosidl_typesupport_fastrtps_c
[3.697s] [ 61%] Built target ros2_aruco_interfaces__rosidl_typesupport_introspection_c
[3.697s] [ 70%] Built target ros2_aruco_interfaces__rosidl_typesupport_c
[3.812s] [ 70%] Built target ros2_aruco_interfaces
[3.950s] [ 74%] Built target ros2_aruco_interfaces__py
[4.072s] [ 80%] Built target ros2_aruco_interfaces__rosidl_generator_py
[4.214s] [ 87%] Built target ros2_aruco_interfaces__rosidl_typesupport_fastrtps_c__pyext
[4.238s] [ 93%] Built target ros2_aruco_interfaces__rosidl_typesupport_c__pyext
[4.243s] [100%] Built target ros2_aruco_interfaces__rosidl_typesupport_introspection_c__pyext
[4.640s] running egg_info
[4.643s] writing ros2_aruco_interfaces.egg-info/PKG-INFO
[4.644s] writing dependency_links to ros2_aruco_interfaces.egg-info/dependency_links.txt
[4.645s] writing top-level names to ros2_aruco_interfaces.egg-info/top_level.txt
[4.661s] reading manifest file 'ros2_aruco_interfaces.egg-info/SOURCES.txt'
[4.662s] writing manifest file 'ros2_aruco_interfaces.egg-info/SOURCES.txt'
[4.740s] [100%] Built target ament_cmake_python_build_ros2_aruco_interfaces_egg
[4.814s] Invoked command in '/home/yyj/my_ws/build/ros2_aruco_interfaces' returned '0': CMAKE_PREFIX_PATH=${CMAKE_PREFIX_PATH}:/home/yyj/my_ws/install/ros2_aruco:/home/yyj/my_ws/install/open_action_server:/home/yyj/my_ws/install/my_tf2_package:/home/yyj/my_ws/install/my_docking:/home/yyj/my_ws/install/my_aruco_to_goal_pose_pkg:/opt/ros/humble /usr/bin/cmake --build /home/yyj/my_ws/build/ros2_aruco_interfaces -- -j16 -l16
[5.079s] Invoking command in '/home/yyj/my_ws/build/ros2_aruco_interfaces': CMAKE_PREFIX_PATH=${CMAKE_PREFIX_PATH}:/home/yyj/my_ws/install/ros2_aruco:/home/yyj/my_ws/install/open_action_server:/home/yyj/my_ws/install/my_tf2_package:/home/yyj/my_ws/install/my_docking:/home/yyj/my_ws/install/my_aruco_to_goal_pose_pkg:/opt/ros/humble /usr/bin/cmake --install /home/yyj/my_ws/build/ros2_aruco_interfaces
[5.112s] -- Install configuration: ""
[5.114s] -- Up-to-date: /home/yyj/my_ws/install/ros2_aruco_interfaces/share/ament_index/resource_index/rosidl_interfaces/ros2_aruco_interfaces
[5.114s] -- Up-to-date: /home/yyj/my_ws/install/ros2_aruco_interfaces/include/ros2_aruco_interfaces/ros2_aruco_interfaces
[5.114s] -- Up-to-date: /home/yyj/my_ws/install/ros2_aruco_interfaces/include/ros2_aruco_interfaces/ros2_aruco_interfaces/msg
[5.115s] -- Up-to-date: /home/yyj/my_ws/install/ros2_aruco_interfaces/include/ros2_aruco_interfaces/ros2_aruco_interfaces/msg/detail
[5.115s] -- Up-to-date: /home/yyj/my_ws/install/ros2_aruco_interfaces/include/ros2_aruco_interfaces/ros2_aruco_interfaces/msg/detail/aruco_markers__functions.c
[5.115s] -- Up-to-date: /home/yyj/my_ws/install/ros2_aruco_interfaces/include/ros2_aruco_interfaces/ros2_aruco_interfaces/msg/detail/aruco_markers__functions.h
[5.115s] -- Up-to-date: /home/yyj/my_ws/install/ros2_aruco_interfaces/include/ros2_aruco_interfaces/ros2_aruco_interfaces/msg/detail/aruco_markers__type_support.h
[5.116s] -- Up-to-date: /home/yyj/my_ws/install/ros2_aruco_interfaces/include/ros2_aruco_interfaces/ros2_aruco_interfaces/msg/detail/aruco_markers__struct.h
[5.116s] -- Up-to-date: /home/yyj/my_ws/install/ros2_aruco_interfaces/include/ros2_aruco_interfaces/ros2_aruco_interfaces/msg/rosidl_generator_c__visibility_control.h
[5.118s] -- Up-to-date: /home/yyj/my_ws/install/ros2_aruco_interfaces/include/ros2_aruco_interfaces/ros2_aruco_interfaces/msg/aruco_markers.h
[5.120s] -- Up-to-date: /home/yyj/my_ws/install/ros2_aruco_interfaces/share/ros2_aruco_interfaces/environment/library_path.sh
[5.122s] -- Up-to-date: /home/yyj/my_ws/install/ros2_aruco_interfaces/share/ros2_aruco_interfaces/environment/library_path.dsv
[5.124s] -- Up-to-date: /home/yyj/my_ws/install/ros2_aruco_interfaces/lib/libros2_aruco_interfaces__rosidl_generator_c.so
[5.125s] -- Up-to-date: /home/yyj/my_ws/install/ros2_aruco_interfaces/include/ros2_aruco_interfaces/ros2_aruco_interfaces
[5.126s] -- Up-to-date: /home/yyj/my_ws/install/ros2_aruco_interfaces/include/ros2_aruco_interfaces/ros2_aruco_interfaces/msg
[5.126s] -- Up-to-date: /home/yyj/my_ws/install/ros2_aruco_interfaces/include/ros2_aruco_interfaces/ros2_aruco_interfaces/msg/detail
[5.127s] -- Up-to-date: /home/yyj/my_ws/install/ros2_aruco_interfaces/include/ros2_aruco_interfaces/ros2_aruco_interfaces/msg/detail/aruco_markers__rosidl_typesupport_fastrtps_c.h
[5.128s] -- Up-to-date: /home/yyj/my_ws/install/ros2_aruco_interfaces/include/ros2_aruco_interfaces/ros2_aruco_interfaces/msg/rosidl_typesupport_fastrtps_c__visibility_control.h
[5.128s] -- Up-to-date: /home/yyj/my_ws/install/ros2_aruco_interfaces/lib/libros2_aruco_interfaces__rosidl_typesupport_fastrtps_c.so
[5.129s] -- Up-to-date: /home/yyj/my_ws/install/ros2_aruco_interfaces/include/ros2_aruco_interfaces/ros2_aruco_interfaces
[5.129s] -- Up-to-date: /home/yyj/my_ws/install/ros2_aruco_interfaces/include/ros2_aruco_interfaces/ros2_aruco_interfaces/msg
[5.129s] -- Up-to-date: /home/yyj/my_ws/install/ros2_aruco_interfaces/include/ros2_aruco_interfaces/ros2_aruco_interfaces/msg/detail
[5.130s] -- Up-to-date: /home/yyj/my_ws/install/ros2_aruco_interfaces/include/ros2_aruco_interfaces/ros2_aruco_interfaces/msg/detail/aruco_markers__struct.hpp
[5.130s] -- Up-to-date: /home/yyj/my_ws/install/ros2_aruco_interfaces/include/ros2_aruco_interfaces/ros2_aruco_interfaces/msg/detail/aruco_markers__builder.hpp
[5.130s] -- Up-to-date: /home/yyj/my_ws/install/ros2_aruco_interfaces/include/ros2_aruco_interfaces/ros2_aruco_interfaces/msg/detail/aruco_markers__traits.hpp
[5.130s] -- Up-to-date: /home/yyj/my_ws/install/ros2_aruco_interfaces/include/ros2_aruco_interfaces/ros2_aruco_interfaces/msg/aruco_markers.hpp
[5.131s] -- Up-to-date: /home/yyj/my_ws/install/ros2_aruco_interfaces/include/ros2_aruco_interfaces/ros2_aruco_interfaces
[5.131s] -- Up-to-date: /home/yyj/my_ws/install/ros2_aruco_interfaces/include/ros2_aruco_interfaces/ros2_aruco_interfaces/msg
[5.131s] -- Up-to-date: /home/yyj/my_ws/install/ros2_aruco_interfaces/include/ros2_aruco_interfaces/ros2_aruco_interfaces/msg/detail
[5.131s] -- Up-to-date: /home/yyj/my_ws/install/ros2_aruco_interfaces/include/ros2_aruco_interfaces/ros2_aruco_interfaces/msg/detail/aruco_markers__rosidl_typesupport_fastrtps_cpp.hpp
[5.132s] -- Up-to-date: /home/yyj/my_ws/install/ros2_aruco_interfaces/include/ros2_aruco_interfaces/ros2_aruco_interfaces/msg/detail/dds_fastrtps
[5.132s] -- Up-to-date: /home/yyj/my_ws/install/ros2_aruco_interfaces/include/ros2_aruco_interfaces/ros2_aruco_interfaces/msg/rosidl_typesupport_fastrtps_cpp__visibility_control.h
[5.132s] -- Up-to-date: /home/yyj/my_ws/install/ros2_aruco_interfaces/lib/libros2_aruco_interfaces__rosidl_typesupport_fastrtps_cpp.so
[5.132s] -- Up-to-date: /home/yyj/my_ws/install/ros2_aruco_interfaces/include/ros2_aruco_interfaces/ros2_aruco_interfaces
[5.132s] -- Up-to-date: /home/yyj/my_ws/install/ros2_aruco_interfaces/include/ros2_aruco_interfaces/ros2_aruco_interfaces/msg
[5.133s] -- Up-to-date: /home/yyj/my_ws/install/ros2_aruco_interfaces/include/ros2_aruco_interfaces/ros2_aruco_interfaces/msg/detail
[5.133s] -- Up-to-date: /home/yyj/my_ws/install/ros2_aruco_interfaces/include/ros2_aruco_interfaces/ros2_aruco_interfaces/msg/detail/aruco_markers__type_support.c
[5.133s] -- Up-to-date: /home/yyj/my_ws/install/ros2_aruco_interfaces/include/ros2_aruco_interfaces/ros2_aruco_interfaces/msg/detail/aruco_markers__rosidl_typesupport_introspection_c.h
[5.135s] -- Up-to-date: /home/yyj/my_ws/install/ros2_aruco_interfaces/include/ros2_aruco_interfaces/ros2_aruco_interfaces/msg/rosidl_typesupport_introspection_c__visibility_control.h
[5.135s] -- Up-to-date: /home/yyj/my_ws/install/ros2_aruco_interfaces/lib/libros2_aruco_interfaces__rosidl_typesupport_introspection_c.so
[5.135s] -- Up-to-date: /home/yyj/my_ws/install/ros2_aruco_interfaces/lib/libros2_aruco_interfaces__rosidl_typesupport_c.so
[5.135s] -- Up-to-date: /home/yyj/my_ws/install/ros2_aruco_interfaces/include/ros2_aruco_interfaces/ros2_aruco_interfaces
[5.136s] -- Up-to-date: /home/yyj/my_ws/install/ros2_aruco_interfaces/include/ros2_aruco_interfaces/ros2_aruco_interfaces/msg
[5.136s] -- Up-to-date: /home/yyj/my_ws/install/ros2_aruco_interfaces/include/ros2_aruco_interfaces/ros2_aruco_interfaces/msg/detail
[5.136s] -- Up-to-date: /home/yyj/my_ws/install/ros2_aruco_interfaces/include/ros2_aruco_interfaces/ros2_aruco_interfaces/msg/detail/aruco_markers__rosidl_typesupport_introspection_cpp.hpp
[5.136s] -- Up-to-date: /home/yyj/my_ws/install/ros2_aruco_interfaces/include/ros2_aruco_interfaces/ros2_aruco_interfaces/msg/detail/aruco_markers__type_support.cpp
[5.137s] -- Up-to-date: /home/yyj/my_ws/install/ros2_aruco_interfaces/lib/libros2_aruco_interfaces__rosidl_typesupport_introspection_cpp.so
[5.137s] -- Up-to-date: /home/yyj/my_ws/install/ros2_aruco_interfaces/lib/libros2_aruco_interfaces__rosidl_typesupport_cpp.so
[5.137s] -- Up-to-date: /home/yyj/my_ws/install/ros2_aruco_interfaces/share/ros2_aruco_interfaces/environment/pythonpath.sh
[5.138s] -- Up-to-date: /home/yyj/my_ws/install/ros2_aruco_interfaces/share/ros2_aruco_interfaces/environment/pythonpath.dsv
[5.138s] -- Up-to-date: /home/yyj/my_ws/install/ros2_aruco_interfaces/local/lib/python3.10/dist-packages/ros2_aruco_interfaces-0.1.0-py3.10.egg-info
[5.138s] -- Installing: /home/yyj/my_ws/install/ros2_aruco_interfaces/local/lib/python3.10/dist-packages/ros2_aruco_interfaces-0.1.0-py3.10.egg-info/SOURCES.txt
[5.139s] -- Installing: /home/yyj/my_ws/install/ros2_aruco_interfaces/local/lib/python3.10/dist-packages/ros2_aruco_interfaces-0.1.0-py3.10.egg-info/top_level.txt
[5.139s] -- Installing: /home/yyj/my_ws/install/ros2_aruco_interfaces/local/lib/python3.10/dist-packages/ros2_aruco_interfaces-0.1.0-py3.10.egg-info/dependency_links.txt
[5.139s] -- Installing: /home/yyj/my_ws/install/ros2_aruco_interfaces/local/lib/python3.10/dist-packages/ros2_aruco_interfaces-0.1.0-py3.10.egg-info/PKG-INFO
[5.140s] -- Up-to-date: /home/yyj/my_ws/install/ros2_aruco_interfaces/local/lib/python3.10/dist-packages/ros2_aruco_interfaces
[5.140s] -- Up-to-date: /home/yyj/my_ws/install/ros2_aruco_interfaces/local/lib/python3.10/dist-packages/ros2_aruco_interfaces/libros2_aruco_interfaces__rosidl_generator_py.so
[5.140s] -- Up-to-date: /home/yyj/my_ws/install/ros2_aruco_interfaces/local/lib/python3.10/dist-packages/ros2_aruco_interfaces/ros2_aruco_interfaces_s__rosidl_typesupport_fastrtps_c.cpython-310-x86_64-linux-gnu.so
[5.142s] -- Up-to-date: /home/yyj/my_ws/install/ros2_aruco_interfaces/local/lib/python3.10/dist-packages/ros2_aruco_interfaces/ros2_aruco_interfaces_s__rosidl_typesupport_c.cpython-310-x86_64-linux-gnu.so
[5.142s] -- Up-to-date: /home/yyj/my_ws/install/ros2_aruco_interfaces/local/lib/python3.10/dist-packages/ros2_aruco_interfaces/__init__.py
[5.143s] -- Up-to-date: /home/yyj/my_ws/install/ros2_aruco_interfaces/local/lib/python3.10/dist-packages/ros2_aruco_interfaces/_ros2_aruco_interfaces_s.ep.rosidl_typesupport_fastrtps_c.c
[5.143s] -- Up-to-date: /home/yyj/my_ws/install/ros2_aruco_interfaces/local/lib/python3.10/dist-packages/ros2_aruco_interfaces/_ros2_aruco_interfaces_s.ep.rosidl_typesupport_introspection_c.c
[5.144s] -- Up-to-date: /home/yyj/my_ws/install/ros2_aruco_interfaces/local/lib/python3.10/dist-packages/ros2_aruco_interfaces/ros2_aruco_interfaces_s__rosidl_typesupport_introspection_c.cpython-310-x86_64-linux-gnu.so
[5.144s] -- Up-to-date: /home/yyj/my_ws/install/ros2_aruco_interfaces/local/lib/python3.10/dist-packages/ros2_aruco_interfaces/msg
[5.144s] -- Up-to-date: /home/yyj/my_ws/install/ros2_aruco_interfaces/local/lib/python3.10/dist-packages/ros2_aruco_interfaces/msg/__init__.py
[5.144s] -- Up-to-date: /home/yyj/my_ws/install/ros2_aruco_interfaces/local/lib/python3.10/dist-packages/ros2_aruco_interfaces/msg/_aruco_markers_s.c
[5.145s] -- Up-to-date: /home/yyj/my_ws/install/ros2_aruco_interfaces/local/lib/python3.10/dist-packages/ros2_aruco_interfaces/msg/_aruco_markers.py
[5.145s] -- Up-to-date: /home/yyj/my_ws/install/ros2_aruco_interfaces/local/lib/python3.10/dist-packages/ros2_aruco_interfaces/_ros2_aruco_interfaces_s.ep.rosidl_typesupport_c.c
[5.258s] Listing '/home/yyj/my_ws/install/ros2_aruco_interfaces/local/lib/python3.10/dist-packages/ros2_aruco_interfaces'...
[5.259s] Listing '/home/yyj/my_ws/install/ros2_aruco_interfaces/local/lib/python3.10/dist-packages/ros2_aruco_interfaces/msg'...
[5.275s] -- Up-to-date: /home/yyj/my_ws/install/ros2_aruco_interfaces/local/lib/python3.10/dist-packages/ros2_aruco_interfaces/ros2_aruco_interfaces_s__rosidl_typesupport_fastrtps_c.cpython-310-x86_64-linux-gnu.so
[5.276s] -- Up-to-date: /home/yyj/my_ws/install/ros2_aruco_interfaces/local/lib/python3.10/dist-packages/ros2_aruco_interfaces/ros2_aruco_interfaces_s__rosidl_typesupport_introspection_c.cpython-310-x86_64-linux-gnu.so
[5.276s] -- Up-to-date: /home/yyj/my_ws/install/ros2_aruco_interfaces/local/lib/python3.10/dist-packages/ros2_aruco_interfaces/ros2_aruco_interfaces_s__rosidl_typesupport_c.cpython-310-x86_64-linux-gnu.so
[5.277s] -- Up-to-date: /home/yyj/my_ws/install/ros2_aruco_interfaces/lib/libros2_aruco_interfaces__rosidl_generator_py.so
[5.278s] -- Up-to-date: /home/yyj/my_ws/install/ros2_aruco_interfaces/share/ros2_aruco_interfaces/msg/ArucoMarkers.idl
[5.279s] -- Up-to-date: /home/yyj/my_ws/install/ros2_aruco_interfaces/share/ros2_aruco_interfaces/msg/ArucoMarkers.msg
[5.279s] -- Up-to-date: /home/yyj/my_ws/install/ros2_aruco_interfaces/share/ament_index/resource_index/package_run_dependencies/ros2_aruco_interfaces
[5.280s] -- Up-to-date: /home/yyj/my_ws/install/ros2_aruco_interfaces/share/ament_index/resource_index/parent_prefix_path/ros2_aruco_interfaces
[5.280s] -- Up-to-date: /home/yyj/my_ws/install/ros2_aruco_interfaces/share/ros2_aruco_interfaces/environment/ament_prefix_path.sh
[5.281s] -- Up-to-date: /home/yyj/my_ws/install/ros2_aruco_interfaces/share/ros2_aruco_interfaces/environment/ament_prefix_path.dsv
[5.281s] -- Up-to-date: /home/yyj/my_ws/install/ros2_aruco_interfaces/share/ros2_aruco_interfaces/environment/path.sh
[5.281s] -- Up-to-date: /home/yyj/my_ws/install/ros2_aruco_interfaces/share/ros2_aruco_interfaces/environment/path.dsv
[5.281s] -- Up-to-date: /home/yyj/my_ws/install/ros2_aruco_interfaces/share/ros2_aruco_interfaces/local_setup.bash
[5.281s] -- Up-to-date: /home/yyj/my_ws/install/ros2_aruco_interfaces/share/ros2_aruco_interfaces/local_setup.sh
[5.281s] -- Up-to-date: /home/yyj/my_ws/install/ros2_aruco_interfaces/share/ros2_aruco_interfaces/local_setup.zsh
[5.281s] -- Up-to-date: /home/yyj/my_ws/install/ros2_aruco_interfaces/share/ros2_aruco_interfaces/local_setup.dsv
[5.282s] -- Installing: /home/yyj/my_ws/install/ros2_aruco_interfaces/share/ros2_aruco_interfaces/package.dsv
[5.282s] -- Up-to-date: /home/yyj/my_ws/install/ros2_aruco_interfaces/share/ament_index/resource_index/packages/ros2_aruco_interfaces
[5.282s] -- Up-to-date: /home/yyj/my_ws/install/ros2_aruco_interfaces/share/ros2_aruco_interfaces/cmake/export_ros2_aruco_interfaces__rosidl_generator_cExport.cmake
[5.282s] -- Up-to-date: /home/yyj/my_ws/install/ros2_aruco_interfaces/share/ros2_aruco_interfaces/cmake/export_ros2_aruco_interfaces__rosidl_generator_cExport-noconfig.cmake
[5.282s] -- Up-to-date: /home/yyj/my_ws/install/ros2_aruco_interfaces/share/ros2_aruco_interfaces/cmake/export_ros2_aruco_interfaces__rosidl_typesupport_fastrtps_cExport.cmake
[5.283s] -- Up-to-date: /home/yyj/my_ws/install/ros2_aruco_interfaces/share/ros2_aruco_interfaces/cmake/export_ros2_aruco_interfaces__rosidl_typesupport_fastrtps_cExport-noconfig.cmake
[5.284s] -- Up-to-date: /home/yyj/my_ws/install/ros2_aruco_interfaces/share/ros2_aruco_interfaces/cmake/export_ros2_aruco_interfaces__rosidl_generator_cppExport.cmake
[5.284s] -- Up-to-date: /home/yyj/my_ws/install/ros2_aruco_interfaces/share/ros2_aruco_interfaces/cmake/export_ros2_aruco_interfaces__rosidl_typesupport_fastrtps_cppExport.cmake
[5.285s] -- Up-to-date: /home/yyj/my_ws/install/ros2_aruco_interfaces/share/ros2_aruco_interfaces/cmake/export_ros2_aruco_interfaces__rosidl_typesupport_fastrtps_cppExport-noconfig.cmake
[5.285s] -- Up-to-date: /home/yyj/my_ws/install/ros2_aruco_interfaces/share/ros2_aruco_interfaces/cmake/ros2_aruco_interfaces__rosidl_typesupport_introspection_cExport.cmake
[5.286s] -- Up-to-date: /home/yyj/my_ws/install/ros2_aruco_interfaces/share/ros2_aruco_interfaces/cmake/ros2_aruco_interfaces__rosidl_typesupport_introspection_cExport-noconfig.cmake
[5.286s] -- Up-to-date: /home/yyj/my_ws/install/ros2_aruco_interfaces/share/ros2_aruco_interfaces/cmake/ros2_aruco_interfaces__rosidl_typesupport_cExport.cmake
[5.286s] -- Up-to-date: /home/yyj/my_ws/install/ros2_aruco_interfaces/share/ros2_aruco_interfaces/cmake/ros2_aruco_interfaces__rosidl_typesupport_cExport-noconfig.cmake
[5.286s] -- Up-to-date: /home/yyj/my_ws/install/ros2_aruco_interfaces/share/ros2_aruco_interfaces/cmake/ros2_aruco_interfaces__rosidl_typesupport_introspection_cppExport.cmake
[5.286s] -- Up-to-date: /home/yyj/my_ws/install/ros2_aruco_interfaces/share/ros2_aruco_interfaces/cmake/ros2_aruco_interfaces__rosidl_typesupport_introspection_cppExport-noconfig.cmake
[5.286s] -- Up-to-date: /home/yyj/my_ws/install/ros2_aruco_interfaces/share/ros2_aruco_interfaces/cmake/ros2_aruco_interfaces__rosidl_typesupport_cppExport.cmake
[5.286s] -- Up-to-date: /home/yyj/my_ws/install/ros2_aruco_interfaces/share/ros2_aruco_interfaces/cmake/ros2_aruco_interfaces__rosidl_typesupport_cppExport-noconfig.cmake
[5.286s] -- Up-to-date: /home/yyj/my_ws/install/ros2_aruco_interfaces/share/ros2_aruco_interfaces/cmake/export_ros2_aruco_interfaces__rosidl_generator_pyExport.cmake
[5.286s] -- Up-to-date: /home/yyj/my_ws/install/ros2_aruco_interfaces/share/ros2_aruco_interfaces/cmake/export_ros2_aruco_interfaces__rosidl_generator_pyExport-noconfig.cmake
[5.287s] -- Up-to-date: /home/yyj/my_ws/install/ros2_aruco_interfaces/share/ros2_aruco_interfaces/cmake/rosidl_cmake-extras.cmake
[5.287s] -- Up-to-date: /home/yyj/my_ws/install/ros2_aruco_interfaces/share/ros2_aruco_interfaces/cmake/ament_cmake_export_dependencies-extras.cmake
[5.287s] -- Up-to-date: /home/yyj/my_ws/install/ros2_aruco_interfaces/share/ros2_aruco_interfaces/cmake/ament_cmake_export_include_directories-extras.cmake
[5.287s] -- Up-to-date: /home/yyj/my_ws/install/ros2_aruco_interfaces/share/ros2_aruco_interfaces/cmake/ament_cmake_export_libraries-extras.cmake
[5.287s] -- Up-to-date: /home/yyj/my_ws/install/ros2_aruco_interfaces/share/ros2_aruco_interfaces/cmake/ament_cmake_export_targets-extras.cmake
[5.287s] -- Up-to-date: /home/yyj/my_ws/install/ros2_aruco_interfaces/share/ros2_aruco_interfaces/cmake/rosidl_cmake_export_typesupport_targets-extras.cmake
[5.288s] -- Up-to-date: /home/yyj/my_ws/install/ros2_aruco_interfaces/share/ros2_aruco_interfaces/cmake/rosidl_cmake_export_typesupport_libraries-extras.cmake
[5.289s] -- Up-to-date: /home/yyj/my_ws/install/ros2_aruco_interfaces/share/ros2_aruco_interfaces/cmake/ros2_aruco_interfacesConfig.cmake
[5.289s] -- Up-to-date: /home/yyj/my_ws/install/ros2_aruco_interfaces/share/ros2_aruco_interfaces/cmake/ros2_aruco_interfacesConfig-version.cmake
[5.289s] -- Up-to-date: /home/yyj/my_ws/install/ros2_aruco_interfaces/share/ros2_aruco_interfaces/package.xml
[5.293s] Invoked command in '/home/yyj/my_ws/build/ros2_aruco_interfaces' returned '0': CMAKE_PREFIX_PATH=${CMAKE_PREFIX_PATH}:/home/yyj/my_ws/install/ros2_aruco:/home/yyj/my_ws/install/open_action_server:/home/yyj/my_ws/install/my_tf2_package:/home/yyj/my_ws/install/my_docking:/home/yyj/my_ws/install/my_aruco_to_goal_pose_pkg:/opt/ros/humble /usr/bin/cmake --install /home/yyj/my_ws/build/ros2_aruco_interfaces
