[2.877s] Invoking command in '/home/yyj/my_ws/build/teleop_twist_joy': CMAKE_PREFIX_PATH=${CMAKE_PREFIX_PATH}:/home/yyj/my_ws/install/ros2_aruco:/home/yyj/my_ws/install/open_action_server:/home/yyj/my_ws/install/my_tf2_package:/home/yyj/my_ws/install/my_docking:/home/yyj/my_ws/install/my_aruco_to_goal_pose_pkg:/opt/ros/humble /usr/bin/cmake --build /home/yyj/my_ws/build/teleop_twist_joy -- -j16 -l16
[3.106s] [ 50%] Built target teleop_twist_joy
[3.353s] [100%] Built target teleop_twist_joy_node
[3.529s] Invoked command in '/home/yyj/my_ws/build/teleop_twist_joy' returned '0': CMAKE_PREFIX_PATH=${CMAKE_PREFIX_PATH}:/home/yyj/my_ws/install/ros2_aruco:/home/yyj/my_ws/install/open_action_server:/home/yyj/my_ws/install/my_tf2_package:/home/yyj/my_ws/install/my_docking:/home/yyj/my_ws/install/my_aruco_to_goal_pose_pkg:/opt/ros/humble /usr/bin/cmake --build /home/yyj/my_ws/build/teleop_twist_joy -- -j16 -l16
[3.830s] Invoking command in '/home/yyj/my_ws/build/teleop_twist_joy': CMAKE_PREFIX_PATH=${CMAKE_PREFIX_PATH}:/home/yyj/my_ws/install/ros2_aruco:/home/yyj/my_ws/install/open_action_server:/home/yyj/my_ws/install/my_tf2_package:/home/yyj/my_ws/install/my_docking:/home/yyj/my_ws/install/my_aruco_to_goal_pose_pkg:/opt/ros/humble /usr/bin/cmake --install /home/yyj/my_ws/build/teleop_twist_joy
[3.861s] -- Install configuration: ""
[3.863s] -- Up-to-date: /home/yyj/my_ws/install/teleop_twist_joy/lib/libteleop_twist_joy.so
[3.864s] -- Up-to-date: /home/yyj/my_ws/install/teleop_twist_joy/lib/teleop_twist_joy/teleop_node
[3.864s] -- Up-to-date: /home/yyj/my_ws/install/teleop_twist_joy/include/teleop_twist_joy
[3.864s] -- Up-to-date: /home/yyj/my_ws/install/teleop_twist_joy/include/teleop_twist_joy/teleop_twist_joy
[3.865s] -- Up-to-date: /home/yyj/my_ws/install/teleop_twist_joy/include/teleop_twist_joy/teleop_twist_joy/teleop_twist_joy.hpp
[3.866s] -- Up-to-date: /home/yyj/my_ws/install/teleop_twist_joy/include/teleop_twist_joy/teleop_twist_joy/teleop_twist_joy_export.h
[3.866s] -- Up-to-date: /home/yyj/my_ws/install/teleop_twist_joy/share/teleop_twist_joy/launch
[3.866s] -- Up-to-date: /home/yyj/my_ws/install/teleop_twist_joy/share/teleop_twist_joy/launch/teleop-launch.py
[3.866s] -- Up-to-date: /home/yyj/my_ws/install/teleop_twist_joy/share/teleop_twist_joy/config
[3.867s] -- Up-to-date: /home/yyj/my_ws/install/teleop_twist_joy/share/teleop_twist_joy/config/ps3.config.yaml
[3.867s] -- Up-to-date: /home/yyj/my_ws/install/teleop_twist_joy/share/teleop_twist_joy/config/xd3.config.yaml
[3.867s] -- Up-to-date: /home/yyj/my_ws/install/teleop_twist_joy/share/teleop_twist_joy/config/xbox.config.yaml
[3.868s] -- Up-to-date: /home/yyj/my_ws/install/teleop_twist_joy/share/teleop_twist_joy/config/ps3-holonomic.config.yaml
[3.868s] -- Up-to-date: /home/yyj/my_ws/install/teleop_twist_joy/share/teleop_twist_joy/config/atk3.config.yaml
[3.868s] -- Up-to-date: /home/yyj/my_ws/install/teleop_twist_joy/share/teleop_twist_joy/environment/library_path.sh
[3.869s] -- Up-to-date: /home/yyj/my_ws/install/teleop_twist_joy/share/teleop_twist_joy/environment/library_path.dsv
[3.880s] -- Up-to-date: /home/yyj/my_ws/install/teleop_twist_joy/share/ament_index/resource_index/package_run_dependencies/teleop_twist_joy
[3.880s] -- Up-to-date: /home/yyj/my_ws/install/teleop_twist_joy/share/ament_index/resource_index/parent_prefix_path/teleop_twist_joy
[3.880s] -- Up-to-date: /home/yyj/my_ws/install/teleop_twist_joy/share/teleop_twist_joy/environment/ament_prefix_path.sh
[3.880s] -- Up-to-date: /home/yyj/my_ws/install/teleop_twist_joy/share/teleop_twist_joy/environment/ament_prefix_path.dsv
[3.881s] -- Up-to-date: /home/yyj/my_ws/install/teleop_twist_joy/share/teleop_twist_joy/environment/path.sh
[3.881s] -- Up-to-date: /home/yyj/my_ws/install/teleop_twist_joy/share/teleop_twist_joy/environment/path.dsv
[3.881s] -- Up-to-date: /home/yyj/my_ws/install/teleop_twist_joy/share/teleop_twist_joy/local_setup.bash
[3.881s] -- Up-to-date: /home/yyj/my_ws/install/teleop_twist_joy/share/teleop_twist_joy/local_setup.sh
[3.881s] -- Up-to-date: /home/yyj/my_ws/install/teleop_twist_joy/share/teleop_twist_joy/local_setup.zsh
[3.882s] -- Up-to-date: /home/yyj/my_ws/install/teleop_twist_joy/share/teleop_twist_joy/local_setup.dsv
[3.882s] -- Installing: /home/yyj/my_ws/install/teleop_twist_joy/share/teleop_twist_joy/package.dsv
[3.882s] -- Up-to-date: /home/yyj/my_ws/install/teleop_twist_joy/share/ament_index/resource_index/packages/teleop_twist_joy
[3.882s] -- Up-to-date: /home/yyj/my_ws/install/teleop_twist_joy/share/ament_index/resource_index/rclcpp_components/teleop_twist_joy
[3.883s] -- Up-to-date: /home/yyj/my_ws/install/teleop_twist_joy/share/teleop_twist_joy/cmake/export_teleop_twist_joyExport.cmake
[3.887s] -- Up-to-date: /home/yyj/my_ws/install/teleop_twist_joy/share/teleop_twist_joy/cmake/export_teleop_twist_joyExport-noconfig.cmake
[3.888s] -- Up-to-date: /home/yyj/my_ws/install/teleop_twist_joy/share/teleop_twist_joy/cmake/ament_cmake_export_include_directories-extras.cmake
[3.888s] -- Up-to-date: /home/yyj/my_ws/install/teleop_twist_joy/share/teleop_twist_joy/cmake/ament_cmake_export_libraries-extras.cmake
[3.888s] -- Up-to-date: /home/yyj/my_ws/install/teleop_twist_joy/share/teleop_twist_joy/cmake/ament_cmake_export_targets-extras.cmake
[3.888s] -- Up-to-date: /home/yyj/my_ws/install/teleop_twist_joy/share/teleop_twist_joy/cmake/teleop_twist_joyConfig.cmake
[3.888s] -- Up-to-date: /home/yyj/my_ws/install/teleop_twist_joy/share/teleop_twist_joy/cmake/teleop_twist_joyConfig-version.cmake
[3.889s] -- Up-to-date: /home/yyj/my_ws/install/teleop_twist_joy/share/teleop_twist_joy/package.xml
[3.949s] Invoked command in '/home/yyj/my_ws/build/teleop_twist_joy' returned '0': CMAKE_PREFIX_PATH=${CMAKE_PREFIX_PATH}:/home/yyj/my_ws/install/ros2_aruco:/home/yyj/my_ws/install/open_action_server:/home/yyj/my_ws/install/my_tf2_package:/home/yyj/my_ws/install/my_docking:/home/yyj/my_ws/install/my_aruco_to_goal_pose_pkg:/opt/ros/humble /usr/bin/cmake --install /home/yyj/my_ws/build/teleop_twist_joy
