[0.174s] Invoking command in '/home/yyj/my_ws/build/cart_park_autonomy': CMAKE_PREFIX_PATH=/home/yyj/my_ws/install/my_action_interface:/home/yyj/my_ws/install/ydlidar_ros2_driver:/home/yyj/my_ws/install/usb_cam:/home/yyj/my_ws/install/teleop_twist_joy:/home/yyj/my_ws/install/slam_toolbox:/home/yyj/my_ws/install/ros2_aruco_interfaces:/home/yyj/my_ws/install/realsense2_description:/home/yyj/my_ws/install/realsense2_camera:/home/yyj/my_ws/install/realsense2_camera_msgs:/home/yyj/my_ws/install/odrive_ros2_control:/home/yyj/my_ws/install/odrive_hardware_interface:/home/yyj/my_ws/install/odrive_demo_bringup:/home/yyj/my_ws/install/odrive_demo_description:/home/yyj/my_ws/install/my_bot_description:/home/yyj/my_ws/install/cart_park_autonomy:/home/yyj/my_ws/install/action_tutorials_cpp:/home/yyj/my_ws/install/ros2_aruco:/home/yyj/my_ws/install/open_action_server:/home/yyj/my_ws/install/my_tf2_package:/home/yyj/my_ws/install/my_docking:/home/yyj/my_ws/install/my_aruco_to_goal_pose_pkg:/opt/ros/humble LD_LIBRARY_PATH=/home/yyj/my_ws/install/my_action_interface/lib:/usr/local/lib/:/home/yyj/my_ws/install/usb_cam/lib:/home/yyj/my_ws/install/teleop_twist_joy/lib:/home/yyj/my_ws/install/slam_toolbox/lib:/home/yyj/my_ws/install/ros2_aruco_interfaces/lib:/home/yyj/my_ws/install/realsense2_camera/lib:/home/yyj/my_ws/install/realsense2_camera_msgs/lib:/home/yyj/my_ws/install/odrive_hardware_interface/lib:/home/yyj/my_ws/install/action_tutorials_cpp/lib:/usr/lib/x86_64-linux-gnu/gazebo-11/plugins:/opt/ros/humble/opt/rviz_ogre_vendor/lib:/opt/ros/humble/lib/x86_64-linux-gnu:/opt/ros/humble/lib /usr/bin/cmake --build /home/yyj/my_ws/build/cart_park_autonomy -- -j16 -l16
[0.595s] [ 14%] [32mBuilding CXX object CMakeFiles/autonomy_node.dir/src/patrol_behavior.cpp.o[0m
[1.617s] In file included from [01m[K/home/yyj/my_ws/src/cart_park_autonomy/include/patrol_behavior.h:7[m[K,
[1.617s]                  from [01m[K/home/yyj/my_ws/src/cart_park_autonomy/src/patrol_behavior.cpp:1[m[K:
[1.618s] [01m[K/opt/ros/humble/include/tf2_geometry_msgs/tf2_geometry_msgs/tf2_geometry_msgs.h:35:2:[m[K [01;35m[Kwarning: [m[K#warning This header is obsolete, please include tf2_geometry_msgs/tf2_geometry_msgs.hpp instead [[01;35m[K]8;;https://gcc.gnu.org/onlinedocs/gcc/Warning-Options.html#index-Wcpp-Wcpp]8;;[m[K]
[1.618s]    35 | #[01;35m[Kwarning[m[K This header is obsolete, please include tf2_geometry_msgs/tf2_geometry_msgs.hpp instead
[1.618s]       |  [01;35m[K^~~~~~~[m[K
[9.275s] In file included from [01m[K/home/yyj/my_ws/src/cart_park_autonomy/src/patrol_behavior.cpp:1[m[K:
[9.275s] [01m[K/home/yyj/my_ws/src/cart_park_autonomy/include/patrol_behavior.h:[m[K In constructor ‘[01m[KRetry::Retry(const string&, const BT::NodeConfiguration&)[m[K’:
[9.275s] [01m[K/home/yyj/my_ws/src/cart_park_autonomy/include/patrol_behavior.h:67:65:[m[K [01;35m[Kwarning: [m[Kunused parameter ‘[01m[Kconfig[m[K’ [[01;35m[K]8;;https://gcc.gnu.org/onlinedocs/gcc/Warning-Options.html#index-Wunused-parameter-Wunused-parameter]8;;[m[K]
[9.276s]    67 |     Retry(const std::string& name, [01;35m[Kconst BT::NodeConfiguration& config[m[K)
[9.276s]       |                                    [01;35m[K~~~~~~~~~~~~~~~~~~~~~~~~~~~~~^~~~~~[m[K
[17.188s] [ 28%] [32m[1mLinking CXX executable autonomy_node[0m
[19.645s] [100%] Built target autonomy_node
[19.678s] Invoked command in '/home/yyj/my_ws/build/cart_park_autonomy' returned '0': CMAKE_PREFIX_PATH=/home/yyj/my_ws/install/my_action_interface:/home/yyj/my_ws/install/ydlidar_ros2_driver:/home/yyj/my_ws/install/usb_cam:/home/yyj/my_ws/install/teleop_twist_joy:/home/yyj/my_ws/install/slam_toolbox:/home/yyj/my_ws/install/ros2_aruco_interfaces:/home/yyj/my_ws/install/realsense2_description:/home/yyj/my_ws/install/realsense2_camera:/home/yyj/my_ws/install/realsense2_camera_msgs:/home/yyj/my_ws/install/odrive_ros2_control:/home/yyj/my_ws/install/odrive_hardware_interface:/home/yyj/my_ws/install/odrive_demo_bringup:/home/yyj/my_ws/install/odrive_demo_description:/home/yyj/my_ws/install/my_bot_description:/home/yyj/my_ws/install/cart_park_autonomy:/home/yyj/my_ws/install/action_tutorials_cpp:/home/yyj/my_ws/install/ros2_aruco:/home/yyj/my_ws/install/open_action_server:/home/yyj/my_ws/install/my_tf2_package:/home/yyj/my_ws/install/my_docking:/home/yyj/my_ws/install/my_aruco_to_goal_pose_pkg:/opt/ros/humble LD_LIBRARY_PATH=/home/yyj/my_ws/install/my_action_interface/lib:/usr/local/lib/:/home/yyj/my_ws/install/usb_cam/lib:/home/yyj/my_ws/install/teleop_twist_joy/lib:/home/yyj/my_ws/install/slam_toolbox/lib:/home/yyj/my_ws/install/ros2_aruco_interfaces/lib:/home/yyj/my_ws/install/realsense2_camera/lib:/home/yyj/my_ws/install/realsense2_camera_msgs/lib:/home/yyj/my_ws/install/odrive_hardware_interface/lib:/home/yyj/my_ws/install/action_tutorials_cpp/lib:/usr/lib/x86_64-linux-gnu/gazebo-11/plugins:/opt/ros/humble/opt/rviz_ogre_vendor/lib:/opt/ros/humble/lib/x86_64-linux-gnu:/opt/ros/humble/lib /usr/bin/cmake --build /home/yyj/my_ws/build/cart_park_autonomy -- -j16 -l16
[19.796s] Invoking command in '/home/yyj/my_ws/build/cart_park_autonomy': CMAKE_PREFIX_PATH=/home/yyj/my_ws/install/my_action_interface:/home/yyj/my_ws/install/ydlidar_ros2_driver:/home/yyj/my_ws/install/usb_cam:/home/yyj/my_ws/install/teleop_twist_joy:/home/yyj/my_ws/install/slam_toolbox:/home/yyj/my_ws/install/ros2_aruco_interfaces:/home/yyj/my_ws/install/realsense2_description:/home/yyj/my_ws/install/realsense2_camera:/home/yyj/my_ws/install/realsense2_camera_msgs:/home/yyj/my_ws/install/odrive_ros2_control:/home/yyj/my_ws/install/odrive_hardware_interface:/home/yyj/my_ws/install/odrive_demo_bringup:/home/yyj/my_ws/install/odrive_demo_description:/home/yyj/my_ws/install/my_bot_description:/home/yyj/my_ws/install/cart_park_autonomy:/home/yyj/my_ws/install/action_tutorials_cpp:/home/yyj/my_ws/install/ros2_aruco:/home/yyj/my_ws/install/open_action_server:/home/yyj/my_ws/install/my_tf2_package:/home/yyj/my_ws/install/my_docking:/home/yyj/my_ws/install/my_aruco_to_goal_pose_pkg:/opt/ros/humble LD_LIBRARY_PATH=/home/yyj/my_ws/install/my_action_interface/lib:/usr/local/lib/:/home/yyj/my_ws/install/usb_cam/lib:/home/yyj/my_ws/install/teleop_twist_joy/lib:/home/yyj/my_ws/install/slam_toolbox/lib:/home/yyj/my_ws/install/ros2_aruco_interfaces/lib:/home/yyj/my_ws/install/realsense2_camera/lib:/home/yyj/my_ws/install/realsense2_camera_msgs/lib:/home/yyj/my_ws/install/odrive_hardware_interface/lib:/home/yyj/my_ws/install/action_tutorials_cpp/lib:/usr/lib/x86_64-linux-gnu/gazebo-11/plugins:/opt/ros/humble/opt/rviz_ogre_vendor/lib:/opt/ros/humble/lib/x86_64-linux-gnu:/opt/ros/humble/lib /usr/bin/cmake --install /home/yyj/my_ws/build/cart_park_autonomy
[19.817s] -- Install configuration: ""
[19.818s] -- Up-to-date: /home/yyj/my_ws/install/cart_park_autonomy/share/cart_park_autonomy/bt_xml
[19.818s] -- Up-to-date: /home/yyj/my_ws/install/cart_park_autonomy/share/cart_park_autonomy/bt_xml/tree.xml
[19.819s] -- Up-to-date: /home/yyj/my_ws/install/cart_park_autonomy/share/cart_park_autonomy/launch
[19.819s] -- Up-to-date: /home/yyj/my_ws/install/cart_park_autonomy/share/cart_park_autonomy/launch/autonomy.launch.py
[19.819s] -- Up-to-date: /home/yyj/my_ws/install/cart_park_autonomy/share/cart_park_autonomy/config
[19.819s] -- Up-to-date: /home/yyj/my_ws/install/cart_park_autonomy/share/cart_park_autonomy/config/sim_house_locations.yaml
[19.819s] -- Installing: /home/yyj/my_ws/install/cart_park_autonomy/lib/cart_park_autonomy/autonomy_node
[19.836s] -- Set runtime path of "/home/yyj/my_ws/install/cart_park_autonomy/lib/cart_park_autonomy/autonomy_node" to ""
[19.837s] -- Up-to-date: /home/yyj/my_ws/install/cart_park_autonomy/share/ament_index/resource_index/package_run_dependencies/cart_park_autonomy
[19.837s] -- Up-to-date: /home/yyj/my_ws/install/cart_park_autonomy/share/ament_index/resource_index/parent_prefix_path/cart_park_autonomy
[19.838s] -- Up-to-date: /home/yyj/my_ws/install/cart_park_autonomy/share/cart_park_autonomy/environment/ament_prefix_path.sh
[19.839s] -- Up-to-date: /home/yyj/my_ws/install/cart_park_autonomy/share/cart_park_autonomy/environment/ament_prefix_path.dsv
[19.839s] -- Up-to-date: /home/yyj/my_ws/install/cart_park_autonomy/share/cart_park_autonomy/environment/path.sh
[19.839s] -- Up-to-date: /home/yyj/my_ws/install/cart_park_autonomy/share/cart_park_autonomy/environment/path.dsv
[19.839s] -- Up-to-date: /home/yyj/my_ws/install/cart_park_autonomy/share/cart_park_autonomy/local_setup.bash
[19.839s] -- Up-to-date: /home/yyj/my_ws/install/cart_park_autonomy/share/cart_park_autonomy/local_setup.sh
[19.840s] -- Up-to-date: /home/yyj/my_ws/install/cart_park_autonomy/share/cart_park_autonomy/local_setup.zsh
[19.840s] -- Up-to-date: /home/yyj/my_ws/install/cart_park_autonomy/share/cart_park_autonomy/local_setup.dsv
[19.840s] -- Installing: /home/yyj/my_ws/install/cart_park_autonomy/share/cart_park_autonomy/package.dsv
[19.840s] -- Up-to-date: /home/yyj/my_ws/install/cart_park_autonomy/share/ament_index/resource_index/packages/cart_park_autonomy
[19.841s] -- Up-to-date: /home/yyj/my_ws/install/cart_park_autonomy/share/cart_park_autonomy/cmake/cart_park_autonomyConfig.cmake
[19.841s] -- Up-to-date: /home/yyj/my_ws/install/cart_park_autonomy/share/cart_park_autonomy/cmake/cart_park_autonomyConfig-version.cmake
[19.841s] -- Up-to-date: /home/yyj/my_ws/install/cart_park_autonomy/share/cart_park_autonomy/package.xml
[19.844s] Invoked command in '/home/yyj/my_ws/build/cart_park_autonomy' returned '0': CMAKE_PREFIX_PATH=/home/yyj/my_ws/install/my_action_interface:/home/yyj/my_ws/install/ydlidar_ros2_driver:/home/yyj/my_ws/install/usb_cam:/home/yyj/my_ws/install/teleop_twist_joy:/home/yyj/my_ws/install/slam_toolbox:/home/yyj/my_ws/install/ros2_aruco_interfaces:/home/yyj/my_ws/install/realsense2_description:/home/yyj/my_ws/install/realsense2_camera:/home/yyj/my_ws/install/realsense2_camera_msgs:/home/yyj/my_ws/install/odrive_ros2_control:/home/yyj/my_ws/install/odrive_hardware_interface:/home/yyj/my_ws/install/odrive_demo_bringup:/home/yyj/my_ws/install/odrive_demo_description:/home/yyj/my_ws/install/my_bot_description:/home/yyj/my_ws/install/cart_park_autonomy:/home/yyj/my_ws/install/action_tutorials_cpp:/home/yyj/my_ws/install/ros2_aruco:/home/yyj/my_ws/install/open_action_server:/home/yyj/my_ws/install/my_tf2_package:/home/yyj/my_ws/install/my_docking:/home/yyj/my_ws/install/my_aruco_to_goal_pose_pkg:/opt/ros/humble LD_LIBRARY_PATH=/home/yyj/my_ws/install/my_action_interface/lib:/usr/local/lib/:/home/yyj/my_ws/install/usb_cam/lib:/home/yyj/my_ws/install/teleop_twist_joy/lib:/home/yyj/my_ws/install/slam_toolbox/lib:/home/yyj/my_ws/install/ros2_aruco_interfaces/lib:/home/yyj/my_ws/install/realsense2_camera/lib:/home/yyj/my_ws/install/realsense2_camera_msgs/lib:/home/yyj/my_ws/install/odrive_hardware_interface/lib:/home/yyj/my_ws/install/action_tutorials_cpp/lib:/usr/lib/x86_64-linux-gnu/gazebo-11/plugins:/opt/ros/humble/opt/rviz_ogre_vendor/lib:/opt/ros/humble/lib/x86_64-linux-gnu:/opt/ros/humble/lib /usr/bin/cmake --install /home/yyj/my_ws/build/cart_park_autonomy
