[2.927s] Invoking command in '/home/yyj/my_ws/build/teleop_twist_joy': CMAKE_PREFIX_PATH=/opt/ros/humble /usr/bin/cmake /home/yyj/my_ws/src/teleop_twist_joy -DCMAKE_INSTALL_PREFIX=/home/yyj/my_ws/install/teleop_twist_joy
[3.076s] -- The C compiler identification is GNU 11.4.0
[3.276s] -- The CXX compiler identification is GNU 11.4.0
[3.299s] -- Detecting C compiler ABI info
[3.534s] -- Detecting C compiler ABI info - done
[3.565s] -- Check for working C compiler: /usr/bin/cc - skipped
[3.566s] -- Detecting C compile features
[3.567s] -- Detecting C compile features - done
[3.579s] -- Detecting CXX compiler ABI info
[3.840s] -- Detecting CXX compiler ABI info - done
[3.875s] -- Check for working CXX compiler: /usr/bin/c++ - skipped
[3.876s] -- Detecting CXX compile features
[3.878s] -- Detecting CXX compile features - done
[3.891s] -- Found ament_cmake: 1.3.8 (/opt/ros/humble/share/ament_cmake/cmake)
[4.481s] -- Found Python3: /usr/bin/python3 (found version "3.10.12") found components: Interpreter 
[4.859s] -- Found geometry_msgs: 4.2.3 (/opt/ros/humble/share/geometry_msgs/cmake)
[5.050s] -- Found rosidl_generator_c: 3.1.5 (/opt/ros/humble/share/rosidl_generator_c/cmake)
[5.074s] -- Found rosidl_adapter: 3.1.5 (/opt/ros/humble/share/rosidl_adapter/cmake)
[5.114s] -- Found rosidl_generator_cpp: 3.1.5 (/opt/ros/humble/share/rosidl_generator_cpp/cmake)
[5.175s] -- Using all available rosidl_typesupport_c: rosidl_typesupport_fastrtps_c;rosidl_typesupport_introspection_c
[5.261s] -- Using all available rosidl_typesupport_cpp: rosidl_typesupport_fastrtps_cpp;rosidl_typesupport_introspection_cpp
[5.725s] -- Found rclcpp: 16.0.8 (/opt/ros/humble/share/rclcpp/cmake)
[5.958s] -- Found rmw_implementation_cmake: 6.1.1 (/opt/ros/humble/share/rmw_implementation_cmake/cmake)
[5.969s] -- Found rmw_fastrtps_cpp: 6.2.6 (/opt/ros/humble/share/rmw_fastrtps_cpp/cmake)
[6.374s] -- Found OpenSSL: /usr/lib/x86_64-linux-gnu/libcrypto.so (found version "3.0.2")  
[6.480s] -- Found FastRTPS: /opt/ros/humble/include  
[6.652s] -- Using RMW implementation 'rmw_fastrtps_cpp' as default
[6.681s] -- Looking for pthread.h
[6.902s] -- Looking for pthread.h - found
[6.903s] -- Performing Test CMAKE_HAVE_LIBC_PTHREAD
[7.066s] -- Performing Test CMAKE_HAVE_LIBC_PTHREAD - Success
[7.070s] -- Found Threads: TRUE  
[7.602s] -- Found rclcpp_components: 16.0.8 (/opt/ros/humble/share/rclcpp_components/cmake)
[7.861s] -- Found sensor_msgs: 4.2.3 (/opt/ros/humble/share/sensor_msgs/cmake)
[8.199s] -- Performing Test COMPILER_HAS_HIDDEN_VISIBILITY
[8.669s] -- Performing Test COMPILER_HAS_HIDDEN_VISIBILITY - Success
[8.673s] -- Performing Test COMPILER_HAS_HIDDEN_INLINE_VISIBILITY
[9.444s] -- Performing Test COMPILER_HAS_HIDDEN_INLINE_VISIBILITY - Success
[9.445s] -- Performing Test COMPILER_HAS_DEPRECATED_ATTR
[10.460s] -- Performing Test COMPILER_HAS_DEPRECATED_ATTR - Success
[10.484s] -- Found ament_lint_auto: 0.12.10 (/opt/ros/humble/share/ament_lint_auto/cmake)
[11.046s] -- Found python_cmake_module: 0.10.0 (/opt/ros/humble/share/python_cmake_module/cmake)
[11.157s] -- Found PythonInterp: /usr/bin/python3 (found suitable version "3.10.12", minimum required is "3.6") 
[11.178s] -- Found PythonLibs: /usr/lib/x86_64-linux-gnu/libpython3.10.so (found suitable version "3.10.12", minimum required is "3.5") 
[11.179s] -- Using PYTHON_EXECUTABLE: /usr/bin/python3
[11.180s] -- Using PYTHON_INCLUDE_DIRS: /usr/include/python3.10
[11.181s] -- Using PYTHON_LIBRARIES: /usr/lib/x86_64-linux-gnu/libpython3.10.so
[11.383s] -- Found PythonExtra: .so  
[11.613s] -- Added test 'cppcheck' to perform static code analysis on C / C++ code
[11.613s] -- Configured cppcheck include dirs: $<BUILD_INTERFACE:/home/yyj/my_ws/src/teleop_twist_joy/include>
[11.613s] -- Configured cppcheck exclude dirs and/or files: 
[11.614s] -- Added test 'flake8' to check Python code syntax and style conventions
[11.621s] -- Added test 'lint_cmake' to check CMake code style
[11.626s] -- Added test 'pep257' to check Python code against some of the docstring style conventions in PEP 257
[11.633s] -- Added test 'xmllint' to check XML markup files
[11.643s] -- Configuring done
[11.695s] -- Generating done
[11.707s] -- Build files have been written to: /home/yyj/my_ws/build/teleop_twist_joy
[11.756s] Invoked command in '/home/yyj/my_ws/build/teleop_twist_joy' returned '0': CMAKE_PREFIX_PATH=/opt/ros/humble /usr/bin/cmake /home/yyj/my_ws/src/teleop_twist_joy -DCMAKE_INSTALL_PREFIX=/home/yyj/my_ws/install/teleop_twist_joy
[11.762s] Invoking command in '/home/yyj/my_ws/build/teleop_twist_joy': CMAKE_PREFIX_PATH=/opt/ros/humble /usr/bin/cmake --build /home/yyj/my_ws/build/teleop_twist_joy -- -j16 -l16
[12.066s] [ 25%] [32mBuilding CXX object CMakeFiles/teleop_twist_joy.dir/src/teleop_twist_joy.cpp.o[0m
[51.590s] [ 50%] [32m[1mLinking CXX shared library libteleop_twist_joy.so[0m
[53.399s] [ 50%] Built target teleop_twist_joy
[53.518s] [ 75%] [32mBuilding CXX object CMakeFiles/teleop_twist_joy_node.dir/src/teleop_node.cpp.o[0m
[61.065s] [100%] [32m[1mLinking CXX executable teleop_node[0m
[61.788s] [100%] Built target teleop_twist_joy_node
[61.816s] Invoked command in '/home/yyj/my_ws/build/teleop_twist_joy' returned '0': CMAKE_PREFIX_PATH=/opt/ros/humble /usr/bin/cmake --build /home/yyj/my_ws/build/teleop_twist_joy -- -j16 -l16
[61.895s] Invoking command in '/home/yyj/my_ws/build/teleop_twist_joy': CMAKE_PREFIX_PATH=/opt/ros/humble /usr/bin/cmake --install /home/yyj/my_ws/build/teleop_twist_joy
[61.916s] -- Install configuration: ""
[61.917s] -- Installing: /home/yyj/my_ws/install/teleop_twist_joy/lib/libteleop_twist_joy.so
[61.933s] -- Set runtime path of "/home/yyj/my_ws/install/teleop_twist_joy/lib/libteleop_twist_joy.so" to ""
[61.933s] -- Installing: /home/yyj/my_ws/install/teleop_twist_joy/lib/teleop_twist_joy/teleop_node
[61.934s] -- Set runtime path of "/home/yyj/my_ws/install/teleop_twist_joy/lib/teleop_twist_joy/teleop_node" to ""
[61.934s] -- Installing: /home/yyj/my_ws/install/teleop_twist_joy/include/teleop_twist_joy
[61.935s] -- Installing: /home/yyj/my_ws/install/teleop_twist_joy/include/teleop_twist_joy/teleop_twist_joy
[61.936s] -- Installing: /home/yyj/my_ws/install/teleop_twist_joy/include/teleop_twist_joy/teleop_twist_joy/teleop_twist_joy.hpp
[61.936s] -- Installing: /home/yyj/my_ws/install/teleop_twist_joy/include/teleop_twist_joy/teleop_twist_joy/teleop_twist_joy_export.h
[61.936s] -- Installing: /home/yyj/my_ws/install/teleop_twist_joy/share/teleop_twist_joy/launch
[61.936s] -- Installing: /home/yyj/my_ws/install/teleop_twist_joy/share/teleop_twist_joy/launch/teleop-launch.py
[61.937s] -- Installing: /home/yyj/my_ws/install/teleop_twist_joy/share/teleop_twist_joy/config
[61.938s] -- Installing: /home/yyj/my_ws/install/teleop_twist_joy/share/teleop_twist_joy/config/ps3.config.yaml
[61.938s] -- Installing: /home/yyj/my_ws/install/teleop_twist_joy/share/teleop_twist_joy/config/xd3.config.yaml
[61.938s] -- Installing: /home/yyj/my_ws/install/teleop_twist_joy/share/teleop_twist_joy/config/xbox.config.yaml
[61.939s] -- Installing: /home/yyj/my_ws/install/teleop_twist_joy/share/teleop_twist_joy/config/ps3-holonomic.config.yaml
[61.940s] -- Installing: /home/yyj/my_ws/install/teleop_twist_joy/share/teleop_twist_joy/config/atk3.config.yaml
[61.940s] -- Installing: /home/yyj/my_ws/install/teleop_twist_joy/share/teleop_twist_joy/environment/library_path.sh
[61.941s] -- Installing: /home/yyj/my_ws/install/teleop_twist_joy/share/teleop_twist_joy/environment/library_path.dsv
[61.941s] -- Installing: /home/yyj/my_ws/install/teleop_twist_joy/share/ament_index/resource_index/package_run_dependencies/teleop_twist_joy
[61.941s] -- Installing: /home/yyj/my_ws/install/teleop_twist_joy/share/ament_index/resource_index/parent_prefix_path/teleop_twist_joy
[61.942s] -- Installing: /home/yyj/my_ws/install/teleop_twist_joy/share/teleop_twist_joy/environment/ament_prefix_path.sh
[61.942s] -- Installing: /home/yyj/my_ws/install/teleop_twist_joy/share/teleop_twist_joy/environment/ament_prefix_path.dsv
[61.942s] -- Installing: /home/yyj/my_ws/install/teleop_twist_joy/share/teleop_twist_joy/environment/path.sh
[61.942s] -- Installing: /home/yyj/my_ws/install/teleop_twist_joy/share/teleop_twist_joy/environment/path.dsv
[61.943s] -- Installing: /home/yyj/my_ws/install/teleop_twist_joy/share/teleop_twist_joy/local_setup.bash
[61.943s] -- Installing: /home/yyj/my_ws/install/teleop_twist_joy/share/teleop_twist_joy/local_setup.sh
[61.943s] -- Installing: /home/yyj/my_ws/install/teleop_twist_joy/share/teleop_twist_joy/local_setup.zsh
[61.944s] -- Installing: /home/yyj/my_ws/install/teleop_twist_joy/share/teleop_twist_joy/local_setup.dsv
[61.944s] -- Installing: /home/yyj/my_ws/install/teleop_twist_joy/share/teleop_twist_joy/package.dsv
[61.944s] -- Installing: /home/yyj/my_ws/install/teleop_twist_joy/share/ament_index/resource_index/packages/teleop_twist_joy
[61.945s] -- Installing: /home/yyj/my_ws/install/teleop_twist_joy/share/ament_index/resource_index/rclcpp_components/teleop_twist_joy
[61.945s] -- Installing: /home/yyj/my_ws/install/teleop_twist_joy/share/teleop_twist_joy/cmake/export_teleop_twist_joyExport.cmake
[61.945s] -- Installing: /home/yyj/my_ws/install/teleop_twist_joy/share/teleop_twist_joy/cmake/export_teleop_twist_joyExport-noconfig.cmake
[61.946s] -- Installing: /home/yyj/my_ws/install/teleop_twist_joy/share/teleop_twist_joy/cmake/ament_cmake_export_include_directories-extras.cmake
[61.946s] -- Installing: /home/yyj/my_ws/install/teleop_twist_joy/share/teleop_twist_joy/cmake/ament_cmake_export_libraries-extras.cmake
[61.946s] -- Installing: /home/yyj/my_ws/install/teleop_twist_joy/share/teleop_twist_joy/cmake/ament_cmake_export_targets-extras.cmake
[61.947s] -- Installing: /home/yyj/my_ws/install/teleop_twist_joy/share/teleop_twist_joy/cmake/teleop_twist_joyConfig.cmake
[61.947s] -- Installing: /home/yyj/my_ws/install/teleop_twist_joy/share/teleop_twist_joy/cmake/teleop_twist_joyConfig-version.cmake
[61.947s] -- Installing: /home/yyj/my_ws/install/teleop_twist_joy/share/teleop_twist_joy/package.xml
[61.955s] Invoked command in '/home/yyj/my_ws/build/teleop_twist_joy' returned '0': CMAKE_PREFIX_PATH=/opt/ros/humble /usr/bin/cmake --install /home/yyj/my_ws/build/teleop_twist_joy
