[6.305s] Invoking command in '/home/yyj/my_ws/src/open_action_server': PYTHONPATH=/home/yyj/my_ws/build/open_action_server/prefix_override:/home/yyj/my_ws/install/open_action_server/lib/python3.10/site-packages:${PYTHONPATH} /usr/bin/python3 -W ignore:setup.py install is deprecated setup.py egg_info --egg-base ../../build/open_action_server build --build-base /home/yyj/my_ws/build/open_action_server/build install --record /home/yyj/my_ws/build/open_action_server/install.log --single-version-externally-managed install_data
[7.362s] running egg_info
[7.366s] writing ../../build/open_action_server/open_action_server.egg-info/PKG-INFO
[7.367s] writing dependency_links to ../../build/open_action_server/open_action_server.egg-info/dependency_links.txt
[7.368s] writing entry points to ../../build/open_action_server/open_action_server.egg-info/entry_points.txt
[7.368s] writing requirements to ../../build/open_action_server/open_action_server.egg-info/requires.txt
[7.370s] writing top-level names to ../../build/open_action_server/open_action_server.egg-info/top_level.txt
[7.376s] reading manifest file '../../build/open_action_server/open_action_server.egg-info/SOURCES.txt'
[7.380s] writing manifest file '../../build/open_action_server/open_action_server.egg-info/SOURCES.txt'
[7.380s] running build
[7.381s] running build_py
[7.386s] running install
[7.393s] running install_lib
[7.396s] running install_data
[7.396s] running install_egg_info
[7.400s] removing '/home/yyj/my_ws/install/open_action_server/lib/python3.10/site-packages/open_action_server-0.0.0-py3.10.egg-info' (and everything under it)
[7.403s] Copying ../../build/open_action_server/open_action_server.egg-info to /home/yyj/my_ws/install/open_action_server/lib/python3.10/site-packages/open_action_server-0.0.0-py3.10.egg-info
[7.404s] running install_scripts
[7.483s] Installing open_action_server script to /home/yyj/my_ws/install/open_action_server/lib/open_action_server
[7.484s] writing list of installed files to '/home/yyj/my_ws/build/open_action_server/install.log'
[7.689s] Invoked command in '/home/yyj/my_ws/src/open_action_server' returned '0': PYTHONPATH=/home/yyj/my_ws/build/open_action_server/prefix_override:/home/yyj/my_ws/install/open_action_server/lib/python3.10/site-packages:${PYTHONPATH} /usr/bin/python3 -W ignore:setup.py install is deprecated setup.py egg_info --egg-base ../../build/open_action_server build --build-base /home/yyj/my_ws/build/open_action_server/build install --record /home/yyj/my_ws/build/open_action_server/install.log --single-version-externally-managed install_data
