[0.146s] Invoking command in '/home/yyj/my_ws/build/my_action_interface': CMAKE_PREFIX_PATH=${CMAKE_PREFIX_PATH}:/home/yyj/my_ws/install/ros2_aruco:/home/yyj/my_ws/install/open_action_server:/home/yyj/my_ws/install/my_tf2_package:/home/yyj/my_ws/install/my_docking:/home/yyj/my_ws/install/my_aruco_to_goal_pose_pkg:/opt/ros/humble /usr/bin/cmake --build /home/yyj/my_ws/build/my_action_interface -- -j16 -l16
[2.234s] [  2%] Built target my_action_interface__cpp
[2.234s] [ 12%] Built target my_action_interface__rosidl_generator_c
[2.234s] [ 12%] Built target ament_cmake_python_copy_my_action_interface
[2.235s] [ 23%] Built target my_action_interface__rosidl_typesupport_introspection_cpp
[2.237s] [ 33%] Built target my_action_interface__rosidl_typesupport_cpp
[2.237s] [ 43%] Built target my_action_interface__rosidl_typesupport_c
[2.238s] [ 53%] Built target my_action_interface__rosidl_typesupport_introspection_c
[2.239s] [ 64%] Built target my_action_interface__rosidl_typesupport_fastrtps_cpp
[2.241s] [ 74%] Built target my_action_interface__rosidl_typesupport_fastrtps_c
[2.241s] [ 74%] Built target my_action_interface
[2.242s] [ 76%] Built target my_action_interface__py
[2.242s] [ 84%] Built target my_action_interface__rosidl_generator_py
[2.243s] [ 89%] Built target my_action_interface__rosidl_typesupport_c__pyext
[2.246s] [ 94%] Built target my_action_interface__rosidl_typesupport_introspection_c__pyext
[2.248s] [100%] Built target my_action_interface__rosidl_typesupport_fastrtps_c__pyext
[2.250s] running egg_info
[2.251s] writing my_action_interface.egg-info/PKG-INFO
[2.252s] writing dependency_links to my_action_interface.egg-info/dependency_links.txt
[2.253s] writing top-level names to my_action_interface.egg-info/top_level.txt
[2.253s] reading manifest file 'my_action_interface.egg-info/SOURCES.txt'
[2.253s] writing manifest file 'my_action_interface.egg-info/SOURCES.txt'
[2.254s] [100%] Built target ament_cmake_python_build_my_action_interface_egg
[2.275s] Invoked command in '/home/yyj/my_ws/build/my_action_interface' returned '0': CMAKE_PREFIX_PATH=${CMAKE_PREFIX_PATH}:/home/yyj/my_ws/install/ros2_aruco:/home/yyj/my_ws/install/open_action_server:/home/yyj/my_ws/install/my_tf2_package:/home/yyj/my_ws/install/my_docking:/home/yyj/my_ws/install/my_aruco_to_goal_pose_pkg:/opt/ros/humble /usr/bin/cmake --build /home/yyj/my_ws/build/my_action_interface -- -j16 -l16
[3.148s] Invoking command in '/home/yyj/my_ws/build/my_action_interface': CMAKE_PREFIX_PATH=${CMAKE_PREFIX_PATH}:/home/yyj/my_ws/install/ros2_aruco:/home/yyj/my_ws/install/open_action_server:/home/yyj/my_ws/install/my_tf2_package:/home/yyj/my_ws/install/my_docking:/home/yyj/my_ws/install/my_aruco_to_goal_pose_pkg:/opt/ros/humble /usr/bin/cmake --install /home/yyj/my_ws/build/my_action_interface
[3.241s] -- Install configuration: ""
[3.241s] -- Up-to-date: /home/yyj/my_ws/install/my_action_interface/share/ament_index/resource_index/rosidl_interfaces/my_action_interface
[3.241s] -- Up-to-date: /home/yyj/my_ws/install/my_action_interface/include/my_action_interface/my_action_interface
[3.241s] -- Up-to-date: /home/yyj/my_ws/install/my_action_interface/include/my_action_interface/my_action_interface/action
[3.242s] -- Up-to-date: /home/yyj/my_ws/install/my_action_interface/include/my_action_interface/my_action_interface/action/detail
[3.242s] -- Up-to-date: /home/yyj/my_ws/install/my_action_interface/include/my_action_interface/my_action_interface/action/detail/open__functions.c
[3.242s] -- Up-to-date: /home/yyj/my_ws/install/my_action_interface/include/my_action_interface/my_action_interface/action/detail/docking_two__type_support.h
[3.242s] -- Up-to-date: /home/yyj/my_ws/install/my_action_interface/include/my_action_interface/my_action_interface/action/detail/docking_two__functions.h
[3.243s] -- Up-to-date: /home/yyj/my_ws/install/my_action_interface/include/my_action_interface/my_action_interface/action/detail/open__functions.h
[3.243s] -- Up-to-date: /home/yyj/my_ws/install/my_action_interface/include/my_action_interface/my_action_interface/action/detail/docking_two__functions.c
[3.243s] -- Up-to-date: /home/yyj/my_ws/install/my_action_interface/include/my_action_interface/my_action_interface/action/detail/open__type_support.h
[3.243s] -- Up-to-date: /home/yyj/my_ws/install/my_action_interface/include/my_action_interface/my_action_interface/action/detail/docking_two__struct.h
[3.244s] -- Up-to-date: /home/yyj/my_ws/install/my_action_interface/include/my_action_interface/my_action_interface/action/detail/open__struct.h
[3.251s] -- Up-to-date: /home/yyj/my_ws/install/my_action_interface/include/my_action_interface/my_action_interface/action/open.h
[3.254s] -- Up-to-date: /home/yyj/my_ws/install/my_action_interface/include/my_action_interface/my_action_interface/action/docking_two.h
[3.264s] -- Up-to-date: /home/yyj/my_ws/install/my_action_interface/include/my_action_interface/my_action_interface/msg
[3.264s] -- Up-to-date: /home/yyj/my_ws/install/my_action_interface/include/my_action_interface/my_action_interface/msg/rosidl_generator_c__visibility_control.h
[3.264s] -- Up-to-date: /home/yyj/my_ws/install/my_action_interface/share/my_action_interface/environment/library_path.sh
[3.264s] -- Up-to-date: /home/yyj/my_ws/install/my_action_interface/share/my_action_interface/environment/library_path.dsv
[3.265s] -- Up-to-date: /home/yyj/my_ws/install/my_action_interface/lib/libmy_action_interface__rosidl_generator_c.so
[3.266s] -- Up-to-date: /home/yyj/my_ws/install/my_action_interface/include/my_action_interface/my_action_interface
[3.266s] -- Up-to-date: /home/yyj/my_ws/install/my_action_interface/include/my_action_interface/my_action_interface/action
[3.266s] -- Up-to-date: /home/yyj/my_ws/install/my_action_interface/include/my_action_interface/my_action_interface/action/detail
[3.266s] -- Up-to-date: /home/yyj/my_ws/install/my_action_interface/include/my_action_interface/my_action_interface/action/detail/docking_two__rosidl_typesupport_fastrtps_c.h
[3.266s] -- Up-to-date: /home/yyj/my_ws/install/my_action_interface/include/my_action_interface/my_action_interface/action/detail/open__rosidl_typesupport_fastrtps_c.h
[3.267s] -- Up-to-date: /home/yyj/my_ws/install/my_action_interface/include/my_action_interface/my_action_interface/msg
[3.267s] -- Up-to-date: /home/yyj/my_ws/install/my_action_interface/include/my_action_interface/my_action_interface/msg/rosidl_typesupport_fastrtps_c__visibility_control.h
[3.267s] -- Up-to-date: /home/yyj/my_ws/install/my_action_interface/lib/libmy_action_interface__rosidl_typesupport_fastrtps_c.so
[3.269s] -- Up-to-date: /home/yyj/my_ws/install/my_action_interface/include/my_action_interface/my_action_interface
[3.270s] -- Up-to-date: /home/yyj/my_ws/install/my_action_interface/include/my_action_interface/my_action_interface/action
[3.270s] -- Up-to-date: /home/yyj/my_ws/install/my_action_interface/include/my_action_interface/my_action_interface/action/detail
[3.270s] -- Up-to-date: /home/yyj/my_ws/install/my_action_interface/include/my_action_interface/my_action_interface/action/detail/docking_two__rosidl_typesupport_introspection_c.h
[3.270s] -- Up-to-date: /home/yyj/my_ws/install/my_action_interface/include/my_action_interface/my_action_interface/action/detail/open__rosidl_typesupport_introspection_c.h
[3.270s] -- Up-to-date: /home/yyj/my_ws/install/my_action_interface/include/my_action_interface/my_action_interface/action/detail/open__type_support.c
[3.271s] -- Up-to-date: /home/yyj/my_ws/install/my_action_interface/include/my_action_interface/my_action_interface/action/detail/docking_two__type_support.c
[3.271s] -- Up-to-date: /home/yyj/my_ws/install/my_action_interface/include/my_action_interface/my_action_interface/msg
[3.271s] -- Up-to-date: /home/yyj/my_ws/install/my_action_interface/include/my_action_interface/my_action_interface/msg/rosidl_typesupport_introspection_c__visibility_control.h
[3.271s] -- Up-to-date: /home/yyj/my_ws/install/my_action_interface/lib/libmy_action_interface__rosidl_typesupport_introspection_c.so
[3.271s] -- Up-to-date: /home/yyj/my_ws/install/my_action_interface/lib/libmy_action_interface__rosidl_typesupport_c.so
[3.272s] -- Up-to-date: /home/yyj/my_ws/install/my_action_interface/include/my_action_interface/my_action_interface
[3.272s] -- Up-to-date: /home/yyj/my_ws/install/my_action_interface/include/my_action_interface/my_action_interface/action
[3.272s] -- Up-to-date: /home/yyj/my_ws/install/my_action_interface/include/my_action_interface/my_action_interface/action/docking_two.hpp
[3.272s] -- Up-to-date: /home/yyj/my_ws/install/my_action_interface/include/my_action_interface/my_action_interface/action/detail
[3.272s] -- Up-to-date: /home/yyj/my_ws/install/my_action_interface/include/my_action_interface/my_action_interface/action/detail/docking_two__builder.hpp
[3.273s] -- Up-to-date: /home/yyj/my_ws/install/my_action_interface/include/my_action_interface/my_action_interface/action/detail/open__builder.hpp
[3.273s] -- Up-to-date: /home/yyj/my_ws/install/my_action_interface/include/my_action_interface/my_action_interface/action/detail/docking_two__struct.hpp
[3.273s] -- Up-to-date: /home/yyj/my_ws/install/my_action_interface/include/my_action_interface/my_action_interface/action/detail/open__struct.hpp
[3.273s] -- Up-to-date: /home/yyj/my_ws/install/my_action_interface/include/my_action_interface/my_action_interface/action/detail/open__traits.hpp
[3.273s] -- Up-to-date: /home/yyj/my_ws/install/my_action_interface/include/my_action_interface/my_action_interface/action/detail/docking_two__traits.hpp
[3.273s] -- Up-to-date: /home/yyj/my_ws/install/my_action_interface/include/my_action_interface/my_action_interface/action/open.hpp
[3.274s] -- Up-to-date: /home/yyj/my_ws/install/my_action_interface/include/my_action_interface/my_action_interface
[3.274s] -- Up-to-date: /home/yyj/my_ws/install/my_action_interface/include/my_action_interface/my_action_interface/action
[3.274s] -- Up-to-date: /home/yyj/my_ws/install/my_action_interface/include/my_action_interface/my_action_interface/action/detail
[3.275s] -- Up-to-date: /home/yyj/my_ws/install/my_action_interface/include/my_action_interface/my_action_interface/action/detail/dds_fastrtps
[3.275s] -- Up-to-date: /home/yyj/my_ws/install/my_action_interface/include/my_action_interface/my_action_interface/action/detail/docking_two__rosidl_typesupport_fastrtps_cpp.hpp
[3.275s] -- Up-to-date: /home/yyj/my_ws/install/my_action_interface/include/my_action_interface/my_action_interface/action/detail/open__rosidl_typesupport_fastrtps_cpp.hpp
[3.275s] -- Up-to-date: /home/yyj/my_ws/install/my_action_interface/include/my_action_interface/my_action_interface/msg
[3.275s] -- Up-to-date: /home/yyj/my_ws/install/my_action_interface/include/my_action_interface/my_action_interface/msg/rosidl_typesupport_fastrtps_cpp__visibility_control.h
[3.275s] -- Up-to-date: /home/yyj/my_ws/install/my_action_interface/lib/libmy_action_interface__rosidl_typesupport_fastrtps_cpp.so
[3.315s] -- Up-to-date: /home/yyj/my_ws/install/my_action_interface/include/my_action_interface/my_action_interface
[3.315s] -- Up-to-date: /home/yyj/my_ws/install/my_action_interface/include/my_action_interface/my_action_interface/action
[3.315s] -- Up-to-date: /home/yyj/my_ws/install/my_action_interface/include/my_action_interface/my_action_interface/action/detail
[3.315s] -- Up-to-date: /home/yyj/my_ws/install/my_action_interface/include/my_action_interface/my_action_interface/action/detail/docking_two__type_support.cpp
[3.316s] -- Up-to-date: /home/yyj/my_ws/install/my_action_interface/include/my_action_interface/my_action_interface/action/detail/docking_two__rosidl_typesupport_introspection_cpp.hpp
[3.316s] -- Up-to-date: /home/yyj/my_ws/install/my_action_interface/include/my_action_interface/my_action_interface/action/detail/open__rosidl_typesupport_introspection_cpp.hpp
[3.316s] -- Up-to-date: /home/yyj/my_ws/install/my_action_interface/include/my_action_interface/my_action_interface/action/detail/open__type_support.cpp
[3.317s] -- Up-to-date: /home/yyj/my_ws/install/my_action_interface/lib/libmy_action_interface__rosidl_typesupport_introspection_cpp.so
[3.317s] -- Up-to-date: /home/yyj/my_ws/install/my_action_interface/lib/libmy_action_interface__rosidl_typesupport_cpp.so
[3.317s] -- Up-to-date: /home/yyj/my_ws/install/my_action_interface/share/my_action_interface/environment/pythonpath.sh
[3.318s] -- Up-to-date: /home/yyj/my_ws/install/my_action_interface/share/my_action_interface/environment/pythonpath.dsv
[3.318s] -- Up-to-date: /home/yyj/my_ws/install/my_action_interface/local/lib/python3.10/dist-packages/my_action_interface-0.0.0-py3.10.egg-info
[3.320s] -- Installing: /home/yyj/my_ws/install/my_action_interface/local/lib/python3.10/dist-packages/my_action_interface-0.0.0-py3.10.egg-info/SOURCES.txt
[3.320s] -- Installing: /home/yyj/my_ws/install/my_action_interface/local/lib/python3.10/dist-packages/my_action_interface-0.0.0-py3.10.egg-info/top_level.txt
[3.320s] -- Installing: /home/yyj/my_ws/install/my_action_interface/local/lib/python3.10/dist-packages/my_action_interface-0.0.0-py3.10.egg-info/dependency_links.txt
[3.320s] -- Installing: /home/yyj/my_ws/install/my_action_interface/local/lib/python3.10/dist-packages/my_action_interface-0.0.0-py3.10.egg-info/PKG-INFO
[3.321s] -- Up-to-date: /home/yyj/my_ws/install/my_action_interface/local/lib/python3.10/dist-packages/my_action_interface
[3.321s] -- Up-to-date: /home/yyj/my_ws/install/my_action_interface/local/lib/python3.10/dist-packages/my_action_interface/action
[3.321s] -- Up-to-date: /home/yyj/my_ws/install/my_action_interface/local/lib/python3.10/dist-packages/my_action_interface/action/_open_s.c
[3.321s] -- Up-to-date: /home/yyj/my_ws/install/my_action_interface/local/lib/python3.10/dist-packages/my_action_interface/action/__init__.py
[3.321s] -- Up-to-date: /home/yyj/my_ws/install/my_action_interface/local/lib/python3.10/dist-packages/my_action_interface/action/_open.py
[3.321s] -- Up-to-date: /home/yyj/my_ws/install/my_action_interface/local/lib/python3.10/dist-packages/my_action_interface/action/_docking_two.py
[3.322s] -- Up-to-date: /home/yyj/my_ws/install/my_action_interface/local/lib/python3.10/dist-packages/my_action_interface/action/_docking_two_s.c
[3.322s] -- Up-to-date: /home/yyj/my_ws/install/my_action_interface/local/lib/python3.10/dist-packages/my_action_interface/my_action_interface_s__rosidl_typesupport_introspection_c.cpython-310-x86_64-linux-gnu.so
[3.322s] -- Up-to-date: /home/yyj/my_ws/install/my_action_interface/local/lib/python3.10/dist-packages/my_action_interface/_my_action_interface_s.ep.rosidl_typesupport_c.c
[3.322s] -- Up-to-date: /home/yyj/my_ws/install/my_action_interface/local/lib/python3.10/dist-packages/my_action_interface/libmy_action_interface__rosidl_generator_py.so
[3.322s] -- Up-to-date: /home/yyj/my_ws/install/my_action_interface/local/lib/python3.10/dist-packages/my_action_interface/_my_action_interface_s.ep.rosidl_typesupport_fastrtps_c.c
[3.323s] -- Up-to-date: /home/yyj/my_ws/install/my_action_interface/local/lib/python3.10/dist-packages/my_action_interface/my_action_interface_s__rosidl_typesupport_c.cpython-310-x86_64-linux-gnu.so
[3.323s] -- Up-to-date: /home/yyj/my_ws/install/my_action_interface/local/lib/python3.10/dist-packages/my_action_interface/__init__.py
[3.323s] -- Up-to-date: /home/yyj/my_ws/install/my_action_interface/local/lib/python3.10/dist-packages/my_action_interface/_my_action_interface_s.ep.rosidl_typesupport_introspection_c.c
[3.323s] -- Up-to-date: /home/yyj/my_ws/install/my_action_interface/local/lib/python3.10/dist-packages/my_action_interface/my_action_interface_s__rosidl_typesupport_fastrtps_c.cpython-310-x86_64-linux-gnu.so
[3.402s] Listing '/home/yyj/my_ws/install/my_action_interface/local/lib/python3.10/dist-packages/my_action_interface'...
[3.402s] Listing '/home/yyj/my_ws/install/my_action_interface/local/lib/python3.10/dist-packages/my_action_interface/action'...
[3.413s] -- Up-to-date: /home/yyj/my_ws/install/my_action_interface/local/lib/python3.10/dist-packages/my_action_interface/my_action_interface_s__rosidl_typesupport_fastrtps_c.cpython-310-x86_64-linux-gnu.so
[3.414s] -- Up-to-date: /home/yyj/my_ws/install/my_action_interface/local/lib/python3.10/dist-packages/my_action_interface/my_action_interface_s__rosidl_typesupport_introspection_c.cpython-310-x86_64-linux-gnu.so
[3.415s] -- Up-to-date: /home/yyj/my_ws/install/my_action_interface/local/lib/python3.10/dist-packages/my_action_interface/my_action_interface_s__rosidl_typesupport_c.cpython-310-x86_64-linux-gnu.so
[3.416s] -- Up-to-date: /home/yyj/my_ws/install/my_action_interface/lib/libmy_action_interface__rosidl_generator_py.so
[3.416s] -- Up-to-date: /home/yyj/my_ws/install/my_action_interface/share/my_action_interface/action/Open.idl
[3.420s] -- Up-to-date: /home/yyj/my_ws/install/my_action_interface/share/my_action_interface/action/DockingTwo.idl
[3.420s] -- Up-to-date: /home/yyj/my_ws/install/my_action_interface/share/my_action_interface/action/Open.action
[3.422s] -- Up-to-date: /home/yyj/my_ws/install/my_action_interface/share/my_action_interface/action/DockingTwo.action
[3.422s] -- Up-to-date: /home/yyj/my_ws/install/my_action_interface/share/ament_index/resource_index/package_run_dependencies/my_action_interface
[3.422s] -- Up-to-date: /home/yyj/my_ws/install/my_action_interface/share/ament_index/resource_index/parent_prefix_path/my_action_interface
[3.423s] -- Up-to-date: /home/yyj/my_ws/install/my_action_interface/share/my_action_interface/environment/ament_prefix_path.sh
[3.423s] -- Up-to-date: /home/yyj/my_ws/install/my_action_interface/share/my_action_interface/environment/ament_prefix_path.dsv
[3.424s] -- Up-to-date: /home/yyj/my_ws/install/my_action_interface/share/my_action_interface/environment/path.sh
[3.425s] -- Up-to-date: /home/yyj/my_ws/install/my_action_interface/share/my_action_interface/environment/path.dsv
[3.425s] -- Up-to-date: /home/yyj/my_ws/install/my_action_interface/share/my_action_interface/local_setup.bash
[3.425s] -- Up-to-date: /home/yyj/my_ws/install/my_action_interface/share/my_action_interface/local_setup.sh
[3.425s] -- Up-to-date: /home/yyj/my_ws/install/my_action_interface/share/my_action_interface/local_setup.zsh
[3.426s] -- Up-to-date: /home/yyj/my_ws/install/my_action_interface/share/my_action_interface/local_setup.dsv
[3.426s] -- Installing: /home/yyj/my_ws/install/my_action_interface/share/my_action_interface/package.dsv
[3.426s] -- Up-to-date: /home/yyj/my_ws/install/my_action_interface/share/ament_index/resource_index/packages/my_action_interface
[3.426s] -- Up-to-date: /home/yyj/my_ws/install/my_action_interface/share/my_action_interface/cmake/export_my_action_interface__rosidl_generator_cExport.cmake
[3.427s] -- Up-to-date: /home/yyj/my_ws/install/my_action_interface/share/my_action_interface/cmake/export_my_action_interface__rosidl_generator_cExport-noconfig.cmake
[3.428s] -- Up-to-date: /home/yyj/my_ws/install/my_action_interface/share/my_action_interface/cmake/export_my_action_interface__rosidl_typesupport_fastrtps_cExport.cmake
[3.431s] -- Up-to-date: /home/yyj/my_ws/install/my_action_interface/share/my_action_interface/cmake/export_my_action_interface__rosidl_typesupport_fastrtps_cExport-noconfig.cmake
[3.433s] -- Up-to-date: /home/yyj/my_ws/install/my_action_interface/share/my_action_interface/cmake/my_action_interface__rosidl_typesupport_introspection_cExport.cmake
[3.433s] -- Up-to-date: /home/yyj/my_ws/install/my_action_interface/share/my_action_interface/cmake/my_action_interface__rosidl_typesupport_introspection_cExport-noconfig.cmake
[3.434s] -- Up-to-date: /home/yyj/my_ws/install/my_action_interface/share/my_action_interface/cmake/my_action_interface__rosidl_typesupport_cExport.cmake
[3.434s] -- Up-to-date: /home/yyj/my_ws/install/my_action_interface/share/my_action_interface/cmake/my_action_interface__rosidl_typesupport_cExport-noconfig.cmake
[3.434s] -- Up-to-date: /home/yyj/my_ws/install/my_action_interface/share/my_action_interface/cmake/export_my_action_interface__rosidl_generator_cppExport.cmake
[3.434s] -- Up-to-date: /home/yyj/my_ws/install/my_action_interface/share/my_action_interface/cmake/export_my_action_interface__rosidl_typesupport_fastrtps_cppExport.cmake
[3.435s] -- Up-to-date: /home/yyj/my_ws/install/my_action_interface/share/my_action_interface/cmake/export_my_action_interface__rosidl_typesupport_fastrtps_cppExport-noconfig.cmake
[3.437s] -- Up-to-date: /home/yyj/my_ws/install/my_action_interface/share/my_action_interface/cmake/my_action_interface__rosidl_typesupport_introspection_cppExport.cmake
[3.438s] -- Up-to-date: /home/yyj/my_ws/install/my_action_interface/share/my_action_interface/cmake/my_action_interface__rosidl_typesupport_introspection_cppExport-noconfig.cmake
[3.439s] -- Up-to-date: /home/yyj/my_ws/install/my_action_interface/share/my_action_interface/cmake/my_action_interface__rosidl_typesupport_cppExport.cmake
[3.439s] -- Up-to-date: /home/yyj/my_ws/install/my_action_interface/share/my_action_interface/cmake/my_action_interface__rosidl_typesupport_cppExport-noconfig.cmake
[3.440s] -- Up-to-date: /home/yyj/my_ws/install/my_action_interface/share/my_action_interface/cmake/export_my_action_interface__rosidl_generator_pyExport.cmake
[3.440s] -- Up-to-date: /home/yyj/my_ws/install/my_action_interface/share/my_action_interface/cmake/export_my_action_interface__rosidl_generator_pyExport-noconfig.cmake
[3.440s] -- Up-to-date: /home/yyj/my_ws/install/my_action_interface/share/my_action_interface/cmake/rosidl_cmake-extras.cmake
[3.440s] -- Up-to-date: /home/yyj/my_ws/install/my_action_interface/share/my_action_interface/cmake/ament_cmake_export_dependencies-extras.cmake
[3.441s] -- Up-to-date: /home/yyj/my_ws/install/my_action_interface/share/my_action_interface/cmake/ament_cmake_export_include_directories-extras.cmake
[3.441s] -- Up-to-date: /home/yyj/my_ws/install/my_action_interface/share/my_action_interface/cmake/ament_cmake_export_libraries-extras.cmake
[3.441s] -- Up-to-date: /home/yyj/my_ws/install/my_action_interface/share/my_action_interface/cmake/ament_cmake_export_targets-extras.cmake
[3.441s] -- Up-to-date: /home/yyj/my_ws/install/my_action_interface/share/my_action_interface/cmake/rosidl_cmake_export_typesupport_targets-extras.cmake
[3.441s] -- Up-to-date: /home/yyj/my_ws/install/my_action_interface/share/my_action_interface/cmake/rosidl_cmake_export_typesupport_libraries-extras.cmake
[3.441s] -- Up-to-date: /home/yyj/my_ws/install/my_action_interface/share/my_action_interface/cmake/my_action_interfaceConfig.cmake
[3.441s] -- Up-to-date: /home/yyj/my_ws/install/my_action_interface/share/my_action_interface/cmake/my_action_interfaceConfig-version.cmake
[3.441s] -- Up-to-date: /home/yyj/my_ws/install/my_action_interface/share/my_action_interface/package.xml
[3.442s] Invoked command in '/home/yyj/my_ws/build/my_action_interface' returned '0': CMAKE_PREFIX_PATH=${CMAKE_PREFIX_PATH}:/home/yyj/my_ws/install/ros2_aruco:/home/yyj/my_ws/install/open_action_server:/home/yyj/my_ws/install/my_tf2_package:/home/yyj/my_ws/install/my_docking:/home/yyj/my_ws/install/my_aruco_to_goal_pose_pkg:/opt/ros/humble /usr/bin/cmake --install /home/yyj/my_ws/build/my_action_interface
