[0.036s] Invoking command in '/home/yyj/my_ws/build/realsense2_description': AMENT_PREFIX_PATH=/home/yyj/my_ws/install/realsense2_camera_msgs:${AMENT_PREFIX_PATH} CMAKE_PREFIX_PATH=/home/yyj/my_ws/install/realsense2_camera_msgs:/opt/ros/humble LD_LIBRARY_PATH=/home/yyj/my_ws/install/realsense2_camera_msgs/lib:${LD_LIBRARY_PATH} PYTHONPATH=/home/yyj/my_ws/install/realsense2_camera_msgs/local/lib/python3.10/dist-packages:${PYTHONPATH} /usr/bin/cmake /home/yyj/my_ws/src/realsense-ros/realsense2_description -DCMAKE_INSTALL_PREFIX=/home/yyj/my_ws/install/realsense2_description
[0.230s] -- The C compiler identification is GNU 11.4.0
[0.434s] -- The CXX compiler identification is GNU 11.4.0
[0.459s] -- Detecting C compiler ABI info
[0.707s] -- Detecting C compiler ABI info - done
[0.735s] -- Check for working C compiler: /usr/bin/cc - skipped
[0.736s] -- Detecting C compile features
[0.737s] -- Detecting C compile features - done
[0.748s] -- Detecting CXX compiler ABI info
[1.055s] -- Detecting CXX compiler ABI info - done
[1.084s] -- Check for working CXX compiler: /usr/bin/c++ - skipped
[1.085s] -- Detecting CXX compile features
[1.087s] -- Detecting CXX compile features - done
[1.100s] -- Found ament_cmake: 1.3.8 (/opt/ros/humble/share/ament_cmake/cmake)
[1.743s] -- Found Python3: /usr/bin/python3 (found version "3.10.12") found components: Interpreter 
[2.300s] -- Configuring done
[2.305s] -- Generating done
[2.307s] -- Build files have been written to: /home/yyj/my_ws/build/realsense2_description
[2.319s] Invoked command in '/home/yyj/my_ws/build/realsense2_description' returned '0': AMENT_PREFIX_PATH=/home/yyj/my_ws/install/realsense2_camera_msgs:${AMENT_PREFIX_PATH} CMAKE_PREFIX_PATH=/home/yyj/my_ws/install/realsense2_camera_msgs:/opt/ros/humble LD_LIBRARY_PATH=/home/yyj/my_ws/install/realsense2_camera_msgs/lib:${LD_LIBRARY_PATH} PYTHONPATH=/home/yyj/my_ws/install/realsense2_camera_msgs/local/lib/python3.10/dist-packages:${PYTHONPATH} /usr/bin/cmake /home/yyj/my_ws/src/realsense-ros/realsense2_description -DCMAKE_INSTALL_PREFIX=/home/yyj/my_ws/install/realsense2_description
[2.324s] Invoking command in '/home/yyj/my_ws/build/realsense2_description': AMENT_PREFIX_PATH=/home/yyj/my_ws/install/realsense2_camera_msgs:${AMENT_PREFIX_PATH} CMAKE_PREFIX_PATH=/home/yyj/my_ws/install/realsense2_camera_msgs:/opt/ros/humble LD_LIBRARY_PATH=/home/yyj/my_ws/install/realsense2_camera_msgs/lib:${LD_LIBRARY_PATH} PYTHONPATH=/home/yyj/my_ws/install/realsense2_camera_msgs/local/lib/python3.10/dist-packages:${PYTHONPATH} /usr/bin/cmake --build /home/yyj/my_ws/build/realsense2_description -- -j16 -l16
[2.441s] Invoked command in '/home/yyj/my_ws/build/realsense2_description' returned '0': AMENT_PREFIX_PATH=/home/yyj/my_ws/install/realsense2_camera_msgs:${AMENT_PREFIX_PATH} CMAKE_PREFIX_PATH=/home/yyj/my_ws/install/realsense2_camera_msgs:/opt/ros/humble LD_LIBRARY_PATH=/home/yyj/my_ws/install/realsense2_camera_msgs/lib:${LD_LIBRARY_PATH} PYTHONPATH=/home/yyj/my_ws/install/realsense2_camera_msgs/local/lib/python3.10/dist-packages:${PYTHONPATH} /usr/bin/cmake --build /home/yyj/my_ws/build/realsense2_description -- -j16 -l16
[2.518s] Invoking command in '/home/yyj/my_ws/build/realsense2_description': AMENT_PREFIX_PATH=/home/yyj/my_ws/install/realsense2_camera_msgs:${AMENT_PREFIX_PATH} CMAKE_PREFIX_PATH=/home/yyj/my_ws/install/realsense2_camera_msgs:/opt/ros/humble LD_LIBRARY_PATH=/home/yyj/my_ws/install/realsense2_camera_msgs/lib:${LD_LIBRARY_PATH} PYTHONPATH=/home/yyj/my_ws/install/realsense2_camera_msgs/local/lib/python3.10/dist-packages:${PYTHONPATH} /usr/bin/cmake --install /home/yyj/my_ws/build/realsense2_description
[2.543s] -- Install configuration: ""
[2.544s] -- Installing: /home/yyj/my_ws/install/realsense2_description/share/realsense2_description/launch
[2.546s] -- Installing: /home/yyj/my_ws/install/realsense2_description/share/realsense2_description/launch/launch_utils.py
[2.546s] -- Installing: /home/yyj/my_ws/install/realsense2_description/share/realsense2_description/launch/view_model.launch.py
[2.547s] -- Installing: /home/yyj/my_ws/install/realsense2_description/share/realsense2_description/meshes
[2.547s] -- Installing: /home/yyj/my_ws/install/realsense2_description/share/realsense2_description/meshes/plug_collision.stl
[2.548s] -- Installing: /home/yyj/my_ws/install/realsense2_description/share/realsense2_description/meshes/d405.stl
[2.551s] -- Installing: /home/yyj/my_ws/install/realsense2_description/share/realsense2_description/meshes/plug.stl
[2.553s] -- Installing: /home/yyj/my_ws/install/realsense2_description/share/realsense2_description/meshes/l515.dae
[2.706s] -- Installing: /home/yyj/my_ws/install/realsense2_description/share/realsense2_description/meshes/d455.stl
[2.720s] -- Installing: /home/yyj/my_ws/install/realsense2_description/share/realsense2_description/meshes/d435.dae
[2.797s] -- Installing: /home/yyj/my_ws/install/realsense2_description/share/realsense2_description/meshes/d415.stl
[2.902s] -- Installing: /home/yyj/my_ws/install/realsense2_description/share/realsense2_description/rviz
[2.902s] -- Installing: /home/yyj/my_ws/install/realsense2_description/share/realsense2_description/rviz/urdf.rviz
[2.902s] -- Installing: /home/yyj/my_ws/install/realsense2_description/share/realsense2_description/urdf
[2.903s] -- Installing: /home/yyj/my_ws/install/realsense2_description/share/realsense2_description/urdf/test_d435_camera.urdf.xacro
[2.904s] -- Installing: /home/yyj/my_ws/install/realsense2_description/share/realsense2_description/urdf/_d455.urdf.xacro
[2.904s] -- Installing: /home/yyj/my_ws/install/realsense2_description/share/realsense2_description/urdf/_materials.urdf.xacro
[2.905s] -- Installing: /home/yyj/my_ws/install/realsense2_description/share/realsense2_description/urdf/_usb_plug.urdf.xacro
[2.905s] -- Installing: /home/yyj/my_ws/install/realsense2_description/share/realsense2_description/urdf/_r410.urdf.xacro
[2.906s] -- Installing: /home/yyj/my_ws/install/realsense2_description/share/realsense2_description/urdf/test_r430_camera.urdf.xacro
[2.907s] -- Installing: /home/yyj/my_ws/install/realsense2_description/share/realsense2_description/urdf/test_d405_camera.urdf.xacro
[2.907s] -- Installing: /home/yyj/my_ws/install/realsense2_description/share/realsense2_description/urdf/_d405.urdf.xacro
[2.908s] -- Installing: /home/yyj/my_ws/install/realsense2_description/share/realsense2_description/urdf/_d415.urdf.xacro
[2.909s] -- Installing: /home/yyj/my_ws/install/realsense2_description/share/realsense2_description/urdf/test_d435_multiple_cameras.urdf.xacro
[2.910s] -- Installing: /home/yyj/my_ws/install/realsense2_description/share/realsense2_description/urdf/_r430.urdf.xacro
[2.910s] -- Installing: /home/yyj/my_ws/install/realsense2_description/share/realsense2_description/urdf/_d435i_imu_modules.urdf.xacro
[2.911s] -- Installing: /home/yyj/my_ws/install/realsense2_description/share/realsense2_description/urdf/test_r410_camera.urdf.xacro
[2.912s] -- Installing: /home/yyj/my_ws/install/realsense2_description/share/realsense2_description/urdf/_d435i.urdf.xacro
[2.912s] -- Installing: /home/yyj/my_ws/install/realsense2_description/share/realsense2_description/urdf/test_d415_camera.urdf.xacro
[2.913s] -- Installing: /home/yyj/my_ws/install/realsense2_description/share/realsense2_description/urdf/test_d455_camera.urdf.xacro
[2.913s] -- Installing: /home/yyj/my_ws/install/realsense2_description/share/realsense2_description/urdf/_d435.urdf.xacro
[2.914s] -- Installing: /home/yyj/my_ws/install/realsense2_description/share/realsense2_description/urdf/test_d435i_camera.urdf.xacro
[2.914s] -- Installing: /home/yyj/my_ws/install/realsense2_description/share/ament_index/resource_index/package_run_dependencies/realsense2_description
[2.915s] -- Installing: /home/yyj/my_ws/install/realsense2_description/share/ament_index/resource_index/parent_prefix_path/realsense2_description
[2.916s] -- Installing: /home/yyj/my_ws/install/realsense2_description/share/realsense2_description/environment/ament_prefix_path.sh
[2.916s] -- Installing: /home/yyj/my_ws/install/realsense2_description/share/realsense2_description/environment/ament_prefix_path.dsv
[2.917s] -- Installing: /home/yyj/my_ws/install/realsense2_description/share/realsense2_description/environment/path.sh
[2.917s] -- Installing: /home/yyj/my_ws/install/realsense2_description/share/realsense2_description/environment/path.dsv
[2.918s] -- Installing: /home/yyj/my_ws/install/realsense2_description/share/realsense2_description/local_setup.bash
[2.918s] -- Installing: /home/yyj/my_ws/install/realsense2_description/share/realsense2_description/local_setup.sh
[2.919s] -- Installing: /home/yyj/my_ws/install/realsense2_description/share/realsense2_description/local_setup.zsh
[2.919s] -- Installing: /home/yyj/my_ws/install/realsense2_description/share/realsense2_description/local_setup.dsv
[2.920s] -- Installing: /home/yyj/my_ws/install/realsense2_description/share/realsense2_description/package.dsv
[2.920s] -- Installing: /home/yyj/my_ws/install/realsense2_description/share/ament_index/resource_index/packages/realsense2_description
[2.920s] -- Installing: /home/yyj/my_ws/install/realsense2_description/share/realsense2_description/cmake/realsense2_descriptionConfig.cmake
[2.920s] -- Installing: /home/yyj/my_ws/install/realsense2_description/share/realsense2_description/cmake/realsense2_descriptionConfig-version.cmake
[2.921s] -- Installing: /home/yyj/my_ws/install/realsense2_description/share/realsense2_description/package.xml
[2.928s] Invoked command in '/home/yyj/my_ws/build/realsense2_description' returned '0': AMENT_PREFIX_PATH=/home/yyj/my_ws/install/realsense2_camera_msgs:${AMENT_PREFIX_PATH} CMAKE_PREFIX_PATH=/home/yyj/my_ws/install/realsense2_camera_msgs:/opt/ros/humble LD_LIBRARY_PATH=/home/yyj/my_ws/install/realsense2_camera_msgs/lib:${LD_LIBRARY_PATH} PYTHONPATH=/home/yyj/my_ws/install/realsense2_camera_msgs/local/lib/python3.10/dist-packages:${PYTHONPATH} /usr/bin/cmake --install /home/yyj/my_ws/build/realsense2_description
