[35m[1mConsolidate compiler generated dependencies of target autonomy_node[0m
[ 14%] [32mBuilding CXX object CMakeFiles/autonomy_node.dir/src/autonomy_node.cpp.o[0m
In file included from [01m[K/home/yyj/my_ws/src/cart_park_autonomy/include/patrol_behavior.h:7[m[K,
                 from [01m[K/home/yyj/my_ws/src/cart_park_autonomy/include/autonomy_node.h:3[m[K,
                 from [01m[K/home/yyj/my_ws/src/cart_park_autonomy/src/autonomy_node.cpp:1[m[K:
[01m[K/opt/ros/humble/include/tf2_geometry_msgs/tf2_geometry_msgs/tf2_geometry_msgs.h:35:2:[m[K [01;35m[Kwarning: [m[K#warning This header is obsolete, please include tf2_geometry_msgs/tf2_geometry_msgs.hpp instead [[01;35m[K]8;;https://gcc.gnu.org/onlinedocs/gcc/Warning-Options.html#index-Wcpp-Wcpp]8;;[m[K]
   35 | #[01;35m[Kwarning[m[K This header is obsolete, please include tf2_geometry_msgs/tf2_geometry_msgs.hpp instead
      |  [01;35m[K^~~~~~~[m[K
In file included from [01m[K/home/yyj/my_ws/src/cart_park_autonomy/include/autonomy_node.h:3[m[K,
                 from [01m[K/home/yyj/my_ws/src/cart_park_autonomy/src/autonomy_node.cpp:1[m[K:
[01m[K/home/yyj/my_ws/src/cart_park_autonomy/include/patrol_behavior.h:[m[K In constructor ‘[01m[KRetry::Retry(const string&, const BT::NodeConfiguration&)[m[K’:
[01m[K/home/yyj/my_ws/src/cart_park_autonomy/include/patrol_behavior.h:67:65:[m[K [01;35m[Kwarning: [m[Kunused parameter ‘[01m[Kconfig[m[K’ [[01;35m[K]8;;https://gcc.gnu.org/onlinedocs/gcc/Warning-Options.html#index-Wunused-parameter-Wunused-parameter]8;;[m[K]
   67 | etry(const std::string& name, [01;35m[Kconst BT::NodeConfiguration& config[m[K)
      |                               [01;35m[K~~~~~~~~~~~~~~~~~~~~~~~~~~~~~^~~~~~[m[K

[ 28%] [32m[1mLinking CXX executable autonomy_node[0m
[100%] Built target autonomy_node
-- Install configuration: ""
-- Installing: /home/yyj/my_ws/install/cart_park_autonomy/share/cart_park_autonomy/bt_xml
-- Installing: /home/yyj/my_ws/install/cart_park_autonomy/share/cart_park_autonomy/bt_xml/tree.xml
-- Installing: /home/yyj/my_ws/install/cart_park_autonomy/share/cart_park_autonomy/launch
-- Installing: /home/yyj/my_ws/install/cart_park_autonomy/share/cart_park_autonomy/launch/autonomy.launch.py
-- Installing: /home/yyj/my_ws/install/cart_park_autonomy/share/cart_park_autonomy/config
-- Installing: /home/yyj/my_ws/install/cart_park_autonomy/share/cart_park_autonomy/config/sim_house_locations.yaml
-- Installing: /home/yyj/my_ws/install/cart_park_autonomy/lib/cart_park_autonomy/autonomy_node
-- Set runtime path of "/home/yyj/my_ws/install/cart_park_autonomy/lib/cart_park_autonomy/autonomy_node" to ""
-- Installing: /home/yyj/my_ws/install/cart_park_autonomy/share/ament_index/resource_index/package_run_dependencies/cart_park_autonomy
-- Installing: /home/yyj/my_ws/install/cart_park_autonomy/share/ament_index/resource_index/parent_prefix_path/cart_park_autonomy
-- Installing: /home/yyj/my_ws/install/cart_park_autonomy/share/cart_park_autonomy/environment/ament_prefix_path.sh
-- Installing: /home/yyj/my_ws/install/cart_park_autonomy/share/cart_park_autonomy/environment/ament_prefix_path.dsv
-- Installing: /home/yyj/my_ws/install/cart_park_autonomy/share/cart_park_autonomy/environment/path.sh
-- Installing: /home/yyj/my_ws/install/cart_park_autonomy/share/cart_park_autonomy/environment/path.dsv
-- Installing: /home/yyj/my_ws/install/cart_park_autonomy/share/cart_park_autonomy/local_setup.bash
-- Installing: /home/yyj/my_ws/install/cart_park_autonomy/share/cart_park_autonomy/local_setup.sh
-- Installing: /home/yyj/my_ws/install/cart_park_autonomy/share/cart_park_autonomy/local_setup.zsh
-- Installing: /home/yyj/my_ws/install/cart_park_autonomy/share/cart_park_autonomy/local_setup.dsv
-- Installing: /home/yyj/my_ws/install/cart_park_autonomy/share/cart_park_autonomy/package.dsv
-- Installing: /home/yyj/my_ws/install/cart_park_autonomy/share/ament_index/resource_index/packages/cart_park_autonomy
-- Installing: /home/yyj/my_ws/install/cart_park_autonomy/share/cart_park_autonomy/cmake/cart_park_autonomyConfig.cmake
-- Installing: /home/yyj/my_ws/install/cart_park_autonomy/share/cart_park_autonomy/cmake/cart_park_autonomyConfig-version.cmake
-- Installing: /home/yyj/my_ws/install/cart_park_autonomy/share/cart_park_autonomy/package.xml
