[0.081s] Invoking command in '/home/yyj/my_ws/build/cart_park_autonomy': AMENT_PREFIX_PATH=/home/yyj/my_ws/install/my_action_interface:${AMENT_PREFIX_PATH} CMAKE_PREFIX_PATH=/home/yyj/my_ws/install/my_action_interface:/opt/ros/humble LD_LIBRARY_PATH=/home/yyj/my_ws/install/my_action_interface/lib:${LD_LIBRARY_PATH} PYTHONPATH=/home/yyj/my_ws/install/my_action_interface/local/lib/python3.10/dist-packages:${PYTHONPATH} /usr/bin/cmake --build /home/yyj/my_ws/build/cart_park_autonomy -- -j16 -l16
[0.276s] [35m[1mConsolidate compiler generated dependencies of target autonomy_node[0m
[0.388s] [ 14%] [32mBuilding CXX object CMakeFiles/autonomy_node.dir/src/autonomy_node.cpp.o[0m
[1.217s] In file included from [01m[K/home/yyj/my_ws/src/cart_park_autonomy/include/patrol_behavior.h:7[m[K,
[1.218s]                  from [01m[K/home/yyj/my_ws/src/cart_park_autonomy/include/autonomy_node.h:3[m[K,
[1.218s]                  from [01m[K/home/yyj/my_ws/src/cart_park_autonomy/src/autonomy_node.cpp:1[m[K:
[1.218s] [01m[K/opt/ros/humble/include/tf2_geometry_msgs/tf2_geometry_msgs/tf2_geometry_msgs.h:35:2:[m[K [01;35m[Kwarning: [m[K#warning This header is obsolete, please include tf2_geometry_msgs/tf2_geometry_msgs.hpp instead [[01;35m[K]8;;https://gcc.gnu.org/onlinedocs/gcc/Warning-Options.html#index-Wcpp-Wcpp]8;;[m[K]
[1.221s]    35 | #[01;35m[Kwarning[m[K This header is obsolete, please include tf2_geometry_msgs/tf2_geometry_msgs.hpp instead
[1.222s]       |  [01;35m[K^~~~~~~[m[K
[4.977s] In file included from [01m[K/home/yyj/my_ws/src/cart_park_autonomy/include/autonomy_node.h:3[m[K,
[4.977s]                  from [01m[K/home/yyj/my_ws/src/cart_park_autonomy/src/autonomy_node.cpp:1[m[K:
[4.977s] [01m[K/home/yyj/my_ws/src/cart_park_autonomy/include/patrol_behavior.h:[m[K In constructor ‘[01m[KRetry::Retry(const string&, const BT::NodeConfiguration&)[m[K’:
[4.977s] [01m[K/home/yyj/my_ws/src/cart_park_autonomy/include/patrol_behavior.h:67:65:[m[K [01;35m[Kwarning: [m[Kunused parameter ‘[01m[Kconfig[m[K’ [[01;35m[K]8;;https://gcc.gnu.org/onlinedocs/gcc/Warning-Options.html#index-Wunused-parameter-Wunused-parameter]8;;[m[K]
[4.977s]    67 | etry(const std::string& name, [01;35m[Kconst BT::NodeConfiguration& config[m[K)
[4.977s]       |                               [01;35m[K~~~~~~~~~~~~~~~~~~~~~~~~~~~~~^~~~~~[m[K
[4.978s] 
[7.392s] [ 28%] [32m[1mLinking CXX executable autonomy_node[0m
[8.279s] [100%] Built target autonomy_node
[8.294s] Invoked command in '/home/yyj/my_ws/build/cart_park_autonomy' returned '0': AMENT_PREFIX_PATH=/home/yyj/my_ws/install/my_action_interface:${AMENT_PREFIX_PATH} CMAKE_PREFIX_PATH=/home/yyj/my_ws/install/my_action_interface:/opt/ros/humble LD_LIBRARY_PATH=/home/yyj/my_ws/install/my_action_interface/lib:${LD_LIBRARY_PATH} PYTHONPATH=/home/yyj/my_ws/install/my_action_interface/local/lib/python3.10/dist-packages:${PYTHONPATH} /usr/bin/cmake --build /home/yyj/my_ws/build/cart_park_autonomy -- -j16 -l16
[8.339s] Invoking command in '/home/yyj/my_ws/build/cart_park_autonomy': AMENT_PREFIX_PATH=/home/yyj/my_ws/install/my_action_interface:${AMENT_PREFIX_PATH} CMAKE_PREFIX_PATH=/home/yyj/my_ws/install/my_action_interface:/opt/ros/humble LD_LIBRARY_PATH=/home/yyj/my_ws/install/my_action_interface/lib:${LD_LIBRARY_PATH} PYTHONPATH=/home/yyj/my_ws/install/my_action_interface/local/lib/python3.10/dist-packages:${PYTHONPATH} /usr/bin/cmake --install /home/yyj/my_ws/build/cart_park_autonomy
[8.348s] -- Install configuration: ""
[8.348s] -- Installing: /home/yyj/my_ws/install/cart_park_autonomy/share/cart_park_autonomy/bt_xml
[8.348s] -- Installing: /home/yyj/my_ws/install/cart_park_autonomy/share/cart_park_autonomy/bt_xml/tree.xml
[8.348s] -- Installing: /home/yyj/my_ws/install/cart_park_autonomy/share/cart_park_autonomy/launch
[8.349s] -- Installing: /home/yyj/my_ws/install/cart_park_autonomy/share/cart_park_autonomy/launch/autonomy.launch.py
[8.349s] -- Installing: /home/yyj/my_ws/install/cart_park_autonomy/share/cart_park_autonomy/config
[8.349s] -- Installing: /home/yyj/my_ws/install/cart_park_autonomy/share/cart_park_autonomy/config/sim_house_locations.yaml
[8.349s] -- Installing: /home/yyj/my_ws/install/cart_park_autonomy/lib/cart_park_autonomy/autonomy_node
[8.355s] -- Set runtime path of "/home/yyj/my_ws/install/cart_park_autonomy/lib/cart_park_autonomy/autonomy_node" to ""
[8.355s] -- Installing: /home/yyj/my_ws/install/cart_park_autonomy/share/ament_index/resource_index/package_run_dependencies/cart_park_autonomy
[8.355s] -- Installing: /home/yyj/my_ws/install/cart_park_autonomy/share/ament_index/resource_index/parent_prefix_path/cart_park_autonomy
[8.355s] -- Installing: /home/yyj/my_ws/install/cart_park_autonomy/share/cart_park_autonomy/environment/ament_prefix_path.sh
[8.355s] -- Installing: /home/yyj/my_ws/install/cart_park_autonomy/share/cart_park_autonomy/environment/ament_prefix_path.dsv
[8.355s] -- Installing: /home/yyj/my_ws/install/cart_park_autonomy/share/cart_park_autonomy/environment/path.sh
[8.355s] -- Installing: /home/yyj/my_ws/install/cart_park_autonomy/share/cart_park_autonomy/environment/path.dsv
[8.355s] -- Installing: /home/yyj/my_ws/install/cart_park_autonomy/share/cart_park_autonomy/local_setup.bash
[8.356s] -- Installing: /home/yyj/my_ws/install/cart_park_autonomy/share/cart_park_autonomy/local_setup.sh
[8.356s] -- Installing: /home/yyj/my_ws/install/cart_park_autonomy/share/cart_park_autonomy/local_setup.zsh
[8.356s] -- Installing: /home/yyj/my_ws/install/cart_park_autonomy/share/cart_park_autonomy/local_setup.dsv
[8.356s] -- Installing: /home/yyj/my_ws/install/cart_park_autonomy/share/cart_park_autonomy/package.dsv
[8.356s] -- Installing: /home/yyj/my_ws/install/cart_park_autonomy/share/ament_index/resource_index/packages/cart_park_autonomy
[8.356s] -- Installing: /home/yyj/my_ws/install/cart_park_autonomy/share/cart_park_autonomy/cmake/cart_park_autonomyConfig.cmake
[8.356s] -- Installing: /home/yyj/my_ws/install/cart_park_autonomy/share/cart_park_autonomy/cmake/cart_park_autonomyConfig-version.cmake
[8.356s] -- Installing: /home/yyj/my_ws/install/cart_park_autonomy/share/cart_park_autonomy/package.xml
[8.359s] Invoked command in '/home/yyj/my_ws/build/cart_park_autonomy' returned '0': AMENT_PREFIX_PATH=/home/yyj/my_ws/install/my_action_interface:${AMENT_PREFIX_PATH} CMAKE_PREFIX_PATH=/home/yyj/my_ws/install/my_action_interface:/opt/ros/humble LD_LIBRARY_PATH=/home/yyj/my_ws/install/my_action_interface/lib:${LD_LIBRARY_PATH} PYTHONPATH=/home/yyj/my_ws/install/my_action_interface/local/lib/python3.10/dist-packages:${PYTHONPATH} /usr/bin/cmake --install /home/yyj/my_ws/build/cart_park_autonomy
