[7.539s] Invoking command in '/home/yyj/my_ws/src/my_aruco_to_goal_pose_pkg': PYTHONPATH=/home/yyj/my_ws/build/my_aruco_to_goal_pose_pkg/prefix_override:/home/yyj/my_ws/install/my_aruco_to_goal_pose_pkg/lib/python3.10/site-packages:${PYTHONPATH} /usr/bin/python3 -W ignore:setup.py install is deprecated setup.py egg_info --egg-base ../../build/my_aruco_to_goal_pose_pkg build --build-base /home/yyj/my_ws/build/my_aruco_to_goal_pose_pkg/build install --record /home/yyj/my_ws/build/my_aruco_to_goal_pose_pkg/install.log --single-version-externally-managed install_data
[8.731s] running egg_info
[8.735s] writing ../../build/my_aruco_to_goal_pose_pkg/my_aruco_to_goal_pose_pkg.egg-info/PKG-INFO
[8.737s] writing dependency_links to ../../build/my_aruco_to_goal_pose_pkg/my_aruco_to_goal_pose_pkg.egg-info/dependency_links.txt
[8.737s] writing entry points to ../../build/my_aruco_to_goal_pose_pkg/my_aruco_to_goal_pose_pkg.egg-info/entry_points.txt
[8.738s] writing requirements to ../../build/my_aruco_to_goal_pose_pkg/my_aruco_to_goal_pose_pkg.egg-info/requires.txt
[8.739s] writing top-level names to ../../build/my_aruco_to_goal_pose_pkg/my_aruco_to_goal_pose_pkg.egg-info/top_level.txt
[8.800s] reading manifest file '../../build/my_aruco_to_goal_pose_pkg/my_aruco_to_goal_pose_pkg.egg-info/SOURCES.txt'
[8.800s] writing manifest file '../../build/my_aruco_to_goal_pose_pkg/my_aruco_to_goal_pose_pkg.egg-info/SOURCES.txt'
[8.801s] running build
[8.801s] running build_py
[8.801s] running install
[8.801s] running install_lib
[8.813s] running install_data
[8.814s] running install_egg_info
[8.843s] removing '/home/yyj/my_ws/install/my_aruco_to_goal_pose_pkg/lib/python3.10/site-packages/my_aruco_to_goal_pose_pkg-0.0.0-py3.10.egg-info' (and everything under it)
[8.849s] Copying ../../build/my_aruco_to_goal_pose_pkg/my_aruco_to_goal_pose_pkg.egg-info to /home/yyj/my_ws/install/my_aruco_to_goal_pose_pkg/lib/python3.10/site-packages/my_aruco_to_goal_pose_pkg-0.0.0-py3.10.egg-info
[8.862s] running install_scripts
[8.865s] Installing aruco_sub_goal_pose_pub script to /home/yyj/my_ws/install/my_aruco_to_goal_pose_pkg/lib/my_aruco_to_goal_pose_pkg
[8.865s] writing list of installed files to '/home/yyj/my_ws/build/my_aruco_to_goal_pose_pkg/install.log'
[8.977s] Invoked command in '/home/yyj/my_ws/src/my_aruco_to_goal_pose_pkg' returned '0': PYTHONPATH=/home/yyj/my_ws/build/my_aruco_to_goal_pose_pkg/prefix_override:/home/yyj/my_ws/install/my_aruco_to_goal_pose_pkg/lib/python3.10/site-packages:${PYTHONPATH} /usr/bin/python3 -W ignore:setup.py install is deprecated setup.py egg_info --egg-base ../../build/my_aruco_to_goal_pose_pkg build --build-base /home/yyj/my_ws/build/my_aruco_to_goal_pose_pkg/build install --record /home/yyj/my_ws/build/my_aruco_to_goal_pose_pkg/install.log --single-version-externally-managed install_data
