[0.956s] Invoking command in '/home/yyj/my_ws/build/my_bot_description': CMAKE_PREFIX_PATH=${CMAKE_PREFIX_PATH}:/home/yyj/my_ws/install/ros2_aruco:/home/yyj/my_ws/install/open_action_server:/home/yyj/my_ws/install/my_tf2_package:/home/yyj/my_ws/install/my_docking:/home/yyj/my_ws/install/my_aruco_to_goal_pose_pkg:/opt/ros/humble /usr/bin/cmake --build /home/yyj/my_ws/build/my_bot_description -- -j16 -l16
[3.189s] Invoked command in '/home/yyj/my_ws/build/my_bot_description' returned '0': CMAKE_PREFIX_PATH=${CMAKE_PREFIX_PATH}:/home/yyj/my_ws/install/ros2_aruco:/home/yyj/my_ws/install/open_action_server:/home/yyj/my_ws/install/my_tf2_package:/home/yyj/my_ws/install/my_docking:/home/yyj/my_ws/install/my_aruco_to_goal_pose_pkg:/opt/ros/humble /usr/bin/cmake --build /home/yyj/my_ws/build/my_bot_description -- -j16 -l16
[3.801s] Invoking command in '/home/yyj/my_ws/build/my_bot_description': CMAKE_PREFIX_PATH=${CMAKE_PREFIX_PATH}:/home/yyj/my_ws/install/ros2_aruco:/home/yyj/my_ws/install/open_action_server:/home/yyj/my_ws/install/my_tf2_package:/home/yyj/my_ws/install/my_docking:/home/yyj/my_ws/install/my_aruco_to_goal_pose_pkg:/opt/ros/humble /usr/bin/cmake --install /home/yyj/my_ws/build/my_bot_description
[3.849s] -- Install configuration: ""
[3.849s] -- Up-to-date: /home/yyj/my_ws/install/my_bot_description/share/my_bot_description/urdf
[3.851s] -- Up-to-date: /home/yyj/my_ws/install/my_bot_description/share/my_bot_description/urdf/.vscode
[3.851s] -- Up-to-date: /home/yyj/my_ws/install/my_bot_description/share/my_bot_description/urdf/.vscode/settings.json
[3.852s] -- Up-to-date: /home/yyj/my_ws/install/my_bot_description/share/my_bot_description/urdf/.vscode/c_cpp_properties.json
[3.853s] -- Up-to-date: /home/yyj/my_ws/install/my_bot_description/share/my_bot_description/urdf/diffbot_description.urdf.xacro
[3.854s] -- Up-to-date: /home/yyj/my_ws/install/my_bot_description/share/my_bot_description/urdf/diffbot.materials.xacro
[3.857s] -- Up-to-date: /home/yyj/my_ws/install/my_bot_description/share/my_bot_description/rviz
[3.857s] -- Up-to-date: /home/yyj/my_ws/install/my_bot_description/share/my_bot_description/rviz/diffbot_view.rviz
[3.858s] -- Up-to-date: /home/yyj/my_ws/install/my_bot_description/share/my_bot_description/rviz/diffbot.rviz
[3.858s] -- Up-to-date: /home/yyj/my_ws/install/my_bot_description/share/ament_index/resource_index/package_run_dependencies/my_bot_description
[3.859s] -- Up-to-date: /home/yyj/my_ws/install/my_bot_description/share/ament_index/resource_index/parent_prefix_path/my_bot_description
[3.859s] -- Up-to-date: /home/yyj/my_ws/install/my_bot_description/share/my_bot_description/environment/ament_prefix_path.sh
[3.859s] -- Up-to-date: /home/yyj/my_ws/install/my_bot_description/share/my_bot_description/environment/ament_prefix_path.dsv
[3.860s] -- Up-to-date: /home/yyj/my_ws/install/my_bot_description/share/my_bot_description/environment/path.sh
[3.860s] -- Up-to-date: /home/yyj/my_ws/install/my_bot_description/share/my_bot_description/environment/path.dsv
[3.861s] -- Up-to-date: /home/yyj/my_ws/install/my_bot_description/share/my_bot_description/local_setup.bash
[3.861s] -- Up-to-date: /home/yyj/my_ws/install/my_bot_description/share/my_bot_description/local_setup.sh
[3.861s] -- Up-to-date: /home/yyj/my_ws/install/my_bot_description/share/my_bot_description/local_setup.zsh
[3.862s] -- Up-to-date: /home/yyj/my_ws/install/my_bot_description/share/my_bot_description/local_setup.dsv
[3.862s] -- Installing: /home/yyj/my_ws/install/my_bot_description/share/my_bot_description/package.dsv
[3.862s] -- Up-to-date: /home/yyj/my_ws/install/my_bot_description/share/ament_index/resource_index/packages/my_bot_description
[3.864s] -- Up-to-date: /home/yyj/my_ws/install/my_bot_description/share/my_bot_description/cmake/my_bot_descriptionConfig.cmake
[3.866s] -- Up-to-date: /home/yyj/my_ws/install/my_bot_description/share/my_bot_description/cmake/my_bot_descriptionConfig-version.cmake
[3.866s] -- Up-to-date: /home/yyj/my_ws/install/my_bot_description/share/my_bot_description/package.xml
[3.888s] Invoked command in '/home/yyj/my_ws/build/my_bot_description' returned '0': CMAKE_PREFIX_PATH=${CMAKE_PREFIX_PATH}:/home/yyj/my_ws/install/ros2_aruco:/home/yyj/my_ws/install/open_action_server:/home/yyj/my_ws/install/my_tf2_package:/home/yyj/my_ws/install/my_docking:/home/yyj/my_ws/install/my_aruco_to_goal_pose_pkg:/opt/ros/humble /usr/bin/cmake --install /home/yyj/my_ws/build/my_bot_description
