[35m[1mConsolidate compiler generated dependencies of target autonomy_node[0m
[ 14%] [32mBuilding CXX object CMakeFiles/autonomy_node.dir/src/patrol_behavior.cpp.o[0m
[ 28%] [32mBuilding CXX object CMakeFiles/autonomy_node.dir/src/autonomy_node.cpp.o[0m
In file included from [01m[K/home/yyj/my_ws/src/cart_park_autonomy/src/patrol_behavior.cpp:1[m[K:
[01m[K/home/yyj/my_ws/src/cart_park_autonomy/include/patrol_behavior.hpp:[m[K In constructor ‘[01m[KRetry::Retry(const string&, const BT::NodeConfiguration&)[m[K’:
[01m[K/home/yyj/my_ws/src/cart_park_autonomy/include/patrol_behavior.hpp:67:65:[m[K [01;35m[Kwarning: [m[Kunused parameter ‘[01m[Kconfig[m[K’ [[01;35m[K]8;;https://gcc.gnu.org/onlinedocs/gcc/Warning-Options.html#index-Wunused-parameter-Wunused-parameter]8;;[m[K]
   67 |     Retry(const std::string& name, [01;35m[Kconst BT::NodeConfiguration& config[m[K)
      |                                    [01;35m[K~~~~~~~~~~~~~~~~~~~~~~~~~~~~~^~~~~~[m[K
In file included from [01m[K/home/yyj/my_ws/src/cart_park_autonomy/include/autonomy_node.hpp:3[m[K,
                 from [01m[K/home/yyj/my_ws/src/cart_park_autonomy/src/autonomy_node.cpp:1[m[K:
[01m[K/home/yyj/my_ws/src/cart_park_autonomy/include/patrol_behavior.hpp:[m[K In constructor ‘[01m[KRetry::Retry(const string&, const BT::NodeConfiguration&)[m[K’:
[01m[K/home/yyj/my_ws/src/cart_park_autonomy/include/patrol_behavior.hpp:67:65:[m[K [01;35m[Kwarning: [m[Kunused parameter ‘[01m[Kconfig[m[K’ [[01;35m[K]8;;https://gcc.gnu.org/onlinedocs/gcc/Warning-Options.html#index-Wunused-parameter-Wunused-parameter]8;;[m[K]
   67 |     Retry(const std::string& name, [01;35m[Kconst BT::NodeConfiguration& config[m[K)
      |                                    [01;35m[K~~~~~~~~~~~~~~~~~~~~~~~~~~~~~^~~~~~[m[K
[ 42%] [32m[1mLinking CXX executable autonomy_node[0m
[100%] Built target autonomy_node
-- Install configuration: ""
-- Up-to-date: /home/yyj/my_ws/install/cart_park_autonomy/share/cart_park_autonomy/bt_xml
-- Up-to-date: /home/yyj/my_ws/install/cart_park_autonomy/share/cart_park_autonomy/bt_xml/tree.xml
-- Up-to-date: /home/yyj/my_ws/install/cart_park_autonomy/share/cart_park_autonomy/launch
-- Up-to-date: /home/yyj/my_ws/install/cart_park_autonomy/share/cart_park_autonomy/launch/autonomy.launch.py
-- Up-to-date: /home/yyj/my_ws/install/cart_park_autonomy/share/cart_park_autonomy/config
-- Up-to-date: /home/yyj/my_ws/install/cart_park_autonomy/share/cart_park_autonomy/config/sim_house_locations.yaml
-- Installing: /home/yyj/my_ws/install/cart_park_autonomy/lib/cart_park_autonomy/autonomy_node
-- Set runtime path of "/home/yyj/my_ws/install/cart_park_autonomy/lib/cart_park_autonomy/autonomy_node" to ""
-- Up-to-date: /home/yyj/my_ws/install/cart_park_autonomy/share/ament_index/resource_index/package_run_dependencies/cart_park_autonomy
-- Up-to-date: /home/yyj/my_ws/install/cart_park_autonomy/share/ament_index/resource_index/parent_prefix_path/cart_park_autonomy
-- Up-to-date: /home/yyj/my_ws/install/cart_park_autonomy/share/cart_park_autonomy/environment/ament_prefix_path.sh
-- Up-to-date: /home/yyj/my_ws/install/cart_park_autonomy/share/cart_park_autonomy/environment/ament_prefix_path.dsv
-- Up-to-date: /home/yyj/my_ws/install/cart_park_autonomy/share/cart_park_autonomy/environment/path.sh
-- Up-to-date: /home/yyj/my_ws/install/cart_park_autonomy/share/cart_park_autonomy/environment/path.dsv
-- Up-to-date: /home/yyj/my_ws/install/cart_park_autonomy/share/cart_park_autonomy/local_setup.bash
-- Up-to-date: /home/yyj/my_ws/install/cart_park_autonomy/share/cart_park_autonomy/local_setup.sh
-- Up-to-date: /home/yyj/my_ws/install/cart_park_autonomy/share/cart_park_autonomy/local_setup.zsh
-- Up-to-date: /home/yyj/my_ws/install/cart_park_autonomy/share/cart_park_autonomy/local_setup.dsv
-- Installing: /home/yyj/my_ws/install/cart_park_autonomy/share/cart_park_autonomy/package.dsv
-- Up-to-date: /home/yyj/my_ws/install/cart_park_autonomy/share/ament_index/resource_index/packages/cart_park_autonomy
-- Up-to-date: /home/yyj/my_ws/install/cart_park_autonomy/share/cart_park_autonomy/cmake/cart_park_autonomyConfig.cmake
-- Up-to-date: /home/yyj/my_ws/install/cart_park_autonomy/share/cart_park_autonomy/cmake/cart_park_autonomyConfig-version.cmake
-- Up-to-date: /home/yyj/my_ws/install/cart_park_autonomy/share/cart_park_autonomy/package.xml
