[0.040s] Invoking command in '/home/yyj/my_ws/build/odrive_demo_bringup': AMENT_PREFIX_PATH=/home/yyj/my_ws/install/odrive_demo_description:${AMENT_PREFIX_PATH} CMAKE_PREFIX_PATH=/home/yyj/my_ws/install/odrive_demo_description:/opt/ros/humble /usr/bin/cmake /home/yyj/my_ws/src/odrive_ros2_control/odrive_demo_bringup -DCMAKE_INSTALL_PREFIX=/home/yyj/my_ws/install/odrive_demo_bringup
[0.231s] -- The C compiler identification is GNU 11.4.0
[0.427s] -- The CXX compiler identification is GNU 11.4.0
[0.454s] -- Detecting C compiler ABI info
[0.696s] -- Detecting C compiler ABI info - done
[0.731s] -- Check for working C compiler: /usr/bin/cc - skipped
[0.732s] -- Detecting C compile features
[0.735s] -- Detecting C compile features - done
[0.746s] -- Detecting CXX compiler ABI info
[1.030s] -- Detecting CXX compiler ABI info - done
[1.077s] -- Check for working CXX compiler: /usr/bin/c++ - skipped
[1.078s] -- Detecting CXX compile features
[1.080s] -- Detecting CXX compile features - done
[1.091s] -- Found ament_cmake_auto: 1.3.8 (/opt/ros/humble/share/ament_cmake_auto/cmake)
[1.724s] -- Found Python3: /usr/bin/python3 (found version "3.10.12") found components: Interpreter 
[2.372s] -- Configuring done
[2.381s] -- Generating done
[2.385s] -- Build files have been written to: /home/yyj/my_ws/build/odrive_demo_bringup
[2.398s] Invoked command in '/home/yyj/my_ws/build/odrive_demo_bringup' returned '0': AMENT_PREFIX_PATH=/home/yyj/my_ws/install/odrive_demo_description:${AMENT_PREFIX_PATH} CMAKE_PREFIX_PATH=/home/yyj/my_ws/install/odrive_demo_description:/opt/ros/humble /usr/bin/cmake /home/yyj/my_ws/src/odrive_ros2_control/odrive_demo_bringup -DCMAKE_INSTALL_PREFIX=/home/yyj/my_ws/install/odrive_demo_bringup
[2.402s] Invoking command in '/home/yyj/my_ws/build/odrive_demo_bringup': AMENT_PREFIX_PATH=/home/yyj/my_ws/install/odrive_demo_description:${AMENT_PREFIX_PATH} CMAKE_PREFIX_PATH=/home/yyj/my_ws/install/odrive_demo_description:/opt/ros/humble /usr/bin/cmake --build /home/yyj/my_ws/build/odrive_demo_bringup -- -j16 -l16
[2.951s] Invoked command in '/home/yyj/my_ws/build/odrive_demo_bringup' returned '0': AMENT_PREFIX_PATH=/home/yyj/my_ws/install/odrive_demo_description:${AMENT_PREFIX_PATH} CMAKE_PREFIX_PATH=/home/yyj/my_ws/install/odrive_demo_description:/opt/ros/humble /usr/bin/cmake --build /home/yyj/my_ws/build/odrive_demo_bringup -- -j16 -l16
[3.036s] Invoking command in '/home/yyj/my_ws/build/odrive_demo_bringup': AMENT_PREFIX_PATH=/home/yyj/my_ws/install/odrive_demo_description:${AMENT_PREFIX_PATH} CMAKE_PREFIX_PATH=/home/yyj/my_ws/install/odrive_demo_description:/opt/ros/humble /usr/bin/cmake --install /home/yyj/my_ws/build/odrive_demo_bringup
[3.062s] -- Install configuration: ""
[3.062s] -- Installing: /home/yyj/my_ws/install/odrive_demo_bringup/share/odrive_demo_bringup/config
[3.063s] -- Installing: /home/yyj/my_ws/install/odrive_demo_bringup/share/odrive_demo_bringup/config/odrive_multi_interface_forward_controllers.yaml
[3.064s] -- Installing: /home/yyj/my_ws/install/odrive_demo_bringup/share/odrive_demo_bringup/config/diffbot_controllers.yaml
[3.065s] -- Installing: /home/yyj/my_ws/install/odrive_demo_bringup/share/odrive_demo_bringup/launch
[3.066s] -- Installing: /home/yyj/my_ws/install/odrive_demo_bringup/share/odrive_demo_bringup/launch/odrive_diffbot.launch.py
[3.067s] -- Installing: /home/yyj/my_ws/install/odrive_demo_bringup/share/odrive_demo_bringup/launch/odrive_multi_interface.launch.py
[3.068s] -- Installing: /home/yyj/my_ws/install/odrive_demo_bringup/share/ament_index/resource_index/package_run_dependencies/odrive_demo_bringup
[3.069s] -- Installing: /home/yyj/my_ws/install/odrive_demo_bringup/share/ament_index/resource_index/parent_prefix_path/odrive_demo_bringup
[3.069s] -- Installing: /home/yyj/my_ws/install/odrive_demo_bringup/share/odrive_demo_bringup/environment/ament_prefix_path.sh
[3.070s] -- Installing: /home/yyj/my_ws/install/odrive_demo_bringup/share/odrive_demo_bringup/environment/ament_prefix_path.dsv
[3.070s] -- Installing: /home/yyj/my_ws/install/odrive_demo_bringup/share/odrive_demo_bringup/environment/path.sh
[3.071s] -- Installing: /home/yyj/my_ws/install/odrive_demo_bringup/share/odrive_demo_bringup/environment/path.dsv
[3.071s] -- Installing: /home/yyj/my_ws/install/odrive_demo_bringup/share/odrive_demo_bringup/local_setup.bash
[3.072s] -- Installing: /home/yyj/my_ws/install/odrive_demo_bringup/share/odrive_demo_bringup/local_setup.sh
[3.072s] -- Installing: /home/yyj/my_ws/install/odrive_demo_bringup/share/odrive_demo_bringup/local_setup.zsh
[3.073s] -- Installing: /home/yyj/my_ws/install/odrive_demo_bringup/share/odrive_demo_bringup/local_setup.dsv
[3.073s] -- Installing: /home/yyj/my_ws/install/odrive_demo_bringup/share/odrive_demo_bringup/package.dsv
[3.075s] -- Installing: /home/yyj/my_ws/install/odrive_demo_bringup/share/ament_index/resource_index/packages/odrive_demo_bringup
[3.077s] -- Installing: /home/yyj/my_ws/install/odrive_demo_bringup/share/odrive_demo_bringup/cmake/odrive_demo_bringupConfig.cmake
[3.078s] -- Installing: /home/yyj/my_ws/install/odrive_demo_bringup/share/odrive_demo_bringup/cmake/odrive_demo_bringupConfig-version.cmake
[3.079s] -- Installing: /home/yyj/my_ws/install/odrive_demo_bringup/share/odrive_demo_bringup/package.xml
[3.104s] Invoked command in '/home/yyj/my_ws/build/odrive_demo_bringup' returned '0': AMENT_PREFIX_PATH=/home/yyj/my_ws/install/odrive_demo_description:${AMENT_PREFIX_PATH} CMAKE_PREFIX_PATH=/home/yyj/my_ws/install/odrive_demo_description:/opt/ros/humble /usr/bin/cmake --install /home/yyj/my_ws/build/odrive_demo_bringup
