[0.142s] Invoking command in '/home/yyj/my_ws/build/realsense2_description': CMAKE_PREFIX_PATH=/home/yyj/my_ws/install/realsense2_camera_msgs:/home/yyj/my_ws/install/ydlidar_ros2_driver:/home/yyj/my_ws/install/usb_cam:/home/yyj/my_ws/install/teleop_twist_joy:/home/yyj/my_ws/install/slam_toolbox:/home/yyj/my_ws/install/ros2_aruco_interfaces:/home/yyj/my_ws/install/realsense2_description:/home/yyj/my_ws/install/realsense2_camera:/home/yyj/my_ws/install/odrive_ros2_control:/home/yyj/my_ws/install/odrive_hardware_interface:/home/yyj/my_ws/install/odrive_demo_bringup:/home/yyj/my_ws/install/odrive_demo_description:/home/yyj/my_ws/install/my_bot_description:/home/yyj/my_ws/install/cart_park_autonomy:/home/yyj/my_ws/install/action_tutorials_cpp:/home/yyj/my_ws/install/my_action_interface:/home/yyj/my_ws/install/ros2_aruco:/home/yyj/my_ws/install/open_action_server:/home/yyj/my_ws/install/my_tf2_package:/home/yyj/my_ws/install/my_docking:/home/yyj/my_ws/install/my_aruco_to_goal_pose_pkg:/opt/ros/humble LD_LIBRARY_PATH=/home/yyj/my_ws/install/realsense2_camera_msgs/lib:/usr/local/lib/:/home/yyj/my_ws/install/usb_cam/lib:/home/yyj/my_ws/install/teleop_twist_joy/lib:/home/yyj/my_ws/install/slam_toolbox/lib:/home/yyj/my_ws/install/ros2_aruco_interfaces/lib:/home/yyj/my_ws/install/realsense2_camera/lib:/home/yyj/my_ws/install/odrive_hardware_interface/lib:/home/yyj/my_ws/install/action_tutorials_cpp/lib:/home/yyj/my_ws/install/my_action_interface/lib:/usr/lib/x86_64-linux-gnu/gazebo-11/plugins:/opt/ros/humble/opt/rviz_ogre_vendor/lib:/opt/ros/humble/lib/x86_64-linux-gnu:/opt/ros/humble/lib /usr/bin/cmake --build /home/yyj/my_ws/build/realsense2_description -- -j16 -l16
[0.584s] Invoked command in '/home/yyj/my_ws/build/realsense2_description' returned '0': CMAKE_PREFIX_PATH=/home/yyj/my_ws/install/realsense2_camera_msgs:/home/yyj/my_ws/install/ydlidar_ros2_driver:/home/yyj/my_ws/install/usb_cam:/home/yyj/my_ws/install/teleop_twist_joy:/home/yyj/my_ws/install/slam_toolbox:/home/yyj/my_ws/install/ros2_aruco_interfaces:/home/yyj/my_ws/install/realsense2_description:/home/yyj/my_ws/install/realsense2_camera:/home/yyj/my_ws/install/odrive_ros2_control:/home/yyj/my_ws/install/odrive_hardware_interface:/home/yyj/my_ws/install/odrive_demo_bringup:/home/yyj/my_ws/install/odrive_demo_description:/home/yyj/my_ws/install/my_bot_description:/home/yyj/my_ws/install/cart_park_autonomy:/home/yyj/my_ws/install/action_tutorials_cpp:/home/yyj/my_ws/install/my_action_interface:/home/yyj/my_ws/install/ros2_aruco:/home/yyj/my_ws/install/open_action_server:/home/yyj/my_ws/install/my_tf2_package:/home/yyj/my_ws/install/my_docking:/home/yyj/my_ws/install/my_aruco_to_goal_pose_pkg:/opt/ros/humble LD_LIBRARY_PATH=/home/yyj/my_ws/install/realsense2_camera_msgs/lib:/usr/local/lib/:/home/yyj/my_ws/install/usb_cam/lib:/home/yyj/my_ws/install/teleop_twist_joy/lib:/home/yyj/my_ws/install/slam_toolbox/lib:/home/yyj/my_ws/install/ros2_aruco_interfaces/lib:/home/yyj/my_ws/install/realsense2_camera/lib:/home/yyj/my_ws/install/odrive_hardware_interface/lib:/home/yyj/my_ws/install/action_tutorials_cpp/lib:/home/yyj/my_ws/install/my_action_interface/lib:/usr/lib/x86_64-linux-gnu/gazebo-11/plugins:/opt/ros/humble/opt/rviz_ogre_vendor/lib:/opt/ros/humble/lib/x86_64-linux-gnu:/opt/ros/humble/lib /usr/bin/cmake --build /home/yyj/my_ws/build/realsense2_description -- -j16 -l16
[0.677s] Invoking command in '/home/yyj/my_ws/build/realsense2_description': CMAKE_PREFIX_PATH=/home/yyj/my_ws/install/realsense2_camera_msgs:/home/yyj/my_ws/install/ydlidar_ros2_driver:/home/yyj/my_ws/install/usb_cam:/home/yyj/my_ws/install/teleop_twist_joy:/home/yyj/my_ws/install/slam_toolbox:/home/yyj/my_ws/install/ros2_aruco_interfaces:/home/yyj/my_ws/install/realsense2_description:/home/yyj/my_ws/install/realsense2_camera:/home/yyj/my_ws/install/odrive_ros2_control:/home/yyj/my_ws/install/odrive_hardware_interface:/home/yyj/my_ws/install/odrive_demo_bringup:/home/yyj/my_ws/install/odrive_demo_description:/home/yyj/my_ws/install/my_bot_description:/home/yyj/my_ws/install/cart_park_autonomy:/home/yyj/my_ws/install/action_tutorials_cpp:/home/yyj/my_ws/install/my_action_interface:/home/yyj/my_ws/install/ros2_aruco:/home/yyj/my_ws/install/open_action_server:/home/yyj/my_ws/install/my_tf2_package:/home/yyj/my_ws/install/my_docking:/home/yyj/my_ws/install/my_aruco_to_goal_pose_pkg:/opt/ros/humble LD_LIBRARY_PATH=/home/yyj/my_ws/install/realsense2_camera_msgs/lib:/usr/local/lib/:/home/yyj/my_ws/install/usb_cam/lib:/home/yyj/my_ws/install/teleop_twist_joy/lib:/home/yyj/my_ws/install/slam_toolbox/lib:/home/yyj/my_ws/install/ros2_aruco_interfaces/lib:/home/yyj/my_ws/install/realsense2_camera/lib:/home/yyj/my_ws/install/odrive_hardware_interface/lib:/home/yyj/my_ws/install/action_tutorials_cpp/lib:/home/yyj/my_ws/install/my_action_interface/lib:/usr/lib/x86_64-linux-gnu/gazebo-11/plugins:/opt/ros/humble/opt/rviz_ogre_vendor/lib:/opt/ros/humble/lib/x86_64-linux-gnu:/opt/ros/humble/lib /usr/bin/cmake --install /home/yyj/my_ws/build/realsense2_description
[0.701s] -- Install configuration: ""
[0.703s] -- Up-to-date: /home/yyj/my_ws/install/realsense2_description/share/realsense2_description/launch
[0.703s] -- Up-to-date: /home/yyj/my_ws/install/realsense2_description/share/realsense2_description/launch/launch_utils.py
[0.705s] -- Up-to-date: /home/yyj/my_ws/install/realsense2_description/share/realsense2_description/launch/view_model.launch.py
[0.705s] -- Up-to-date: /home/yyj/my_ws/install/realsense2_description/share/realsense2_description/meshes
[0.705s] -- Up-to-date: /home/yyj/my_ws/install/realsense2_description/share/realsense2_description/meshes/plug_collision.stl
[0.706s] -- Up-to-date: /home/yyj/my_ws/install/realsense2_description/share/realsense2_description/meshes/d405.stl
[0.706s] -- Up-to-date: /home/yyj/my_ws/install/realsense2_description/share/realsense2_description/meshes/plug.stl
[0.706s] -- Up-to-date: /home/yyj/my_ws/install/realsense2_description/share/realsense2_description/meshes/l515.dae
[0.706s] -- Up-to-date: /home/yyj/my_ws/install/realsense2_description/share/realsense2_description/meshes/d455.stl
[0.707s] -- Up-to-date: /home/yyj/my_ws/install/realsense2_description/share/realsense2_description/meshes/d435.dae
[0.707s] -- Up-to-date: /home/yyj/my_ws/install/realsense2_description/share/realsense2_description/meshes/d415.stl
[0.707s] -- Up-to-date: /home/yyj/my_ws/install/realsense2_description/share/realsense2_description/rviz
[0.708s] -- Up-to-date: /home/yyj/my_ws/install/realsense2_description/share/realsense2_description/rviz/urdf.rviz
[0.708s] -- Up-to-date: /home/yyj/my_ws/install/realsense2_description/share/realsense2_description/urdf
[0.708s] -- Up-to-date: /home/yyj/my_ws/install/realsense2_description/share/realsense2_description/urdf/test_d435_camera.urdf.xacro
[0.708s] -- Up-to-date: /home/yyj/my_ws/install/realsense2_description/share/realsense2_description/urdf/_d455.urdf.xacro
[0.708s] -- Up-to-date: /home/yyj/my_ws/install/realsense2_description/share/realsense2_description/urdf/_materials.urdf.xacro
[0.709s] -- Up-to-date: /home/yyj/my_ws/install/realsense2_description/share/realsense2_description/urdf/_usb_plug.urdf.xacro
[0.710s] -- Up-to-date: /home/yyj/my_ws/install/realsense2_description/share/realsense2_description/urdf/_r410.urdf.xacro
[0.710s] -- Up-to-date: /home/yyj/my_ws/install/realsense2_description/share/realsense2_description/urdf/test_r430_camera.urdf.xacro
[0.710s] -- Up-to-date: /home/yyj/my_ws/install/realsense2_description/share/realsense2_description/urdf/test_d405_camera.urdf.xacro
[0.710s] -- Up-to-date: /home/yyj/my_ws/install/realsense2_description/share/realsense2_description/urdf/_d405.urdf.xacro
[0.710s] -- Up-to-date: /home/yyj/my_ws/install/realsense2_description/share/realsense2_description/urdf/_d415.urdf.xacro
[0.711s] -- Up-to-date: /home/yyj/my_ws/install/realsense2_description/share/realsense2_description/urdf/test_d435_multiple_cameras.urdf.xacro
[0.713s] -- Up-to-date: /home/yyj/my_ws/install/realsense2_description/share/realsense2_description/urdf/_r430.urdf.xacro
[0.715s] -- Up-to-date: /home/yyj/my_ws/install/realsense2_description/share/realsense2_description/urdf/_d435i_imu_modules.urdf.xacro
[0.719s] -- Up-to-date: /home/yyj/my_ws/install/realsense2_description/share/realsense2_description/urdf/test_r410_camera.urdf.xacro
[0.720s] -- Up-to-date: /home/yyj/my_ws/install/realsense2_description/share/realsense2_description/urdf/_d435i.urdf.xacro
[0.721s] -- Up-to-date: /home/yyj/my_ws/install/realsense2_description/share/realsense2_description/urdf/test_d415_camera.urdf.xacro
[0.723s] -- Up-to-date: /home/yyj/my_ws/install/realsense2_description/share/realsense2_description/urdf/test_d455_camera.urdf.xacro
[0.723s] -- Up-to-date: /home/yyj/my_ws/install/realsense2_description/share/realsense2_description/urdf/_d435.urdf.xacro
[0.724s] -- Up-to-date: /home/yyj/my_ws/install/realsense2_description/share/realsense2_description/urdf/test_d435i_camera.urdf.xacro
[0.724s] -- Up-to-date: /home/yyj/my_ws/install/realsense2_description/share/ament_index/resource_index/package_run_dependencies/realsense2_description
[0.725s] -- Up-to-date: /home/yyj/my_ws/install/realsense2_description/share/ament_index/resource_index/parent_prefix_path/realsense2_description
[0.725s] -- Up-to-date: /home/yyj/my_ws/install/realsense2_description/share/realsense2_description/environment/ament_prefix_path.sh
[0.727s] -- Up-to-date: /home/yyj/my_ws/install/realsense2_description/share/realsense2_description/environment/ament_prefix_path.dsv
[0.727s] -- Up-to-date: /home/yyj/my_ws/install/realsense2_description/share/realsense2_description/environment/path.sh
[0.727s] -- Up-to-date: /home/yyj/my_ws/install/realsense2_description/share/realsense2_description/environment/path.dsv
[0.728s] -- Up-to-date: /home/yyj/my_ws/install/realsense2_description/share/realsense2_description/local_setup.bash
[0.728s] -- Up-to-date: /home/yyj/my_ws/install/realsense2_description/share/realsense2_description/local_setup.sh
[0.729s] -- Up-to-date: /home/yyj/my_ws/install/realsense2_description/share/realsense2_description/local_setup.zsh
[0.731s] -- Up-to-date: /home/yyj/my_ws/install/realsense2_description/share/realsense2_description/local_setup.dsv
[0.733s] -- Installing: /home/yyj/my_ws/install/realsense2_description/share/realsense2_description/package.dsv
[0.733s] -- Up-to-date: /home/yyj/my_ws/install/realsense2_description/share/ament_index/resource_index/packages/realsense2_description
[0.735s] -- Up-to-date: /home/yyj/my_ws/install/realsense2_description/share/realsense2_description/cmake/realsense2_descriptionConfig.cmake
[0.735s] -- Up-to-date: /home/yyj/my_ws/install/realsense2_description/share/realsense2_description/cmake/realsense2_descriptionConfig-version.cmake
[0.736s] -- Up-to-date: /home/yyj/my_ws/install/realsense2_description/share/realsense2_description/package.xml
[0.738s] Invoked command in '/home/yyj/my_ws/build/realsense2_description' returned '0': CMAKE_PREFIX_PATH=/home/yyj/my_ws/install/realsense2_camera_msgs:/home/yyj/my_ws/install/ydlidar_ros2_driver:/home/yyj/my_ws/install/usb_cam:/home/yyj/my_ws/install/teleop_twist_joy:/home/yyj/my_ws/install/slam_toolbox:/home/yyj/my_ws/install/ros2_aruco_interfaces:/home/yyj/my_ws/install/realsense2_description:/home/yyj/my_ws/install/realsense2_camera:/home/yyj/my_ws/install/odrive_ros2_control:/home/yyj/my_ws/install/odrive_hardware_interface:/home/yyj/my_ws/install/odrive_demo_bringup:/home/yyj/my_ws/install/odrive_demo_description:/home/yyj/my_ws/install/my_bot_description:/home/yyj/my_ws/install/cart_park_autonomy:/home/yyj/my_ws/install/action_tutorials_cpp:/home/yyj/my_ws/install/my_action_interface:/home/yyj/my_ws/install/ros2_aruco:/home/yyj/my_ws/install/open_action_server:/home/yyj/my_ws/install/my_tf2_package:/home/yyj/my_ws/install/my_docking:/home/yyj/my_ws/install/my_aruco_to_goal_pose_pkg:/opt/ros/humble LD_LIBRARY_PATH=/home/yyj/my_ws/install/realsense2_camera_msgs/lib:/usr/local/lib/:/home/yyj/my_ws/install/usb_cam/lib:/home/yyj/my_ws/install/teleop_twist_joy/lib:/home/yyj/my_ws/install/slam_toolbox/lib:/home/yyj/my_ws/install/ros2_aruco_interfaces/lib:/home/yyj/my_ws/install/realsense2_camera/lib:/home/yyj/my_ws/install/odrive_hardware_interface/lib:/home/yyj/my_ws/install/action_tutorials_cpp/lib:/home/yyj/my_ws/install/my_action_interface/lib:/usr/lib/x86_64-linux-gnu/gazebo-11/plugins:/opt/ros/humble/opt/rviz_ogre_vendor/lib:/opt/ros/humble/lib/x86_64-linux-gnu:/opt/ros/humble/lib /usr/bin/cmake --install /home/yyj/my_ws/build/realsense2_description
