[6.042s] Invoking command in '/home/yyj/my_ws/src/open_action_server': PYTHONPATH=/home/yyj/my_ws/build/open_action_server/prefix_override:/home/yyj/my_ws/install/open_action_server/lib/python3.10/site-packages:${PYTHONPATH} /usr/bin/python3 -W ignore:setup.py install is deprecated setup.py egg_info --egg-base ../../build/open_action_server build --build-base /home/yyj/my_ws/build/open_action_server/build install --record /home/yyj/my_ws/build/open_action_server/install.log --single-version-externally-managed install_data
[6.908s] running egg_info
[6.910s] writing ../../build/open_action_server/open_action_server.egg-info/PKG-INFO
[6.911s] writing dependency_links to ../../build/open_action_server/open_action_server.egg-info/dependency_links.txt
[6.911s] writing entry points to ../../build/open_action_server/open_action_server.egg-info/entry_points.txt
[6.912s] writing requirements to ../../build/open_action_server/open_action_server.egg-info/requires.txt
[6.912s] writing top-level names to ../../build/open_action_server/open_action_server.egg-info/top_level.txt
[6.919s] reading manifest file '../../build/open_action_server/open_action_server.egg-info/SOURCES.txt'
[6.925s] writing manifest file '../../build/open_action_server/open_action_server.egg-info/SOURCES.txt'
[6.926s] running build
[6.926s] running build_py
[6.926s] running install
[6.927s] running install_lib
[6.933s] running install_data
[6.934s] running install_egg_info
[6.935s] removing '/home/yyj/my_ws/install/open_action_server/lib/python3.10/site-packages/open_action_server-0.0.0-py3.10.egg-info' (and everything under it)
[6.935s] Copying ../../build/open_action_server/open_action_server.egg-info to /home/yyj/my_ws/install/open_action_server/lib/python3.10/site-packages/open_action_server-0.0.0-py3.10.egg-info
[6.937s] running install_scripts
[7.011s] Installing open_action_server script to /home/yyj/my_ws/install/open_action_server/lib/open_action_server
[7.013s] writing list of installed files to '/home/yyj/my_ws/build/open_action_server/install.log'
[7.094s] Invoked command in '/home/yyj/my_ws/src/open_action_server' returned '0': PYTHONPATH=/home/yyj/my_ws/build/open_action_server/prefix_override:/home/yyj/my_ws/install/open_action_server/lib/python3.10/site-packages:${PYTHONPATH} /usr/bin/python3 -W ignore:setup.py install is deprecated setup.py egg_info --egg-base ../../build/open_action_server build --build-base /home/yyj/my_ws/build/open_action_server/build install --record /home/yyj/my_ws/build/open_action_server/install.log --single-version-externally-managed install_data
