[4.451s] Invoking command in '/home/yyj/my_ws/src/open_action_server': PYTHONPATH=/home/yyj/my_ws/build/open_action_server/prefix_override:/home/yyj/my_ws/install/open_action_server/lib/python3.10/site-packages:${PYTHONPATH} /usr/bin/python3 -W ignore:setup.py install is deprecated setup.py egg_info --egg-base ../../build/open_action_server build --build-base /home/yyj/my_ws/build/open_action_server/build install --record /home/yyj/my_ws/build/open_action_server/install.log --single-version-externally-managed install_data
[5.398s] running egg_info
[5.400s] writing ../../build/open_action_server/open_action_server.egg-info/PKG-INFO
[5.400s] writing dependency_links to ../../build/open_action_server/open_action_server.egg-info/dependency_links.txt
[5.401s] writing entry points to ../../build/open_action_server/open_action_server.egg-info/entry_points.txt
[5.401s] writing requirements to ../../build/open_action_server/open_action_server.egg-info/requires.txt
[5.401s] writing top-level names to ../../build/open_action_server/open_action_server.egg-info/top_level.txt
[5.402s] reading manifest file '../../build/open_action_server/open_action_server.egg-info/SOURCES.txt'
[5.403s] writing manifest file '../../build/open_action_server/open_action_server.egg-info/SOURCES.txt'
[5.403s] running build
[5.403s] running build_py
[5.404s] running install
[5.404s] running install_lib
[5.409s] running install_data
[5.409s] running install_egg_info
[5.411s] removing '/home/yyj/my_ws/install/open_action_server/lib/python3.10/site-packages/open_action_server-0.0.0-py3.10.egg-info' (and everything under it)
[5.411s] Copying ../../build/open_action_server/open_action_server.egg-info to /home/yyj/my_ws/install/open_action_server/lib/python3.10/site-packages/open_action_server-0.0.0-py3.10.egg-info
[5.412s] running install_scripts
[5.481s] Installing open_action_server script to /home/yyj/my_ws/install/open_action_server/lib/open_action_server
[5.483s] writing list of installed files to '/home/yyj/my_ws/build/open_action_server/install.log'
[5.529s] Invoked command in '/home/yyj/my_ws/src/open_action_server' returned '0': PYTHONPATH=/home/yyj/my_ws/build/open_action_server/prefix_override:/home/yyj/my_ws/install/open_action_server/lib/python3.10/site-packages:${PYTHONPATH} /usr/bin/python3 -W ignore:setup.py install is deprecated setup.py egg_info --egg-base ../../build/open_action_server build --build-base /home/yyj/my_ws/build/open_action_server/build install --record /home/yyj/my_ws/build/open_action_server/install.log --single-version-externally-managed install_data
