[2.260s] Invoking command in '/home/yyj/my_ws/build/ydlidar_ros2_driver': CMAKE_PREFIX_PATH=${CMAKE_PREFIX_PATH}:/home/yyj/my_ws/install/ros2_aruco:/home/yyj/my_ws/install/open_action_server:/home/yyj/my_ws/install/my_tf2_package:/home/yyj/my_ws/install/my_docking:/home/yyj/my_ws/install/my_aruco_to_goal_pose_pkg:/opt/ros/humble /usr/bin/cmake --build /home/yyj/my_ws/build/ydlidar_ros2_driver -- -j16 -l16
[2.588s] [ 50%] Built target ydlidar_ros2_driver_client
[2.610s] [100%] Built target ydlidar_ros2_driver_node
[2.822s] Invoked command in '/home/yyj/my_ws/build/ydlidar_ros2_driver' returned '0': CMAKE_PREFIX_PATH=${CMAKE_PREFIX_PATH}:/home/yyj/my_ws/install/ros2_aruco:/home/yyj/my_ws/install/open_action_server:/home/yyj/my_ws/install/my_tf2_package:/home/yyj/my_ws/install/my_docking:/home/yyj/my_ws/install/my_aruco_to_goal_pose_pkg:/opt/ros/humble /usr/bin/cmake --build /home/yyj/my_ws/build/ydlidar_ros2_driver -- -j16 -l16
[3.102s] Invoking command in '/home/yyj/my_ws/build/ydlidar_ros2_driver': CMAKE_PREFIX_PATH=${CMAKE_PREFIX_PATH}:/home/yyj/my_ws/install/ros2_aruco:/home/yyj/my_ws/install/open_action_server:/home/yyj/my_ws/install/my_tf2_package:/home/yyj/my_ws/install/my_docking:/home/yyj/my_ws/install/my_aruco_to_goal_pose_pkg:/opt/ros/humble /usr/bin/cmake --install /home/yyj/my_ws/build/ydlidar_ros2_driver
[3.138s] -- Install configuration: ""
[3.142s] -- Up-to-date: /home/yyj/my_ws/install/ydlidar_ros2_driver/lib/ydlidar_ros2_driver/ydlidar_ros2_driver_node
[3.145s] -- Up-to-date: /home/yyj/my_ws/install/ydlidar_ros2_driver/lib/ydlidar_ros2_driver/ydlidar_ros2_driver_client
[3.145s] -- Up-to-date: /home/yyj/my_ws/install/ydlidar_ros2_driver/share/ydlidar_ros2_driver/launch
[3.145s] -- Up-to-date: /home/yyj/my_ws/install/ydlidar_ros2_driver/share/ydlidar_ros2_driver/launch/ydlidar_launch_view.py
[3.146s] -- Up-to-date: /home/yyj/my_ws/install/ydlidar_ros2_driver/share/ydlidar_ros2_driver/launch/ydlidar_launch.py
[3.146s] -- Up-to-date: /home/yyj/my_ws/install/ydlidar_ros2_driver/share/ydlidar_ros2_driver/launch/ydlidar.py
[3.146s] -- Up-to-date: /home/yyj/my_ws/install/ydlidar_ros2_driver/share/ydlidar_ros2_driver/params
[3.147s] -- Up-to-date: /home/yyj/my_ws/install/ydlidar_ros2_driver/share/ydlidar_ros2_driver/params/ydlidar.yaml
[3.154s] -- Up-to-date: /home/yyj/my_ws/install/ydlidar_ros2_driver/share/ydlidar_ros2_driver/params/G1.yaml
[3.159s] -- Up-to-date: /home/yyj/my_ws/install/ydlidar_ros2_driver/share/ydlidar_ros2_driver/params/TminiPro.yaml
[3.160s] -- Up-to-date: /home/yyj/my_ws/install/ydlidar_ros2_driver/share/ydlidar_ros2_driver/params/TG.yaml
[3.160s] -- Up-to-date: /home/yyj/my_ws/install/ydlidar_ros2_driver/share/ydlidar_ros2_driver/params/X2.yaml
[3.161s] -- Up-to-date: /home/yyj/my_ws/install/ydlidar_ros2_driver/share/ydlidar_ros2_driver/params/X4-Pro.yaml
[3.161s] -- Up-to-date: /home/yyj/my_ws/install/ydlidar_ros2_driver/share/ydlidar_ros2_driver/params/X4.yaml
[3.161s] -- Up-to-date: /home/yyj/my_ws/install/ydlidar_ros2_driver/share/ydlidar_ros2_driver/params/G2.yaml
[3.162s] -- Up-to-date: /home/yyj/my_ws/install/ydlidar_ros2_driver/share/ydlidar_ros2_driver/params/G6.yaml
[3.164s] -- Up-to-date: /home/yyj/my_ws/install/ydlidar_ros2_driver/share/ydlidar_ros2_driver/startup
[3.168s] -- Up-to-date: /home/yyj/my_ws/install/ydlidar_ros2_driver/share/ydlidar_ros2_driver/startup/initenv.sh
[3.169s] -- Up-to-date: /home/yyj/my_ws/install/ydlidar_ros2_driver/share/ydlidar_ros2_driver/config
[3.171s] -- Up-to-date: /home/yyj/my_ws/install/ydlidar_ros2_driver/share/ydlidar_ros2_driver/config/ydlidar.rviz
[3.171s] -- Up-to-date: /home/yyj/my_ws/install/ydlidar_ros2_driver/share/ament_index/resource_index/package_run_dependencies/ydlidar_ros2_driver
[3.172s] -- Up-to-date: /home/yyj/my_ws/install/ydlidar_ros2_driver/share/ament_index/resource_index/parent_prefix_path/ydlidar_ros2_driver
[3.172s] -- Up-to-date: /home/yyj/my_ws/install/ydlidar_ros2_driver/share/ydlidar_ros2_driver/environment/ament_prefix_path.sh
[3.172s] -- Up-to-date: /home/yyj/my_ws/install/ydlidar_ros2_driver/share/ydlidar_ros2_driver/environment/ament_prefix_path.dsv
[3.172s] -- Up-to-date: /home/yyj/my_ws/install/ydlidar_ros2_driver/share/ydlidar_ros2_driver/environment/path.sh
[3.173s] -- Up-to-date: /home/yyj/my_ws/install/ydlidar_ros2_driver/share/ydlidar_ros2_driver/environment/path.dsv
[3.173s] -- Up-to-date: /home/yyj/my_ws/install/ydlidar_ros2_driver/share/ydlidar_ros2_driver/local_setup.bash
[3.180s] -- Up-to-date: /home/yyj/my_ws/install/ydlidar_ros2_driver/share/ydlidar_ros2_driver/local_setup.sh
[3.181s] -- Up-to-date: /home/yyj/my_ws/install/ydlidar_ros2_driver/share/ydlidar_ros2_driver/local_setup.zsh
[3.182s] -- Up-to-date: /home/yyj/my_ws/install/ydlidar_ros2_driver/share/ydlidar_ros2_driver/local_setup.dsv
[3.182s] -- Installing: /home/yyj/my_ws/install/ydlidar_ros2_driver/share/ydlidar_ros2_driver/package.dsv
[3.182s] -- Up-to-date: /home/yyj/my_ws/install/ydlidar_ros2_driver/share/ament_index/resource_index/packages/ydlidar_ros2_driver
[3.205s] -- Up-to-date: /home/yyj/my_ws/install/ydlidar_ros2_driver/share/ydlidar_ros2_driver/cmake/ydlidar_ros2_driverConfig.cmake
[3.205s] -- Up-to-date: /home/yyj/my_ws/install/ydlidar_ros2_driver/share/ydlidar_ros2_driver/cmake/ydlidar_ros2_driverConfig-version.cmake
[3.205s] -- Up-to-date: /home/yyj/my_ws/install/ydlidar_ros2_driver/share/ydlidar_ros2_driver/package.xml
[3.253s] Invoked command in '/home/yyj/my_ws/build/ydlidar_ros2_driver' returned '0': CMAKE_PREFIX_PATH=${CMAKE_PREFIX_PATH}:/home/yyj/my_ws/install/ros2_aruco:/home/yyj/my_ws/install/open_action_server:/home/yyj/my_ws/install/my_tf2_package:/home/yyj/my_ws/install/my_docking:/home/yyj/my_ws/install/my_aruco_to_goal_pose_pkg:/opt/ros/humble /usr/bin/cmake --install /home/yyj/my_ws/build/ydlidar_ros2_driver
