[2.106s] Invoking command in '/home/yyj/my_ws/src/ros2_aruco/ros2_aruco': PYTHONPATH=/home/yyj/my_ws/build/ros2_aruco/prefix_override:/home/yyj/my_ws/install/ros2_aruco/lib/python3.10/site-packages:${PYTHONPATH} /usr/bin/python3 -W ignore:setup.py install is deprecated setup.py egg_info --egg-base ../../../build/ros2_aruco build --build-base /home/yyj/my_ws/build/ros2_aruco/build install --record /home/yyj/my_ws/build/ros2_aruco/install.log --single-version-externally-managed install_data
[2.550s] running egg_info
[2.552s] writing ../../../build/ros2_aruco/ros2_aruco.egg-info/PKG-INFO
[2.552s] writing dependency_links to ../../../build/ros2_aruco/ros2_aruco.egg-info/dependency_links.txt
[2.553s] writing entry points to ../../../build/ros2_aruco/ros2_aruco.egg-info/entry_points.txt
[2.553s] writing requirements to ../../../build/ros2_aruco/ros2_aruco.egg-info/requires.txt
[2.554s] writing top-level names to ../../../build/ros2_aruco/ros2_aruco.egg-info/top_level.txt
[2.557s] reading manifest file '../../../build/ros2_aruco/ros2_aruco.egg-info/SOURCES.txt'
[2.558s] writing manifest file '../../../build/ros2_aruco/ros2_aruco.egg-info/SOURCES.txt'
[2.558s] running build
[2.558s] running build_py
[2.559s] running install
[2.559s] running install_lib
[2.559s] running install_data
[2.559s] running install_egg_info
[2.562s] removing '/home/yyj/my_ws/install/ros2_aruco/lib/python3.10/site-packages/ros2_aruco-0.1.0-py3.10.egg-info' (and everything under it)
[2.563s] Copying ../../../build/ros2_aruco/ros2_aruco.egg-info to /home/yyj/my_ws/install/ros2_aruco/lib/python3.10/site-packages/ros2_aruco-0.1.0-py3.10.egg-info
[2.563s] running install_scripts
[2.605s] Installing aruco_generate_marker script to /home/yyj/my_ws/install/ros2_aruco/lib/ros2_aruco
[2.605s] Installing aruco_node script to /home/yyj/my_ws/install/ros2_aruco/lib/ros2_aruco
[2.605s] writing list of installed files to '/home/yyj/my_ws/build/ros2_aruco/install.log'
[2.664s] Invoked command in '/home/yyj/my_ws/src/ros2_aruco/ros2_aruco' returned '0': PYTHONPATH=/home/yyj/my_ws/build/ros2_aruco/prefix_override:/home/yyj/my_ws/install/ros2_aruco/lib/python3.10/site-packages:${PYTHONPATH} /usr/bin/python3 -W ignore:setup.py install is deprecated setup.py egg_info --egg-base ../../../build/ros2_aruco build --build-base /home/yyj/my_ws/build/ros2_aruco/build install --record /home/yyj/my_ws/build/ros2_aruco/install.log --single-version-externally-managed install_data
