[2.930s] Invoking command in '/home/yyj/my_ws/build/usb_cam': CMAKE_PREFIX_PATH=/opt/ros/humble /usr/bin/cmake /home/yyj/my_ws/src/usb_cam -DCMAKE_INSTALL_PREFIX=/home/yyj/my_ws/install/usb_cam
[3.059s] -- The C compiler identification is GNU 11.4.0
[3.251s] -- The CXX compiler identification is GNU 11.4.0
[3.272s] -- Detecting C compiler ABI info
[3.506s] -- Detecting C compiler ABI info - done
[3.533s] -- Check for working C compiler: /usr/bin/cc - skipped
[3.534s] -- Detecting C compile features
[3.535s] -- Detecting C compile features - done
[3.545s] -- Detecting CXX compiler ABI info
[3.804s] -- Detecting CXX compiler ABI info - done
[3.841s] -- Check for working CXX compiler: /usr/bin/c++ - skipped
[3.843s] -- Detecting CXX compile features
[3.845s] -- Detecting CXX compile features - done
[3.856s] -- Found ament_cmake_auto: 1.3.8 (/opt/ros/humble/share/ament_cmake_auto/cmake)
[4.442s] -- Found Python3: /usr/bin/python3 (found version "3.10.12") found components: Interpreter 
[5.328s] -- Found rosidl_generator_c: 3.1.5 (/opt/ros/humble/share/rosidl_generator_c/cmake)
[5.352s] -- Found rosidl_adapter: 3.1.5 (/opt/ros/humble/share/rosidl_adapter/cmake)
[5.406s] -- Found rosidl_generator_cpp: 3.1.5 (/opt/ros/humble/share/rosidl_generator_cpp/cmake)
[5.464s] -- Using all available rosidl_typesupport_c: rosidl_typesupport_fastrtps_c;rosidl_typesupport_introspection_c
[5.546s] -- Using all available rosidl_typesupport_cpp: rosidl_typesupport_fastrtps_cpp;rosidl_typesupport_introspection_cpp
[5.838s] -- Found rmw_implementation_cmake: 6.1.1 (/opt/ros/humble/share/rmw_implementation_cmake/cmake)
[5.849s] -- Found rmw_fastrtps_cpp: 6.2.6 (/opt/ros/humble/share/rmw_fastrtps_cpp/cmake)
[6.284s] -- Found OpenSSL: /usr/lib/x86_64-linux-gnu/libcrypto.so (found version "3.0.2")  
[6.407s] -- Found FastRTPS: /opt/ros/humble/include  
[6.614s] -- Using RMW implementation 'rmw_fastrtps_cpp' as default
[6.656s] -- Looking for pthread.h
[6.884s] -- Looking for pthread.h - found
[6.885s] -- Performing Test CMAKE_HAVE_LIBC_PTHREAD
[7.100s] -- Performing Test CMAKE_HAVE_LIBC_PTHREAD - Success
[7.105s] -- Found Threads: TRUE  
[9.367s] -- Found OpenCV: /usr (found version "4.5.4") 
[9.384s] -- Found PkgConfig: /usr/bin/pkg-config (found version "0.29.2") 
[9.387s] -- Checking for module 'libavcodec'
[9.629s] --   Found libavcodec, version 58.134.100
[10.254s] -- Checking for module 'libavutil'
[10.500s] --   Found libavutil, version 56.70.100
[10.971s] -- Checking for module 'libswscale'
[11.161s] --   Found libswscale, version 5.9.100
[11.607s] -- Found ament_lint_auto: 0.12.10 (/opt/ros/humble/share/ament_lint_auto/cmake)
[11.739s] -- Found gtest sources under '/opt/ros/humble/src/gtest_vendor': C++ tests using 'Google Test' will be built
[11.790s] -- Added test 'copyright' to check source files copyright and LICENSE
[11.816s] -- Added test 'cppcheck' to perform static code analysis on C / C++ code
[11.818s] -- Configured cppcheck include dirs: /home/yyj/my_ws/src/usb_cam/include
[11.819s] -- Configured cppcheck exclude dirs and/or files: 
[11.832s] -- Added test 'cpplint' to check C / C++ code against the Google style
[11.833s] -- Configured cpplint exclude dirs and/or files: 
[11.840s] -- Added test 'flake8' to check Python code syntax and style conventions
[11.862s] -- Added test 'lint_cmake' to check CMake code style
[11.865s] -- Added test 'pep257' to check Python code against some of the docstring style conventions in PEP 257
[11.888s] -- Added test 'uncrustify' to check C / C++ code style
[11.891s] -- Configured uncrustify additional arguments: 
[11.894s] -- Added test 'xmllint' to check XML markup files
[11.909s] -- Configuring done
[12.083s] -- Generating done
[12.091s] -- Build files have been written to: /home/yyj/my_ws/build/usb_cam
[12.127s] Invoked command in '/home/yyj/my_ws/build/usb_cam' returned '0': CMAKE_PREFIX_PATH=/opt/ros/humble /usr/bin/cmake /home/yyj/my_ws/src/usb_cam -DCMAKE_INSTALL_PREFIX=/home/yyj/my_ws/install/usb_cam
[12.132s] Invoking command in '/home/yyj/my_ws/build/usb_cam': CMAKE_PREFIX_PATH=/opt/ros/humble /usr/bin/cmake --build /home/yyj/my_ws/build/usb_cam -- -j16 -l16
[12.380s] [  7%] [32mBuilding CXX object CMakeFiles/usb_cam.dir/src/usb_cam.cpp.o[0m
[12.435s] [ 14%] [32mBuilding CXX object gtest/CMakeFiles/gtest_main.dir/src/gtest_main.cc.o[0m
[12.481s] [ 21%] [32mBuilding CXX object CMakeFiles/usb_cam_node_exe.dir/rclcpp_components/node_main_usb_cam_node_exe.cpp.o[0m
[12.499s] [ 28%] [32mBuilding CXX object gtest/CMakeFiles/gtest.dir/src/gtest-all.cc.o[0m
[16.549s] [ 35%] [32m[1mLinking CXX static library libgtest_main.a[0m
[16.945s] [ 35%] Built target gtest_main
[20.536s] [ 42%] [32m[1mLinking CXX shared library libusb_cam.so[0m
[21.268s] [ 42%] Built target usb_cam
[21.344s] [ 50%] [32mBuilding CXX object CMakeFiles/usb_cam_node.dir/src/ros2/usb_cam_node.cpp.o[0m
[24.340s] [ 57%] [32m[1mLinking CXX executable usb_cam_node_exe[0m
[24.727s] [ 64%] [32m[1mLinking CXX static library libgtest.a[0m
[24.728s] [ 64%] Built target usb_cam_node_exe
[24.958s] [ 64%] Built target gtest
[25.027s] [ 71%] [32mBuilding CXX object CMakeFiles/test_pixel_formats.dir/test/test_pixel_formats.cpp.o[0m
[25.028s] [ 78%] [32mBuilding CXX object CMakeFiles/test_usb_cam_utils.dir/test/test_usb_cam_utils.cpp.o[0m
[31.471s] [ 85%] [32m[1mLinking CXX executable test_usb_cam_utils[0m
[32.345s] [ 85%] Built target test_usb_cam_utils
[32.721s] [ 92%] [32m[1mLinking CXX executable test_pixel_formats[0m
[33.723s] [ 92%] Built target test_pixel_formats
[59.819s] [100%] [32m[1mLinking CXX shared library libusb_cam_node.so[0m
[61.080s] [100%] Built target usb_cam_node
[61.106s] Invoked command in '/home/yyj/my_ws/build/usb_cam' returned '0': CMAKE_PREFIX_PATH=/opt/ros/humble /usr/bin/cmake --build /home/yyj/my_ws/build/usb_cam -- -j16 -l16
[61.261s] Invoking command in '/home/yyj/my_ws/build/usb_cam': CMAKE_PREFIX_PATH=/opt/ros/humble /usr/bin/cmake --install /home/yyj/my_ws/build/usb_cam
[61.290s] -- Install configuration: ""
[61.291s] -- Installing: /home/yyj/my_ws/install/usb_cam/share/usb_cam/environment/library_path.sh
[61.291s] -- Installing: /home/yyj/my_ws/install/usb_cam/share/usb_cam/environment/library_path.dsv
[61.292s] -- Installing: /home/yyj/my_ws/install/usb_cam/lib/usb_cam/usb_cam_node_exe
[61.295s] -- Set runtime path of "/home/yyj/my_ws/install/usb_cam/lib/usb_cam/usb_cam_node_exe" to ""
[61.295s] -- Installing: /home/yyj/my_ws/install/usb_cam/lib/usb_cam/show_image.py
[61.297s] -- Installing: /home/yyj/my_ws/install/usb_cam/lib/libusb_cam.so
[61.301s] -- Installing: /home/yyj/my_ws/install/usb_cam/lib/libusb_cam_node.so
[61.319s] -- Set runtime path of "/home/yyj/my_ws/install/usb_cam/lib/libusb_cam_node.so" to ""
[61.320s] -- Installing: /home/yyj/my_ws/install/usb_cam/include
[61.321s] -- Installing: /home/yyj/my_ws/install/usb_cam/include/usb_cam
[61.322s] -- Installing: /home/yyj/my_ws/install/usb_cam/include/usb_cam/usb_cam.hpp
[61.323s] -- Installing: /home/yyj/my_ws/install/usb_cam/include/usb_cam/formats
[61.324s] -- Installing: /home/yyj/my_ws/install/usb_cam/include/usb_cam/formats/av_pixel_format_helper.hpp
[61.324s] -- Installing: /home/yyj/my_ws/install/usb_cam/include/usb_cam/formats/mjpeg.hpp
[61.325s] -- Installing: /home/yyj/my_ws/install/usb_cam/include/usb_cam/formats/m420.hpp
[61.325s] -- Installing: /home/yyj/my_ws/install/usb_cam/include/usb_cam/formats/yuyv.hpp
[61.326s] -- Installing: /home/yyj/my_ws/install/usb_cam/include/usb_cam/formats/pixel_format_base.hpp
[61.326s] -- Installing: /home/yyj/my_ws/install/usb_cam/include/usb_cam/formats/rgb.hpp
[61.326s] -- Installing: /home/yyj/my_ws/install/usb_cam/include/usb_cam/formats/mono.hpp
[61.327s] -- Installing: /home/yyj/my_ws/install/usb_cam/include/usb_cam/formats/uyvy.hpp
[61.327s] -- Installing: /home/yyj/my_ws/install/usb_cam/include/usb_cam/formats/utils.hpp
[61.328s] -- Installing: /home/yyj/my_ws/install/usb_cam/include/usb_cam/conversions.hpp
[61.328s] -- Installing: /home/yyj/my_ws/install/usb_cam/include/usb_cam/usb_cam_node.hpp
[61.329s] -- Installing: /home/yyj/my_ws/install/usb_cam/include/usb_cam/constants.hpp
[61.329s] -- Installing: /home/yyj/my_ws/install/usb_cam/include/usb_cam/utils.hpp
[61.330s] -- Up-to-date: /home/yyj/my_ws/install/usb_cam/lib/libusb_cam_node.so
[61.330s] -- Installing: /home/yyj/my_ws/install/usb_cam/share/usb_cam/launch
[61.331s] -- Installing: /home/yyj/my_ws/install/usb_cam/share/usb_cam/launch/__init__.py
[61.331s] -- Installing: /home/yyj/my_ws/install/usb_cam/share/usb_cam/launch/camera_config.py
[61.332s] -- Installing: /home/yyj/my_ws/install/usb_cam/share/usb_cam/launch/camera.launch.py
[61.332s] -- Installing: /home/yyj/my_ws/install/usb_cam/share/usb_cam/config
[61.332s] -- Installing: /home/yyj/my_ws/install/usb_cam/share/usb_cam/config/camera_info.yaml
[61.333s] -- Installing: /home/yyj/my_ws/install/usb_cam/share/usb_cam/config/params_2.yaml
[61.333s] -- Installing: /home/yyj/my_ws/install/usb_cam/share/usb_cam/config/params_1.yaml
[61.334s] -- Installing: /home/yyj/my_ws/install/usb_cam/share/ament_index/resource_index/package_run_dependencies/usb_cam
[61.335s] -- Installing: /home/yyj/my_ws/install/usb_cam/share/ament_index/resource_index/parent_prefix_path/usb_cam
[61.336s] -- Installing: /home/yyj/my_ws/install/usb_cam/share/usb_cam/environment/ament_prefix_path.sh
[61.337s] -- Installing: /home/yyj/my_ws/install/usb_cam/share/usb_cam/environment/ament_prefix_path.dsv
[61.337s] -- Installing: /home/yyj/my_ws/install/usb_cam/share/usb_cam/environment/path.sh
[61.338s] -- Installing: /home/yyj/my_ws/install/usb_cam/share/usb_cam/environment/path.dsv
[61.338s] -- Installing: /home/yyj/my_ws/install/usb_cam/share/usb_cam/local_setup.bash
[61.339s] -- Installing: /home/yyj/my_ws/install/usb_cam/share/usb_cam/local_setup.sh
[61.339s] -- Installing: /home/yyj/my_ws/install/usb_cam/share/usb_cam/local_setup.zsh
[61.340s] -- Installing: /home/yyj/my_ws/install/usb_cam/share/usb_cam/local_setup.dsv
[61.340s] -- Installing: /home/yyj/my_ws/install/usb_cam/share/usb_cam/package.dsv
[61.341s] -- Installing: /home/yyj/my_ws/install/usb_cam/share/ament_index/resource_index/packages/usb_cam
[61.342s] -- Installing: /home/yyj/my_ws/install/usb_cam/share/ament_index/resource_index/rclcpp_components/usb_cam
[61.343s] -- Installing: /home/yyj/my_ws/install/usb_cam/share/usb_cam/cmake/ament_cmake_export_libraries-extras.cmake
[61.343s] -- Installing: /home/yyj/my_ws/install/usb_cam/share/usb_cam/cmake/ament_cmake_export_dependencies-extras.cmake
[61.344s] -- Installing: /home/yyj/my_ws/install/usb_cam/share/usb_cam/cmake/ament_cmake_export_include_directories-extras.cmake
[61.344s] -- Installing: /home/yyj/my_ws/install/usb_cam/share/usb_cam/cmake/usb_camConfig.cmake
[61.345s] -- Installing: /home/yyj/my_ws/install/usb_cam/share/usb_cam/cmake/usb_camConfig-version.cmake
[61.345s] -- Installing: /home/yyj/my_ws/install/usb_cam/share/usb_cam/package.xml
[61.357s] Invoked command in '/home/yyj/my_ws/build/usb_cam' returned '0': CMAKE_PREFIX_PATH=/opt/ros/humble /usr/bin/cmake --install /home/yyj/my_ws/build/usb_cam
