[0.158s] Invoking command in '/home/yyj/my_ws/build/my_action_interface': CMAKE_PREFIX_PATH=${CMAKE_PREFIX_PATH}:/home/yyj/my_ws/install/ros2_aruco:/home/yyj/my_ws/install/open_action_server:/home/yyj/my_ws/install/my_tf2_package:/home/yyj/my_ws/install/my_docking:/home/yyj/my_ws/install/my_aruco_to_goal_pose_pkg:/opt/ros/humble /usr/bin/cmake --build /home/yyj/my_ws/build/my_action_interface -- -j16 -l16
[2.313s] [  2%] Built target my_action_interface__cpp
[2.313s] [ 12%] Built target my_action_interface__rosidl_generator_c
[2.315s] [ 12%] Built target ament_cmake_python_copy_my_action_interface
[2.316s] [ 23%] Built target my_action_interface__rosidl_typesupport_cpp
[2.316s] [ 33%] Built target my_action_interface__rosidl_typesupport_c
[2.317s] [ 43%] Built target my_action_interface__rosidl_typesupport_introspection_cpp
[2.318s] [ 53%] Built target my_action_interface__rosidl_typesupport_fastrtps_cpp
[2.318s] [ 64%] Built target my_action_interface__rosidl_typesupport_fastrtps_c
[2.318s] [ 74%] Built target my_action_interface__rosidl_typesupport_introspection_c
[2.318s] [ 74%] Built target my_action_interface
[2.319s] [ 76%] Built target my_action_interface__py
[2.319s] [ 84%] Built target my_action_interface__rosidl_generator_py
[2.319s] [ 89%] Built target my_action_interface__rosidl_typesupport_introspection_c__pyext
[2.319s] [ 94%] Built target my_action_interface__rosidl_typesupport_fastrtps_c__pyext
[2.319s] [100%] Built target my_action_interface__rosidl_typesupport_c__pyext
[2.320s] running egg_info
[2.321s] writing my_action_interface.egg-info/PKG-INFO
[2.322s] writing dependency_links to my_action_interface.egg-info/dependency_links.txt
[2.322s] writing top-level names to my_action_interface.egg-info/top_level.txt
[2.322s] reading manifest file 'my_action_interface.egg-info/SOURCES.txt'
[2.322s] writing manifest file 'my_action_interface.egg-info/SOURCES.txt'
[2.322s] [100%] Built target ament_cmake_python_build_my_action_interface_egg
[2.334s] Invoked command in '/home/yyj/my_ws/build/my_action_interface' returned '0': CMAKE_PREFIX_PATH=${CMAKE_PREFIX_PATH}:/home/yyj/my_ws/install/ros2_aruco:/home/yyj/my_ws/install/open_action_server:/home/yyj/my_ws/install/my_tf2_package:/home/yyj/my_ws/install/my_docking:/home/yyj/my_ws/install/my_aruco_to_goal_pose_pkg:/opt/ros/humble /usr/bin/cmake --build /home/yyj/my_ws/build/my_action_interface -- -j16 -l16
[3.246s] Invoking command in '/home/yyj/my_ws/build/my_action_interface': CMAKE_PREFIX_PATH=${CMAKE_PREFIX_PATH}:/home/yyj/my_ws/install/ros2_aruco:/home/yyj/my_ws/install/open_action_server:/home/yyj/my_ws/install/my_tf2_package:/home/yyj/my_ws/install/my_docking:/home/yyj/my_ws/install/my_aruco_to_goal_pose_pkg:/opt/ros/humble /usr/bin/cmake --install /home/yyj/my_ws/build/my_action_interface
[3.286s] -- Install configuration: ""
[3.287s] -- Up-to-date: /home/yyj/my_ws/install/my_action_interface/share/ament_index/resource_index/rosidl_interfaces/my_action_interface
[3.288s] -- Up-to-date: /home/yyj/my_ws/install/my_action_interface/include/my_action_interface/my_action_interface
[3.289s] -- Up-to-date: /home/yyj/my_ws/install/my_action_interface/include/my_action_interface/my_action_interface/action
[3.290s] -- Up-to-date: /home/yyj/my_ws/install/my_action_interface/include/my_action_interface/my_action_interface/action/detail
[3.290s] -- Up-to-date: /home/yyj/my_ws/install/my_action_interface/include/my_action_interface/my_action_interface/action/detail/open__functions.c
[3.291s] -- Up-to-date: /home/yyj/my_ws/install/my_action_interface/include/my_action_interface/my_action_interface/action/detail/docking_two__type_support.h
[3.291s] -- Up-to-date: /home/yyj/my_ws/install/my_action_interface/include/my_action_interface/my_action_interface/action/detail/docking_two__functions.h
[3.291s] -- Up-to-date: /home/yyj/my_ws/install/my_action_interface/include/my_action_interface/my_action_interface/action/detail/open__functions.h
[3.291s] -- Up-to-date: /home/yyj/my_ws/install/my_action_interface/include/my_action_interface/my_action_interface/action/detail/docking_two__functions.c
[3.292s] -- Up-to-date: /home/yyj/my_ws/install/my_action_interface/include/my_action_interface/my_action_interface/action/detail/open__type_support.h
[3.292s] -- Up-to-date: /home/yyj/my_ws/install/my_action_interface/include/my_action_interface/my_action_interface/action/detail/docking_two__struct.h
[3.292s] -- Up-to-date: /home/yyj/my_ws/install/my_action_interface/include/my_action_interface/my_action_interface/action/detail/open__struct.h
[3.292s] -- Up-to-date: /home/yyj/my_ws/install/my_action_interface/include/my_action_interface/my_action_interface/action/open.h
[3.292s] -- Up-to-date: /home/yyj/my_ws/install/my_action_interface/include/my_action_interface/my_action_interface/action/docking_two.h
[3.293s] -- Up-to-date: /home/yyj/my_ws/install/my_action_interface/include/my_action_interface/my_action_interface/msg
[3.293s] -- Up-to-date: /home/yyj/my_ws/install/my_action_interface/include/my_action_interface/my_action_interface/msg/rosidl_generator_c__visibility_control.h
[3.293s] -- Up-to-date: /home/yyj/my_ws/install/my_action_interface/share/my_action_interface/environment/library_path.sh
[3.293s] -- Up-to-date: /home/yyj/my_ws/install/my_action_interface/share/my_action_interface/environment/library_path.dsv
[3.293s] -- Up-to-date: /home/yyj/my_ws/install/my_action_interface/lib/libmy_action_interface__rosidl_generator_c.so
[3.294s] -- Up-to-date: /home/yyj/my_ws/install/my_action_interface/include/my_action_interface/my_action_interface
[3.295s] -- Up-to-date: /home/yyj/my_ws/install/my_action_interface/include/my_action_interface/my_action_interface/action
[3.295s] -- Up-to-date: /home/yyj/my_ws/install/my_action_interface/include/my_action_interface/my_action_interface/action/detail
[3.295s] -- Up-to-date: /home/yyj/my_ws/install/my_action_interface/include/my_action_interface/my_action_interface/action/detail/docking_two__rosidl_typesupport_fastrtps_c.h
[3.296s] -- Up-to-date: /home/yyj/my_ws/install/my_action_interface/include/my_action_interface/my_action_interface/action/detail/open__rosidl_typesupport_fastrtps_c.h
[3.296s] -- Up-to-date: /home/yyj/my_ws/install/my_action_interface/include/my_action_interface/my_action_interface/msg
[3.297s] -- Up-to-date: /home/yyj/my_ws/install/my_action_interface/include/my_action_interface/my_action_interface/msg/rosidl_typesupport_fastrtps_c__visibility_control.h
[3.297s] -- Up-to-date: /home/yyj/my_ws/install/my_action_interface/lib/libmy_action_interface__rosidl_typesupport_fastrtps_c.so
[3.297s] -- Up-to-date: /home/yyj/my_ws/install/my_action_interface/include/my_action_interface/my_action_interface
[3.298s] -- Up-to-date: /home/yyj/my_ws/install/my_action_interface/include/my_action_interface/my_action_interface/action
[3.298s] -- Up-to-date: /home/yyj/my_ws/install/my_action_interface/include/my_action_interface/my_action_interface/action/detail
[3.299s] -- Up-to-date: /home/yyj/my_ws/install/my_action_interface/include/my_action_interface/my_action_interface/action/detail/docking_two__rosidl_typesupport_introspection_c.h
[3.299s] -- Up-to-date: /home/yyj/my_ws/install/my_action_interface/include/my_action_interface/my_action_interface/action/detail/open__rosidl_typesupport_introspection_c.h
[3.299s] -- Up-to-date: /home/yyj/my_ws/install/my_action_interface/include/my_action_interface/my_action_interface/action/detail/open__type_support.c
[3.299s] -- Up-to-date: /home/yyj/my_ws/install/my_action_interface/include/my_action_interface/my_action_interface/action/detail/docking_two__type_support.c
[3.300s] -- Up-to-date: /home/yyj/my_ws/install/my_action_interface/include/my_action_interface/my_action_interface/msg
[3.300s] -- Up-to-date: /home/yyj/my_ws/install/my_action_interface/include/my_action_interface/my_action_interface/msg/rosidl_typesupport_introspection_c__visibility_control.h
[3.300s] -- Up-to-date: /home/yyj/my_ws/install/my_action_interface/lib/libmy_action_interface__rosidl_typesupport_introspection_c.so
[3.301s] -- Up-to-date: /home/yyj/my_ws/install/my_action_interface/lib/libmy_action_interface__rosidl_typesupport_c.so
[3.301s] -- Up-to-date: /home/yyj/my_ws/install/my_action_interface/include/my_action_interface/my_action_interface
[3.301s] -- Up-to-date: /home/yyj/my_ws/install/my_action_interface/include/my_action_interface/my_action_interface/action
[3.301s] -- Up-to-date: /home/yyj/my_ws/install/my_action_interface/include/my_action_interface/my_action_interface/action/docking_two.hpp
[3.302s] -- Up-to-date: /home/yyj/my_ws/install/my_action_interface/include/my_action_interface/my_action_interface/action/detail
[3.302s] -- Up-to-date: /home/yyj/my_ws/install/my_action_interface/include/my_action_interface/my_action_interface/action/detail/docking_two__builder.hpp
[3.302s] -- Up-to-date: /home/yyj/my_ws/install/my_action_interface/include/my_action_interface/my_action_interface/action/detail/open__builder.hpp
[3.302s] -- Up-to-date: /home/yyj/my_ws/install/my_action_interface/include/my_action_interface/my_action_interface/action/detail/docking_two__struct.hpp
[3.302s] -- Up-to-date: /home/yyj/my_ws/install/my_action_interface/include/my_action_interface/my_action_interface/action/detail/open__struct.hpp
[3.303s] -- Up-to-date: /home/yyj/my_ws/install/my_action_interface/include/my_action_interface/my_action_interface/action/detail/open__traits.hpp
[3.303s] -- Up-to-date: /home/yyj/my_ws/install/my_action_interface/include/my_action_interface/my_action_interface/action/detail/docking_two__traits.hpp
[3.303s] -- Up-to-date: /home/yyj/my_ws/install/my_action_interface/include/my_action_interface/my_action_interface/action/open.hpp
[3.303s] -- Up-to-date: /home/yyj/my_ws/install/my_action_interface/include/my_action_interface/my_action_interface
[3.303s] -- Up-to-date: /home/yyj/my_ws/install/my_action_interface/include/my_action_interface/my_action_interface/action
[3.304s] -- Up-to-date: /home/yyj/my_ws/install/my_action_interface/include/my_action_interface/my_action_interface/action/detail
[3.304s] -- Up-to-date: /home/yyj/my_ws/install/my_action_interface/include/my_action_interface/my_action_interface/action/detail/dds_fastrtps
[3.304s] -- Up-to-date: /home/yyj/my_ws/install/my_action_interface/include/my_action_interface/my_action_interface/action/detail/docking_two__rosidl_typesupport_fastrtps_cpp.hpp
[3.304s] -- Up-to-date: /home/yyj/my_ws/install/my_action_interface/include/my_action_interface/my_action_interface/action/detail/open__rosidl_typesupport_fastrtps_cpp.hpp
[3.304s] -- Up-to-date: /home/yyj/my_ws/install/my_action_interface/include/my_action_interface/my_action_interface/msg
[3.305s] -- Up-to-date: /home/yyj/my_ws/install/my_action_interface/include/my_action_interface/my_action_interface/msg/rosidl_typesupport_fastrtps_cpp__visibility_control.h
[3.305s] -- Up-to-date: /home/yyj/my_ws/install/my_action_interface/lib/libmy_action_interface__rosidl_typesupport_fastrtps_cpp.so
[3.305s] -- Up-to-date: /home/yyj/my_ws/install/my_action_interface/include/my_action_interface/my_action_interface
[3.307s] -- Up-to-date: /home/yyj/my_ws/install/my_action_interface/include/my_action_interface/my_action_interface/action
[3.307s] -- Up-to-date: /home/yyj/my_ws/install/my_action_interface/include/my_action_interface/my_action_interface/action/detail
[3.308s] -- Up-to-date: /home/yyj/my_ws/install/my_action_interface/include/my_action_interface/my_action_interface/action/detail/docking_two__type_support.cpp
[3.308s] -- Up-to-date: /home/yyj/my_ws/install/my_action_interface/include/my_action_interface/my_action_interface/action/detail/docking_two__rosidl_typesupport_introspection_cpp.hpp
[3.308s] -- Up-to-date: /home/yyj/my_ws/install/my_action_interface/include/my_action_interface/my_action_interface/action/detail/open__rosidl_typesupport_introspection_cpp.hpp
[3.309s] -- Up-to-date: /home/yyj/my_ws/install/my_action_interface/include/my_action_interface/my_action_interface/action/detail/open__type_support.cpp
[3.309s] -- Up-to-date: /home/yyj/my_ws/install/my_action_interface/lib/libmy_action_interface__rosidl_typesupport_introspection_cpp.so
[3.309s] -- Up-to-date: /home/yyj/my_ws/install/my_action_interface/lib/libmy_action_interface__rosidl_typesupport_cpp.so
[3.310s] -- Up-to-date: /home/yyj/my_ws/install/my_action_interface/share/my_action_interface/environment/pythonpath.sh
[3.310s] -- Up-to-date: /home/yyj/my_ws/install/my_action_interface/share/my_action_interface/environment/pythonpath.dsv
[3.310s] -- Up-to-date: /home/yyj/my_ws/install/my_action_interface/local/lib/python3.10/dist-packages/my_action_interface-0.0.0-py3.10.egg-info
[3.310s] -- Installing: /home/yyj/my_ws/install/my_action_interface/local/lib/python3.10/dist-packages/my_action_interface-0.0.0-py3.10.egg-info/SOURCES.txt
[3.310s] -- Installing: /home/yyj/my_ws/install/my_action_interface/local/lib/python3.10/dist-packages/my_action_interface-0.0.0-py3.10.egg-info/top_level.txt
[3.311s] -- Installing: /home/yyj/my_ws/install/my_action_interface/local/lib/python3.10/dist-packages/my_action_interface-0.0.0-py3.10.egg-info/dependency_links.txt
[3.311s] -- Installing: /home/yyj/my_ws/install/my_action_interface/local/lib/python3.10/dist-packages/my_action_interface-0.0.0-py3.10.egg-info/PKG-INFO
[3.311s] -- Up-to-date: /home/yyj/my_ws/install/my_action_interface/local/lib/python3.10/dist-packages/my_action_interface
[3.311s] -- Up-to-date: /home/yyj/my_ws/install/my_action_interface/local/lib/python3.10/dist-packages/my_action_interface/action
[3.312s] -- Up-to-date: /home/yyj/my_ws/install/my_action_interface/local/lib/python3.10/dist-packages/my_action_interface/action/_open_s.c
[3.312s] -- Up-to-date: /home/yyj/my_ws/install/my_action_interface/local/lib/python3.10/dist-packages/my_action_interface/action/__init__.py
[3.312s] -- Up-to-date: /home/yyj/my_ws/install/my_action_interface/local/lib/python3.10/dist-packages/my_action_interface/action/_open.py
[3.312s] -- Up-to-date: /home/yyj/my_ws/install/my_action_interface/local/lib/python3.10/dist-packages/my_action_interface/action/_docking_two.py
[3.312s] -- Up-to-date: /home/yyj/my_ws/install/my_action_interface/local/lib/python3.10/dist-packages/my_action_interface/action/_docking_two_s.c
[3.313s] -- Up-to-date: /home/yyj/my_ws/install/my_action_interface/local/lib/python3.10/dist-packages/my_action_interface/my_action_interface_s__rosidl_typesupport_introspection_c.cpython-310-x86_64-linux-gnu.so
[3.313s] -- Up-to-date: /home/yyj/my_ws/install/my_action_interface/local/lib/python3.10/dist-packages/my_action_interface/_my_action_interface_s.ep.rosidl_typesupport_c.c
[3.313s] -- Up-to-date: /home/yyj/my_ws/install/my_action_interface/local/lib/python3.10/dist-packages/my_action_interface/libmy_action_interface__rosidl_generator_py.so
[3.313s] -- Up-to-date: /home/yyj/my_ws/install/my_action_interface/local/lib/python3.10/dist-packages/my_action_interface/_my_action_interface_s.ep.rosidl_typesupport_fastrtps_c.c
[3.314s] -- Up-to-date: /home/yyj/my_ws/install/my_action_interface/local/lib/python3.10/dist-packages/my_action_interface/my_action_interface_s__rosidl_typesupport_c.cpython-310-x86_64-linux-gnu.so
[3.314s] -- Up-to-date: /home/yyj/my_ws/install/my_action_interface/local/lib/python3.10/dist-packages/my_action_interface/__init__.py
[3.314s] -- Up-to-date: /home/yyj/my_ws/install/my_action_interface/local/lib/python3.10/dist-packages/my_action_interface/_my_action_interface_s.ep.rosidl_typesupport_introspection_c.c
[3.315s] -- Up-to-date: /home/yyj/my_ws/install/my_action_interface/local/lib/python3.10/dist-packages/my_action_interface/my_action_interface_s__rosidl_typesupport_fastrtps_c.cpython-310-x86_64-linux-gnu.so
[3.432s] Listing '/home/yyj/my_ws/install/my_action_interface/local/lib/python3.10/dist-packages/my_action_interface'...
[3.433s] Listing '/home/yyj/my_ws/install/my_action_interface/local/lib/python3.10/dist-packages/my_action_interface/action'...
[3.456s] -- Up-to-date: /home/yyj/my_ws/install/my_action_interface/local/lib/python3.10/dist-packages/my_action_interface/my_action_interface_s__rosidl_typesupport_fastrtps_c.cpython-310-x86_64-linux-gnu.so
[3.458s] -- Up-to-date: /home/yyj/my_ws/install/my_action_interface/local/lib/python3.10/dist-packages/my_action_interface/my_action_interface_s__rosidl_typesupport_introspection_c.cpython-310-x86_64-linux-gnu.so
[3.459s] -- Up-to-date: /home/yyj/my_ws/install/my_action_interface/local/lib/python3.10/dist-packages/my_action_interface/my_action_interface_s__rosidl_typesupport_c.cpython-310-x86_64-linux-gnu.so
[3.461s] -- Up-to-date: /home/yyj/my_ws/install/my_action_interface/lib/libmy_action_interface__rosidl_generator_py.so
[3.461s] -- Up-to-date: /home/yyj/my_ws/install/my_action_interface/share/my_action_interface/action/Open.idl
[3.466s] -- Up-to-date: /home/yyj/my_ws/install/my_action_interface/share/my_action_interface/action/DockingTwo.idl
[3.467s] -- Up-to-date: /home/yyj/my_ws/install/my_action_interface/share/my_action_interface/action/Open.action
[3.468s] -- Up-to-date: /home/yyj/my_ws/install/my_action_interface/share/my_action_interface/action/DockingTwo.action
[3.468s] -- Up-to-date: /home/yyj/my_ws/install/my_action_interface/share/ament_index/resource_index/package_run_dependencies/my_action_interface
[3.468s] -- Up-to-date: /home/yyj/my_ws/install/my_action_interface/share/ament_index/resource_index/parent_prefix_path/my_action_interface
[3.468s] -- Up-to-date: /home/yyj/my_ws/install/my_action_interface/share/my_action_interface/environment/ament_prefix_path.sh
[3.468s] -- Up-to-date: /home/yyj/my_ws/install/my_action_interface/share/my_action_interface/environment/ament_prefix_path.dsv
[3.468s] -- Up-to-date: /home/yyj/my_ws/install/my_action_interface/share/my_action_interface/environment/path.sh
[3.468s] -- Up-to-date: /home/yyj/my_ws/install/my_action_interface/share/my_action_interface/environment/path.dsv
[3.469s] -- Up-to-date: /home/yyj/my_ws/install/my_action_interface/share/my_action_interface/local_setup.bash
[3.469s] -- Up-to-date: /home/yyj/my_ws/install/my_action_interface/share/my_action_interface/local_setup.sh
[3.469s] -- Up-to-date: /home/yyj/my_ws/install/my_action_interface/share/my_action_interface/local_setup.zsh
[3.469s] -- Up-to-date: /home/yyj/my_ws/install/my_action_interface/share/my_action_interface/local_setup.dsv
[3.469s] -- Installing: /home/yyj/my_ws/install/my_action_interface/share/my_action_interface/package.dsv
[3.469s] -- Up-to-date: /home/yyj/my_ws/install/my_action_interface/share/ament_index/resource_index/packages/my_action_interface
[3.469s] -- Up-to-date: /home/yyj/my_ws/install/my_action_interface/share/my_action_interface/cmake/export_my_action_interface__rosidl_generator_cExport.cmake
[3.470s] -- Up-to-date: /home/yyj/my_ws/install/my_action_interface/share/my_action_interface/cmake/export_my_action_interface__rosidl_generator_cExport-noconfig.cmake
[3.471s] -- Up-to-date: /home/yyj/my_ws/install/my_action_interface/share/my_action_interface/cmake/export_my_action_interface__rosidl_typesupport_fastrtps_cExport.cmake
[3.471s] -- Up-to-date: /home/yyj/my_ws/install/my_action_interface/share/my_action_interface/cmake/export_my_action_interface__rosidl_typesupport_fastrtps_cExport-noconfig.cmake
[3.472s] -- Up-to-date: /home/yyj/my_ws/install/my_action_interface/share/my_action_interface/cmake/my_action_interface__rosidl_typesupport_introspection_cExport.cmake
[3.472s] -- Up-to-date: /home/yyj/my_ws/install/my_action_interface/share/my_action_interface/cmake/my_action_interface__rosidl_typesupport_introspection_cExport-noconfig.cmake
[3.472s] -- Up-to-date: /home/yyj/my_ws/install/my_action_interface/share/my_action_interface/cmake/my_action_interface__rosidl_typesupport_cExport.cmake
[3.472s] -- Up-to-date: /home/yyj/my_ws/install/my_action_interface/share/my_action_interface/cmake/my_action_interface__rosidl_typesupport_cExport-noconfig.cmake
[3.472s] -- Up-to-date: /home/yyj/my_ws/install/my_action_interface/share/my_action_interface/cmake/export_my_action_interface__rosidl_generator_cppExport.cmake
[3.473s] -- Up-to-date: /home/yyj/my_ws/install/my_action_interface/share/my_action_interface/cmake/export_my_action_interface__rosidl_typesupport_fastrtps_cppExport.cmake
[3.473s] -- Up-to-date: /home/yyj/my_ws/install/my_action_interface/share/my_action_interface/cmake/export_my_action_interface__rosidl_typesupport_fastrtps_cppExport-noconfig.cmake
[3.473s] -- Up-to-date: /home/yyj/my_ws/install/my_action_interface/share/my_action_interface/cmake/my_action_interface__rosidl_typesupport_introspection_cppExport.cmake
[3.474s] -- Up-to-date: /home/yyj/my_ws/install/my_action_interface/share/my_action_interface/cmake/my_action_interface__rosidl_typesupport_introspection_cppExport-noconfig.cmake
[3.474s] -- Up-to-date: /home/yyj/my_ws/install/my_action_interface/share/my_action_interface/cmake/my_action_interface__rosidl_typesupport_cppExport.cmake
[3.475s] -- Up-to-date: /home/yyj/my_ws/install/my_action_interface/share/my_action_interface/cmake/my_action_interface__rosidl_typesupport_cppExport-noconfig.cmake
[3.475s] -- Up-to-date: /home/yyj/my_ws/install/my_action_interface/share/my_action_interface/cmake/export_my_action_interface__rosidl_generator_pyExport.cmake
[3.476s] -- Up-to-date: /home/yyj/my_ws/install/my_action_interface/share/my_action_interface/cmake/export_my_action_interface__rosidl_generator_pyExport-noconfig.cmake
[3.476s] -- Up-to-date: /home/yyj/my_ws/install/my_action_interface/share/my_action_interface/cmake/rosidl_cmake-extras.cmake
[3.476s] -- Up-to-date: /home/yyj/my_ws/install/my_action_interface/share/my_action_interface/cmake/ament_cmake_export_dependencies-extras.cmake
[3.476s] -- Up-to-date: /home/yyj/my_ws/install/my_action_interface/share/my_action_interface/cmake/ament_cmake_export_include_directories-extras.cmake
[3.476s] -- Up-to-date: /home/yyj/my_ws/install/my_action_interface/share/my_action_interface/cmake/ament_cmake_export_libraries-extras.cmake
[3.477s] -- Up-to-date: /home/yyj/my_ws/install/my_action_interface/share/my_action_interface/cmake/ament_cmake_export_targets-extras.cmake
[3.477s] -- Up-to-date: /home/yyj/my_ws/install/my_action_interface/share/my_action_interface/cmake/rosidl_cmake_export_typesupport_targets-extras.cmake
[3.477s] -- Up-to-date: /home/yyj/my_ws/install/my_action_interface/share/my_action_interface/cmake/rosidl_cmake_export_typesupport_libraries-extras.cmake
[3.477s] -- Up-to-date: /home/yyj/my_ws/install/my_action_interface/share/my_action_interface/cmake/my_action_interfaceConfig.cmake
[3.477s] -- Up-to-date: /home/yyj/my_ws/install/my_action_interface/share/my_action_interface/cmake/my_action_interfaceConfig-version.cmake
[3.478s] -- Up-to-date: /home/yyj/my_ws/install/my_action_interface/share/my_action_interface/package.xml
[3.563s] Invoked command in '/home/yyj/my_ws/build/my_action_interface' returned '0': CMAKE_PREFIX_PATH=${CMAKE_PREFIX_PATH}:/home/yyj/my_ws/install/ros2_aruco:/home/yyj/my_ws/install/open_action_server:/home/yyj/my_ws/install/my_tf2_package:/home/yyj/my_ws/install/my_docking:/home/yyj/my_ws/install/my_aruco_to_goal_pose_pkg:/opt/ros/humble /usr/bin/cmake --install /home/yyj/my_ws/build/my_action_interface
