[4.139s] Invoking command in '/home/yyj/my_ws/src/open_action_server': PYTHONPATH=/home/yyj/my_ws/build/open_action_server/prefix_override:/home/yyj/my_ws/install/open_action_server/lib/python3.10/site-packages:${PYTHONPATH} /usr/bin/python3 -W ignore:setup.py install is deprecated setup.py egg_info --egg-base ../../build/open_action_server build --build-base /home/yyj/my_ws/build/open_action_server/build install --record /home/yyj/my_ws/build/open_action_server/install.log --single-version-externally-managed install_data
[4.785s] running egg_info
[4.787s] writing ../../build/open_action_server/open_action_server.egg-info/PKG-INFO
[4.788s] writing dependency_links to ../../build/open_action_server/open_action_server.egg-info/dependency_links.txt
[4.789s] writing entry points to ../../build/open_action_server/open_action_server.egg-info/entry_points.txt
[4.789s] writing requirements to ../../build/open_action_server/open_action_server.egg-info/requires.txt
[4.789s] writing top-level names to ../../build/open_action_server/open_action_server.egg-info/top_level.txt
[4.793s] reading manifest file '../../build/open_action_server/open_action_server.egg-info/SOURCES.txt'
[4.795s] writing manifest file '../../build/open_action_server/open_action_server.egg-info/SOURCES.txt'
[4.795s] running build
[4.796s] running build_py
[4.796s] running install
[4.797s] running install_lib
[4.802s] running install_data
[4.802s] running install_egg_info
[4.804s] removing '/home/yyj/my_ws/install/open_action_server/lib/python3.10/site-packages/open_action_server-0.0.0-py3.10.egg-info' (and everything under it)
[4.806s] Copying ../../build/open_action_server/open_action_server.egg-info to /home/yyj/my_ws/install/open_action_server/lib/python3.10/site-packages/open_action_server-0.0.0-py3.10.egg-info
[4.807s] running install_scripts
[4.891s] Installing open_action_server script to /home/yyj/my_ws/install/open_action_server/lib/open_action_server
[4.906s] writing list of installed files to '/home/yyj/my_ws/build/open_action_server/install.log'
[4.951s] Invoked command in '/home/yyj/my_ws/src/open_action_server' returned '0': PYTHONPATH=/home/yyj/my_ws/build/open_action_server/prefix_override:/home/yyj/my_ws/install/open_action_server/lib/python3.10/site-packages:${PYTHONPATH} /usr/bin/python3 -W ignore:setup.py install is deprecated setup.py egg_info --egg-base ../../build/open_action_server build --build-base /home/yyj/my_ws/build/open_action_server/build install --record /home/yyj/my_ws/build/open_action_server/install.log --single-version-externally-managed install_data
