[0.300s] Invoking command in '/home/yyj/my_ws/build/odrive_hardware_interface': CMAKE_PREFIX_PATH=${CMAKE_PREFIX_PATH}:/home/yyj/my_ws/install/ros2_aruco:/home/yyj/my_ws/install/open_action_server:/home/yyj/my_ws/install/my_tf2_package:/home/yyj/my_ws/install/my_docking:/home/yyj/my_ws/install/my_aruco_to_goal_pose_pkg:/opt/ros/humble /usr/bin/cmake --build /home/yyj/my_ws/build/odrive_hardware_interface -- -j16 -l16
[5.210s] [ 50%] Built target odrive_usb
[5.210s] [100%] Built target odrive_hardware_interface
[5.237s] Invoked command in '/home/yyj/my_ws/build/odrive_hardware_interface' returned '0': CMAKE_PREFIX_PATH=${CMAKE_PREFIX_PATH}:/home/yyj/my_ws/install/ros2_aruco:/home/yyj/my_ws/install/open_action_server:/home/yyj/my_ws/install/my_tf2_package:/home/yyj/my_ws/install/my_docking:/home/yyj/my_ws/install/my_aruco_to_goal_pose_pkg:/opt/ros/humble /usr/bin/cmake --build /home/yyj/my_ws/build/odrive_hardware_interface -- -j16 -l16
[5.458s] Invoking command in '/home/yyj/my_ws/build/odrive_hardware_interface': CMAKE_PREFIX_PATH=${CMAKE_PREFIX_PATH}:/home/yyj/my_ws/install/ros2_aruco:/home/yyj/my_ws/install/open_action_server:/home/yyj/my_ws/install/my_tf2_package:/home/yyj/my_ws/install/my_docking:/home/yyj/my_ws/install/my_aruco_to_goal_pose_pkg:/opt/ros/humble /usr/bin/cmake --install /home/yyj/my_ws/build/odrive_hardware_interface
[5.523s] -- Install configuration: ""
[5.523s] -- Up-to-date: /home/yyj/my_ws/install/odrive_hardware_interface/share/odrive_hardware_interface/odrive_hardware_interface.xml
[5.523s] -- Up-to-date: /home/yyj/my_ws/install/odrive_hardware_interface/include
[5.527s] -- Up-to-date: /home/yyj/my_ws/install/odrive_hardware_interface/include/odrive_hardware_interface
[5.529s] -- Up-to-date: /home/yyj/my_ws/install/odrive_hardware_interface/include/odrive_hardware_interface/odrive_usb.hpp
[5.532s] -- Up-to-date: /home/yyj/my_ws/install/odrive_hardware_interface/include/odrive_hardware_interface/odrive_hardware_interface.hpp
[5.532s] -- Up-to-date: /home/yyj/my_ws/install/odrive_hardware_interface/include/odrive_hardware_interface/visibility_control.hpp
[5.533s] -- Up-to-date: /home/yyj/my_ws/install/odrive_hardware_interface/include/odrive_hardware_interface/odrive_endpoints.hpp
[5.533s] -- Up-to-date: /home/yyj/my_ws/install/odrive_hardware_interface/share/odrive_hardware_interface/environment/library_path.sh
[5.533s] -- Up-to-date: /home/yyj/my_ws/install/odrive_hardware_interface/share/odrive_hardware_interface/environment/library_path.dsv
[5.535s] -- Up-to-date: /home/yyj/my_ws/install/odrive_hardware_interface/lib/libodrive_usb.so
[5.538s] -- Up-to-date: /home/yyj/my_ws/install/odrive_hardware_interface/lib/libodrive_hardware_interface.so
[5.539s] -- Up-to-date: /home/yyj/my_ws/install/odrive_hardware_interface/share/ament_index/resource_index/package_run_dependencies/odrive_hardware_interface
[5.539s] -- Up-to-date: /home/yyj/my_ws/install/odrive_hardware_interface/share/ament_index/resource_index/parent_prefix_path/odrive_hardware_interface
[5.539s] -- Up-to-date: /home/yyj/my_ws/install/odrive_hardware_interface/share/odrive_hardware_interface/environment/ament_prefix_path.sh
[5.540s] -- Up-to-date: /home/yyj/my_ws/install/odrive_hardware_interface/share/odrive_hardware_interface/environment/ament_prefix_path.dsv
[5.540s] -- Up-to-date: /home/yyj/my_ws/install/odrive_hardware_interface/share/odrive_hardware_interface/environment/path.sh
[5.541s] -- Up-to-date: /home/yyj/my_ws/install/odrive_hardware_interface/share/odrive_hardware_interface/environment/path.dsv
[5.541s] -- Up-to-date: /home/yyj/my_ws/install/odrive_hardware_interface/share/odrive_hardware_interface/local_setup.bash
[5.541s] -- Up-to-date: /home/yyj/my_ws/install/odrive_hardware_interface/share/odrive_hardware_interface/local_setup.sh
[5.542s] -- Up-to-date: /home/yyj/my_ws/install/odrive_hardware_interface/share/odrive_hardware_interface/local_setup.zsh
[5.544s] -- Up-to-date: /home/yyj/my_ws/install/odrive_hardware_interface/share/odrive_hardware_interface/local_setup.dsv
[5.544s] -- Installing: /home/yyj/my_ws/install/odrive_hardware_interface/share/odrive_hardware_interface/package.dsv
[5.559s] -- Up-to-date: /home/yyj/my_ws/install/odrive_hardware_interface/share/ament_index/resource_index/packages/odrive_hardware_interface
[5.560s] -- Up-to-date: /home/yyj/my_ws/install/odrive_hardware_interface/share/ament_index/resource_index/hardware_interface__pluginlib__plugin/odrive_hardware_interface
[5.560s] -- Up-to-date: /home/yyj/my_ws/install/odrive_hardware_interface/share/odrive_hardware_interface/cmake/ament_cmake_export_dependencies-extras.cmake
[5.565s] -- Up-to-date: /home/yyj/my_ws/install/odrive_hardware_interface/share/odrive_hardware_interface/cmake/ament_cmake_export_include_directories-extras.cmake
[5.566s] -- Up-to-date: /home/yyj/my_ws/install/odrive_hardware_interface/share/odrive_hardware_interface/cmake/ament_cmake_export_libraries-extras.cmake
[5.567s] -- Up-to-date: /home/yyj/my_ws/install/odrive_hardware_interface/share/odrive_hardware_interface/cmake/odrive_hardware_interfaceConfig.cmake
[5.567s] -- Up-to-date: /home/yyj/my_ws/install/odrive_hardware_interface/share/odrive_hardware_interface/cmake/odrive_hardware_interfaceConfig-version.cmake
[5.568s] -- Up-to-date: /home/yyj/my_ws/install/odrive_hardware_interface/share/odrive_hardware_interface/package.xml
[5.660s] Invoked command in '/home/yyj/my_ws/build/odrive_hardware_interface' returned '0': CMAKE_PREFIX_PATH=${CMAKE_PREFIX_PATH}:/home/yyj/my_ws/install/ros2_aruco:/home/yyj/my_ws/install/open_action_server:/home/yyj/my_ws/install/my_tf2_package:/home/yyj/my_ws/install/my_docking:/home/yyj/my_ws/install/my_aruco_to_goal_pose_pkg:/opt/ros/humble /usr/bin/cmake --install /home/yyj/my_ws/build/odrive_hardware_interface
