[0.065s] Invoking command in '/home/yyj/my_ws/build/realsense2_camera_msgs': CMAKE_PREFIX_PATH=${CMAKE_PREFIX_PATH}:/home/yyj/my_ws/install/ros2_aruco:/home/yyj/my_ws/install/open_action_server:/home/yyj/my_ws/install/my_tf2_package:/home/yyj/my_ws/install/my_docking:/home/yyj/my_ws/install/my_aruco_to_goal_pose_pkg:/opt/ros/humble /usr/bin/cmake --build /home/yyj/my_ws/build/realsense2_camera_msgs -- -j16 -l16
[1.198s] [  3%] Built target realsense2_camera_msgs__cpp
[1.199s] [ 12%] Built target realsense2_camera_msgs__rosidl_generator_c
[1.199s] [ 12%] Built target ament_cmake_python_copy_realsense2_camera_msgs
[1.199s] [ 34%] Built target realsense2_camera_msgs__rosidl_typesupport_introspection_c
[1.199s] [ 34%] Built target realsense2_camera_msgs__rosidl_typesupport_c
[1.199s] [ 46%] Built target realsense2_camera_msgs__rosidl_typesupport_fastrtps_c
[1.199s] [ 57%] Built target realsense2_camera_msgs__rosidl_typesupport_introspection_cpp
[1.199s] [ 68%] Built target realsense2_camera_msgs__rosidl_typesupport_fastrtps_cpp
[1.199s] [ 79%] Built target realsense2_camera_msgs__rosidl_typesupport_cpp
[1.199s] [ 79%] Built target realsense2_camera_msgs
[1.199s] [ 80%] Built target realsense2_camera_msgs__py
[1.199s] [ 90%] Built target realsense2_camera_msgs__rosidl_generator_py
[1.199s] [ 96%] Built target realsense2_camera_msgs__rosidl_typesupport_fastrtps_c__pyext
[1.199s] [ 96%] Built target realsense2_camera_msgs__rosidl_typesupport_introspection_c__pyext
[1.199s] [100%] Built target realsense2_camera_msgs__rosidl_typesupport_c__pyext
[1.199s] running egg_info
[1.199s] writing realsense2_camera_msgs.egg-info/PKG-INFO
[1.199s] writing dependency_links to realsense2_camera_msgs.egg-info/dependency_links.txt
[1.199s] writing top-level names to realsense2_camera_msgs.egg-info/top_level.txt
[1.199s] reading manifest file 'realsense2_camera_msgs.egg-info/SOURCES.txt'
[1.199s] writing manifest file 'realsense2_camera_msgs.egg-info/SOURCES.txt'
[1.199s] [100%] Built target ament_cmake_python_build_realsense2_camera_msgs_egg
[1.203s] Invoked command in '/home/yyj/my_ws/build/realsense2_camera_msgs' returned '0': CMAKE_PREFIX_PATH=${CMAKE_PREFIX_PATH}:/home/yyj/my_ws/install/ros2_aruco:/home/yyj/my_ws/install/open_action_server:/home/yyj/my_ws/install/my_tf2_package:/home/yyj/my_ws/install/my_docking:/home/yyj/my_ws/install/my_aruco_to_goal_pose_pkg:/opt/ros/humble /usr/bin/cmake --build /home/yyj/my_ws/build/realsense2_camera_msgs -- -j16 -l16
[2.059s] Invoking command in '/home/yyj/my_ws/build/realsense2_camera_msgs': CMAKE_PREFIX_PATH=${CMAKE_PREFIX_PATH}:/home/yyj/my_ws/install/ros2_aruco:/home/yyj/my_ws/install/open_action_server:/home/yyj/my_ws/install/my_tf2_package:/home/yyj/my_ws/install/my_docking:/home/yyj/my_ws/install/my_aruco_to_goal_pose_pkg:/opt/ros/humble /usr/bin/cmake --install /home/yyj/my_ws/build/realsense2_camera_msgs
[2.067s] -- Install configuration: ""
[2.067s] -- Up-to-date: /home/yyj/my_ws/install/realsense2_camera_msgs/share/ament_index/resource_index/rosidl_interfaces/realsense2_camera_msgs
[2.068s] -- Up-to-date: /home/yyj/my_ws/install/realsense2_camera_msgs/include/realsense2_camera_msgs/realsense2_camera_msgs
[2.068s] -- Up-to-date: /home/yyj/my_ws/install/realsense2_camera_msgs/include/realsense2_camera_msgs/realsense2_camera_msgs/srv
[2.068s] -- Up-to-date: /home/yyj/my_ws/install/realsense2_camera_msgs/include/realsense2_camera_msgs/realsense2_camera_msgs/srv/detail
[2.068s] -- Up-to-date: /home/yyj/my_ws/install/realsense2_camera_msgs/include/realsense2_camera_msgs/realsense2_camera_msgs/srv/detail/device_info__type_support.h
[2.068s] -- Up-to-date: /home/yyj/my_ws/install/realsense2_camera_msgs/include/realsense2_camera_msgs/realsense2_camera_msgs/srv/detail/device_info__functions.c
[2.068s] -- Up-to-date: /home/yyj/my_ws/install/realsense2_camera_msgs/include/realsense2_camera_msgs/realsense2_camera_msgs/srv/detail/device_info__functions.h
[2.068s] -- Up-to-date: /home/yyj/my_ws/install/realsense2_camera_msgs/include/realsense2_camera_msgs/realsense2_camera_msgs/srv/detail/device_info__struct.h
[2.069s] -- Up-to-date: /home/yyj/my_ws/install/realsense2_camera_msgs/include/realsense2_camera_msgs/realsense2_camera_msgs/srv/device_info.h
[2.069s] -- Up-to-date: /home/yyj/my_ws/install/realsense2_camera_msgs/include/realsense2_camera_msgs/realsense2_camera_msgs/msg
[2.069s] -- Up-to-date: /home/yyj/my_ws/install/realsense2_camera_msgs/include/realsense2_camera_msgs/realsense2_camera_msgs/msg/metadata.h
[2.070s] -- Up-to-date: /home/yyj/my_ws/install/realsense2_camera_msgs/include/realsense2_camera_msgs/realsense2_camera_msgs/msg/detail
[2.070s] -- Up-to-date: /home/yyj/my_ws/install/realsense2_camera_msgs/include/realsense2_camera_msgs/realsense2_camera_msgs/msg/detail/rgbd__struct.h
[2.070s] -- Up-to-date: /home/yyj/my_ws/install/realsense2_camera_msgs/include/realsense2_camera_msgs/realsense2_camera_msgs/msg/detail/imu_info__functions.c
[2.070s] -- Up-to-date: /home/yyj/my_ws/install/realsense2_camera_msgs/include/realsense2_camera_msgs/realsense2_camera_msgs/msg/detail/imu_info__functions.h
[2.070s] -- Up-to-date: /home/yyj/my_ws/install/realsense2_camera_msgs/include/realsense2_camera_msgs/realsense2_camera_msgs/msg/detail/rgbd__functions.c
[2.071s] -- Up-to-date: /home/yyj/my_ws/install/realsense2_camera_msgs/include/realsense2_camera_msgs/realsense2_camera_msgs/msg/detail/extrinsics__type_support.h
[2.071s] -- Up-to-date: /home/yyj/my_ws/install/realsense2_camera_msgs/include/realsense2_camera_msgs/realsense2_camera_msgs/msg/detail/extrinsics__functions.h
[2.071s] -- Up-to-date: /home/yyj/my_ws/install/realsense2_camera_msgs/include/realsense2_camera_msgs/realsense2_camera_msgs/msg/detail/metadata__functions.c
[2.072s] -- Up-to-date: /home/yyj/my_ws/install/realsense2_camera_msgs/include/realsense2_camera_msgs/realsense2_camera_msgs/msg/detail/metadata__type_support.h
[2.072s] -- Up-to-date: /home/yyj/my_ws/install/realsense2_camera_msgs/include/realsense2_camera_msgs/realsense2_camera_msgs/msg/detail/metadata__struct.h
[2.072s] -- Up-to-date: /home/yyj/my_ws/install/realsense2_camera_msgs/include/realsense2_camera_msgs/realsense2_camera_msgs/msg/detail/imu_info__struct.h
[2.072s] -- Up-to-date: /home/yyj/my_ws/install/realsense2_camera_msgs/include/realsense2_camera_msgs/realsense2_camera_msgs/msg/detail/extrinsics__struct.h
[2.072s] -- Up-to-date: /home/yyj/my_ws/install/realsense2_camera_msgs/include/realsense2_camera_msgs/realsense2_camera_msgs/msg/detail/imu_info__type_support.h
[2.073s] -- Up-to-date: /home/yyj/my_ws/install/realsense2_camera_msgs/include/realsense2_camera_msgs/realsense2_camera_msgs/msg/detail/rgbd__type_support.h
[2.074s] -- Up-to-date: /home/yyj/my_ws/install/realsense2_camera_msgs/include/realsense2_camera_msgs/realsense2_camera_msgs/msg/detail/metadata__functions.h
[2.075s] -- Up-to-date: /home/yyj/my_ws/install/realsense2_camera_msgs/include/realsense2_camera_msgs/realsense2_camera_msgs/msg/detail/extrinsics__functions.c
[2.076s] -- Up-to-date: /home/yyj/my_ws/install/realsense2_camera_msgs/include/realsense2_camera_msgs/realsense2_camera_msgs/msg/detail/rgbd__functions.h
[2.077s] -- Up-to-date: /home/yyj/my_ws/install/realsense2_camera_msgs/include/realsense2_camera_msgs/realsense2_camera_msgs/msg/imu_info.h
[2.077s] -- Up-to-date: /home/yyj/my_ws/install/realsense2_camera_msgs/include/realsense2_camera_msgs/realsense2_camera_msgs/msg/rgbd.h
[2.077s] -- Up-to-date: /home/yyj/my_ws/install/realsense2_camera_msgs/include/realsense2_camera_msgs/realsense2_camera_msgs/msg/rosidl_generator_c__visibility_control.h
[2.077s] -- Up-to-date: /home/yyj/my_ws/install/realsense2_camera_msgs/include/realsense2_camera_msgs/realsense2_camera_msgs/msg/extrinsics.h
[2.077s] -- Up-to-date: /home/yyj/my_ws/install/realsense2_camera_msgs/share/realsense2_camera_msgs/environment/library_path.sh
[2.078s] -- Up-to-date: /home/yyj/my_ws/install/realsense2_camera_msgs/share/realsense2_camera_msgs/environment/library_path.dsv
[2.078s] -- Up-to-date: /home/yyj/my_ws/install/realsense2_camera_msgs/lib/librealsense2_camera_msgs__rosidl_generator_c.so
[2.078s] -- Up-to-date: /home/yyj/my_ws/install/realsense2_camera_msgs/include/realsense2_camera_msgs/realsense2_camera_msgs
[2.078s] -- Up-to-date: /home/yyj/my_ws/install/realsense2_camera_msgs/include/realsense2_camera_msgs/realsense2_camera_msgs/srv
[2.078s] -- Up-to-date: /home/yyj/my_ws/install/realsense2_camera_msgs/include/realsense2_camera_msgs/realsense2_camera_msgs/srv/detail
[2.078s] -- Up-to-date: /home/yyj/my_ws/install/realsense2_camera_msgs/include/realsense2_camera_msgs/realsense2_camera_msgs/srv/detail/device_info__rosidl_typesupport_fastrtps_c.h
[2.078s] -- Up-to-date: /home/yyj/my_ws/install/realsense2_camera_msgs/include/realsense2_camera_msgs/realsense2_camera_msgs/msg
[2.079s] -- Up-to-date: /home/yyj/my_ws/install/realsense2_camera_msgs/include/realsense2_camera_msgs/realsense2_camera_msgs/msg/detail
[2.079s] -- Up-to-date: /home/yyj/my_ws/install/realsense2_camera_msgs/include/realsense2_camera_msgs/realsense2_camera_msgs/msg/detail/rgbd__rosidl_typesupport_fastrtps_c.h
[2.079s] -- Up-to-date: /home/yyj/my_ws/install/realsense2_camera_msgs/include/realsense2_camera_msgs/realsense2_camera_msgs/msg/detail/metadata__rosidl_typesupport_fastrtps_c.h
[2.079s] -- Up-to-date: /home/yyj/my_ws/install/realsense2_camera_msgs/include/realsense2_camera_msgs/realsense2_camera_msgs/msg/detail/extrinsics__rosidl_typesupport_fastrtps_c.h
[2.079s] -- Up-to-date: /home/yyj/my_ws/install/realsense2_camera_msgs/include/realsense2_camera_msgs/realsense2_camera_msgs/msg/detail/imu_info__rosidl_typesupport_fastrtps_c.h
[2.079s] -- Up-to-date: /home/yyj/my_ws/install/realsense2_camera_msgs/include/realsense2_camera_msgs/realsense2_camera_msgs/msg/rosidl_typesupport_fastrtps_c__visibility_control.h
[2.079s] -- Up-to-date: /home/yyj/my_ws/install/realsense2_camera_msgs/lib/librealsense2_camera_msgs__rosidl_typesupport_fastrtps_c.so
[2.080s] -- Up-to-date: /home/yyj/my_ws/install/realsense2_camera_msgs/include/realsense2_camera_msgs/realsense2_camera_msgs
[2.080s] -- Up-to-date: /home/yyj/my_ws/install/realsense2_camera_msgs/include/realsense2_camera_msgs/realsense2_camera_msgs/srv
[2.081s] -- Up-to-date: /home/yyj/my_ws/install/realsense2_camera_msgs/include/realsense2_camera_msgs/realsense2_camera_msgs/srv/detail
[2.081s] -- Up-to-date: /home/yyj/my_ws/install/realsense2_camera_msgs/include/realsense2_camera_msgs/realsense2_camera_msgs/srv/detail/device_info__type_support.c
[2.081s] -- Up-to-date: /home/yyj/my_ws/install/realsense2_camera_msgs/include/realsense2_camera_msgs/realsense2_camera_msgs/srv/detail/device_info__rosidl_typesupport_introspection_c.h
[2.081s] -- Up-to-date: /home/yyj/my_ws/install/realsense2_camera_msgs/include/realsense2_camera_msgs/realsense2_camera_msgs/msg
[2.081s] -- Up-to-date: /home/yyj/my_ws/install/realsense2_camera_msgs/include/realsense2_camera_msgs/realsense2_camera_msgs/msg/detail
[2.081s] -- Up-to-date: /home/yyj/my_ws/install/realsense2_camera_msgs/include/realsense2_camera_msgs/realsense2_camera_msgs/msg/detail/imu_info__rosidl_typesupport_introspection_c.h
[2.081s] -- Up-to-date: /home/yyj/my_ws/install/realsense2_camera_msgs/include/realsense2_camera_msgs/realsense2_camera_msgs/msg/detail/extrinsics__type_support.c
[2.081s] -- Up-to-date: /home/yyj/my_ws/install/realsense2_camera_msgs/include/realsense2_camera_msgs/realsense2_camera_msgs/msg/detail/extrinsics__rosidl_typesupport_introspection_c.h
[2.081s] -- Up-to-date: /home/yyj/my_ws/install/realsense2_camera_msgs/include/realsense2_camera_msgs/realsense2_camera_msgs/msg/detail/metadata__rosidl_typesupport_introspection_c.h
[2.081s] -- Up-to-date: /home/yyj/my_ws/install/realsense2_camera_msgs/include/realsense2_camera_msgs/realsense2_camera_msgs/msg/detail/rgbd__rosidl_typesupport_introspection_c.h
[2.081s] -- Up-to-date: /home/yyj/my_ws/install/realsense2_camera_msgs/include/realsense2_camera_msgs/realsense2_camera_msgs/msg/detail/imu_info__type_support.c
[2.081s] -- Up-to-date: /home/yyj/my_ws/install/realsense2_camera_msgs/include/realsense2_camera_msgs/realsense2_camera_msgs/msg/detail/rgbd__type_support.c
[2.081s] -- Up-to-date: /home/yyj/my_ws/install/realsense2_camera_msgs/include/realsense2_camera_msgs/realsense2_camera_msgs/msg/detail/metadata__type_support.c
[2.081s] -- Up-to-date: /home/yyj/my_ws/install/realsense2_camera_msgs/include/realsense2_camera_msgs/realsense2_camera_msgs/msg/rosidl_typesupport_introspection_c__visibility_control.h
[2.083s] -- Up-to-date: /home/yyj/my_ws/install/realsense2_camera_msgs/lib/librealsense2_camera_msgs__rosidl_typesupport_introspection_c.so
[2.083s] -- Up-to-date: /home/yyj/my_ws/install/realsense2_camera_msgs/lib/librealsense2_camera_msgs__rosidl_typesupport_c.so
[2.083s] -- Up-to-date: /home/yyj/my_ws/install/realsense2_camera_msgs/include/realsense2_camera_msgs/realsense2_camera_msgs
[2.083s] -- Up-to-date: /home/yyj/my_ws/install/realsense2_camera_msgs/include/realsense2_camera_msgs/realsense2_camera_msgs/srv
[2.083s] -- Up-to-date: /home/yyj/my_ws/install/realsense2_camera_msgs/include/realsense2_camera_msgs/realsense2_camera_msgs/srv/detail
[2.084s] -- Up-to-date: /home/yyj/my_ws/install/realsense2_camera_msgs/include/realsense2_camera_msgs/realsense2_camera_msgs/srv/detail/device_info__struct.hpp
[2.084s] -- Up-to-date: /home/yyj/my_ws/install/realsense2_camera_msgs/include/realsense2_camera_msgs/realsense2_camera_msgs/srv/detail/device_info__builder.hpp
[2.084s] -- Up-to-date: /home/yyj/my_ws/install/realsense2_camera_msgs/include/realsense2_camera_msgs/realsense2_camera_msgs/srv/detail/device_info__traits.hpp
[2.084s] -- Up-to-date: /home/yyj/my_ws/install/realsense2_camera_msgs/include/realsense2_camera_msgs/realsense2_camera_msgs/srv/device_info.hpp
[2.084s] -- Up-to-date: /home/yyj/my_ws/install/realsense2_camera_msgs/include/realsense2_camera_msgs/realsense2_camera_msgs/msg
[2.085s] -- Up-to-date: /home/yyj/my_ws/install/realsense2_camera_msgs/include/realsense2_camera_msgs/realsense2_camera_msgs/msg/metadata.hpp
[2.085s] -- Up-to-date: /home/yyj/my_ws/install/realsense2_camera_msgs/include/realsense2_camera_msgs/realsense2_camera_msgs/msg/detail
[2.085s] -- Up-to-date: /home/yyj/my_ws/install/realsense2_camera_msgs/include/realsense2_camera_msgs/realsense2_camera_msgs/msg/detail/rgbd__struct.hpp
[2.085s] -- Up-to-date: /home/yyj/my_ws/install/realsense2_camera_msgs/include/realsense2_camera_msgs/realsense2_camera_msgs/msg/detail/imu_info__builder.hpp
[2.085s] -- Up-to-date: /home/yyj/my_ws/install/realsense2_camera_msgs/include/realsense2_camera_msgs/realsense2_camera_msgs/msg/detail/metadata__traits.hpp
[2.085s] -- Up-to-date: /home/yyj/my_ws/install/realsense2_camera_msgs/include/realsense2_camera_msgs/realsense2_camera_msgs/msg/detail/imu_info__struct.hpp
[2.086s] -- Up-to-date: /home/yyj/my_ws/install/realsense2_camera_msgs/include/realsense2_camera_msgs/realsense2_camera_msgs/msg/detail/metadata__builder.hpp
[2.086s] -- Up-to-date: /home/yyj/my_ws/install/realsense2_camera_msgs/include/realsense2_camera_msgs/realsense2_camera_msgs/msg/detail/imu_info__traits.hpp
[2.086s] -- Up-to-date: /home/yyj/my_ws/install/realsense2_camera_msgs/include/realsense2_camera_msgs/realsense2_camera_msgs/msg/detail/extrinsics__struct.hpp
[2.086s] -- Up-to-date: /home/yyj/my_ws/install/realsense2_camera_msgs/include/realsense2_camera_msgs/realsense2_camera_msgs/msg/detail/rgbd__builder.hpp
[2.086s] -- Up-to-date: /home/yyj/my_ws/install/realsense2_camera_msgs/include/realsense2_camera_msgs/realsense2_camera_msgs/msg/detail/rgbd__traits.hpp
[2.086s] -- Up-to-date: /home/yyj/my_ws/install/realsense2_camera_msgs/include/realsense2_camera_msgs/realsense2_camera_msgs/msg/detail/extrinsics__traits.hpp
[2.086s] -- Up-to-date: /home/yyj/my_ws/install/realsense2_camera_msgs/include/realsense2_camera_msgs/realsense2_camera_msgs/msg/detail/metadata__struct.hpp
[2.086s] -- Up-to-date: /home/yyj/my_ws/install/realsense2_camera_msgs/include/realsense2_camera_msgs/realsense2_camera_msgs/msg/detail/extrinsics__builder.hpp
[2.087s] -- Up-to-date: /home/yyj/my_ws/install/realsense2_camera_msgs/include/realsense2_camera_msgs/realsense2_camera_msgs/msg/rgbd.hpp
[2.087s] -- Up-to-date: /home/yyj/my_ws/install/realsense2_camera_msgs/include/realsense2_camera_msgs/realsense2_camera_msgs/msg/extrinsics.hpp
[2.087s] -- Up-to-date: /home/yyj/my_ws/install/realsense2_camera_msgs/include/realsense2_camera_msgs/realsense2_camera_msgs/msg/imu_info.hpp
[2.087s] -- Up-to-date: /home/yyj/my_ws/install/realsense2_camera_msgs/include/realsense2_camera_msgs/realsense2_camera_msgs
[2.087s] -- Up-to-date: /home/yyj/my_ws/install/realsense2_camera_msgs/include/realsense2_camera_msgs/realsense2_camera_msgs/srv
[2.087s] -- Up-to-date: /home/yyj/my_ws/install/realsense2_camera_msgs/include/realsense2_camera_msgs/realsense2_camera_msgs/srv/detail
[2.087s] -- Up-to-date: /home/yyj/my_ws/install/realsense2_camera_msgs/include/realsense2_camera_msgs/realsense2_camera_msgs/srv/detail/dds_fastrtps
[2.087s] -- Up-to-date: /home/yyj/my_ws/install/realsense2_camera_msgs/include/realsense2_camera_msgs/realsense2_camera_msgs/srv/detail/device_info__rosidl_typesupport_fastrtps_cpp.hpp
[2.087s] -- Up-to-date: /home/yyj/my_ws/install/realsense2_camera_msgs/include/realsense2_camera_msgs/realsense2_camera_msgs/msg
[2.087s] -- Up-to-date: /home/yyj/my_ws/install/realsense2_camera_msgs/include/realsense2_camera_msgs/realsense2_camera_msgs/msg/detail
[2.087s] -- Up-to-date: /home/yyj/my_ws/install/realsense2_camera_msgs/include/realsense2_camera_msgs/realsense2_camera_msgs/msg/detail/dds_fastrtps
[2.087s] -- Up-to-date: /home/yyj/my_ws/install/realsense2_camera_msgs/include/realsense2_camera_msgs/realsense2_camera_msgs/msg/detail/metadata__rosidl_typesupport_fastrtps_cpp.hpp
[2.087s] -- Up-to-date: /home/yyj/my_ws/install/realsense2_camera_msgs/include/realsense2_camera_msgs/realsense2_camera_msgs/msg/detail/extrinsics__rosidl_typesupport_fastrtps_cpp.hpp
[2.088s] -- Up-to-date: /home/yyj/my_ws/install/realsense2_camera_msgs/include/realsense2_camera_msgs/realsense2_camera_msgs/msg/detail/imu_info__rosidl_typesupport_fastrtps_cpp.hpp
[2.088s] -- Up-to-date: /home/yyj/my_ws/install/realsense2_camera_msgs/include/realsense2_camera_msgs/realsense2_camera_msgs/msg/detail/rgbd__rosidl_typesupport_fastrtps_cpp.hpp
[2.088s] -- Up-to-date: /home/yyj/my_ws/install/realsense2_camera_msgs/include/realsense2_camera_msgs/realsense2_camera_msgs/msg/rosidl_typesupport_fastrtps_cpp__visibility_control.h
[2.088s] -- Up-to-date: /home/yyj/my_ws/install/realsense2_camera_msgs/lib/librealsense2_camera_msgs__rosidl_typesupport_fastrtps_cpp.so
[2.088s] -- Up-to-date: /home/yyj/my_ws/install/realsense2_camera_msgs/include/realsense2_camera_msgs/realsense2_camera_msgs
[2.088s] -- Up-to-date: /home/yyj/my_ws/install/realsense2_camera_msgs/include/realsense2_camera_msgs/realsense2_camera_msgs/srv
[2.088s] -- Up-to-date: /home/yyj/my_ws/install/realsense2_camera_msgs/include/realsense2_camera_msgs/realsense2_camera_msgs/srv/detail
[2.088s] -- Up-to-date: /home/yyj/my_ws/install/realsense2_camera_msgs/include/realsense2_camera_msgs/realsense2_camera_msgs/srv/detail/device_info__type_support.cpp
[2.088s] -- Up-to-date: /home/yyj/my_ws/install/realsense2_camera_msgs/include/realsense2_camera_msgs/realsense2_camera_msgs/srv/detail/device_info__rosidl_typesupport_introspection_cpp.hpp
[2.088s] -- Up-to-date: /home/yyj/my_ws/install/realsense2_camera_msgs/include/realsense2_camera_msgs/realsense2_camera_msgs/msg
[2.088s] -- Up-to-date: /home/yyj/my_ws/install/realsense2_camera_msgs/include/realsense2_camera_msgs/realsense2_camera_msgs/msg/detail
[2.088s] -- Up-to-date: /home/yyj/my_ws/install/realsense2_camera_msgs/include/realsense2_camera_msgs/realsense2_camera_msgs/msg/detail/metadata__type_support.cpp
[2.089s] -- Up-to-date: /home/yyj/my_ws/install/realsense2_camera_msgs/include/realsense2_camera_msgs/realsense2_camera_msgs/msg/detail/extrinsics__rosidl_typesupport_introspection_cpp.hpp
[2.089s] -- Up-to-date: /home/yyj/my_ws/install/realsense2_camera_msgs/include/realsense2_camera_msgs/realsense2_camera_msgs/msg/detail/rgbd__type_support.cpp
[2.089s] -- Up-to-date: /home/yyj/my_ws/install/realsense2_camera_msgs/include/realsense2_camera_msgs/realsense2_camera_msgs/msg/detail/rgbd__rosidl_typesupport_introspection_cpp.hpp
[2.089s] -- Up-to-date: /home/yyj/my_ws/install/realsense2_camera_msgs/include/realsense2_camera_msgs/realsense2_camera_msgs/msg/detail/metadata__rosidl_typesupport_introspection_cpp.hpp
[2.089s] -- Up-to-date: /home/yyj/my_ws/install/realsense2_camera_msgs/include/realsense2_camera_msgs/realsense2_camera_msgs/msg/detail/extrinsics__type_support.cpp
[2.089s] -- Up-to-date: /home/yyj/my_ws/install/realsense2_camera_msgs/include/realsense2_camera_msgs/realsense2_camera_msgs/msg/detail/imu_info__rosidl_typesupport_introspection_cpp.hpp
[2.089s] -- Up-to-date: /home/yyj/my_ws/install/realsense2_camera_msgs/include/realsense2_camera_msgs/realsense2_camera_msgs/msg/detail/imu_info__type_support.cpp
[2.089s] -- Up-to-date: /home/yyj/my_ws/install/realsense2_camera_msgs/lib/librealsense2_camera_msgs__rosidl_typesupport_introspection_cpp.so
[2.089s] -- Up-to-date: /home/yyj/my_ws/install/realsense2_camera_msgs/lib/librealsense2_camera_msgs__rosidl_typesupport_cpp.so
[2.089s] -- Up-to-date: /home/yyj/my_ws/install/realsense2_camera_msgs/share/realsense2_camera_msgs/environment/pythonpath.sh
[2.089s] -- Up-to-date: /home/yyj/my_ws/install/realsense2_camera_msgs/share/realsense2_camera_msgs/environment/pythonpath.dsv
[2.089s] -- Up-to-date: /home/yyj/my_ws/install/realsense2_camera_msgs/local/lib/python3.10/dist-packages/realsense2_camera_msgs-4.54.1-py3.10.egg-info
[2.090s] -- Installing: /home/yyj/my_ws/install/realsense2_camera_msgs/local/lib/python3.10/dist-packages/realsense2_camera_msgs-4.54.1-py3.10.egg-info/SOURCES.txt
[2.090s] -- Installing: /home/yyj/my_ws/install/realsense2_camera_msgs/local/lib/python3.10/dist-packages/realsense2_camera_msgs-4.54.1-py3.10.egg-info/top_level.txt
[2.090s] -- Installing: /home/yyj/my_ws/install/realsense2_camera_msgs/local/lib/python3.10/dist-packages/realsense2_camera_msgs-4.54.1-py3.10.egg-info/dependency_links.txt
[2.090s] -- Installing: /home/yyj/my_ws/install/realsense2_camera_msgs/local/lib/python3.10/dist-packages/realsense2_camera_msgs-4.54.1-py3.10.egg-info/PKG-INFO
[2.090s] -- Up-to-date: /home/yyj/my_ws/install/realsense2_camera_msgs/local/lib/python3.10/dist-packages/realsense2_camera_msgs
[2.090s] -- Up-to-date: /home/yyj/my_ws/install/realsense2_camera_msgs/local/lib/python3.10/dist-packages/realsense2_camera_msgs/_realsense2_camera_msgs_s.ep.rosidl_typesupport_fastrtps_c.c
[2.090s] -- Up-to-date: /home/yyj/my_ws/install/realsense2_camera_msgs/local/lib/python3.10/dist-packages/realsense2_camera_msgs/_realsense2_camera_msgs_s.ep.rosidl_typesupport_introspection_c.c
[2.090s] -- Up-to-date: /home/yyj/my_ws/install/realsense2_camera_msgs/local/lib/python3.10/dist-packages/realsense2_camera_msgs/_realsense2_camera_msgs_s.ep.rosidl_typesupport_c.c
[2.090s] -- Up-to-date: /home/yyj/my_ws/install/realsense2_camera_msgs/local/lib/python3.10/dist-packages/realsense2_camera_msgs/__init__.py
[2.090s] -- Up-to-date: /home/yyj/my_ws/install/realsense2_camera_msgs/local/lib/python3.10/dist-packages/realsense2_camera_msgs/realsense2_camera_msgs_s__rosidl_typesupport_c.cpython-310-x86_64-linux-gnu.so
[2.090s] -- Up-to-date: /home/yyj/my_ws/install/realsense2_camera_msgs/local/lib/python3.10/dist-packages/realsense2_camera_msgs/srv
[2.090s] -- Up-to-date: /home/yyj/my_ws/install/realsense2_camera_msgs/local/lib/python3.10/dist-packages/realsense2_camera_msgs/srv/_device_info.py
[2.091s] -- Up-to-date: /home/yyj/my_ws/install/realsense2_camera_msgs/local/lib/python3.10/dist-packages/realsense2_camera_msgs/srv/__init__.py
[2.091s] -- Up-to-date: /home/yyj/my_ws/install/realsense2_camera_msgs/local/lib/python3.10/dist-packages/realsense2_camera_msgs/srv/_device_info_s.c
[2.091s] -- Up-to-date: /home/yyj/my_ws/install/realsense2_camera_msgs/local/lib/python3.10/dist-packages/realsense2_camera_msgs/realsense2_camera_msgs_s__rosidl_typesupport_fastrtps_c.cpython-310-x86_64-linux-gnu.so
[2.091s] -- Up-to-date: /home/yyj/my_ws/install/realsense2_camera_msgs/local/lib/python3.10/dist-packages/realsense2_camera_msgs/realsense2_camera_msgs_s__rosidl_typesupport_introspection_c.cpython-310-x86_64-linux-gnu.so
[2.091s] -- Up-to-date: /home/yyj/my_ws/install/realsense2_camera_msgs/local/lib/python3.10/dist-packages/realsense2_camera_msgs/librealsense2_camera_msgs__rosidl_generator_py.so
[2.091s] -- Up-to-date: /home/yyj/my_ws/install/realsense2_camera_msgs/local/lib/python3.10/dist-packages/realsense2_camera_msgs/msg
[2.091s] -- Up-to-date: /home/yyj/my_ws/install/realsense2_camera_msgs/local/lib/python3.10/dist-packages/realsense2_camera_msgs/msg/_metadata_s.c
[2.091s] -- Up-to-date: /home/yyj/my_ws/install/realsense2_camera_msgs/local/lib/python3.10/dist-packages/realsense2_camera_msgs/msg/_extrinsics_s.c
[2.091s] -- Up-to-date: /home/yyj/my_ws/install/realsense2_camera_msgs/local/lib/python3.10/dist-packages/realsense2_camera_msgs/msg/_imu_info.py
[2.091s] -- Up-to-date: /home/yyj/my_ws/install/realsense2_camera_msgs/local/lib/python3.10/dist-packages/realsense2_camera_msgs/msg/_rgbd_s.c
[2.091s] -- Up-to-date: /home/yyj/my_ws/install/realsense2_camera_msgs/local/lib/python3.10/dist-packages/realsense2_camera_msgs/msg/_imu_info_s.c
[2.091s] -- Up-to-date: /home/yyj/my_ws/install/realsense2_camera_msgs/local/lib/python3.10/dist-packages/realsense2_camera_msgs/msg/__init__.py
[2.091s] -- Up-to-date: /home/yyj/my_ws/install/realsense2_camera_msgs/local/lib/python3.10/dist-packages/realsense2_camera_msgs/msg/_metadata.py
[2.091s] -- Up-to-date: /home/yyj/my_ws/install/realsense2_camera_msgs/local/lib/python3.10/dist-packages/realsense2_camera_msgs/msg/_rgbd.py
[2.092s] -- Up-to-date: /home/yyj/my_ws/install/realsense2_camera_msgs/local/lib/python3.10/dist-packages/realsense2_camera_msgs/msg/_extrinsics.py
[2.125s] Listing '/home/yyj/my_ws/install/realsense2_camera_msgs/local/lib/python3.10/dist-packages/realsense2_camera_msgs'...
[2.125s] Listing '/home/yyj/my_ws/install/realsense2_camera_msgs/local/lib/python3.10/dist-packages/realsense2_camera_msgs/msg'...
[2.126s] Listing '/home/yyj/my_ws/install/realsense2_camera_msgs/local/lib/python3.10/dist-packages/realsense2_camera_msgs/srv'...
[2.142s] -- Up-to-date: /home/yyj/my_ws/install/realsense2_camera_msgs/local/lib/python3.10/dist-packages/realsense2_camera_msgs/realsense2_camera_msgs_s__rosidl_typesupport_fastrtps_c.cpython-310-x86_64-linux-gnu.so
[2.145s] -- Up-to-date: /home/yyj/my_ws/install/realsense2_camera_msgs/local/lib/python3.10/dist-packages/realsense2_camera_msgs/realsense2_camera_msgs_s__rosidl_typesupport_introspection_c.cpython-310-x86_64-linux-gnu.so
[2.146s] -- Up-to-date: /home/yyj/my_ws/install/realsense2_camera_msgs/local/lib/python3.10/dist-packages/realsense2_camera_msgs/realsense2_camera_msgs_s__rosidl_typesupport_c.cpython-310-x86_64-linux-gnu.so
[2.149s] -- Up-to-date: /home/yyj/my_ws/install/realsense2_camera_msgs/lib/librealsense2_camera_msgs__rosidl_generator_py.so
[2.149s] -- Up-to-date: /home/yyj/my_ws/install/realsense2_camera_msgs/share/realsense2_camera_msgs/msg/IMUInfo.idl
[2.149s] -- Up-to-date: /home/yyj/my_ws/install/realsense2_camera_msgs/share/realsense2_camera_msgs/msg/Extrinsics.idl
[2.149s] -- Up-to-date: /home/yyj/my_ws/install/realsense2_camera_msgs/share/realsense2_camera_msgs/msg/Metadata.idl
[2.149s] -- Up-to-date: /home/yyj/my_ws/install/realsense2_camera_msgs/share/realsense2_camera_msgs/msg/RGBD.idl
[2.149s] -- Up-to-date: /home/yyj/my_ws/install/realsense2_camera_msgs/share/realsense2_camera_msgs/srv/DeviceInfo.idl
[2.149s] -- Up-to-date: /home/yyj/my_ws/install/realsense2_camera_msgs/share/realsense2_camera_msgs/msg/IMUInfo.msg
[2.149s] -- Up-to-date: /home/yyj/my_ws/install/realsense2_camera_msgs/share/realsense2_camera_msgs/msg/Extrinsics.msg
[2.149s] -- Up-to-date: /home/yyj/my_ws/install/realsense2_camera_msgs/share/realsense2_camera_msgs/msg/Metadata.msg
[2.150s] -- Up-to-date: /home/yyj/my_ws/install/realsense2_camera_msgs/share/realsense2_camera_msgs/msg/RGBD.msg
[2.150s] -- Up-to-date: /home/yyj/my_ws/install/realsense2_camera_msgs/share/realsense2_camera_msgs/srv/DeviceInfo.srv
[2.150s] -- Up-to-date: /home/yyj/my_ws/install/realsense2_camera_msgs/share/realsense2_camera_msgs/srv/DeviceInfo_Request.msg
[2.150s] -- Up-to-date: /home/yyj/my_ws/install/realsense2_camera_msgs/share/realsense2_camera_msgs/srv/DeviceInfo_Response.msg
[2.150s] -- Up-to-date: /home/yyj/my_ws/install/realsense2_camera_msgs/share/ament_index/resource_index/package_run_dependencies/realsense2_camera_msgs
[2.150s] -- Up-to-date: /home/yyj/my_ws/install/realsense2_camera_msgs/share/ament_index/resource_index/parent_prefix_path/realsense2_camera_msgs
[2.150s] -- Up-to-date: /home/yyj/my_ws/install/realsense2_camera_msgs/share/realsense2_camera_msgs/environment/ament_prefix_path.sh
[2.150s] -- Up-to-date: /home/yyj/my_ws/install/realsense2_camera_msgs/share/realsense2_camera_msgs/environment/ament_prefix_path.dsv
[2.150s] -- Up-to-date: /home/yyj/my_ws/install/realsense2_camera_msgs/share/realsense2_camera_msgs/environment/path.sh
[2.150s] -- Up-to-date: /home/yyj/my_ws/install/realsense2_camera_msgs/share/realsense2_camera_msgs/environment/path.dsv
[2.150s] -- Up-to-date: /home/yyj/my_ws/install/realsense2_camera_msgs/share/realsense2_camera_msgs/local_setup.bash
[2.150s] -- Up-to-date: /home/yyj/my_ws/install/realsense2_camera_msgs/share/realsense2_camera_msgs/local_setup.sh
[2.150s] -- Up-to-date: /home/yyj/my_ws/install/realsense2_camera_msgs/share/realsense2_camera_msgs/local_setup.zsh
[2.150s] -- Up-to-date: /home/yyj/my_ws/install/realsense2_camera_msgs/share/realsense2_camera_msgs/local_setup.dsv
[2.150s] -- Installing: /home/yyj/my_ws/install/realsense2_camera_msgs/share/realsense2_camera_msgs/package.dsv
[2.150s] -- Up-to-date: /home/yyj/my_ws/install/realsense2_camera_msgs/share/ament_index/resource_index/packages/realsense2_camera_msgs
[2.150s] -- Up-to-date: /home/yyj/my_ws/install/realsense2_camera_msgs/share/realsense2_camera_msgs/cmake/export_realsense2_camera_msgs__rosidl_generator_cExport.cmake
[2.150s] -- Up-to-date: /home/yyj/my_ws/install/realsense2_camera_msgs/share/realsense2_camera_msgs/cmake/export_realsense2_camera_msgs__rosidl_generator_cExport-noconfig.cmake
[2.151s] -- Up-to-date: /home/yyj/my_ws/install/realsense2_camera_msgs/share/realsense2_camera_msgs/cmake/export_realsense2_camera_msgs__rosidl_typesupport_fastrtps_cExport.cmake
[2.151s] -- Up-to-date: /home/yyj/my_ws/install/realsense2_camera_msgs/share/realsense2_camera_msgs/cmake/export_realsense2_camera_msgs__rosidl_typesupport_fastrtps_cExport-noconfig.cmake
[2.151s] -- Up-to-date: /home/yyj/my_ws/install/realsense2_camera_msgs/share/realsense2_camera_msgs/cmake/realsense2_camera_msgs__rosidl_typesupport_introspection_cExport.cmake
[2.151s] -- Up-to-date: /home/yyj/my_ws/install/realsense2_camera_msgs/share/realsense2_camera_msgs/cmake/realsense2_camera_msgs__rosidl_typesupport_introspection_cExport-noconfig.cmake
[2.152s] -- Up-to-date: /home/yyj/my_ws/install/realsense2_camera_msgs/share/realsense2_camera_msgs/cmake/realsense2_camera_msgs__rosidl_typesupport_cExport.cmake
[2.152s] -- Up-to-date: /home/yyj/my_ws/install/realsense2_camera_msgs/share/realsense2_camera_msgs/cmake/realsense2_camera_msgs__rosidl_typesupport_cExport-noconfig.cmake
[2.152s] -- Up-to-date: /home/yyj/my_ws/install/realsense2_camera_msgs/share/realsense2_camera_msgs/cmake/export_realsense2_camera_msgs__rosidl_generator_cppExport.cmake
[2.154s] -- Up-to-date: /home/yyj/my_ws/install/realsense2_camera_msgs/share/realsense2_camera_msgs/cmake/export_realsense2_camera_msgs__rosidl_typesupport_fastrtps_cppExport.cmake
[2.154s] -- Up-to-date: /home/yyj/my_ws/install/realsense2_camera_msgs/share/realsense2_camera_msgs/cmake/export_realsense2_camera_msgs__rosidl_typesupport_fastrtps_cppExport-noconfig.cmake
[2.154s] -- Up-to-date: /home/yyj/my_ws/install/realsense2_camera_msgs/share/realsense2_camera_msgs/cmake/realsense2_camera_msgs__rosidl_typesupport_introspection_cppExport.cmake
[2.154s] -- Up-to-date: /home/yyj/my_ws/install/realsense2_camera_msgs/share/realsense2_camera_msgs/cmake/realsense2_camera_msgs__rosidl_typesupport_introspection_cppExport-noconfig.cmake
[2.155s] -- Up-to-date: /home/yyj/my_ws/install/realsense2_camera_msgs/share/realsense2_camera_msgs/cmake/realsense2_camera_msgs__rosidl_typesupport_cppExport.cmake
[2.155s] -- Up-to-date: /home/yyj/my_ws/install/realsense2_camera_msgs/share/realsense2_camera_msgs/cmake/realsense2_camera_msgs__rosidl_typesupport_cppExport-noconfig.cmake
[2.155s] -- Up-to-date: /home/yyj/my_ws/install/realsense2_camera_msgs/share/realsense2_camera_msgs/cmake/export_realsense2_camera_msgs__rosidl_generator_pyExport.cmake
[2.155s] -- Up-to-date: /home/yyj/my_ws/install/realsense2_camera_msgs/share/realsense2_camera_msgs/cmake/export_realsense2_camera_msgs__rosidl_generator_pyExport-noconfig.cmake
[2.155s] -- Up-to-date: /home/yyj/my_ws/install/realsense2_camera_msgs/share/realsense2_camera_msgs/cmake/rosidl_cmake-extras.cmake
[2.155s] -- Up-to-date: /home/yyj/my_ws/install/realsense2_camera_msgs/share/realsense2_camera_msgs/cmake/ament_cmake_export_dependencies-extras.cmake
[2.158s] -- Up-to-date: /home/yyj/my_ws/install/realsense2_camera_msgs/share/realsense2_camera_msgs/cmake/ament_cmake_export_include_directories-extras.cmake
[2.159s] -- Up-to-date: /home/yyj/my_ws/install/realsense2_camera_msgs/share/realsense2_camera_msgs/cmake/ament_cmake_export_libraries-extras.cmake
[2.159s] -- Up-to-date: /home/yyj/my_ws/install/realsense2_camera_msgs/share/realsense2_camera_msgs/cmake/ament_cmake_export_targets-extras.cmake
[2.160s] -- Up-to-date: /home/yyj/my_ws/install/realsense2_camera_msgs/share/realsense2_camera_msgs/cmake/rosidl_cmake_export_typesupport_targets-extras.cmake
[2.160s] -- Up-to-date: /home/yyj/my_ws/install/realsense2_camera_msgs/share/realsense2_camera_msgs/cmake/rosidl_cmake_export_typesupport_libraries-extras.cmake
[2.161s] -- Up-to-date: /home/yyj/my_ws/install/realsense2_camera_msgs/share/realsense2_camera_msgs/cmake/realsense2_camera_msgsConfig.cmake
[2.161s] -- Up-to-date: /home/yyj/my_ws/install/realsense2_camera_msgs/share/realsense2_camera_msgs/cmake/realsense2_camera_msgsConfig-version.cmake
[2.161s] -- Up-to-date: /home/yyj/my_ws/install/realsense2_camera_msgs/share/realsense2_camera_msgs/package.xml
[2.170s] Invoked command in '/home/yyj/my_ws/build/realsense2_camera_msgs' returned '0': CMAKE_PREFIX_PATH=${CMAKE_PREFIX_PATH}:/home/yyj/my_ws/install/ros2_aruco:/home/yyj/my_ws/install/open_action_server:/home/yyj/my_ws/install/my_tf2_package:/home/yyj/my_ws/install/my_docking:/home/yyj/my_ws/install/my_aruco_to_goal_pose_pkg:/opt/ros/humble /usr/bin/cmake --install /home/yyj/my_ws/build/realsense2_camera_msgs
