[2.863s] Invoking command in '/home/yyj/my_ws/build/teleop_twist_joy': CMAKE_PREFIX_PATH=/opt/ros/humble /usr/bin/cmake --build /home/yyj/my_ws/build/teleop_twist_joy -- -j16 -l16
[3.012s] [35m[1mConsolidate compiler generated dependencies of target teleop_twist_joy[0m
[3.200s] [ 50%] Built target teleop_twist_joy
[3.382s] [35m[1mConsolidate compiler generated dependencies of target teleop_twist_joy_node[0m
[3.526s] [100%] Built target teleop_twist_joy_node
[3.719s] Invoked command in '/home/yyj/my_ws/build/teleop_twist_joy' returned '0': CMAKE_PREFIX_PATH=/opt/ros/humble /usr/bin/cmake --build /home/yyj/my_ws/build/teleop_twist_joy -- -j16 -l16
[4.198s] Invoking command in '/home/yyj/my_ws/build/teleop_twist_joy': CMAKE_PREFIX_PATH=/opt/ros/humble /usr/bin/cmake --install /home/yyj/my_ws/build/teleop_twist_joy
[4.257s] -- Install configuration: ""
[4.258s] -- Up-to-date: /home/yyj/my_ws/install/teleop_twist_joy/lib/libteleop_twist_joy.so
[4.258s] -- Up-to-date: /home/yyj/my_ws/install/teleop_twist_joy/lib/teleop_twist_joy/teleop_node
[4.259s] -- Up-to-date: /home/yyj/my_ws/install/teleop_twist_joy/include/teleop_twist_joy
[4.259s] -- Up-to-date: /home/yyj/my_ws/install/teleop_twist_joy/include/teleop_twist_joy/teleop_twist_joy
[4.259s] -- Up-to-date: /home/yyj/my_ws/install/teleop_twist_joy/include/teleop_twist_joy/teleop_twist_joy/teleop_twist_joy.hpp
[4.260s] -- Up-to-date: /home/yyj/my_ws/install/teleop_twist_joy/include/teleop_twist_joy/teleop_twist_joy/teleop_twist_joy_export.h
[4.261s] -- Up-to-date: /home/yyj/my_ws/install/teleop_twist_joy/share/teleop_twist_joy/launch
[4.261s] -- Up-to-date: /home/yyj/my_ws/install/teleop_twist_joy/share/teleop_twist_joy/launch/teleop-launch.py
[4.261s] -- Up-to-date: /home/yyj/my_ws/install/teleop_twist_joy/share/teleop_twist_joy/config
[4.262s] -- Up-to-date: /home/yyj/my_ws/install/teleop_twist_joy/share/teleop_twist_joy/config/ps3.config.yaml
[4.262s] -- Up-to-date: /home/yyj/my_ws/install/teleop_twist_joy/share/teleop_twist_joy/config/xd3.config.yaml
[4.269s] -- Up-to-date: /home/yyj/my_ws/install/teleop_twist_joy/share/teleop_twist_joy/config/xbox.config.yaml
[4.270s] -- Up-to-date: /home/yyj/my_ws/install/teleop_twist_joy/share/teleop_twist_joy/config/ps3-holonomic.config.yaml
[4.270s] -- Up-to-date: /home/yyj/my_ws/install/teleop_twist_joy/share/teleop_twist_joy/config/atk3.config.yaml
[4.270s] -- Up-to-date: /home/yyj/my_ws/install/teleop_twist_joy/share/teleop_twist_joy/environment/library_path.sh
[4.271s] -- Up-to-date: /home/yyj/my_ws/install/teleop_twist_joy/share/teleop_twist_joy/environment/library_path.dsv
[4.271s] -- Up-to-date: /home/yyj/my_ws/install/teleop_twist_joy/share/ament_index/resource_index/package_run_dependencies/teleop_twist_joy
[4.271s] -- Up-to-date: /home/yyj/my_ws/install/teleop_twist_joy/share/ament_index/resource_index/parent_prefix_path/teleop_twist_joy
[4.272s] -- Up-to-date: /home/yyj/my_ws/install/teleop_twist_joy/share/teleop_twist_joy/environment/ament_prefix_path.sh
[4.272s] -- Up-to-date: /home/yyj/my_ws/install/teleop_twist_joy/share/teleop_twist_joy/environment/ament_prefix_path.dsv
[4.272s] -- Up-to-date: /home/yyj/my_ws/install/teleop_twist_joy/share/teleop_twist_joy/environment/path.sh
[4.273s] -- Up-to-date: /home/yyj/my_ws/install/teleop_twist_joy/share/teleop_twist_joy/environment/path.dsv
[4.273s] -- Up-to-date: /home/yyj/my_ws/install/teleop_twist_joy/share/teleop_twist_joy/local_setup.bash
[4.273s] -- Up-to-date: /home/yyj/my_ws/install/teleop_twist_joy/share/teleop_twist_joy/local_setup.sh
[4.274s] -- Up-to-date: /home/yyj/my_ws/install/teleop_twist_joy/share/teleop_twist_joy/local_setup.zsh
[4.274s] -- Up-to-date: /home/yyj/my_ws/install/teleop_twist_joy/share/teleop_twist_joy/local_setup.dsv
[4.274s] -- Installing: /home/yyj/my_ws/install/teleop_twist_joy/share/teleop_twist_joy/package.dsv
[4.274s] -- Up-to-date: /home/yyj/my_ws/install/teleop_twist_joy/share/ament_index/resource_index/packages/teleop_twist_joy
[4.275s] -- Up-to-date: /home/yyj/my_ws/install/teleop_twist_joy/share/ament_index/resource_index/rclcpp_components/teleop_twist_joy
[4.275s] -- Up-to-date: /home/yyj/my_ws/install/teleop_twist_joy/share/teleop_twist_joy/cmake/export_teleop_twist_joyExport.cmake
[4.275s] -- Up-to-date: /home/yyj/my_ws/install/teleop_twist_joy/share/teleop_twist_joy/cmake/export_teleop_twist_joyExport-noconfig.cmake
[4.276s] -- Up-to-date: /home/yyj/my_ws/install/teleop_twist_joy/share/teleop_twist_joy/cmake/ament_cmake_export_include_directories-extras.cmake
[4.276s] -- Up-to-date: /home/yyj/my_ws/install/teleop_twist_joy/share/teleop_twist_joy/cmake/ament_cmake_export_libraries-extras.cmake
[4.276s] -- Up-to-date: /home/yyj/my_ws/install/teleop_twist_joy/share/teleop_twist_joy/cmake/ament_cmake_export_targets-extras.cmake
[4.276s] -- Up-to-date: /home/yyj/my_ws/install/teleop_twist_joy/share/teleop_twist_joy/cmake/teleop_twist_joyConfig.cmake
[4.277s] -- Up-to-date: /home/yyj/my_ws/install/teleop_twist_joy/share/teleop_twist_joy/cmake/teleop_twist_joyConfig-version.cmake
[4.277s] -- Up-to-date: /home/yyj/my_ws/install/teleop_twist_joy/share/teleop_twist_joy/package.xml
[4.296s] Invoked command in '/home/yyj/my_ws/build/teleop_twist_joy' returned '0': CMAKE_PREFIX_PATH=/opt/ros/humble /usr/bin/cmake --install /home/yyj/my_ws/build/teleop_twist_joy
