[0.034s] Invoking command in '/home/yyj/my_ws/build/realsense2_camera': AMENT_PREFIX_PATH=/home/yyj/my_ws/install/realsense2_camera_msgs:${AMENT_PREFIX_PATH} CMAKE_PREFIX_PATH=/home/yyj/my_ws/install/realsense2_camera_msgs:/opt/ros/humble LD_LIBRARY_PATH=/home/yyj/my_ws/install/realsense2_camera_msgs/lib:${LD_LIBRARY_PATH} PYTHONPATH=/home/yyj/my_ws/install/realsense2_camera_msgs/local/lib/python3.10/dist-packages:${PYTHONPATH} /usr/bin/cmake /home/yyj/my_ws/src/realsense-ros/realsense2_camera -DCMAKE_INSTALL_PREFIX=/home/yyj/my_ws/install/realsense2_camera
[0.244s] -- The C compiler identification is GNU 11.4.0
[0.454s] -- The CXX compiler identification is GNU 11.4.0
[0.482s] -- Detecting C compiler ABI info
[0.739s] -- Detecting C compiler ABI info - done
[0.766s] -- Check for working C compiler: /usr/bin/cc - skipped
[0.767s] -- Detecting C compile features
[0.768s] -- Detecting C compile features - done
[0.779s] -- Detecting CXX compiler ABI info
[1.056s] -- Detecting CXX compiler ABI info - done
[1.084s] -- Check for working CXX compiler: /usr/bin/c++ - skipped
[1.085s] -- Detecting CXX compile features
[1.087s] -- Detecting CXX compile features - done
[1.090s] -- Create Release Build.
[1.101s] -- Found ament_cmake: 1.3.8 (/opt/ros/humble/share/ament_cmake/cmake)
[1.681s] -- Found Python3: /usr/bin/python3 (found version "3.10.12") found components: Interpreter 
[2.075s] -- Found builtin_interfaces: 1.2.1 (/opt/ros/humble/share/builtin_interfaces/cmake)
[2.234s] -- Found rosidl_generator_c: 3.1.5 (/opt/ros/humble/share/rosidl_generator_c/cmake)
[2.261s] -- Found rosidl_adapter: 3.1.5 (/opt/ros/humble/share/rosidl_adapter/cmake)
[2.305s] -- Found rosidl_generator_cpp: 3.1.5 (/opt/ros/humble/share/rosidl_generator_cpp/cmake)
[2.369s] -- Using all available rosidl_typesupport_c: rosidl_typesupport_fastrtps_c;rosidl_typesupport_introspection_c
[2.458s] -- Using all available rosidl_typesupport_cpp: rosidl_typesupport_fastrtps_cpp;rosidl_typesupport_introspection_cpp
[2.542s] -- Found cv_bridge: 3.2.1 (/opt/ros/humble/share/cv_bridge/cmake)
[3.463s] -- Found image_transport: 3.1.8 (/opt/ros/humble/share/image_transport/cmake)
[3.745s] -- Found rmw_implementation_cmake: 6.1.1 (/opt/ros/humble/share/rmw_implementation_cmake/cmake)
[3.758s] -- Found rmw_fastrtps_cpp: 6.2.6 (/opt/ros/humble/share/rmw_fastrtps_cpp/cmake)
[4.131s] -- Found OpenSSL: /usr/lib/x86_64-linux-gnu/libcrypto.so (found version "3.0.2")  
[4.228s] -- Found FastRTPS: /opt/ros/humble/include  
[4.423s] -- Using RMW implementation 'rmw_fastrtps_cpp' as default
[4.470s] -- Looking for pthread.h
[4.717s] -- Looking for pthread.h - found
[4.717s] -- Performing Test CMAKE_HAVE_LIBC_PTHREAD
[4.997s] -- Performing Test CMAKE_HAVE_LIBC_PTHREAD - Success
[5.000s] -- Found Threads: TRUE  
[5.809s] -- Found rclcpp_components: 16.0.8 (/opt/ros/humble/share/rclcpp_components/cmake)
[6.046s] -- Found realsense2_camera_msgs: 4.54.1 (/home/yyj/my_ws/install/realsense2_camera_msgs/share/realsense2_camera_msgs/cmake)
[6.442s] -- Found nav_msgs: 4.2.3 (/opt/ros/humble/share/nav_msgs/cmake)
[6.801s] -- Found tf2_ros: 0.25.6 (/opt/ros/humble/share/tf2_ros/cmake)
[8.053s] -- Found diagnostic_updater: 3.1.2 (/opt/ros/humble/share/diagnostic_updater/cmake)
[8.499s] -- Build for ROS2 Humble
[8.533s] -- Found ament_cmake_gtest: 1.3.8 (/opt/ros/humble/share/ament_cmake_gtest/cmake)
[8.546s] -- Found gtest sources under '/opt/ros/humble/src/gtest_vendor': C++ tests using 'Google Test' will be built
[8.577s] -- Found ament_cmake_pytest: 1.3.8 (/opt/ros/humble/share/ament_cmake_pytest/cmake)
[28.102s] -- rs_device_info:
[28.103s] -- No device detected. Is it plugged in?
[28.103s] 
[28.434s] -- Configuring done
[28.557s] -- Generating done
[28.567s] -- Build files have been written to: /home/yyj/my_ws/build/realsense2_camera
[28.626s] Invoked command in '/home/yyj/my_ws/build/realsense2_camera' returned '0': AMENT_PREFIX_PATH=/home/yyj/my_ws/install/realsense2_camera_msgs:${AMENT_PREFIX_PATH} CMAKE_PREFIX_PATH=/home/yyj/my_ws/install/realsense2_camera_msgs:/opt/ros/humble LD_LIBRARY_PATH=/home/yyj/my_ws/install/realsense2_camera_msgs/lib:${LD_LIBRARY_PATH} PYTHONPATH=/home/yyj/my_ws/install/realsense2_camera_msgs/local/lib/python3.10/dist-packages:${PYTHONPATH} /usr/bin/cmake /home/yyj/my_ws/src/realsense-ros/realsense2_camera -DCMAKE_INSTALL_PREFIX=/home/yyj/my_ws/install/realsense2_camera
[28.628s] Invoking command in '/home/yyj/my_ws/build/realsense2_camera': AMENT_PREFIX_PATH=/home/yyj/my_ws/install/realsense2_camera_msgs:${AMENT_PREFIX_PATH} CMAKE_PREFIX_PATH=/home/yyj/my_ws/install/realsense2_camera_msgs:/opt/ros/humble LD_LIBRARY_PATH=/home/yyj/my_ws/install/realsense2_camera_msgs/lib:${LD_LIBRARY_PATH} PYTHONPATH=/home/yyj/my_ws/install/realsense2_camera_msgs/local/lib/python3.10/dist-packages:${PYTHONPATH} /usr/bin/cmake --build /home/yyj/my_ws/build/realsense2_camera -- -j16 -l16
[28.858s] [  4%] [32mBuilding CXX object CMakeFiles/realsense2_camera.dir/src/realsense_node_factory.cpp.o[0m
[56.541s] [  9%] [32mBuilding CXX object CMakeFiles/realsense2_camera.dir/src/ros_param_backend.cpp.o[0m
[61.074s] [ 13%] [32mBuilding CXX object CMakeFiles/realsense2_camera.dir/src/tfs.cpp.o[0m
[61.074s] [ 18%] [32mBuilding CXX object CMakeFiles/realsense2_camera.dir/src/image_publisher.cpp.o[0m
[61.078s] [ 22%] [32mBuilding CXX object CMakeFiles/realsense2_camera.dir/src/profile_manager.cpp.o[0m
[61.079s] [ 27%] [32mBuilding CXX object CMakeFiles/realsense2_camera.dir/src/named_filter.cpp.o[0m
[89.706s] [ 36%] [32mBuilding CXX object CMakeFiles/realsense2_camera.dir/src/dynamic_params.cpp.o[0m
[89.706s] [ 36%] [32mBuilding CXX object CMakeFiles/realsense2_camera.dir/src/sensor_params.cpp.o[0m
[103.302s] [ 40%] [32mBuilding CXX object CMakeFiles/realsense2_camera.dir/src/ros_utils.cpp.o[0m
[109.029s] [ 45%] [32mBuilding CXX object CMakeFiles/realsense2_camera.dir/src/ros_sensor.cpp.o[0m
[109.029s] [ 50%] [32mBuilding CXX object CMakeFiles/realsense2_camera.dir/src/rs_node_setup.cpp.o[0m
[109.030s] [ 54%] [32mBuilding CXX object CMakeFiles/realsense2_camera.dir/src/parameters.cpp.o[0m
[121.696s] [ 59%] [32mBuilding CXX object CMakeFiles/realsense2_camera.dir/src/base_realsense_node.cpp.o[0m
[145.793s] [ 63%] [32m[1mLinking CXX shared library librealsense2_camera.so[0m
[146.864s] [ 63%] Built target realsense2_camera
[146.912s] [ 68%] [32mBuilding CXX object gtest/CMakeFiles/gtest.dir/src/gtest-all.cc.o[0m
[146.914s] [ 72%] [32mBuilding CXX object gtest/CMakeFiles/gtest_main.dir/src/gtest_main.cc.o[0m
[146.915s] [ 77%] [32mBuilding CXX object CMakeFiles/realsense2_camera_node.dir/rclcpp_components/node_main_realsense2_camera_node.cpp.o[0m
[148.903s] [ 81%] [32m[1mLinking CXX static library libgtest_main.a[0m
[149.080s] [ 81%] Built target gtest_main
[157.478s] [ 86%] [32m[1mLinking CXX executable realsense2_camera_node[0m
[157.788s] [ 86%] Built target realsense2_camera_node
[167.461s] [ 90%] [32m[1mLinking CXX static library libgtest.a[0m
[167.601s] [ 90%] Built target gtest
[167.641s] [ 95%] [32mBuilding CXX object CMakeFiles/gtest_template.dir/test/gtest_template.cpp.o[0m
[169.282s] [100%] [32m[1mLinking CXX executable gtest_template[0m
[169.470s] [100%] Built target gtest_template
