[0.095s] Invoking command in '/home/yyj/my_ws/build/odrive_hardware_interface': CMAKE_PREFIX_PATH=/opt/ros/humble /usr/bin/cmake /home/yyj/my_ws/src/odrive_ros2_control/odrive_hardware_interface -DCMAKE_INSTALL_PREFIX=/home/yyj/my_ws/install/odrive_hardware_interface
[3.058s] -- The C compiler identification is GNU 11.4.0
[3.060s] -- The CXX compiler identification is GNU 11.4.0
[3.064s] -- Detecting C compiler ABI info
[3.065s] -- Detecting C compiler ABI info - done
[3.067s] -- Check for working C compiler: /usr/bin/cc - skipped
[3.067s] -- Detecting C compile features
[3.070s] -- Detecting C compile features - done
[3.070s] -- Detecting CXX compiler ABI info
[3.071s] -- Detecting CXX compiler ABI info - done
[3.071s] -- Check for working CXX compiler: /usr/bin/c++ - skipped
[3.071s] -- Detecting CXX compile features
[3.071s] -- Detecting CXX compile features - done
[3.072s] -- Found ament_cmake_auto: 1.3.8 (/opt/ros/humble/share/ament_cmake_auto/cmake)
[3.072s] -- Found Python3: /usr/bin/python3 (found version "3.10.12") found components: Interpreter 
[3.072s] -- Found rosidl_generator_c: 3.1.5 (/opt/ros/humble/share/rosidl_generator_c/cmake)
[3.072s] -- Found rosidl_adapter: 3.1.5 (/opt/ros/humble/share/rosidl_adapter/cmake)
[3.072s] -- Found rosidl_generator_cpp: 3.1.5 (/opt/ros/humble/share/rosidl_generator_cpp/cmake)
[3.072s] -- Using all available rosidl_typesupport_c: rosidl_typesupport_fastrtps_c;rosidl_typesupport_introspection_c
[3.073s] -- Using all available rosidl_typesupport_cpp: rosidl_typesupport_fastrtps_cpp;rosidl_typesupport_introspection_cpp
[3.073s] -- Found rmw_implementation_cmake: 6.1.1 (/opt/ros/humble/share/rmw_implementation_cmake/cmake)
[3.073s] -- Found rmw_fastrtps_cpp: 6.2.6 (/opt/ros/humble/share/rmw_fastrtps_cpp/cmake)
[3.073s] -- Found TinyXML2 via Config file: TinyXML2_DIR-NOTFOUND
[3.164s] -- Found OpenSSL: /usr/lib/x86_64-linux-gnu/libcrypto.so (found version "3.0.2")  
[3.177s] -- Found TinyXML2 via Config file: TinyXML2_DIR-NOTFOUND
[3.239s] -- Found FastRTPS: /opt/ros/humble/include  
[3.282s] -- Found TinyXML2 via Config file: TinyXML2_DIR-NOTFOUND
[3.317s] -- Found TinyXML2 via Config file: TinyXML2_DIR-NOTFOUND
[3.347s] -- Using RMW implementation 'rmw_fastrtps_cpp' as default
[3.386s] -- Looking for pthread.h
[3.631s] -- Looking for pthread.h - found
[3.636s] -- Performing Test CMAKE_HAVE_LIBC_PTHREAD
[3.842s] -- Performing Test CMAKE_HAVE_LIBC_PTHREAD - Success
[3.849s] -- Found Threads: TRUE  
[4.586s] -- Found PkgConfig: /usr/bin/pkg-config (found version "0.29.2") 
[4.589s] -- Checking for one of the modules 'libusb-1.0'
[5.355s] -- Found ament_lint_auto: 0.12.10 (/opt/ros/humble/share/ament_lint_auto/cmake)
[5.446s] -- Added test 'copyright' to check source files copyright and LICENSE
[5.451s] -- Added test 'cppcheck' to perform static code analysis on C / C++ code
[5.452s] -- Configured cppcheck include dirs: /home/yyj/my_ws/src/odrive_ros2_control/odrive_hardware_interface/include
[5.452s] -- Configured cppcheck exclude dirs and/or files: 
[5.455s] -- Added test 'cpplint' to check C / C++ code against the Google style
[5.456s] -- Configured cpplint exclude dirs and/or files: 
[5.458s] -- Added test 'lint_cmake' to check CMake code style
[5.461s] -- Added test 'uncrustify' to check C / C++ code style
[5.461s] -- Configured uncrustify additional arguments: 
[5.463s] -- Added test 'xmllint' to check XML markup files
[5.472s] -- Configuring done
[5.707s] -- Generating done
[5.713s] -- Build files have been written to: /home/yyj/my_ws/build/odrive_hardware_interface
[5.774s] Invoked command in '/home/yyj/my_ws/build/odrive_hardware_interface' returned '0': CMAKE_PREFIX_PATH=/opt/ros/humble /usr/bin/cmake /home/yyj/my_ws/src/odrive_ros2_control/odrive_hardware_interface -DCMAKE_INSTALL_PREFIX=/home/yyj/my_ws/install/odrive_hardware_interface
[5.783s] Invoking command in '/home/yyj/my_ws/build/odrive_hardware_interface': CMAKE_PREFIX_PATH=/opt/ros/humble /usr/bin/cmake --build /home/yyj/my_ws/build/odrive_hardware_interface -- -j16 -l16
[6.325s] [ 25%] [32mBuilding CXX object CMakeFiles/odrive_usb.dir/src/odrive_usb.cpp.o[0m
[8.421s] [ 50%] [32m[1mLinking CXX shared library libodrive_usb.so[0m
[9.754s] [ 50%] Built target odrive_usb
[10.057s] [ 75%] [32mBuilding CXX object CMakeFiles/odrive_hardware_interface.dir/src/odrive_hardware_interface.cpp.o[0m
[27.416s] [100%] [32m[1mLinking CXX shared library libodrive_hardware_interface.so[0m
[28.259s] [100%] Built target odrive_hardware_interface
[28.299s] Invoked command in '/home/yyj/my_ws/build/odrive_hardware_interface' returned '0': CMAKE_PREFIX_PATH=/opt/ros/humble /usr/bin/cmake --build /home/yyj/my_ws/build/odrive_hardware_interface -- -j16 -l16
[28.413s] Invoking command in '/home/yyj/my_ws/build/odrive_hardware_interface': CMAKE_PREFIX_PATH=/opt/ros/humble /usr/bin/cmake --install /home/yyj/my_ws/build/odrive_hardware_interface
[28.438s] -- Install configuration: ""
[28.438s] -- Installing: /home/yyj/my_ws/install/odrive_hardware_interface/share/odrive_hardware_interface/odrive_hardware_interface.xml
[28.441s] -- Installing: /home/yyj/my_ws/install/odrive_hardware_interface/include
[28.441s] -- Installing: /home/yyj/my_ws/install/odrive_hardware_interface/include/odrive_hardware_interface
[28.442s] -- Installing: /home/yyj/my_ws/install/odrive_hardware_interface/include/odrive_hardware_interface/odrive_usb.hpp
[28.442s] -- Installing: /home/yyj/my_ws/install/odrive_hardware_interface/include/odrive_hardware_interface/odrive_hardware_interface.hpp
[28.442s] -- Installing: /home/yyj/my_ws/install/odrive_hardware_interface/include/odrive_hardware_interface/visibility_control.hpp
[28.443s] -- Installing: /home/yyj/my_ws/install/odrive_hardware_interface/include/odrive_hardware_interface/odrive_endpoints.hpp
[28.444s] -- Installing: /home/yyj/my_ws/install/odrive_hardware_interface/share/odrive_hardware_interface/environment/library_path.sh
[28.444s] -- Installing: /home/yyj/my_ws/install/odrive_hardware_interface/share/odrive_hardware_interface/environment/library_path.dsv
[28.445s] -- Installing: /home/yyj/my_ws/install/odrive_hardware_interface/lib/libodrive_usb.so
[28.447s] -- Set runtime path of "/home/yyj/my_ws/install/odrive_hardware_interface/lib/libodrive_usb.so" to ""
[28.448s] -- Installing: /home/yyj/my_ws/install/odrive_hardware_interface/lib/libodrive_hardware_interface.so
[28.453s] -- Set runtime path of "/home/yyj/my_ws/install/odrive_hardware_interface/lib/libodrive_hardware_interface.so" to ""
[28.454s] -- Installing: /home/yyj/my_ws/install/odrive_hardware_interface/share/ament_index/resource_index/package_run_dependencies/odrive_hardware_interface
[28.455s] -- Installing: /home/yyj/my_ws/install/odrive_hardware_interface/share/ament_index/resource_index/parent_prefix_path/odrive_hardware_interface
[28.456s] -- Installing: /home/yyj/my_ws/install/odrive_hardware_interface/share/odrive_hardware_interface/environment/ament_prefix_path.sh
[28.457s] -- Installing: /home/yyj/my_ws/install/odrive_hardware_interface/share/odrive_hardware_interface/environment/ament_prefix_path.dsv
[28.458s] -- Installing: /home/yyj/my_ws/install/odrive_hardware_interface/share/odrive_hardware_interface/environment/path.sh
[28.459s] -- Installing: /home/yyj/my_ws/install/odrive_hardware_interface/share/odrive_hardware_interface/environment/path.dsv
[28.460s] -- Installing: /home/yyj/my_ws/install/odrive_hardware_interface/share/odrive_hardware_interface/local_setup.bash
[28.461s] -- Installing: /home/yyj/my_ws/install/odrive_hardware_interface/share/odrive_hardware_interface/local_setup.sh
[28.461s] -- Installing: /home/yyj/my_ws/install/odrive_hardware_interface/share/odrive_hardware_interface/local_setup.zsh
[28.462s] -- Installing: /home/yyj/my_ws/install/odrive_hardware_interface/share/odrive_hardware_interface/local_setup.dsv
[28.464s] -- Installing: /home/yyj/my_ws/install/odrive_hardware_interface/share/odrive_hardware_interface/package.dsv
[28.465s] -- Installing: /home/yyj/my_ws/install/odrive_hardware_interface/share/ament_index/resource_index/packages/odrive_hardware_interface
[28.466s] -- Installing: /home/yyj/my_ws/install/odrive_hardware_interface/share/ament_index/resource_index/hardware_interface__pluginlib__plugin/odrive_hardware_interface
[28.467s] -- Installing: /home/yyj/my_ws/install/odrive_hardware_interface/share/odrive_hardware_interface/cmake/ament_cmake_export_dependencies-extras.cmake
[28.468s] -- Installing: /home/yyj/my_ws/install/odrive_hardware_interface/share/odrive_hardware_interface/cmake/ament_cmake_export_include_directories-extras.cmake
[28.469s] -- Installing: /home/yyj/my_ws/install/odrive_hardware_interface/share/odrive_hardware_interface/cmake/ament_cmake_export_libraries-extras.cmake
[28.470s] -- Installing: /home/yyj/my_ws/install/odrive_hardware_interface/share/odrive_hardware_interface/cmake/odrive_hardware_interfaceConfig.cmake
[28.471s] -- Installing: /home/yyj/my_ws/install/odrive_hardware_interface/share/odrive_hardware_interface/cmake/odrive_hardware_interfaceConfig-version.cmake
[28.472s] -- Installing: /home/yyj/my_ws/install/odrive_hardware_interface/share/odrive_hardware_interface/package.xml
[28.479s] Invoked command in '/home/yyj/my_ws/build/odrive_hardware_interface' returned '0': CMAKE_PREFIX_PATH=/opt/ros/humble /usr/bin/cmake --install /home/yyj/my_ws/build/odrive_hardware_interface
