[4.699s] Invoking command in '/home/yyj/my_ws/src/ros2_aruco/ros2_aruco': PYTHONPATH=/home/yyj/my_ws/build/ros2_aruco/prefix_override:/home/yyj/my_ws/install/ros2_aruco/lib/python3.10/site-packages:${PYTHONPATH} /usr/bin/python3 -W ignore:setup.py install is deprecated setup.py egg_info --egg-base ../../../build/ros2_aruco build --build-base /home/yyj/my_ws/build/ros2_aruco/build install --record /home/yyj/my_ws/build/ros2_aruco/install.log --single-version-externally-managed install_data
[5.514s] running egg_info
[5.515s] writing ../../../build/ros2_aruco/ros2_aruco.egg-info/PKG-INFO
[5.515s] writing dependency_links to ../../../build/ros2_aruco/ros2_aruco.egg-info/dependency_links.txt
[5.515s] writing entry points to ../../../build/ros2_aruco/ros2_aruco.egg-info/entry_points.txt
[5.515s] writing requirements to ../../../build/ros2_aruco/ros2_aruco.egg-info/requires.txt
[5.516s] writing top-level names to ../../../build/ros2_aruco/ros2_aruco.egg-info/top_level.txt
[5.517s] reading manifest file '../../../build/ros2_aruco/ros2_aruco.egg-info/SOURCES.txt'
[5.518s] writing manifest file '../../../build/ros2_aruco/ros2_aruco.egg-info/SOURCES.txt'
[5.519s] running build
[5.519s] running build_py
[5.519s] running install
[5.519s] running install_lib
[5.520s] running install_data
[5.520s] running install_egg_info
[5.521s] removing '/home/yyj/my_ws/install/ros2_aruco/lib/python3.10/site-packages/ros2_aruco-0.1.0-py3.10.egg-info' (and everything under it)
[5.521s] Copying ../../../build/ros2_aruco/ros2_aruco.egg-info to /home/yyj/my_ws/install/ros2_aruco/lib/python3.10/site-packages/ros2_aruco-0.1.0-py3.10.egg-info
[5.521s] running install_scripts
[5.543s] Installing aruco_generate_marker script to /home/yyj/my_ws/install/ros2_aruco/lib/ros2_aruco
[5.543s] Installing aruco_node script to /home/yyj/my_ws/install/ros2_aruco/lib/ros2_aruco
[5.544s] writing list of installed files to '/home/yyj/my_ws/build/ros2_aruco/install.log'
[5.685s] Invoked command in '/home/yyj/my_ws/src/ros2_aruco/ros2_aruco' returned '0': PYTHONPATH=/home/yyj/my_ws/build/ros2_aruco/prefix_override:/home/yyj/my_ws/install/ros2_aruco/lib/python3.10/site-packages:${PYTHONPATH} /usr/bin/python3 -W ignore:setup.py install is deprecated setup.py egg_info --egg-base ../../../build/ros2_aruco build --build-base /home/yyj/my_ws/build/ros2_aruco/build install --record /home/yyj/my_ws/build/ros2_aruco/install.log --single-version-externally-managed install_data
