[2.169s] Invoking command in '/home/yyj/my_ws/build/ydlidar_ros2_driver': CMAKE_PREFIX_PATH=${CMAKE_PREFIX_PATH}:/home/yyj/my_ws/install/ros2_aruco:/home/yyj/my_ws/install/open_action_server:/home/yyj/my_ws/install/my_tf2_package:/home/yyj/my_ws/install/my_docking:/home/yyj/my_ws/install/my_aruco_to_goal_pose_pkg:/opt/ros/humble /usr/bin/cmake --build /home/yyj/my_ws/build/ydlidar_ros2_driver -- -j16 -l16
[2.460s] [ 50%] Built target ydlidar_ros2_driver_client
[2.468s] [100%] Built target ydlidar_ros2_driver_node
[2.624s] Invoked command in '/home/yyj/my_ws/build/ydlidar_ros2_driver' returned '0': CMAKE_PREFIX_PATH=${CMAKE_PREFIX_PATH}:/home/yyj/my_ws/install/ros2_aruco:/home/yyj/my_ws/install/open_action_server:/home/yyj/my_ws/install/my_tf2_package:/home/yyj/my_ws/install/my_docking:/home/yyj/my_ws/install/my_aruco_to_goal_pose_pkg:/opt/ros/humble /usr/bin/cmake --build /home/yyj/my_ws/build/ydlidar_ros2_driver -- -j16 -l16
[2.812s] Invoking command in '/home/yyj/my_ws/build/ydlidar_ros2_driver': CMAKE_PREFIX_PATH=${CMAKE_PREFIX_PATH}:/home/yyj/my_ws/install/ros2_aruco:/home/yyj/my_ws/install/open_action_server:/home/yyj/my_ws/install/my_tf2_package:/home/yyj/my_ws/install/my_docking:/home/yyj/my_ws/install/my_aruco_to_goal_pose_pkg:/opt/ros/humble /usr/bin/cmake --install /home/yyj/my_ws/build/ydlidar_ros2_driver
[2.854s] -- Install configuration: ""
[2.859s] -- Up-to-date: /home/yyj/my_ws/install/ydlidar_ros2_driver/lib/ydlidar_ros2_driver/ydlidar_ros2_driver_node
[2.864s] -- Up-to-date: /home/yyj/my_ws/install/ydlidar_ros2_driver/lib/ydlidar_ros2_driver/ydlidar_ros2_driver_client
[2.864s] -- Up-to-date: /home/yyj/my_ws/install/ydlidar_ros2_driver/share/ydlidar_ros2_driver/launch
[2.864s] -- Up-to-date: /home/yyj/my_ws/install/ydlidar_ros2_driver/share/ydlidar_ros2_driver/launch/ydlidar_launch_view.py
[2.865s] -- Up-to-date: /home/yyj/my_ws/install/ydlidar_ros2_driver/share/ydlidar_ros2_driver/launch/ydlidar_launch.py
[2.866s] -- Up-to-date: /home/yyj/my_ws/install/ydlidar_ros2_driver/share/ydlidar_ros2_driver/launch/ydlidar.py
[2.866s] -- Up-to-date: /home/yyj/my_ws/install/ydlidar_ros2_driver/share/ydlidar_ros2_driver/params
[2.866s] -- Up-to-date: /home/yyj/my_ws/install/ydlidar_ros2_driver/share/ydlidar_ros2_driver/params/ydlidar.yaml
[2.866s] -- Up-to-date: /home/yyj/my_ws/install/ydlidar_ros2_driver/share/ydlidar_ros2_driver/params/G1.yaml
[2.866s] -- Up-to-date: /home/yyj/my_ws/install/ydlidar_ros2_driver/share/ydlidar_ros2_driver/params/TminiPro.yaml
[2.867s] -- Up-to-date: /home/yyj/my_ws/install/ydlidar_ros2_driver/share/ydlidar_ros2_driver/params/TG.yaml
[2.867s] -- Up-to-date: /home/yyj/my_ws/install/ydlidar_ros2_driver/share/ydlidar_ros2_driver/params/X2.yaml
[2.867s] -- Up-to-date: /home/yyj/my_ws/install/ydlidar_ros2_driver/share/ydlidar_ros2_driver/params/X4-Pro.yaml
[2.868s] -- Up-to-date: /home/yyj/my_ws/install/ydlidar_ros2_driver/share/ydlidar_ros2_driver/params/X4.yaml
[2.868s] -- Up-to-date: /home/yyj/my_ws/install/ydlidar_ros2_driver/share/ydlidar_ros2_driver/params/G2.yaml
[2.868s] -- Up-to-date: /home/yyj/my_ws/install/ydlidar_ros2_driver/share/ydlidar_ros2_driver/params/G6.yaml
[2.868s] -- Up-to-date: /home/yyj/my_ws/install/ydlidar_ros2_driver/share/ydlidar_ros2_driver/startup
[2.869s] -- Up-to-date: /home/yyj/my_ws/install/ydlidar_ros2_driver/share/ydlidar_ros2_driver/startup/initenv.sh
[2.869s] -- Up-to-date: /home/yyj/my_ws/install/ydlidar_ros2_driver/share/ydlidar_ros2_driver/config
[2.869s] -- Up-to-date: /home/yyj/my_ws/install/ydlidar_ros2_driver/share/ydlidar_ros2_driver/config/ydlidar.rviz
[2.869s] -- Up-to-date: /home/yyj/my_ws/install/ydlidar_ros2_driver/share/ament_index/resource_index/package_run_dependencies/ydlidar_ros2_driver
[2.869s] -- Up-to-date: /home/yyj/my_ws/install/ydlidar_ros2_driver/share/ament_index/resource_index/parent_prefix_path/ydlidar_ros2_driver
[2.870s] -- Up-to-date: /home/yyj/my_ws/install/ydlidar_ros2_driver/share/ydlidar_ros2_driver/environment/ament_prefix_path.sh
[2.870s] -- Up-to-date: /home/yyj/my_ws/install/ydlidar_ros2_driver/share/ydlidar_ros2_driver/environment/ament_prefix_path.dsv
[2.870s] -- Up-to-date: /home/yyj/my_ws/install/ydlidar_ros2_driver/share/ydlidar_ros2_driver/environment/path.sh
[2.870s] -- Up-to-date: /home/yyj/my_ws/install/ydlidar_ros2_driver/share/ydlidar_ros2_driver/environment/path.dsv
[2.870s] -- Up-to-date: /home/yyj/my_ws/install/ydlidar_ros2_driver/share/ydlidar_ros2_driver/local_setup.bash
[2.870s] -- Up-to-date: /home/yyj/my_ws/install/ydlidar_ros2_driver/share/ydlidar_ros2_driver/local_setup.sh
[2.871s] -- Up-to-date: /home/yyj/my_ws/install/ydlidar_ros2_driver/share/ydlidar_ros2_driver/local_setup.zsh
[2.871s] -- Up-to-date: /home/yyj/my_ws/install/ydlidar_ros2_driver/share/ydlidar_ros2_driver/local_setup.dsv
[2.871s] -- Installing: /home/yyj/my_ws/install/ydlidar_ros2_driver/share/ydlidar_ros2_driver/package.dsv
[2.871s] -- Up-to-date: /home/yyj/my_ws/install/ydlidar_ros2_driver/share/ament_index/resource_index/packages/ydlidar_ros2_driver
[2.871s] -- Up-to-date: /home/yyj/my_ws/install/ydlidar_ros2_driver/share/ydlidar_ros2_driver/cmake/ydlidar_ros2_driverConfig.cmake
[2.872s] -- Up-to-date: /home/yyj/my_ws/install/ydlidar_ros2_driver/share/ydlidar_ros2_driver/cmake/ydlidar_ros2_driverConfig-version.cmake
[2.872s] -- Up-to-date: /home/yyj/my_ws/install/ydlidar_ros2_driver/share/ydlidar_ros2_driver/package.xml
[2.912s] Invoked command in '/home/yyj/my_ws/build/ydlidar_ros2_driver' returned '0': CMAKE_PREFIX_PATH=${CMAKE_PREFIX_PATH}:/home/yyj/my_ws/install/ros2_aruco:/home/yyj/my_ws/install/open_action_server:/home/yyj/my_ws/install/my_tf2_package:/home/yyj/my_ws/install/my_docking:/home/yyj/my_ws/install/my_aruco_to_goal_pose_pkg:/opt/ros/humble /usr/bin/cmake --install /home/yyj/my_ws/build/ydlidar_ros2_driver
