[2.109s] Invoking command in '/home/yyj/my_ws/src/my_docking': PYTHONPATH=/home/yyj/my_ws/build/my_docking/prefix_override:/home/yyj/my_ws/install/my_docking/lib/python3.10/site-packages:${PYTHONPATH} /usr/bin/python3 -W ignore:setup.py install is deprecated setup.py egg_info --egg-base ../../build/my_docking build --build-base /home/yyj/my_ws/build/my_docking/build install --record /home/yyj/my_ws/build/my_docking/install.log --single-version-externally-managed install_data
[2.420s] running egg_info
[2.421s] writing ../../build/my_docking/my_docking.egg-info/PKG-INFO
[2.421s] writing dependency_links to ../../build/my_docking/my_docking.egg-info/dependency_links.txt
[2.421s] writing entry points to ../../build/my_docking/my_docking.egg-info/entry_points.txt
[2.421s] writing requirements to ../../build/my_docking/my_docking.egg-info/requires.txt
[2.421s] writing top-level names to ../../build/my_docking/my_docking.egg-info/top_level.txt
[2.427s] reading manifest file '../../build/my_docking/my_docking.egg-info/SOURCES.txt'
[2.429s] writing manifest file '../../build/my_docking/my_docking.egg-info/SOURCES.txt'
[2.429s] running build
[2.429s] running build_py
[2.430s] running install
[2.431s] running install_lib
[2.432s] running install_data
[2.432s] running install_egg_info
[2.434s] removing '/home/yyj/my_ws/install/my_docking/lib/python3.10/site-packages/my_docking-0.0.0-py3.10.egg-info' (and everything under it)
[2.434s] Copying ../../build/my_docking/my_docking.egg-info to /home/yyj/my_ws/install/my_docking/lib/python3.10/site-packages/my_docking-0.0.0-py3.10.egg-info
[2.434s] running install_scripts
[2.466s] Installing docking script to /home/yyj/my_ws/install/my_docking/lib/my_docking
[2.466s] writing list of installed files to '/home/yyj/my_ws/build/my_docking/install.log'
[2.524s] Invoked command in '/home/yyj/my_ws/src/my_docking' returned '0': PYTHONPATH=/home/yyj/my_ws/build/my_docking/prefix_override:/home/yyj/my_ws/install/my_docking/lib/python3.10/site-packages:${PYTHONPATH} /usr/bin/python3 -W ignore:setup.py install is deprecated setup.py egg_info --egg-base ../../build/my_docking build --build-base /home/yyj/my_ws/build/my_docking/build install --record /home/yyj/my_ws/build/my_docking/install.log --single-version-externally-managed install_data
