[0.179s] Invoking command in '/home/yyj/my_ws/build/my_action_interface': CMAKE_PREFIX_PATH=${CMAKE_PREFIX_PATH}:/home/yyj/my_ws/install/ros2_aruco:/home/yyj/my_ws/install/open_action_server:/home/yyj/my_ws/install/my_tf2_package:/home/yyj/my_ws/install/my_docking:/home/yyj/my_ws/install/my_aruco_to_goal_pose_pkg:/opt/ros/humble /usr/bin/cmake --build /home/yyj/my_ws/build/my_action_interface -- -j16 -l16
[2.439s] [  2%] Built target my_action_interface__cpp
[2.441s] [ 12%] Built target my_action_interface__rosidl_generator_c
[2.442s] [ 12%] Built target ament_cmake_python_copy_my_action_interface
[2.442s] [ 23%] Built target my_action_interface__rosidl_typesupport_fastrtps_cpp
[2.443s] [ 33%] Built target my_action_interface__rosidl_typesupport_introspection_cpp
[2.444s] [ 53%] Built target my_action_interface__rosidl_typesupport_cpp
[2.444s] [ 53%] Built target my_action_interface__rosidl_typesupport_introspection_c
[2.445s] [ 64%] Built target my_action_interface__rosidl_typesupport_c
[2.446s] [ 74%] Built target my_action_interface__rosidl_typesupport_fastrtps_c
[2.447s] [ 74%] Built target my_action_interface
[2.448s] [ 76%] Built target my_action_interface__py
[2.449s] [ 84%] Built target my_action_interface__rosidl_generator_py
[2.450s] [ 89%] Built target my_action_interface__rosidl_typesupport_fastrtps_c__pyext
[2.450s] [ 97%] Built target my_action_interface__rosidl_typesupport_introspection_c__pyext
[2.451s] [100%] Built target my_action_interface__rosidl_typesupport_c__pyext
[2.453s] running egg_info
[2.455s] writing my_action_interface.egg-info/PKG-INFO
[2.457s] writing dependency_links to my_action_interface.egg-info/dependency_links.txt
[2.457s] writing top-level names to my_action_interface.egg-info/top_level.txt
[2.457s] reading manifest file 'my_action_interface.egg-info/SOURCES.txt'
[2.458s] writing manifest file 'my_action_interface.egg-info/SOURCES.txt'
[2.458s] [100%] Built target ament_cmake_python_build_my_action_interface_egg
[2.472s] Invoked command in '/home/yyj/my_ws/build/my_action_interface' returned '0': CMAKE_PREFIX_PATH=${CMAKE_PREFIX_PATH}:/home/yyj/my_ws/install/ros2_aruco:/home/yyj/my_ws/install/open_action_server:/home/yyj/my_ws/install/my_tf2_package:/home/yyj/my_ws/install/my_docking:/home/yyj/my_ws/install/my_aruco_to_goal_pose_pkg:/opt/ros/humble /usr/bin/cmake --build /home/yyj/my_ws/build/my_action_interface -- -j16 -l16
[3.180s] Invoking command in '/home/yyj/my_ws/build/my_action_interface': CMAKE_PREFIX_PATH=${CMAKE_PREFIX_PATH}:/home/yyj/my_ws/install/ros2_aruco:/home/yyj/my_ws/install/open_action_server:/home/yyj/my_ws/install/my_tf2_package:/home/yyj/my_ws/install/my_docking:/home/yyj/my_ws/install/my_aruco_to_goal_pose_pkg:/opt/ros/humble /usr/bin/cmake --install /home/yyj/my_ws/build/my_action_interface
[3.253s] -- Install configuration: ""
[3.253s] -- Up-to-date: /home/yyj/my_ws/install/my_action_interface/share/ament_index/resource_index/rosidl_interfaces/my_action_interface
[3.254s] -- Up-to-date: /home/yyj/my_ws/install/my_action_interface/include/my_action_interface/my_action_interface
[3.254s] -- Up-to-date: /home/yyj/my_ws/install/my_action_interface/include/my_action_interface/my_action_interface/action
[3.254s] -- Up-to-date: /home/yyj/my_ws/install/my_action_interface/include/my_action_interface/my_action_interface/action/detail
[3.254s] -- Up-to-date: /home/yyj/my_ws/install/my_action_interface/include/my_action_interface/my_action_interface/action/detail/open__functions.c
[3.254s] -- Up-to-date: /home/yyj/my_ws/install/my_action_interface/include/my_action_interface/my_action_interface/action/detail/docking_two__type_support.h
[3.255s] -- Up-to-date: /home/yyj/my_ws/install/my_action_interface/include/my_action_interface/my_action_interface/action/detail/docking_two__functions.h
[3.255s] -- Up-to-date: /home/yyj/my_ws/install/my_action_interface/include/my_action_interface/my_action_interface/action/detail/open__functions.h
[3.255s] -- Up-to-date: /home/yyj/my_ws/install/my_action_interface/include/my_action_interface/my_action_interface/action/detail/docking_two__functions.c
[3.255s] -- Up-to-date: /home/yyj/my_ws/install/my_action_interface/include/my_action_interface/my_action_interface/action/detail/open__type_support.h
[3.255s] -- Up-to-date: /home/yyj/my_ws/install/my_action_interface/include/my_action_interface/my_action_interface/action/detail/docking_two__struct.h
[3.255s] -- Up-to-date: /home/yyj/my_ws/install/my_action_interface/include/my_action_interface/my_action_interface/action/detail/open__struct.h
[3.256s] -- Up-to-date: /home/yyj/my_ws/install/my_action_interface/include/my_action_interface/my_action_interface/action/open.h
[3.256s] -- Up-to-date: /home/yyj/my_ws/install/my_action_interface/include/my_action_interface/my_action_interface/action/docking_two.h
[3.256s] -- Up-to-date: /home/yyj/my_ws/install/my_action_interface/include/my_action_interface/my_action_interface/msg
[3.256s] -- Up-to-date: /home/yyj/my_ws/install/my_action_interface/include/my_action_interface/my_action_interface/msg/rosidl_generator_c__visibility_control.h
[3.256s] -- Up-to-date: /home/yyj/my_ws/install/my_action_interface/share/my_action_interface/environment/library_path.sh
[3.261s] -- Up-to-date: /home/yyj/my_ws/install/my_action_interface/share/my_action_interface/environment/library_path.dsv
[3.261s] -- Up-to-date: /home/yyj/my_ws/install/my_action_interface/lib/libmy_action_interface__rosidl_generator_c.so
[3.269s] -- Up-to-date: /home/yyj/my_ws/install/my_action_interface/include/my_action_interface/my_action_interface
[3.269s] -- Up-to-date: /home/yyj/my_ws/install/my_action_interface/include/my_action_interface/my_action_interface/action
[3.270s] -- Up-to-date: /home/yyj/my_ws/install/my_action_interface/include/my_action_interface/my_action_interface/action/detail
[3.270s] -- Up-to-date: /home/yyj/my_ws/install/my_action_interface/include/my_action_interface/my_action_interface/action/detail/docking_two__rosidl_typesupport_fastrtps_c.h
[3.270s] -- Up-to-date: /home/yyj/my_ws/install/my_action_interface/include/my_action_interface/my_action_interface/action/detail/open__rosidl_typesupport_fastrtps_c.h
[3.270s] -- Up-to-date: /home/yyj/my_ws/install/my_action_interface/include/my_action_interface/my_action_interface/msg
[3.271s] -- Up-to-date: /home/yyj/my_ws/install/my_action_interface/include/my_action_interface/my_action_interface/msg/rosidl_typesupport_fastrtps_c__visibility_control.h
[3.271s] -- Up-to-date: /home/yyj/my_ws/install/my_action_interface/lib/libmy_action_interface__rosidl_typesupport_fastrtps_c.so
[3.271s] -- Up-to-date: /home/yyj/my_ws/install/my_action_interface/include/my_action_interface/my_action_interface
[3.271s] -- Up-to-date: /home/yyj/my_ws/install/my_action_interface/include/my_action_interface/my_action_interface/action
[3.271s] -- Up-to-date: /home/yyj/my_ws/install/my_action_interface/include/my_action_interface/my_action_interface/action/detail
[3.272s] -- Up-to-date: /home/yyj/my_ws/install/my_action_interface/include/my_action_interface/my_action_interface/action/detail/docking_two__rosidl_typesupport_introspection_c.h
[3.272s] -- Up-to-date: /home/yyj/my_ws/install/my_action_interface/include/my_action_interface/my_action_interface/action/detail/open__rosidl_typesupport_introspection_c.h
[3.272s] -- Up-to-date: /home/yyj/my_ws/install/my_action_interface/include/my_action_interface/my_action_interface/action/detail/open__type_support.c
[3.272s] -- Up-to-date: /home/yyj/my_ws/install/my_action_interface/include/my_action_interface/my_action_interface/action/detail/docking_two__type_support.c
[3.272s] -- Up-to-date: /home/yyj/my_ws/install/my_action_interface/include/my_action_interface/my_action_interface/msg
[3.288s] -- Up-to-date: /home/yyj/my_ws/install/my_action_interface/include/my_action_interface/my_action_interface/msg/rosidl_typesupport_introspection_c__visibility_control.h
[3.288s] -- Up-to-date: /home/yyj/my_ws/install/my_action_interface/lib/libmy_action_interface__rosidl_typesupport_introspection_c.so
[3.288s] -- Up-to-date: /home/yyj/my_ws/install/my_action_interface/lib/libmy_action_interface__rosidl_typesupport_c.so
[3.290s] -- Up-to-date: /home/yyj/my_ws/install/my_action_interface/include/my_action_interface/my_action_interface
[3.290s] -- Up-to-date: /home/yyj/my_ws/install/my_action_interface/include/my_action_interface/my_action_interface/action
[3.290s] -- Up-to-date: /home/yyj/my_ws/install/my_action_interface/include/my_action_interface/my_action_interface/action/docking_two.hpp
[3.291s] -- Up-to-date: /home/yyj/my_ws/install/my_action_interface/include/my_action_interface/my_action_interface/action/detail
[3.291s] -- Up-to-date: /home/yyj/my_ws/install/my_action_interface/include/my_action_interface/my_action_interface/action/detail/docking_two__builder.hpp
[3.291s] -- Up-to-date: /home/yyj/my_ws/install/my_action_interface/include/my_action_interface/my_action_interface/action/detail/open__builder.hpp
[3.297s] -- Up-to-date: /home/yyj/my_ws/install/my_action_interface/include/my_action_interface/my_action_interface/action/detail/docking_two__struct.hpp
[3.304s] -- Up-to-date: /home/yyj/my_ws/install/my_action_interface/include/my_action_interface/my_action_interface/action/detail/open__struct.hpp
[3.304s] -- Up-to-date: /home/yyj/my_ws/install/my_action_interface/include/my_action_interface/my_action_interface/action/detail/open__traits.hpp
[3.307s] -- Up-to-date: /home/yyj/my_ws/install/my_action_interface/include/my_action_interface/my_action_interface/action/detail/docking_two__traits.hpp
[3.308s] -- Up-to-date: /home/yyj/my_ws/install/my_action_interface/include/my_action_interface/my_action_interface/action/open.hpp
[3.318s] -- Up-to-date: /home/yyj/my_ws/install/my_action_interface/include/my_action_interface/my_action_interface
[3.320s] -- Up-to-date: /home/yyj/my_ws/install/my_action_interface/include/my_action_interface/my_action_interface/action
[3.326s] -- Up-to-date: /home/yyj/my_ws/install/my_action_interface/include/my_action_interface/my_action_interface/action/detail
[3.327s] -- Up-to-date: /home/yyj/my_ws/install/my_action_interface/include/my_action_interface/my_action_interface/action/detail/dds_fastrtps
[3.328s] -- Up-to-date: /home/yyj/my_ws/install/my_action_interface/include/my_action_interface/my_action_interface/action/detail/docking_two__rosidl_typesupport_fastrtps_cpp.hpp
[3.328s] -- Up-to-date: /home/yyj/my_ws/install/my_action_interface/include/my_action_interface/my_action_interface/action/detail/open__rosidl_typesupport_fastrtps_cpp.hpp
[3.328s] -- Up-to-date: /home/yyj/my_ws/install/my_action_interface/include/my_action_interface/my_action_interface/msg
[3.329s] -- Up-to-date: /home/yyj/my_ws/install/my_action_interface/include/my_action_interface/my_action_interface/msg/rosidl_typesupport_fastrtps_cpp__visibility_control.h
[3.329s] -- Up-to-date: /home/yyj/my_ws/install/my_action_interface/lib/libmy_action_interface__rosidl_typesupport_fastrtps_cpp.so
[3.329s] -- Up-to-date: /home/yyj/my_ws/install/my_action_interface/include/my_action_interface/my_action_interface
[3.330s] -- Up-to-date: /home/yyj/my_ws/install/my_action_interface/include/my_action_interface/my_action_interface/action
[3.330s] -- Up-to-date: /home/yyj/my_ws/install/my_action_interface/include/my_action_interface/my_action_interface/action/detail
[3.330s] -- Up-to-date: /home/yyj/my_ws/install/my_action_interface/include/my_action_interface/my_action_interface/action/detail/docking_two__type_support.cpp
[3.331s] -- Up-to-date: /home/yyj/my_ws/install/my_action_interface/include/my_action_interface/my_action_interface/action/detail/docking_two__rosidl_typesupport_introspection_cpp.hpp
[3.331s] -- Up-to-date: /home/yyj/my_ws/install/my_action_interface/include/my_action_interface/my_action_interface/action/detail/open__rosidl_typesupport_introspection_cpp.hpp
[3.331s] -- Up-to-date: /home/yyj/my_ws/install/my_action_interface/include/my_action_interface/my_action_interface/action/detail/open__type_support.cpp
[3.332s] -- Up-to-date: /home/yyj/my_ws/install/my_action_interface/lib/libmy_action_interface__rosidl_typesupport_introspection_cpp.so
[3.332s] -- Up-to-date: /home/yyj/my_ws/install/my_action_interface/lib/libmy_action_interface__rosidl_typesupport_cpp.so
[3.332s] -- Up-to-date: /home/yyj/my_ws/install/my_action_interface/share/my_action_interface/environment/pythonpath.sh
[3.333s] -- Up-to-date: /home/yyj/my_ws/install/my_action_interface/share/my_action_interface/environment/pythonpath.dsv
[3.333s] -- Up-to-date: /home/yyj/my_ws/install/my_action_interface/local/lib/python3.10/dist-packages/my_action_interface-0.0.0-py3.10.egg-info
[3.333s] -- Installing: /home/yyj/my_ws/install/my_action_interface/local/lib/python3.10/dist-packages/my_action_interface-0.0.0-py3.10.egg-info/SOURCES.txt
[3.350s] -- Installing: /home/yyj/my_ws/install/my_action_interface/local/lib/python3.10/dist-packages/my_action_interface-0.0.0-py3.10.egg-info/top_level.txt
[3.350s] -- Installing: /home/yyj/my_ws/install/my_action_interface/local/lib/python3.10/dist-packages/my_action_interface-0.0.0-py3.10.egg-info/dependency_links.txt
[3.351s] -- Installing: /home/yyj/my_ws/install/my_action_interface/local/lib/python3.10/dist-packages/my_action_interface-0.0.0-py3.10.egg-info/PKG-INFO
[3.351s] -- Up-to-date: /home/yyj/my_ws/install/my_action_interface/local/lib/python3.10/dist-packages/my_action_interface
[3.351s] -- Up-to-date: /home/yyj/my_ws/install/my_action_interface/local/lib/python3.10/dist-packages/my_action_interface/action
[3.352s] -- Up-to-date: /home/yyj/my_ws/install/my_action_interface/local/lib/python3.10/dist-packages/my_action_interface/action/_open_s.c
[3.352s] -- Up-to-date: /home/yyj/my_ws/install/my_action_interface/local/lib/python3.10/dist-packages/my_action_interface/action/__init__.py
[3.352s] -- Up-to-date: /home/yyj/my_ws/install/my_action_interface/local/lib/python3.10/dist-packages/my_action_interface/action/_open.py
[3.356s] -- Up-to-date: /home/yyj/my_ws/install/my_action_interface/local/lib/python3.10/dist-packages/my_action_interface/action/_docking_two.py
[3.356s] -- Up-to-date: /home/yyj/my_ws/install/my_action_interface/local/lib/python3.10/dist-packages/my_action_interface/action/_docking_two_s.c
[3.357s] -- Up-to-date: /home/yyj/my_ws/install/my_action_interface/local/lib/python3.10/dist-packages/my_action_interface/my_action_interface_s__rosidl_typesupport_introspection_c.cpython-310-x86_64-linux-gnu.so
[3.357s] -- Up-to-date: /home/yyj/my_ws/install/my_action_interface/local/lib/python3.10/dist-packages/my_action_interface/_my_action_interface_s.ep.rosidl_typesupport_c.c
[3.357s] -- Up-to-date: /home/yyj/my_ws/install/my_action_interface/local/lib/python3.10/dist-packages/my_action_interface/libmy_action_interface__rosidl_generator_py.so
[3.358s] -- Up-to-date: /home/yyj/my_ws/install/my_action_interface/local/lib/python3.10/dist-packages/my_action_interface/_my_action_interface_s.ep.rosidl_typesupport_fastrtps_c.c
[3.359s] -- Up-to-date: /home/yyj/my_ws/install/my_action_interface/local/lib/python3.10/dist-packages/my_action_interface/my_action_interface_s__rosidl_typesupport_c.cpython-310-x86_64-linux-gnu.so
[3.359s] -- Up-to-date: /home/yyj/my_ws/install/my_action_interface/local/lib/python3.10/dist-packages/my_action_interface/__init__.py
[3.359s] -- Up-to-date: /home/yyj/my_ws/install/my_action_interface/local/lib/python3.10/dist-packages/my_action_interface/_my_action_interface_s.ep.rosidl_typesupport_introspection_c.c
[3.360s] -- Up-to-date: /home/yyj/my_ws/install/my_action_interface/local/lib/python3.10/dist-packages/my_action_interface/my_action_interface_s__rosidl_typesupport_fastrtps_c.cpython-310-x86_64-linux-gnu.so
[3.388s] Listing '/home/yyj/my_ws/install/my_action_interface/local/lib/python3.10/dist-packages/my_action_interface'...
[3.389s] Listing '/home/yyj/my_ws/install/my_action_interface/local/lib/python3.10/dist-packages/my_action_interface/action'...
[3.448s] -- Up-to-date: /home/yyj/my_ws/install/my_action_interface/local/lib/python3.10/dist-packages/my_action_interface/my_action_interface_s__rosidl_typesupport_fastrtps_c.cpython-310-x86_64-linux-gnu.so
[3.448s] -- Up-to-date: /home/yyj/my_ws/install/my_action_interface/local/lib/python3.10/dist-packages/my_action_interface/my_action_interface_s__rosidl_typesupport_introspection_c.cpython-310-x86_64-linux-gnu.so
[3.449s] -- Up-to-date: /home/yyj/my_ws/install/my_action_interface/local/lib/python3.10/dist-packages/my_action_interface/my_action_interface_s__rosidl_typesupport_c.cpython-310-x86_64-linux-gnu.so
[3.449s] -- Up-to-date: /home/yyj/my_ws/install/my_action_interface/lib/libmy_action_interface__rosidl_generator_py.so
[3.449s] -- Up-to-date: /home/yyj/my_ws/install/my_action_interface/share/my_action_interface/action/Open.idl
[3.449s] -- Up-to-date: /home/yyj/my_ws/install/my_action_interface/share/my_action_interface/action/DockingTwo.idl
[3.451s] -- Up-to-date: /home/yyj/my_ws/install/my_action_interface/share/my_action_interface/action/Open.action
[3.451s] -- Up-to-date: /home/yyj/my_ws/install/my_action_interface/share/my_action_interface/action/DockingTwo.action
[3.451s] -- Up-to-date: /home/yyj/my_ws/install/my_action_interface/share/ament_index/resource_index/package_run_dependencies/my_action_interface
[3.451s] -- Up-to-date: /home/yyj/my_ws/install/my_action_interface/share/ament_index/resource_index/parent_prefix_path/my_action_interface
[3.452s] -- Up-to-date: /home/yyj/my_ws/install/my_action_interface/share/my_action_interface/environment/ament_prefix_path.sh
[3.461s] -- Up-to-date: /home/yyj/my_ws/install/my_action_interface/share/my_action_interface/environment/ament_prefix_path.dsv
[3.477s] -- Up-to-date: /home/yyj/my_ws/install/my_action_interface/share/my_action_interface/environment/path.sh
[3.477s] -- Up-to-date: /home/yyj/my_ws/install/my_action_interface/share/my_action_interface/environment/path.dsv
[3.478s] -- Up-to-date: /home/yyj/my_ws/install/my_action_interface/share/my_action_interface/local_setup.bash
[3.478s] -- Up-to-date: /home/yyj/my_ws/install/my_action_interface/share/my_action_interface/local_setup.sh
[3.478s] -- Up-to-date: /home/yyj/my_ws/install/my_action_interface/share/my_action_interface/local_setup.zsh
[3.479s] -- Up-to-date: /home/yyj/my_ws/install/my_action_interface/share/my_action_interface/local_setup.dsv
[3.479s] -- Installing: /home/yyj/my_ws/install/my_action_interface/share/my_action_interface/package.dsv
[3.479s] -- Up-to-date: /home/yyj/my_ws/install/my_action_interface/share/ament_index/resource_index/packages/my_action_interface
[3.480s] -- Up-to-date: /home/yyj/my_ws/install/my_action_interface/share/my_action_interface/cmake/export_my_action_interface__rosidl_generator_cExport.cmake
[3.480s] -- Up-to-date: /home/yyj/my_ws/install/my_action_interface/share/my_action_interface/cmake/export_my_action_interface__rosidl_generator_cExport-noconfig.cmake
[3.481s] -- Up-to-date: /home/yyj/my_ws/install/my_action_interface/share/my_action_interface/cmake/export_my_action_interface__rosidl_typesupport_fastrtps_cExport.cmake
[3.481s] -- Up-to-date: /home/yyj/my_ws/install/my_action_interface/share/my_action_interface/cmake/export_my_action_interface__rosidl_typesupport_fastrtps_cExport-noconfig.cmake
[3.481s] -- Up-to-date: /home/yyj/my_ws/install/my_action_interface/share/my_action_interface/cmake/my_action_interface__rosidl_typesupport_introspection_cExport.cmake
[3.482s] -- Up-to-date: /home/yyj/my_ws/install/my_action_interface/share/my_action_interface/cmake/my_action_interface__rosidl_typesupport_introspection_cExport-noconfig.cmake
[3.482s] -- Up-to-date: /home/yyj/my_ws/install/my_action_interface/share/my_action_interface/cmake/my_action_interface__rosidl_typesupport_cExport.cmake
[3.482s] -- Up-to-date: /home/yyj/my_ws/install/my_action_interface/share/my_action_interface/cmake/my_action_interface__rosidl_typesupport_cExport-noconfig.cmake
[3.482s] -- Up-to-date: /home/yyj/my_ws/install/my_action_interface/share/my_action_interface/cmake/export_my_action_interface__rosidl_generator_cppExport.cmake
[3.483s] -- Up-to-date: /home/yyj/my_ws/install/my_action_interface/share/my_action_interface/cmake/export_my_action_interface__rosidl_typesupport_fastrtps_cppExport.cmake
[3.483s] -- Up-to-date: /home/yyj/my_ws/install/my_action_interface/share/my_action_interface/cmake/export_my_action_interface__rosidl_typesupport_fastrtps_cppExport-noconfig.cmake
[3.483s] -- Up-to-date: /home/yyj/my_ws/install/my_action_interface/share/my_action_interface/cmake/my_action_interface__rosidl_typesupport_introspection_cppExport.cmake
[3.483s] -- Up-to-date: /home/yyj/my_ws/install/my_action_interface/share/my_action_interface/cmake/my_action_interface__rosidl_typesupport_introspection_cppExport-noconfig.cmake
[3.484s] -- Up-to-date: /home/yyj/my_ws/install/my_action_interface/share/my_action_interface/cmake/my_action_interface__rosidl_typesupport_cppExport.cmake
[3.484s] -- Up-to-date: /home/yyj/my_ws/install/my_action_interface/share/my_action_interface/cmake/my_action_interface__rosidl_typesupport_cppExport-noconfig.cmake
[3.484s] -- Up-to-date: /home/yyj/my_ws/install/my_action_interface/share/my_action_interface/cmake/export_my_action_interface__rosidl_generator_pyExport.cmake
[3.485s] -- Up-to-date: /home/yyj/my_ws/install/my_action_interface/share/my_action_interface/cmake/export_my_action_interface__rosidl_generator_pyExport-noconfig.cmake
[3.485s] -- Up-to-date: /home/yyj/my_ws/install/my_action_interface/share/my_action_interface/cmake/rosidl_cmake-extras.cmake
[3.485s] -- Up-to-date: /home/yyj/my_ws/install/my_action_interface/share/my_action_interface/cmake/ament_cmake_export_dependencies-extras.cmake
[3.485s] -- Up-to-date: /home/yyj/my_ws/install/my_action_interface/share/my_action_interface/cmake/ament_cmake_export_include_directories-extras.cmake
[3.486s] -- Up-to-date: /home/yyj/my_ws/install/my_action_interface/share/my_action_interface/cmake/ament_cmake_export_libraries-extras.cmake
[3.487s] -- Up-to-date: /home/yyj/my_ws/install/my_action_interface/share/my_action_interface/cmake/ament_cmake_export_targets-extras.cmake
[3.488s] -- Up-to-date: /home/yyj/my_ws/install/my_action_interface/share/my_action_interface/cmake/rosidl_cmake_export_typesupport_targets-extras.cmake
[3.488s] -- Up-to-date: /home/yyj/my_ws/install/my_action_interface/share/my_action_interface/cmake/rosidl_cmake_export_typesupport_libraries-extras.cmake
[3.489s] -- Up-to-date: /home/yyj/my_ws/install/my_action_interface/share/my_action_interface/cmake/my_action_interfaceConfig.cmake
[3.489s] -- Up-to-date: /home/yyj/my_ws/install/my_action_interface/share/my_action_interface/cmake/my_action_interfaceConfig-version.cmake
[3.489s] -- Up-to-date: /home/yyj/my_ws/install/my_action_interface/share/my_action_interface/package.xml
[3.542s] Invoked command in '/home/yyj/my_ws/build/my_action_interface' returned '0': CMAKE_PREFIX_PATH=${CMAKE_PREFIX_PATH}:/home/yyj/my_ws/install/ros2_aruco:/home/yyj/my_ws/install/open_action_server:/home/yyj/my_ws/install/my_tf2_package:/home/yyj/my_ws/install/my_docking:/home/yyj/my_ws/install/my_aruco_to_goal_pose_pkg:/opt/ros/humble /usr/bin/cmake --install /home/yyj/my_ws/build/my_action_interface
