[4.847s] Invoking command in '/home/yyj/my_ws/src/open_action_server': PYTHONPATH=/home/yyj/my_ws/build/open_action_server/prefix_override:/home/yyj/my_ws/install/open_action_server/lib/python3.10/site-packages:${PYTHONPATH} /usr/bin/python3 -W ignore:setup.py install is deprecated setup.py egg_info --egg-base ../../build/open_action_server build --build-base /home/yyj/my_ws/build/open_action_server/build install --record /home/yyj/my_ws/build/open_action_server/install.log --single-version-externally-managed install_data
[5.675s] running egg_info
[5.675s] writing ../../build/open_action_server/open_action_server.egg-info/PKG-INFO
[5.676s] writing dependency_links to ../../build/open_action_server/open_action_server.egg-info/dependency_links.txt
[5.676s] writing entry points to ../../build/open_action_server/open_action_server.egg-info/entry_points.txt
[5.677s] writing requirements to ../../build/open_action_server/open_action_server.egg-info/requires.txt
[5.677s] writing top-level names to ../../build/open_action_server/open_action_server.egg-info/top_level.txt
[5.679s] reading manifest file '../../build/open_action_server/open_action_server.egg-info/SOURCES.txt'
[5.680s] writing manifest file '../../build/open_action_server/open_action_server.egg-info/SOURCES.txt'
[5.680s] running build
[5.681s] running build_py
[5.681s] running install
[5.682s] running install_lib
[5.684s] running install_data
[5.685s] running install_egg_info
[5.688s] removing '/home/yyj/my_ws/install/open_action_server/lib/python3.10/site-packages/open_action_server-0.0.0-py3.10.egg-info' (and everything under it)
[5.688s] Copying ../../build/open_action_server/open_action_server.egg-info to /home/yyj/my_ws/install/open_action_server/lib/python3.10/site-packages/open_action_server-0.0.0-py3.10.egg-info
[5.690s] running install_scripts
[5.740s] Installing open_action_server script to /home/yyj/my_ws/install/open_action_server/lib/open_action_server
[5.741s] writing list of installed files to '/home/yyj/my_ws/build/open_action_server/install.log'
[5.798s] Invoked command in '/home/yyj/my_ws/src/open_action_server' returned '0': PYTHONPATH=/home/yyj/my_ws/build/open_action_server/prefix_override:/home/yyj/my_ws/install/open_action_server/lib/python3.10/site-packages:${PYTHONPATH} /usr/bin/python3 -W ignore:setup.py install is deprecated setup.py egg_info --egg-base ../../build/open_action_server build --build-base /home/yyj/my_ws/build/open_action_server/build install --record /home/yyj/my_ws/build/open_action_server/install.log --single-version-externally-managed install_data
