[2.111s] Invoking command in '/home/yyj/my_ws/build/usb_cam': CMAKE_PREFIX_PATH=${CMAKE_PREFIX_PATH}:/home/yyj/my_ws/install/ros2_aruco:/home/yyj/my_ws/install/open_action_server:/home/yyj/my_ws/install/my_tf2_package:/home/yyj/my_ws/install/my_docking:/home/yyj/my_ws/install/my_aruco_to_goal_pose_pkg:/opt/ros/humble /usr/bin/cmake --build /home/yyj/my_ws/build/usb_cam -- -j16 -l16
[2.356s] [ 14%] Built target usb_cam
[2.358s] [ 28%] Built target usb_cam_node_exe
[2.373s] [ 42%] Built target gtest
[2.385s] [ 57%] Built target gtest_main
[2.605s] [ 71%] Built target test_usb_cam_utils
[2.605s] [ 85%] Built target test_pixel_formats
[2.605s] [100%] Built target usb_cam_node
[2.740s] Invoked command in '/home/yyj/my_ws/build/usb_cam' returned '0': CMAKE_PREFIX_PATH=${CMAKE_PREFIX_PATH}:/home/yyj/my_ws/install/ros2_aruco:/home/yyj/my_ws/install/open_action_server:/home/yyj/my_ws/install/my_tf2_package:/home/yyj/my_ws/install/my_docking:/home/yyj/my_ws/install/my_aruco_to_goal_pose_pkg:/opt/ros/humble /usr/bin/cmake --build /home/yyj/my_ws/build/usb_cam -- -j16 -l16
[3.061s] Invoking command in '/home/yyj/my_ws/build/usb_cam': CMAKE_PREFIX_PATH=${CMAKE_PREFIX_PATH}:/home/yyj/my_ws/install/ros2_aruco:/home/yyj/my_ws/install/open_action_server:/home/yyj/my_ws/install/my_tf2_package:/home/yyj/my_ws/install/my_docking:/home/yyj/my_ws/install/my_aruco_to_goal_pose_pkg:/opt/ros/humble /usr/bin/cmake --install /home/yyj/my_ws/build/usb_cam
[3.141s] -- Install configuration: ""
[3.141s] -- Up-to-date: /home/yyj/my_ws/install/usb_cam/share/usb_cam/environment/library_path.sh
[3.141s] -- Up-to-date: /home/yyj/my_ws/install/usb_cam/share/usb_cam/environment/library_path.dsv
[3.142s] -- Up-to-date: /home/yyj/my_ws/install/usb_cam/lib/usb_cam/usb_cam_node_exe
[3.142s] -- Up-to-date: /home/yyj/my_ws/install/usb_cam/lib/usb_cam/show_image.py
[3.142s] -- Up-to-date: /home/yyj/my_ws/install/usb_cam/lib/libusb_cam.so
[3.142s] -- Up-to-date: /home/yyj/my_ws/install/usb_cam/lib/libusb_cam_node.so
[3.142s] -- Up-to-date: /home/yyj/my_ws/install/usb_cam/include
[3.143s] -- Up-to-date: /home/yyj/my_ws/install/usb_cam/include/usb_cam
[3.143s] -- Up-to-date: /home/yyj/my_ws/install/usb_cam/include/usb_cam/usb_cam.hpp
[3.143s] -- Up-to-date: /home/yyj/my_ws/install/usb_cam/include/usb_cam/formats
[3.143s] -- Up-to-date: /home/yyj/my_ws/install/usb_cam/include/usb_cam/formats/av_pixel_format_helper.hpp
[3.143s] -- Up-to-date: /home/yyj/my_ws/install/usb_cam/include/usb_cam/formats/mjpeg.hpp
[3.144s] -- Up-to-date: /home/yyj/my_ws/install/usb_cam/include/usb_cam/formats/m420.hpp
[3.144s] -- Up-to-date: /home/yyj/my_ws/install/usb_cam/include/usb_cam/formats/yuyv.hpp
[3.144s] -- Up-to-date: /home/yyj/my_ws/install/usb_cam/include/usb_cam/formats/pixel_format_base.hpp
[3.144s] -- Up-to-date: /home/yyj/my_ws/install/usb_cam/include/usb_cam/formats/rgb.hpp
[3.144s] -- Up-to-date: /home/yyj/my_ws/install/usb_cam/include/usb_cam/formats/mono.hpp
[3.145s] -- Up-to-date: /home/yyj/my_ws/install/usb_cam/include/usb_cam/formats/uyvy.hpp
[3.145s] -- Up-to-date: /home/yyj/my_ws/install/usb_cam/include/usb_cam/formats/utils.hpp
[3.145s] -- Up-to-date: /home/yyj/my_ws/install/usb_cam/include/usb_cam/conversions.hpp
[3.145s] -- Up-to-date: /home/yyj/my_ws/install/usb_cam/include/usb_cam/usb_cam_node.hpp
[3.145s] -- Up-to-date: /home/yyj/my_ws/install/usb_cam/include/usb_cam/constants.hpp
[3.146s] -- Up-to-date: /home/yyj/my_ws/install/usb_cam/include/usb_cam/utils.hpp
[3.146s] -- Up-to-date: /home/yyj/my_ws/install/usb_cam/lib/libusb_cam_node.so
[3.146s] -- Up-to-date: /home/yyj/my_ws/install/usb_cam/share/usb_cam/launch
[3.146s] -- Up-to-date: /home/yyj/my_ws/install/usb_cam/share/usb_cam/launch/__init__.py
[3.147s] -- Up-to-date: /home/yyj/my_ws/install/usb_cam/share/usb_cam/launch/camera_config.py
[3.147s] -- Up-to-date: /home/yyj/my_ws/install/usb_cam/share/usb_cam/launch/camera.launch.py
[3.147s] -- Up-to-date: /home/yyj/my_ws/install/usb_cam/share/usb_cam/config
[3.147s] -- Up-to-date: /home/yyj/my_ws/install/usb_cam/share/usb_cam/config/camera_info.yaml
[3.147s] -- Up-to-date: /home/yyj/my_ws/install/usb_cam/share/usb_cam/config/params_2.yaml
[3.148s] -- Up-to-date: /home/yyj/my_ws/install/usb_cam/share/usb_cam/config/params_3.yaml
[3.148s] -- Up-to-date: /home/yyj/my_ws/install/usb_cam/share/usb_cam/config/params_1.yaml
[3.148s] -- Up-to-date: /home/yyj/my_ws/install/usb_cam/share/ament_index/resource_index/package_run_dependencies/usb_cam
[3.148s] -- Up-to-date: /home/yyj/my_ws/install/usb_cam/share/ament_index/resource_index/parent_prefix_path/usb_cam
[3.148s] -- Up-to-date: /home/yyj/my_ws/install/usb_cam/share/usb_cam/environment/ament_prefix_path.sh
[3.149s] -- Up-to-date: /home/yyj/my_ws/install/usb_cam/share/usb_cam/environment/ament_prefix_path.dsv
[3.149s] -- Up-to-date: /home/yyj/my_ws/install/usb_cam/share/usb_cam/environment/path.sh
[3.149s] -- Up-to-date: /home/yyj/my_ws/install/usb_cam/share/usb_cam/environment/path.dsv
[3.149s] -- Up-to-date: /home/yyj/my_ws/install/usb_cam/share/usb_cam/local_setup.bash
[3.149s] -- Up-to-date: /home/yyj/my_ws/install/usb_cam/share/usb_cam/local_setup.sh
[3.154s] -- Up-to-date: /home/yyj/my_ws/install/usb_cam/share/usb_cam/local_setup.zsh
[3.155s] -- Up-to-date: /home/yyj/my_ws/install/usb_cam/share/usb_cam/local_setup.dsv
[3.155s] -- Installing: /home/yyj/my_ws/install/usb_cam/share/usb_cam/package.dsv
[3.155s] -- Up-to-date: /home/yyj/my_ws/install/usb_cam/share/ament_index/resource_index/packages/usb_cam
[3.155s] -- Up-to-date: /home/yyj/my_ws/install/usb_cam/share/ament_index/resource_index/rclcpp_components/usb_cam
[3.156s] -- Up-to-date: /home/yyj/my_ws/install/usb_cam/share/usb_cam/cmake/ament_cmake_export_libraries-extras.cmake
[3.156s] -- Up-to-date: /home/yyj/my_ws/install/usb_cam/share/usb_cam/cmake/ament_cmake_export_dependencies-extras.cmake
[3.156s] -- Up-to-date: /home/yyj/my_ws/install/usb_cam/share/usb_cam/cmake/ament_cmake_export_include_directories-extras.cmake
[3.156s] -- Up-to-date: /home/yyj/my_ws/install/usb_cam/share/usb_cam/cmake/usb_camConfig.cmake
[3.156s] -- Up-to-date: /home/yyj/my_ws/install/usb_cam/share/usb_cam/cmake/usb_camConfig-version.cmake
[3.157s] -- Up-to-date: /home/yyj/my_ws/install/usb_cam/share/usb_cam/package.xml
[3.178s] Invoked command in '/home/yyj/my_ws/build/usb_cam' returned '0': CMAKE_PREFIX_PATH=${CMAKE_PREFIX_PATH}:/home/yyj/my_ws/install/ros2_aruco:/home/yyj/my_ws/install/open_action_server:/home/yyj/my_ws/install/my_tf2_package:/home/yyj/my_ws/install/my_docking:/home/yyj/my_ws/install/my_aruco_to_goal_pose_pkg:/opt/ros/humble /usr/bin/cmake --install /home/yyj/my_ws/build/usb_cam
